{"meta": {"version": "7.3.2", "timestamp": "2026-01-09T12:53:07.507744", "branch_coverage": true, "show_contexts": false}, "files": {"src/validators/data_validator.py": {"executed_lines": [], "summary": {"covered_lines": 0, "num_statements": 123, "percent_covered": 0.0, "percent_covered_display": "0.00", "missing_lines": 123, "excluded_lines": 0, "num_branches": 53, "num_partial_branches": 0, "covered_branches": 0, "missing_branches": 53}, "missing_lines": [13, 14, 15, 16, 17, 18, 19, 22, 25, 32, 33, 35, 45, 46, 47, 48, 49, 50, 51, 52, 54, 80, 89, 90, 91, 92, 93, 96, 97, 98, 99, 100, 101, 104, 105, 106, 107, 108, 109, 110, 111, 112, 113, 116, 117, 118, 119, 120, 123, 124, 125, 126, 127, 130, 133, 134, 136, 138, 148, 149, 150, 151, 152, 154, 156, 166, 169, 173, 174, 175, 176, 177, 179, 181, 191, 192, 193, 194, 196, 197, 199, 200, 201, 203, 204, 205, 207, 209, 210, 211, 212, 214, 216, 218, 231, 246, 271, 272, 273, 285, 286, 287, 288, 289, 290, 291, 293, 305, 316, 335, 343, 344, 345, 346, 349, 350, 351, 353, 363, 364, 365, 366, 368], "excluded_lines": [], "executed_branches": [], "missing_branches": [[46, 47], [46, 48], [89, 90], [89, 96], [96, 97], [96, 104], [98, 99], [98, 104], [105, 106], [105, 116], [108, 109], [108, 111], [111, 112], [111, 116], [116, 117], [116, 123], [118, 119], [118, 123], [124, 125], [124, 130], [133, 134], [133, 136], [149, 150], [149, 154], [151, 149], [151, 152], [173, 174], [173, 179], [174, 173], [174, 175], [176, 173], [176, 177], [203, 204], [203, 209], [205, -205], [205, 207], [205, 209], [209, 210], [209, 214], [211, 212], [211, 214], [271, 272], [271, 285], [273, -273], [273, 285], [285, 286], [285, 305], [288, 289], [288, 293], [363, 364], [363, 365], [365, 366], [365, 368]]}, "src/worldenergydata/__main__.py": {"executed_lines": [], "summary": {"covered_lines": 0, "num_statements": 2, "percent_covered": 0.0, "percent_covered_display": "0.00", "missing_lines": 2, "excluded_lines": 0, "num_branches": 0, "num_partial_branches": 0, "covered_branches": 0, "missing_branches": 0}, "missing_lines": [23, 25], "excluded_lines": [], "executed_branches": [], "missing_branches": []}, "src/worldenergydata/analysis/lower_tertiary/npv.py": {"executed_lines": [], "summary": {"covered_lines": 0, "num_statements": 101, "percent_covered": 0.0, "percent_covered_display": "0.00", "missing_lines": 101, "excluded_lines": 0, "num_branches": 30, "num_partial_branches": 0, "covered_branches": 0, "missing_branches": 30}, "missing_lines": [4, 6, 8, 9, 11, 12, 15, 16, 17, 18, 21, 22, 25, 28, 29, 31, 32, 33, 34, 35, 40, 44, 51, 52, 53, 54, 55, 56, 59, 66, 67, 68, 70, 71, 73, 74, 75, 76, 78, 79, 80, 81, 82, 84, 85, 86, 87, 88, 89, 91, 92, 93, 94, 96, 108, 111, 118, 119, 120, 122, 125, 128, 129, 131, 132, 133, 134, 135, 136, 137, 138, 139, 140, 142, 145, 152, 153, 155, 156, 159, 161, 162, 163, 167, 169, 170, 172, 173, 175, 176, 177, 178, 179, 180, 181, 183, 184, 186, 187, 188, 190], "excluded_lines": [], "executed_branches": [], "missing_branches": [[16, 17], [16, 18], [33, 34], [33, 40], [34, -34], [34, 35], [35, -35], [35, 33], [40, -40], [40, 44], [52, 53], [52, 54], [54, 55], [54, 56], [67, 68], [67, 70], [74, 75], [74, 108], [81, 82], [81, 84], [87, 88], [87, 89], [89, -89], [89, 91], [119, 120], [119, 122], [152, 153], [152, 155], [169, 170], [169, 172]]}, "src/worldenergydata/engine.py": {"executed_lines": [], "summary": {"covered_lines": 0, "num_statements": 40, "percent_covered": 0.0, "percent_covered_display": "0.00", "missing_lines": 40, "excluded_lines": 3, "num_branches": 12, "num_partial_branches": 0, "covered_branches": 0, "missing_branches": 12}, "missing_lines": [2, 3, 4, 7, 11, 13, 14, 17, 18, 20, 21, 22, 24, 27, 29, 30, 31, 32, 33, 34, 35, 37, 38, 39, 40, 42, 44, 45, 46, 47, 48, 50, 55, 56, 57, 59, 60, 61, 71, 73], "excluded_lines": [52, 64, 70], "executed_branches": [], "missing_branches": [[30, 31], [30, 37], [34, 35], [34, 37], [37, 38], [37, 39], [39, 40], [39, 42], [44, 45], [44, 50], [55, 56], [55, 59]]}, "src/worldenergydata/modules/bsee/data/processors/high_performance.py": {"executed_lines": [1, 17, 18, 19, 20, 21, 22, 23, 24, 25, 26, 27, 28, 29, 32, 33, 34, 39, 40, 41, 47, 48, 53, 61, 69, 97, 99, 100, 101, 103, 105, 106, 107, 108, 116, 127, 129, 130, 131, 132, 134, 136, 144, 145, 148, 149, 151, 153, 167, 168, 169, 170, 172, 174, 176, 181, 184, 185, 191, 192, 195, 197, 198, 201, 202, 209, 210, 211, 212, 215, 222, 226, 229, 232, 233, 234, 237, 239, 251, 265, 289, 300, 301, 302, 304, 305, 308, 309, 311, 313, 318, 319, 321, 362, 363, 365, 366, 367, 368, 371, 372, 373, 375, 376, 377, 378, 379, 380, 381, 383, 385, 409, 411, 414, 415, 416, 418], "summary": {"covered_lines": 115, "num_statements": 196, "percent_covered": 54.929577464788736, "percent_covered_display": "54.93", "missing_lines": 81, "excluded_lines": 0, "num_branches": 88, "num_partial_branches": 13, "covered_branches": 41, "missing_branches": 47}, "missing_lines": [35, 36, 37, 42, 43, 44, 114, 133, 137, 139, 140, 141, 186, 187, 188, 189, 196, 204, 205, 206, 224, 235, 242, 243, 246, 247, 249, 254, 255, 258, 259, 260, 261, 263, 278, 280, 281, 282, 283, 284, 285, 286, 287, 314, 315, 322, 325, 327, 331, 333, 335, 336, 337, 338, 339, 340, 341, 342, 343, 344, 345, 348, 349, 350, 351, 353, 354, 355, 356, 357, 358, 359, 395, 396, 398, 400, 401, 404, 405, 407, 412], "excluded_lines": [], "executed_branches": [[105, 106], [129, 130], [129, 144], [130, 129], [130, 131], [132, 134], [134, 136], [136, 129], [144, 145], [144, 148], [148, 149], [148, 151], [176, 176], [176, 181], [176, 209], [184, 185], [195, 197], [197, 198], [201, 202], [209, 210], [233, 234], [233, 237], [234, 233], [308, 309], [308, 313], [309, -309], [309, 309], [309, 311], [313, 318], [321, 362], [365, 366], [365, 371], [366, 365], [366, 367], [375, -375], [375, 375], [375, 376], [411, 414], [414, -414], [414, 414], [414, 415], [415, -415], [415, 415], [415, 416], [416, -416], [416, 416], [416, 418]], "missing_branches": [[105, 114], [132, 133], [134, 139], [136, 137], [184, 186], [186, 187], [186, 188], [188, 189], [188, 191], [195, 196], [197, 201], [201, 176], [209, 224], [234, 235], [242, 243], [242, 246], [246, 247], [246, 249], [254, 255], [254, 258], [258, 259], [258, 263], [281, -265], [281, 282], [282, 281], [282, 283], [313, 314], [321, 322], [325, 327], [325, 371], [331, 333], [331, 348], [333, -333], [333, 335], [335, 325], [335, 336], [336, 335], [336, 337], [349, 350], [349, 353], [353, 325], [353, 354], [398, -385], [398, 400], [404, 405], [404, 407], [411, 412]]}, "src/worldenergydata/modules/bsee/data/processors/in_memory.py": {"executed_lines": [1, 9, 10, 11, 12, 13, 14, 15, 16, 19, 22, 23, 24, 30, 31, 38, 44, 45, 46, 47, 48, 51, 52, 53, 55, 142, 153, 156, 158, 163, 164, 167, 168, 169, 176, 178, 190, 191, 227, 260, 296, 341, 378, 423, 455, 494, 517, 547, 555, 582], "summary": {"covered_lines": 48, "num_statements": 253, "percent_covered": 15.561959654178674, "percent_covered_display": "15.56", "missing_lines": 205, "excluded_lines": 0, "num_branches": 94, "num_partial_branches": 2, "covered_branches": 6, "missing_branches": 88}, "missing_lines": [25, 26, 27, 65, 68, 69, 72, 73, 74, 76, 78, 80, 82, 83, 84, 86, 88, 89, 91, 93, 95, 96, 98, 99, 101, 102, 103, 104, 105, 106, 107, 108, 109, 111, 113, 114, 115, 117, 119, 120, 121, 124, 127, 128, 130, 132, 133, 134, 135, 136, 137, 140, 159, 160, 194, 197, 199, 200, 201, 204, 207, 209, 211, 212, 213, 214, 215, 218, 225, 238, 241, 243, 244, 245, 247, 249, 251, 258, 271, 274, 276, 277, 278, 281, 282, 285, 286, 287, 294, 308, 309, 312, 315, 317, 318, 319, 321, 323, 326, 327, 329, 330, 332, 339, 353, 356, 358, 359, 360, 363, 364, 367, 368, 369, 376, 390, 391, 394, 395, 398, 400, 401, 402, 404, 406, 408, 409, 411, 412, 414, 421, 435, 437, 438, 441, 442, 445, 446, 448, 449, 451, 452, 453, 465, 467, 468, 471, 473, 476, 479, 480, 482, 485, 486, 488, 490, 491, 492, 501, 502, 504, 505, 506, 508, 513, 514, 515, 527, 528, 529, 531, 532, 533, 535, 537, 538, 539, 541, 543, 544, 545, 549, 550, 552, 553, 565, 568, 571, 573, 575, 592, 593, 594, 596, 598, 599, 600, 603, 604, 605, 608, 609, 610, 613, 615], "excluded_lines": [], "executed_branches": [[51, -38], [51, 52], [158, 163], [168, 169], [168, 176], [190, 191]], "missing_branches": [[73, 74], [73, 76], [80, 82], [80, 124], [86, 80], [86, 88], [88, 89], [88, 91], [98, 99], [98, 113], [101, 102], [101, 113], [105, 106], [105, 107], [108, 109], [108, 111], [113, 114], [113, 117], [132, 133], [132, 135], [158, 159], [190, 194], [199, 200], [199, 204], [209, 211], [209, 225], [211, 212], [211, 218], [212, -212], [212, 213], [213, 214], [213, 218], [243, 244], [243, 247], [249, 251], [249, 258], [276, 277], [276, 281], [286, 287], [286, 294], [308, 309], [308, 312], [317, 318], [317, 321], [323, 326], [323, 339], [327, -327], [327, 329], [329, 330], [329, 332], [358, 359], [358, 363], [368, 369], [368, 376], [390, 391], [390, 394], [400, 401], [400, 404], [406, 408], [406, 421], [409, -409], [409, 411], [411, 412], [411, 414], [445, 446], [445, 448], [471, -455], [471, 473], [479, 480], [479, 482], [485, 486], [485, 488], [501, 502], [501, 504], [527, 528], [527, 531], [537, 538], [537, 541], [592, 593], [592, 596], [598, 599], [598, 615], [599, 598], [599, 600], [603, 604], [603, 608], [609, 610], [609, 613]]}, "src/worldenergydata/modules/bsee/data/scrapers/bsee_web.py": {"executed_lines": [1, 8, 9, 10, 11, 12, 13, 16, 17, 25, 34, 40, 41, 42, 43, 45, 47, 48, 53, 65, 66, 68, 70, 71, 72, 73, 76, 77, 80, 81, 84, 85, 86, 89, 90, 94, 95, 96, 98, 99, 100, 101, 104, 111, 112, 114, 116, 122, 123, 124, 125, 126, 128, 129, 130, 131, 132, 134, 135, 137, 147, 157, 167, 184, 204, 235], "summary": {"covered_lines": 62, "num_statements": 100, "percent_covered": 61.666666666666664, "percent_covered_display": "61.67", "missing_lines": 38, "excluded_lines": 3, "num_branches": 20, "num_partial_branches": 4, "covered_branches": 12, "missing_branches": 8}, "missing_lines": [91, 105, 106, 107, 108, 117, 118, 120, 144, 145, 154, 155, 164, 165, 177, 178, 179, 180, 181, 182, 191, 192, 194, 195, 196, 200, 202, 214, 215, 216, 218, 226, 227, 229, 231, 232, 233, 237], "excluded_lines": [119, 125, 131], "executed_branches": [[70, 71], [70, 134], [85, 86], [85, 89], [90, 94], [98, 99], [98, 111], [99, 100], [104, 98], [116, 122], [122, 123], [122, 128]], "missing_branches": [[90, 91], [99, 98], [104, 105], [116, 117], [194, 195], [194, 202], [226, 227], [226, 229]]}, "src/worldenergydata/modules/hse/database/models.py": {"executed_lines": [4, 5, 6, 7, 9, 12, 13, 32, 35, 38, 39, 40, 43, 44, 45, 46, 49, 50, 53, 57, 63, 64, 65, 66, 69, 70, 73, 74, 75, 76, 78, 79, 93, 94, 96, 98, 99, 113, 114, 116, 118, 122, 123, 130, 132, 133, 136, 137, 140, 141, 144, 145, 148, 151, 153, 157, 158, 165, 167, 168, 171, 174, 175, 178, 179, 182, 183, 186, 188, 201, 212, 216, 217, 230, 232, 233, 236, 237, 238, 241, 242, 247, 248, 251, 253, 257, 258, 272, 274, 275, 278, 279, 282, 283, 286, 287, 290, 293, 295], "summary": {"covered_lines": 89, "num_statements": 97, "percent_covered": 87.38738738738739, "percent_covered_display": "87.39", "missing_lines": 8, "excluded_lines": 10, "num_branches": 14, "num_partial_branches": 2, "covered_branches": 8, "missing_branches": 6}, "missing_lines": [95, 115, 197, 198, 199, 208, 209, 210], "excluded_lines": [118, 119, 153, 154, 212, 213, 253, 254, 295, 296], "executed_branches": [[79, 78], [79, 98], [93, 94], [93, 96], [94, 96], [113, 114], [113, 116], [114, 116]], "missing_branches": [[94, 95], [114, 115], [197, 198], [197, 199], [208, 209], [208, 210]]}, "src/worldenergydata/modules/hse/importers/base_importer.py": {"executed_lines": [4, 5, 6, 7, 8, 11, 12, 38, 39, 42, 43, 44, 45, 47, 54, 55, 56, 57, 59, 60, 71, 72, 86, 107, 108, 109, 112, 113, 114, 117, 118, 119, 121, 124, 125, 126, 127, 128, 131, 132, 133, 137, 140, 141, 142, 146, 149, 150, 151, 154, 157, 158, 159, 160, 164, 167, 168, 169, 170, 174, 176, 178, 190, 193, 194, 198, 200, 207, 209, 220, 239, 240, 243, 245, 266, 267, 268, 271, 273, 276, 277, 278, 281, 282, 283, 286, 289, 296, 298], "summary": {"covered_lines": 84, "num_statements": 85, "percent_covered": 98.3739837398374, "percent_covered_display": "98.37", "missing_lines": 1, "excluded_lines": 9, "num_branches": 38, "num_partial_branches": 1, "covered_branches": 37, "missing_branches": 1}, "missing_lines": [191], "excluded_lines": [59, 60, 61, 69, 71, 72, 73, 84, 87], "executed_branches": [[107, 108], [107, 112], [112, 113], [112, 117], [117, 118], [117, 121], [125, 126], [125, 131], [126, 125], [126, 127], [131, 132], [131, 140], [132, 133], [132, 140], [140, 141], [140, 149], [141, 142], [141, 149], [149, 150], [149, 157], [150, 151], [150, 157], [157, 158], [157, 167], [159, 160], [159, 167], [167, 168], [167, 176], [169, 170], [169, 176], [190, 193], [271, 273], [271, 289], [276, 277], [276, 281], [281, 282], [281, 286]], "missing_branches": [[190, 191]]}, "src/worldenergydata/modules/hse/importers/bsee_incidents_importer.py": {"executed_lines": [4, 5, 6, 7, 9, 12, 13, 25, 33, 34, 36, 85], "summary": {"covered_lines": 11, "num_statements": 76, "percent_covered": 9.821428571428571, "percent_covered_display": "9.82", "missing_lines": 65, "excluded_lines": 0, "num_branches": 36, "num_partial_branches": 0, "covered_branches": 0, "missing_branches": 36}, "missing_lines": [62, 63, 65, 67, 68, 70, 72, 75, 77, 79, 81, 82, 83, 112, 115, 116, 119, 120, 121, 123, 124, 125, 127, 128, 129, 131, 134, 137, 138, 141, 142, 145, 146, 149, 150, 152, 155, 156, 158, 161, 162, 164, 167, 168, 170, 173, 174, 175, 176, 178, 179, 180, 182, 185, 186, 187, 188, 190, 191, 192, 194, 197, 198, 200, 202], "excluded_lines": [], "executed_branches": [], "missing_branches": [[62, 63], [62, 65], [67, 68], [67, 70], [79, 81], [79, 82], [115, 116], [115, 119], [119, 120], [119, 137], [121, 123], [121, 134], [137, 138], [137, 141], [141, 142], [141, 145], [145, 146], [145, 149], [149, 150], [149, 152], [155, 156], [155, 158], [161, 162], [161, 164], [167, 168], [167, 170], [173, 174], [173, 182], [175, 176], [175, 178], [185, 186], [185, 194], [187, 188], [187, 190], [197, 198], [197, 200]]}, "src/worldenergydata/modules/hse/importers/bsee_incidents_importer_url.py": {"executed_lines": [4, 5, 7, 8, 9, 12, 13, 32, 34, 42, 43, 44, 45, 47, 62, 67, 68, 72, 78, 79, 81, 82, 87, 88, 90], "summary": {"covered_lines": 24, "num_statements": 25, "percent_covered": 93.54838709677419, "percent_covered_display": "93.55", "missing_lines": 1, "excluded_lines": 1, "num_branches": 6, "num_partial_branches": 1, "covered_branches": 5, "missing_branches": 1}, "missing_lines": [84], "excluded_lines": [71], "executed_branches": [[67, 68], [67, 72], [79, 81], [79, 90], [81, 82]], "missing_branches": [[81, 84]]}, "src/worldenergydata/modules/hse/importers/bsee_penalties_importer.py": {"executed_lines": [4, 5, 6, 7, 9, 12, 13, 26, 34, 35, 37, 85, 112, 115, 116, 119, 120, 121, 123, 124, 125, 127, 128, 137, 138, 141, 144, 148, 151, 154, 157, 160, 163, 166, 167, 168, 169, 178, 181, 184, 185, 186, 188, 189, 192, 194, 195, 208, 209, 210, 212, 219], "summary": {"covered_lines": 51, "num_statements": 82, "percent_covered": 55.932203389830505, "percent_covered_display": "55.93", "missing_lines": 31, "excluded_lines": 0, "num_branches": 36, "num_partial_branches": 15, "covered_branches": 15, "missing_branches": 21}, "missing_lines": [62, 63, 65, 67, 68, 70, 72, 75, 77, 79, 81, 82, 83, 129, 131, 134, 145, 149, 155, 161, 171, 172, 173, 175, 179, 198, 200, 203, 205, 215, 217], "excluded_lines": [], "executed_branches": [[115, 116], [119, 120], [121, 123], [137, 138], [144, 148], [148, 151], [154, 157], [160, 163], [166, 167], [168, 169], [178, 181], [184, 185], [186, 188], [208, 209], [210, 212]], "missing_branches": [[62, 63], [62, 65], [67, 68], [67, 70], [79, 81], [79, 82], [115, 119], [119, 137], [121, 134], [137, 141], [144, 145], [148, 149], [154, 155], [160, 161], [166, 175], [168, 171], [178, 179], [184, 205], [186, 203], [208, 217], [210, 215]]}, "src/worldenergydata/modules/hse/importers/bsee_penalties_importer_url.py": {"executed_lines": [4, 5, 7, 8, 9, 12, 13, 37, 39, 48, 49, 50, 51, 53, 72, 77, 78, 83, 91, 92, 94, 95, 97, 100, 101, 103], "summary": {"covered_lines": 25, "num_statements": 25, "percent_covered": 100.0, "percent_covered_display": "100.00", "missing_lines": 0, "excluded_lines": 0, "num_branches": 6, "num_partial_branches": 0, "covered_branches": 6, "missing_branches": 0}, "missing_lines": [], "excluded_lines": [], "executed_branches": [[77, 78], [77, 83], [92, 94], [92, 103], [94, 95], [94, 97]], "missing_branches": []}, "src/worldenergydata/modules/hse/importers/bsee_statistics_importer.py": {"executed_lines": [4, 5, 6, 7, 9, 12, 13, 26, 34, 35, 37, 87, 116, 119, 120, 123, 124, 125, 127, 128, 129, 131, 132, 141, 142, 145, 148, 149, 152, 155, 158, 161, 164, 165, 166, 167, 176, 177, 178, 179, 188, 189, 190, 191, 200, 201, 202, 203, 212, 213, 214, 215, 224, 225, 226, 227, 236, 237, 238, 239, 247], "summary": {"covered_lines": 60, "num_statements": 106, "percent_covered": 52.5974025974026, "percent_covered_display": "52.60", "missing_lines": 46, "excluded_lines": 0, "num_branches": 48, "num_partial_branches": 21, "covered_branches": 21, "missing_branches": 27}, "missing_lines": [64, 65, 67, 69, 70, 72, 74, 77, 79, 81, 83, 84, 85, 133, 135, 138, 153, 159, 169, 170, 171, 173, 181, 182, 183, 185, 193, 194, 195, 197, 205, 206, 207, 209, 217, 218, 219, 221, 229, 230, 231, 233, 241, 242, 243, 245], "excluded_lines": [], "executed_branches": [[119, 120], [123, 124], [125, 127], [141, 142], [148, 149], [152, 155], [158, 161], [164, 165], [166, 167], [176, 177], [178, 179], [188, 189], [190, 191], [200, 201], [202, 203], [212, 213], [214, 215], [224, 225], [226, 227], [236, 237], [238, 239]], "missing_branches": [[64, 65], [64, 67], [69, 70], [69, 72], [81, 83], [81, 84], [119, 123], [123, 141], [125, 138], [141, 145], [148, 152], [152, 153], [158, 159], [164, 173], [166, 169], [176, 185], [178, 181], [188, 197], [190, 193], [200, 209], [202, 205], [212, 221], [214, 217], [224, 233], [226, 229], [236, 245], [238, 241]]}, "src/worldenergydata/modules/hse/importers/bsee_statistics_importer_url.py": {"executed_lines": [4, 5, 7, 8, 9, 12, 13, 32, 34, 42, 43, 44, 45, 47, 62, 67, 68, 72, 80, 81, 83, 84, 86, 89, 90, 92], "summary": {"covered_lines": 25, "num_statements": 25, "percent_covered": 100.0, "percent_covered_display": "100.00", "missing_lines": 0, "excluded_lines": 0, "num_branches": 6, "num_partial_branches": 0, "covered_branches": 6, "missing_branches": 0}, "missing_lines": [], "excluded_lines": [], "executed_branches": [[67, 68], [67, 72], [81, 83], [81, 92], [83, 84], [83, 86]], "missing_branches": []}, "src/worldenergydata/modules/hse/importers/data_quality_validator.py": {"executed_lines": [4, 5, 6, 7, 8, 10, 13, 14, 31, 40, 54, 55, 56, 57, 60, 62, 69, 70, 72, 90, 92, 93, 101, 108, 109, 110, 114, 115, 116, 118, 121, 122, 123, 124, 128, 129, 130, 132, 134, 136, 155, 163, 169, 176, 180, 182, 184, 201, 210, 214, 218, 225, 227, 229, 248, 263, 265, 284, 291, 292, 295, 300, 306, 310, 314, 315, 316, 317, 318, 319, 322, 329, 331, 333, 366, 367, 368, 369, 370, 373, 376, 379, 380, 384, 386, 389, 390, 394, 396, 399, 400, 404, 406, 409, 410, 414, 416, 419, 428, 438, 450, 451, 453, 472, 475, 498, 500, 511, 514, 517, 519, 520, 521, 523, 525, 554, 555, 556, 558, 564, 565], "summary": {"covered_lines": 120, "num_statements": 124, "percent_covered": 93.90243902439025, "percent_covered_display": "93.90", "missing_lines": 4, "excluded_lines": 0, "num_branches": 40, "num_partial_branches": 6, "covered_branches": 34, "missing_branches": 6}, "missing_lines": [323, 473, 512, 515], "excluded_lines": [], "executed_branches": [[92, 93], [92, 101], [109, 110], [109, 118], [122, 123], [122, 132], [123, 124], [314, 315], [314, 331], [316, 317], [316, 329], [322, 316], [379, 380], [379, 386], [389, 390], [389, 396], [399, 400], [399, 406], [409, 410], [409, 416], [472, 475], [511, 514], [514, 517], [519, 520], [519, 523], [520, -500], [520, 521], [523, 525], [554, 555], [554, 558], [555, 554], [555, 556], [564, -500], [564, 565]], "missing_branches": [[123, 122], [322, 323], [472, 473], [511, 512], [514, 515], [523, -500]]}, "src/worldenergydata/testing/performance/analyzer.py": {"executed_lines": [1, 5, 6, 7, 8, 9, 12, 13, 15, 24, 72, 103, 161, 225, 307], "summary": {"covered_lines": 13, "num_statements": 108, "percent_covered": 8.333333333333334, "percent_covered_display": "8.33", "missing_lines": 95, "excluded_lines": 1, "num_branches": 48, "num_partial_branches": 0, "covered_branches": 0, "missing_branches": 48}, "missing_lines": [22, 34, 36, 37, 43, 46, 49, 52, 53, 55, 57, 82, 84, 85, 88, 91, 94, 95, 98, 100, 115, 118, 120, 121, 124, 126, 127, 130, 131, 133, 134, 137, 139, 140, 141, 142, 144, 145, 157, 159, 171, 173, 174, 180, 182, 183, 189, 192, 193, 194, 197, 198, 200, 201, 202, 203, 205, 206, 207, 208, 210, 232, 235, 237, 238, 239, 249, 250, 251, 253, 264, 265, 270, 271, 280, 282, 283, 293, 294, 296, 297, 305, 317, 319, 320, 325, 329, 332, 334, 336, 337, 340, 343, 344, 346], "excluded_lines": [254], "executed_branches": [], "missing_branches": [[36, 37], [36, 43], [84, 85], [84, 88], [120, 121], [120, 157], [126, 127], [126, 130], [133, 134], [133, 137], [139, 120], [139, 140], [144, 120], [144, 145], [157, -157], [157, 159], [173, 174], [173, 180], [182, 183], [182, 189], [201, 202], [201, 210], [205, 206], [205, 207], [207, 208], [207, 210], [237, 238], [237, 249], [250, 251], [250, 264], [264, 265], [264, 280], [270, 271], [270, 280], [282, 283], [282, 293], [283, -283], [283, 293], [293, 294], [293, 305], [296, 297], [296, 305], [319, 320], [319, 325], [334, 336], [334, 340], [346, -346], [346, -307]]}, "src/worldenergydata/testing/performance/dashboard.py": {"executed_lines": [1, 5, 6, 7, 8, 9, 10, 11, 12, 15, 16, 18, 28, 122, 173, 221, 315, 419, 443], "summary": {"covered_lines": 17, "num_statements": 112, "percent_covered": 13.492063492063492, "percent_covered_display": "13.49", "missing_lines": 95, "excluded_lines": 2, "num_branches": 14, "num_partial_branches": 0, "covered_branches": 0, "missing_branches": 14}, "missing_lines": [25, 26, 38, 40, 41, 44, 57, 69, 81, 93, 105, 113, 114, 115, 116, 117, 118, 120, 132, 134, 135, 142, 145, 162, 171, 180, 182, 183, 186, 188, 199, 200, 202, 203, 204, 211, 219, 231, 233, 234, 239, 240, 242, 245, 262, 263, 264, 266, 278, 279, 287, 289, 297, 305, 313, 325, 326, 327, 328, 330, 331, 333, 334, 335, 336, 338, 339, 340, 343, 353, 365, 377, 393, 404, 410, 411, 412, 413, 414, 415, 417, 421, 423, 435, 441, 451, 452, 453, 454, 457, 458, 459, 460, 463, 535], "excluded_lines": [138, 237], "executed_branches": [], "missing_branches": [[40, 41], [40, 44], [182, 183], [182, 186], [202, 203], [202, 211], [239, 240], [239, 242], [263, 264], [263, 278], [330, 331], [330, 343], [333, 334], [333, 338]]}, "src/worldenergydata/testing/performance/database.py": {"executed_lines": [1, 5, 6, 7, 8, 9, 10, 11, 12, 15, 16, 17, 18, 19, 20, 21, 22, 23, 24, 25, 26, 27, 29, 38, 39, 41, 54, 128, 129, 138, 171, 218, 248, 274, 321, 356, 377, 428], "summary": {"covered_lines": 34, "num_statements": 105, "percent_covered": 26.95035460992908, "percent_covered_display": "26.95", "missing_lines": 71, "excluded_lines": 8, "num_branches": 36, "num_partial_branches": 0, "covered_branches": 4, "missing_branches": 32}, "missing_lines": [31, 32, 33, 34, 35, 48, 49, 51, 52, 56, 57, 75, 80, 85, 126, 131, 132, 133, 134, 136, 145, 146, 148, 167, 169, 174, 178, 216, 220, 230, 231, 233, 259, 260, 267, 269, 270, 272, 286, 287, 288, 302, 304, 317, 319, 331, 348, 350, 351, 354, 363, 364, 369, 371, 373, 375, 389, 391, 397, 398, 401, 409, 410, 413, 415, 416, 426, 435, 436, 441, 444], "excluded_lines": [21, 91, 109, 180, 198, 332, 352, 372], "executed_branches": [[15, 16], [15, 17], [129, 128], [129, 138]], "missing_branches": [[33, 34], [33, 35], [48, 49], [48, 51], [56, -54], [56, 57], [145, -138], [145, 146], [230, -218], [230, 231], [259, -248], [259, 260], [269, 270], [269, 272], [286, -274], [286, 287], [287, 288], [287, 304], [350, 351], [350, 354], [363, -356], [363, 364], [389, -377], [389, 391], [397, 398], [397, 401], [409, 410], [409, 413], [415, 416], [415, 426], [435, -428], [435, 436]]}, "src/worldenergydata/testing/performance/reporter.py": {"executed_lines": [1, 5, 6, 7, 8, 9, 10, 11, 14, 15, 17, 27, 130, 179, 398, 421, 425], "summary": {"covered_lines": 15, "num_statements": 131, "percent_covered": 8.670520231213873, "percent_covered_display": "8.67", "missing_lines": 116, "excluded_lines": 0, "num_branches": 42, "num_partial_branches": 0, "covered_branches": 0, "missing_branches": 42}, "missing_lines": [24, 25, 37, 40, 41, 42, 43, 44, 45, 48, 50, 51, 52, 53, 54, 55, 56, 57, 58, 61, 62, 64, 66, 67, 68, 69, 71, 73, 76, 77, 79, 81, 82, 83, 84, 85, 87, 89, 92, 93, 95, 97, 98, 99, 100, 101, 102, 104, 106, 109, 110, 112, 114, 115, 116, 117, 118, 119, 121, 123, 124, 125, 126, 128, 140, 149, 152, 153, 156, 159, 161, 162, 169, 172, 175, 177, 189, 191, 289, 290, 291, 306, 307, 308, 319, 332, 333, 342, 346, 347, 360, 361, 369, 373, 374, 377, 378, 379, 384, 385, 386, 390, 396, 407, 409, 410, 411, 412, 413, 414, 415, 416, 417, 419, 423, 427], "excluded_lines": [], "executed_branches": [], "missing_branches": [[50, 51], [50, 61], [66, 67], [66, 71], [67, 68], [67, 73], [81, 82], [81, 87], [82, 83], [82, 89], [97, 98], [97, 104], [98, 99], [98, 106], [101, 98], [101, 102], [114, 115], [114, 121], [161, 162], [161, 169], [289, 290], [289, 306], [306, 307], [306, 319], [332, 333], [332, 342], [346, 347], [346, 373], [360, 361], [360, 369], [373, 374], [373, 390], [377, 378], [377, 390], [384, 385], [384, 386], [409, 410], [409, 412], [412, 413], [412, 415], [415, 416], [415, 419]]}, "src/worldenergydata/testing/performance/tracker.py": {"executed_lines": [1, 5, 6, 7, 8, 9, 10, 11, 14, 15, 17, 30, 46, 125, 162, 163, 165, 174, 175, 179, 180, 189, 190, 204], "summary": {"covered_lines": 21, "num_statements": 85, "percent_covered": 25.233644859813083, "percent_covered_display": "25.23", "missing_lines": 64, "excluded_lines": 6, "num_branches": 22, "num_partial_branches": 0, "covered_branches": 6, "missing_branches": 16}, "missing_lines": [24, 25, 26, 27, 28, 37, 40, 41, 42, 43, 54, 55, 58, 61, 62, 64, 65, 66, 67, 68, 74, 75, 76, 77, 79, 82, 83, 84, 85, 87, 88, 91, 92, 93, 96, 97, 98, 99, 101, 104, 118, 121, 122, 123, 133, 137, 139, 149, 172, 177, 182, 183, 186, 187, 192, 194, 195, 196, 197, 198, 199, 200, 201, 206], "excluded_lines": [44, 69, 72, 73, 140, 151], "executed_branches": [[175, 174], [175, 179], [180, 179], [180, 189], [190, -162], [190, 189]], "missing_branches": [[54, 55], [54, 58], [74, 75], [74, 76], [76, 77], [76, 79], [83, 84], [83, 87], [92, 93], [92, 96], [96, 97], [96, 98], [98, 99], [98, 101], [186, -179], [186, 187]]}, "src/worldenergydata/validation/base.py": {"executed_lines": [], "summary": {"covered_lines": 0, "num_statements": 142, "percent_covered": 0.0, "percent_covered_display": "0.00", "missing_lines": 142, "excluded_lines": 15, "num_branches": 38, "num_partial_branches": 0, "covered_branches": 0, "missing_branches": 38}, "missing_lines": [8, 9, 10, 11, 12, 13, 16, 17, 20, 21, 22, 23, 24, 25, 32, 33, 41, 42, 43, 44, 46, 47, 49, 51, 52, 54, 56, 57, 59, 61, 64, 69, 72, 77, 80, 85, 87, 89, 91, 92, 93, 94, 95, 96, 98, 100, 102, 103, 104, 105, 106, 108, 110, 138, 140, 141, 143, 145, 146, 147, 149, 150, 152, 155, 163, 164, 165, 180, 182, 183, 185, 187, 188, 189, 190, 193, 201, 202, 203, 205, 215, 216, 219, 220, 221, 226, 229, 230, 231, 232, 233, 234, 235, 241, 243, 245, 246, 247, 248, 249, 250, 251, 253, 256, 264, 265, 266, 268, 278, 279, 281, 283, 284, 287, 288, 289, 290, 291, 292, 293, 299, 300, 301, 307, 310, 318, 319, 336, 344, 345, 346, 347, 348, 363, 365, 366, 368, 370, 371, 373, 375, 376], "excluded_lines": [27, 28, 29, 167, 168, 169, 178, 321, 322, 323, 333, 350, 351, 352, 361], "executed_branches": [], "missing_branches": [[16, 17], [16, 18], [32, 33], [32, 34], [47, 46], [47, 51], [52, 51], [52, 56], [57, 56], [57, 61], [87, -87], [87, -85], [91, 92], [91, 93], [93, 94], [93, 95], [95, 96], [95, 98], [110, -110], [110, -108], [140, 141], [140, 143], [149, 150], [149, 152], [220, 221], [220, 229], [229, 230], [229, 241], [245, 246], [245, 248], [246, 247], [246, 253], [248, 249], [248, 250], [250, 251], [250, 253], [287, 288], [287, 307]]}, "src/worldenergydata/validation/exceptions.py": {"executed_lines": [], "summary": {"covered_lines": 0, "num_statements": 33, "percent_covered": 0.0, "percent_covered_display": "0.00", "missing_lines": 33, "excluded_lines": 6, "num_branches": 10, "num_partial_branches": 0, "covered_branches": 0, "missing_branches": 10}, "missing_lines": [5, 8, 9, 10, 11, 12, 13, 15, 17, 18, 19, 20, 21, 22, 23, 24, 27, 32, 37, 42, 47, 52, 57, 60, 61, 62, 64, 66, 67, 68, 69, 70, 71], "excluded_lines": [29, 34, 39, 44, 49, 54], "executed_branches": [], "missing_branches": [[18, 19], [18, 20], [20, 21], [20, 22], [22, 23], [22, 24], [67, 68], [67, 69], [69, 70], [69, 71]]}, "src/worldenergydata/validation/rules.py": {"executed_lines": [], "summary": {"covered_lines": 0, "num_statements": 194, "percent_covered": 0.0, "percent_covered_display": "0.00", "missing_lines": 194, "excluded_lines": 3, "num_branches": 122, "num_partial_branches": 0, "covered_branches": 0, "missing_branches": 122}, "missing_lines": [5, 6, 7, 8, 17, 20, 23, 24, 26, 27, 28, 30, 31, 33, 34, 36, 48, 49, 50, 56, 58, 59, 62, 63, 65, 66, 67, 69, 70, 77, 78, 85, 87, 88, 91, 92, 94, 95, 97, 99, 100, 107, 108, 115, 117, 118, 120, 121, 123, 124, 126, 127, 134, 136, 137, 139, 140, 142, 143, 150, 152, 153, 155, 156, 158, 159, 161, 170, 171, 172, 180, 181, 182, 183, 184, 191, 193, 194, 196, 197, 198, 199, 200, 202, 203, 205, 206, 207, 208, 210, 211, 213, 214, 217, 224, 226, 227, 229, 230, 233, 238, 241, 244, 245, 247, 248, 250, 251, 254, 255, 256, 257, 258, 260, 261, 266, 270, 272, 273, 275, 276, 277, 280, 281, 282, 283, 284, 285, 288, 289, 296, 300, 302, 303, 306, 307, 308, 309, 310, 311, 312, 314, 315, 316, 317, 318, 320, 322, 323, 329, 331, 332, 335, 336, 337, 338, 339, 340, 341, 343, 345, 346, 351, 354, 357, 358, 360, 361, 364, 365, 372, 373, 377, 379, 380, 382, 383, 386, 387, 393, 395, 396, 398, 399, 401, 402, 408, 409, 411, 412, 413, 419, 420, 426], "excluded_lines": [268, 298, 375], "executed_branches": [], "missing_branches": [[24, 23], [24, 30], [26, 27], [26, 28], [31, 30], [31, 58], [33, 34], [33, 36], [36, -36], [36, 48], [49, 50], [49, 56], [59, 58], [59, 87], [62, 63], [62, 65], [66, 67], [66, 69], [69, 70], [69, 77], [77, 78], [77, 85], [88, 87], [88, 117], [91, 92], [91, 94], [94, 95], [94, 97], [99, 100], [99, 107], [107, 108], [107, 115], [118, 117], [118, 136], [120, 121], [120, 123], [123, 124], [123, 126], [126, 127], [126, 134], [137, 136], [137, 152], [139, 140], [139, 142], [142, 143], [142, 150], [153, 152], [153, 193], [155, 156], [155, 158], [158, 159], [158, 161], [171, 172], [171, 180], [180, 181], [180, 191], [183, 184], [183, 191], [194, 193], [194, 202], [203, 202], [203, 210], [211, 210], [211, 226], [213, 214], [213, 217], [224, -224], [224, -210], [227, -20], [227, 226], [229, 230], [229, 233], [238, -238], [238, -226], [245, 244], [245, 272], [250, 251], [250, 254], [255, 256], [255, 257], [257, 258], [257, 260], [260, 261], [260, 270], [273, 272], [273, 302], [288, 289], [288, 296], [303, 302], [303, 331], [307, 308], [307, 314], [322, 323], [322, 329], [332, -241], [332, 331], [336, 337], [336, 343], [345, 346], [345, 351], [358, 357], [358, 379], [360, 361], [360, 364], [364, 365], [364, 372], [380, 379], [380, 395], [382, 383], [382, 386], [386, 387], [386, 393], [396, -354], [396, 395], [398, 399], [398, 401], [401, 402], [401, 408], [412, 413], [412, 419], [419, 420], [419, 426]]}, "src/worldenergydata/validation/schema.py": {"executed_lines": [], "summary": {"covered_lines": 0, "num_statements": 118, "percent_covered": 0.0, "percent_covered_display": "0.00", "missing_lines": 118, "excluded_lines": 0, "num_branches": 30, "num_partial_branches": 0, "covered_branches": 0, "missing_branches": 30}, "missing_lines": [5, 6, 7, 8, 11, 13, 14, 15, 16, 17, 18, 19, 20, 21, 24, 26, 27, 28, 29, 30, 31, 34, 35, 38, 39, 40, 41, 42, 43, 44, 45, 46, 47, 48, 49, 50, 51, 52, 53, 55, 57, 58, 59, 60, 61, 63, 64, 65, 67, 68, 69, 72, 73, 76, 77, 78, 79, 80, 81, 83, 85, 87, 89, 90, 91, 92, 94, 96, 98, 100, 102, 104, 135, 138, 139, 141, 148, 158, 167, 178, 189, 201, 211, 221, 227, 229, 230, 232, 239, 248, 257, 267, 279, 291, 300, 312, 323, 325, 326, 328, 335, 345, 354, 363, 372, 382, 388, 391, 394, 395, 397, 404, 415, 426, 437, 447, 457, 466], "excluded_lines": [], "executed_branches": [], "missing_branches": [[34, 35], [34, 36], [57, 58], [57, 63], [63, 64], [63, 67], [64, 65], [64, 67], [67, -55], [67, 68], [68, -55], [68, 69], [72, 73], [72, 74], [89, 90], [89, 92], [90, 89], [90, 91], [96, -96], [96, -94], [104, -104], [104, -102], [139, 138], [139, 229], [230, 229], [230, 325], [326, -135], [326, 325], [395, -391], [395, 394]]}, "src/worldenergydata/validation/schemas.py": {"executed_lines": [], "summary": {"covered_lines": 0, "num_statements": 250, "percent_covered": 0.0, "percent_covered_display": "0.00", "missing_lines": 250, "excluded_lines": 1, "num_branches": 58, "num_partial_branches": 0, "covered_branches": 0, "missing_branches": 58}, "missing_lines": [8, 9, 10, 11, 13, 14, 20, 28, 29, 30, 31, 33, 37, 38, 39, 40, 43, 44, 47, 50, 51, 52, 53, 56, 57, 58, 59, 62, 63, 64, 65, 68, 69, 73, 76, 77, 78, 81, 82, 83, 84, 87, 88, 92, 94, 98, 99, 102, 108, 109, 110, 113, 114, 115, 116, 117, 119, 121, 125, 127, 129, 130, 132, 133, 138, 141, 144, 145, 146, 149, 150, 151, 152, 155, 156, 157, 159, 162, 165, 166, 167, 168, 170, 174, 175, 176, 177, 180, 181, 182, 185, 186, 190, 193, 194, 195, 196, 199, 200, 201, 202, 205, 206, 209, 212, 213, 216, 219, 220, 221, 222, 225, 226, 227, 228, 231, 232, 236, 238, 241, 242, 245, 246, 247, 248, 249, 252, 253, 254, 255, 256, 258, 260, 264, 266, 268, 269, 271, 272, 277, 280, 281, 282, 283, 286, 287, 288, 289, 292, 293, 294, 296, 299, 302, 303, 304, 306, 310, 311, 315, 316, 319, 320, 321, 324, 325, 326, 328, 330, 331, 333, 334, 339, 342, 343, 344, 345, 348, 349, 350, 351, 353, 356, 359, 360, 361, 362, 364, 368, 369, 370, 373, 374, 375, 376, 379, 380, 381, 384, 385, 386, 387, 390, 391, 392, 393, 395, 398, 399, 402, 403, 404, 405, 407, 409, 413, 415, 417, 418, 420, 421, 426, 429, 430, 431, 432, 435, 436, 437, 439, 442, 445, 446, 447, 449, 453, 455, 456, 458, 459, 464, 467, 468, 469, 470, 477, 478, 479, 480, 486], "excluded_lines": [451], "executed_branches": [], "missing_branches": [[108, 109], [108, 113], [113, 114], [113, 119], [115, 116], [115, 119], [132, 133], [132, 141], [149, 150], [149, 155], [150, 149], [150, 151], [155, 156], [155, 159], [245, 246], [245, 252], [247, 248], [247, 252], [252, 253], [252, 258], [254, 255], [254, 258], [271, 272], [271, 280], [286, 287], [286, 292], [287, 286], [287, 288], [292, 293], [292, 296], [333, 334], [333, 342], [348, 349], [348, 353], [349, 348], [349, 350], [402, 403], [402, 407], [404, 405], [404, 407], [420, 421], [420, 429], [429, 430], [429, 435], [430, 429], [430, 431], [435, 436], [435, 439], [458, 459], [458, 467], [468, 469], [468, 477], [469, 468], [469, 470], [477, 478], [477, 486], [479, 480], [479, 486]]}, "src/worldenergydata/validation/validators.py": {"executed_lines": [], "summary": {"covered_lines": 0, "num_statements": 165, "percent_covered": 0.0, "percent_covered_display": "0.00", "missing_lines": 165, "excluded_lines": 1, "num_branches": 90, "num_partial_branches": 0, "covered_branches": 0, "missing_branches": 90}, "missing_lines": [5, 6, 7, 8, 9, 10, 12, 13, 14, 16, 19, 22, 30, 31, 32, 33, 35, 45, 46, 49, 50, 51, 52, 53, 54, 56, 59, 60, 61, 62, 63, 64, 65, 68, 69, 70, 71, 72, 73, 74, 75, 77, 79, 82, 83, 84, 85, 91, 92, 93, 95, 96, 97, 98, 99, 101, 103, 106, 109, 110, 113, 116, 117, 124, 125, 132, 133, 136, 137, 143, 144, 150, 151, 152, 153, 154, 155, 156, 158, 160, 161, 163, 164, 165, 166, 167, 171, 172, 174, 175, 176, 177, 178, 179, 183, 184, 185, 186, 187, 191, 192, 193, 195, 205, 207, 208, 211, 213, 214, 215, 216, 217, 218, 219, 220, 221, 222, 224, 226, 228, 230, 231, 232, 234, 237, 238, 239, 240, 242, 243, 244, 245, 246, 248, 251, 254, 256, 257, 259, 261, 262, 264, 266, 268, 270, 271, 272, 273, 275, 277, 279, 280, 281, 283, 286, 293, 294, 311, 314, 315, 318, 319, 321, 322, 326], "excluded_lines": [235], "executed_branches": [], "missing_branches": [[49, 50], [49, 51], [51, 52], [51, 53], [53, 54], [53, 56], [59, 60], [59, 68], [63, 64], [63, 65], [68, 69], [68, 77], [69, 70], [69, 77], [73, 74], [73, 75], [83, 84], [83, 91], [84, 83], [84, 85], [91, -79], [91, 92], [109, 110], [109, 113], [116, 117], [116, 124], [124, 125], [124, 132], [132, 133], [132, 136], [136, 137], [136, 143], [143, 144], [143, 150], [150, -101], [150, 151], [151, 152], [151, 153], [153, 154], [153, 155], [155, -101], [155, 156], [160, -158], [160, 161], [164, 165], [164, 171], [166, 160], [166, 167], [171, 172], [171, 174], [174, 175], [174, 183], [178, 160], [178, 179], [183, 160], [183, 184], [186, 160], [186, 187], [207, 208], [207, 211], [213, 214], [213, 215], [215, 216], [215, 217], [217, 218], [217, 220], [218, 219], [218, 226], [220, 221], [220, 224], [221, 222], [221, 226], [239, 240], [239, 242], [242, 243], [242, 248], [245, 246], [245, 248], [271, 272], [271, 273], [279, 280], [279, 286], [280, 281], [280, 283], [293, 294], [293, 314], [314, 315], [314, 318], [318, 319], [318, 321]]}}, "totals": {"covered_lines": 814, "num_statements": 2903, "percent_covered": 25.761421319796955, "percent_covered_display": "25.76", "missing_lines": 2089, "excluded_lines": 69, "num_branches": 1037, "num_partial_branches": 65, "covered_branches": 201, "missing_branches": 836}}