{"meta": {"format": 3, "version": "7.10.4", "timestamp": "2025-08-20T16:06:13.995987", "branch_coverage": true, "show_contexts": false}, "files": {"src\\worldenergydata\\__init__.py": {"executed_lines": [1, 7], "summary": {"covered_lines": 1, "num_statements": 1, "percent_covered": 100.0, "percent_covered_display": "100", "missing_lines": 0, "excluded_lines": 0, "num_branches": 0, "num_partial_branches": 0, "covered_branches": 0, "missing_branches": 0}, "missing_lines": [], "excluded_lines": [], "executed_branches": [], "missing_branches": [], "functions": {"": {"executed_lines": [1, 7], "summary": {"covered_lines": 1, "num_statements": 1, "percent_covered": 100.0, "percent_covered_display": "100", "missing_lines": 0, "excluded_lines": 0, "num_branches": 0, "num_partial_branches": 0, "covered_branches": 0, "missing_branches": 0}, "missing_lines": [], "excluded_lines": [], "executed_branches": [], "missing_branches": []}}, "classes": {"": {"executed_lines": [1, 7], "summary": {"covered_lines": 1, "num_statements": 1, "percent_covered": 100.0, "percent_covered_display": "100", "missing_lines": 0, "excluded_lines": 0, "num_branches": 0, "num_partial_branches": 0, "covered_branches": 0, "missing_branches": 0}, "missing_lines": [], "excluded_lines": [], "executed_branches": [], "missing_branches": []}}}, "src\\worldenergydata\\__main__.py": {"executed_lines": [], "summary": {"covered_lines": 0, "num_statements": 2, "percent_covered": 0.0, "percent_covered_display": "0", "missing_lines": 2, "excluded_lines": 0, "num_branches": 0, "num_partial_branches": 0, "covered_branches": 0, "missing_branches": 0}, "missing_lines": [23, 25], "excluded_lines": [], "executed_branches": [], "missing_branches": [], "functions": {"": {"executed_lines": [], "summary": {"covered_lines": 0, "num_statements": 2, "percent_covered": 0.0, "percent_covered_display": "0", "missing_lines": 2, "excluded_lines": 0, "num_branches": 0, "num_partial_branches": 0, "covered_branches": 0, "missing_branches": 0}, "missing_lines": [23, 25], "excluded_lines": [], "executed_branches": [], "missing_branches": []}}, "classes": {"": {"executed_lines": [], "summary": {"covered_lines": 0, "num_statements": 2, "percent_covered": 0.0, "percent_covered_display": "0", "missing_lines": 2, "excluded_lines": 0, "num_branches": 0, "num_partial_branches": 0, "covered_branches": 0, "missing_branches": 0}, "missing_lines": [23, 25], "excluded_lines": [], "executed_branches": [], "missing_branches": []}}}, "src\\worldenergydata\\common\\legacy\\data.py": {"executed_lines": [1, 2, 3, 4, 6, 7, 8, 10, 17, 19, 39, 50, 63, 65, 68, 94, 102, 107, 135, 144, 165, 179, 193, 201, 207, 213, 221, 229, 231, 235, 245, 257, 259, 264, 266, 272, 295, 313, 325, 332, 345, 358, 360], "summary": {"covered_lines": 43, "num_statements": 245, "percent_covered": 13.149847094801224, "percent_covered_display": "13", "missing_lines": 202, "excluded_lines": 0, "num_branches": 82, "num_partial_branches": 0, "covered_branches": 0, "missing_branches": 82}, "missing_lines": [20, 22, 23, 24, 25, 26, 27, 28, 29, 31, 32, 34, 36, 37, 40, 41, 42, 43, 44, 46, 48, 51, 53, 54, 55, 56, 58, 60, 66, 69, 79, 80, 82, 83, 85, 87, 88, 89, 90, 92, 95, 96, 97, 98, 100, 103, 104, 105, 108, 113, 114, 115, 116, 117, 118, 119, 120, 121, 122, 123, 124, 125, 126, 127, 128, 129, 131, 133, 136, 137, 138, 139, 140, 141, 142, 145, 146, 147, 148, 149, 150, 156, 157, 158, 159, 160, 161, 163, 166, 167, 168, 170, 172, 173, 174, 175, 177, 180, 181, 182, 184, 186, 187, 188, 189, 191, 194, 195, 196, 197, 199, 202, 203, 204, 208, 209, 210, 214, 215, 216, 217, 219, 222, 223, 224, 225, 226, 232, 233, 236, 237, 238, 239, 240, 241, 243, 246, 247, 248, 249, 250, 251, 252, 254, 260, 261, 267, 268, 269, 270, 273, 274, 276, 277, 278, 280, 282, 283, 284, 286, 287, 288, 290, 291, 293, 296, 297, 299, 300, 301, 303, 305, 307, 308, 310, 314, 315, 317, 319, 320, 322, 326, 327, 328, 329, 333, 334, 335, 336, 337, 338, 342, 346, 350, 351, 352, 353, 354, 356, 362, 364, 367], "excluded_lines": [], "executed_branches": [], "missing_branches": [[25, 26], [25, 27], [27, 28], [27, 31], [28, 29], [28, 36], [31, 32], [31, 34], [42, 43], [42, 46], [54, 55], [54, 58], [79, 80], [79, 82], [87, 88], [87, 92], [96, 97], [96, 100], [97, 96], [97, 98], [103, -102], [103, 104], [104, 103], [104, 105], [113, 114], [113, 115], [120, 121], [120, 128], [121, 122], [121, 133], [128, 129], [128, 131], [158, 159], [158, 163], [167, 168], [167, 170], [181, 182], [181, 184], [195, 196], [195, 199], [196, 195], [196, 197], [202, -201], [202, 203], [203, 202], [203, 204], [208, -207], [208, 209], [209, 208], [209, 210], [215, 216], [215, 219], [216, 215], [216, 217], [273, 274], [273, 276], [277, 278], [277, 280], [283, 284], [283, 286], [287, 288], [287, 290], [290, 291], [290, 293], [296, 297], [296, 299], [300, 301], [300, 303], [319, 320], [319, 322], [334, 335], [334, 342], [336, 337], [336, 342], [337, 336], [337, 338], [351, 352], [351, 356], [352, 351], [352, 353], [353, 352], [353, 354]], "functions": {"ReadDataFromSystemFiles.get_file_list_from_folder": {"executed_lines": [], "summary": {"covered_lines": 0, "num_statements": 14, "percent_covered": 0.0, "percent_covered_display": "0", "missing_lines": 14, "excluded_lines": 0, "num_branches": 8, "num_partial_branches": 0, "covered_branches": 0, "missing_branches": 8}, "missing_lines": [20, 22, 23, 24, 25, 26, 27, 28, 29, 31, 32, 34, 36, 37], "excluded_lines": [], "executed_branches": [], "missing_branches": [[25, 26], [25, 27], [27, 28], [27, 31], [28, 29], [28, 36], [31, 32], [31, 34]]}, "ReadDataFromSystemFiles.get_data_from_json": {"executed_lines": [], "summary": {"covered_lines": 0, "num_statements": 7, "percent_covered": 0.0, "percent_covered_display": "0", "missing_lines": 7, "excluded_lines": 0, "num_branches": 2, "num_partial_branches": 0, "covered_branches": 0, "missing_branches": 2}, "missing_lines": [40, 41, 42, 43, 44, 46, 48], "excluded_lines": [], "executed_branches": [], "missing_branches": [[42, 43], [42, 46]]}, "ReadDataFromSystemFiles.get_data_from_yaml": {"executed_lines": [], "summary": {"covered_lines": 0, "num_statements": 7, "percent_covered": 0.0, "percent_covered_display": "0", "missing_lines": 7, "excluded_lines": 0, "num_branches": 2, "num_partial_branches": 0, "covered_branches": 0, "missing_branches": 2}, "missing_lines": [51, 53, 54, 55, 56, 58, 60], "excluded_lines": [], "executed_branches": [], "missing_branches": [[54, 55], [54, 58]]}, "ReadDataFromString.__init__": {"executed_lines": [], "summary": {"covered_lines": 0, "num_statements": 1, "percent_covered": 0.0, "percent_covered_display": "0", "missing_lines": 1, "excluded_lines": 0, "num_branches": 0, "num_partial_branches": 0, "covered_branches": 0, "missing_branches": 0}, "missing_lines": [66], "excluded_lines": [], "executed_branches": [], "missing_branches": []}, "ReadDataFromString.get_line_numbers_containing_keyword": {"executed_lines": [], "summary": {"covered_lines": 0, "num_statements": 11, "percent_covered": 0.0, "percent_covered_display": "0", "missing_lines": 11, "excluded_lines": 0, "num_branches": 4, "num_partial_branches": 0, "covered_branches": 0, "missing_branches": 4}, "missing_lines": [69, 79, 80, 82, 83, 85, 87, 88, 89, 90, 92], "excluded_lines": [], "executed_branches": [], "missing_branches": [[79, 80], [79, 82], [87, 88], [87, 92]]}, "ReadDataFromString.get_row_numbers_containing_keyword": {"executed_lines": [], "summary": {"covered_lines": 0, "num_statements": 5, "percent_covered": 0.0, "percent_covered_display": "0", "missing_lines": 5, "excluded_lines": 0, "num_branches": 4, "num_partial_branches": 0, "covered_branches": 0, "missing_branches": 4}, "missing_lines": [95, 96, 97, 98, 100], "excluded_lines": [], "executed_branches": [], "missing_branches": [[96, 97], [96, 100], [97, 96], [97, 98]]}, "ReadDataFromString.get_array_row_containing_any_of_keywords": {"executed_lines": [], "summary": {"covered_lines": 0, "num_statements": 3, "percent_covered": 0.0, "percent_covered_display": "0", "missing_lines": 3, "excluded_lines": 0, "num_branches": 4, "num_partial_branches": 0, "covered_branches": 0, "missing_branches": 4}, "missing_lines": [103, 104, 105], "excluded_lines": [], "executed_branches": [], "missing_branches": [[103, -102], [103, 104], [104, 103], [104, 105]]}, "ReadDataFromString.get_substrings_by_line_number_array": {"executed_lines": [], "summary": {"covered_lines": 0, "num_statements": 20, "percent_covered": 0.0, "percent_covered_display": "0", "missing_lines": 20, "excluded_lines": 0, "num_branches": 8, "num_partial_branches": 0, "covered_branches": 0, "missing_branches": 8}, "missing_lines": [108, 113, 114, 115, 116, 117, 118, 119, 120, 121, 122, 123, 124, 125, 126, 127, 128, 129, 131, 133], "excluded_lines": [], "executed_branches": [], "missing_branches": [[113, 114], [113, 115], [120, 121], [120, 128], [121, 122], [121, 133], [128, 129], [128, 131]]}, "ReadDataFromString.get_sub_string_by_line_numbers": {"executed_lines": [], "summary": {"covered_lines": 0, "num_statements": 7, "percent_covered": 0.0, "percent_covered_display": "0", "missing_lines": 7, "excluded_lines": 0, "num_branches": 0, "num_partial_branches": 0, "covered_branches": 0, "missing_branches": 0}, "missing_lines": [136, 137, 138, 139, 140, 141, 142], "excluded_lines": [], "executed_branches": [], "missing_branches": []}, "ReadDataFromString.get_xml_dict_from_byte_data": {"executed_lines": [], "summary": {"covered_lines": 0, "num_statements": 13, "percent_covered": 0.0, "percent_covered_display": "0", "missing_lines": 13, "excluded_lines": 0, "num_branches": 2, "num_partial_branches": 0, "covered_branches": 0, "missing_branches": 2}, "missing_lines": [145, 146, 147, 148, 149, 150, 156, 157, 158, 159, 160, 161, 163], "excluded_lines": [], "executed_branches": [], "missing_branches": [[158, 159], [158, 163]]}, "ReadDataFromString.get_all_lines_containing_all_key_words": {"executed_lines": [], "summary": {"covered_lines": 0, "num_statements": 9, "percent_covered": 0.0, "percent_covered_display": "0", "missing_lines": 9, "excluded_lines": 0, "num_branches": 2, "num_partial_branches": 0, "covered_branches": 0, "missing_branches": 2}, "missing_lines": [166, 167, 168, 170, 172, 173, 174, 175, 177], "excluded_lines": [], "executed_branches": [], "missing_branches": [[167, 168], [167, 170]]}, "ReadDataFromString.get_all_lines_containing_any_key_words": {"executed_lines": [], "summary": {"covered_lines": 0, "num_statements": 9, "percent_covered": 0.0, "percent_covered_display": "0", "missing_lines": 9, "excluded_lines": 0, "num_branches": 2, "num_partial_branches": 0, "covered_branches": 0, "missing_branches": 2}, "missing_lines": [180, 181, 182, 184, 186, 187, 188, 189, 191], "excluded_lines": [], "executed_branches": [], "missing_branches": [[181, 182], [181, 184]]}, "ReadDataFromString.get_all_array_rows_containing_any_keyword": {"executed_lines": [], "summary": {"covered_lines": 0, "num_statements": 5, "percent_covered": 0.0, "percent_covered_display": "0", "missing_lines": 5, "excluded_lines": 0, "num_branches": 4, "num_partial_branches": 0, "covered_branches": 0, "missing_branches": 4}, "missing_lines": [194, 195, 196, 197, 199], "excluded_lines": [], "executed_branches": [], "missing_branches": [[195, 196], [195, 199], [196, 195], [196, 197]]}, "ReadDataFromString.get_first_array_row_containing_any_keyword": {"executed_lines": [], "summary": {"covered_lines": 0, "num_statements": 3, "percent_covered": 0.0, "percent_covered_display": "0", "missing_lines": 3, "excluded_lines": 0, "num_branches": 4, "num_partial_branches": 0, "covered_branches": 0, "missing_branches": 4}, "missing_lines": [202, 203, 204], "excluded_lines": [], "executed_branches": [], "missing_branches": [[202, -201], [202, 203], [203, 202], [203, 204]]}, "ReadDataFromString.get_first_array_row_containing_all_keywords": {"executed_lines": [], "summary": {"covered_lines": 0, "num_statements": 3, "percent_covered": 0.0, "percent_covered_display": "0", "missing_lines": 3, "excluded_lines": 0, "num_branches": 4, "num_partial_branches": 0, "covered_branches": 0, "missing_branches": 4}, "missing_lines": [208, 209, 210], "excluded_lines": [], "executed_branches": [], "missing_branches": [[208, -207], [208, 209], [209, 208], [209, 210]]}, "ReadDataFromString.get_all_array_row_containing_all_keywords": {"executed_lines": [], "summary": {"covered_lines": 0, "num_statements": 5, "percent_covered": 0.0, "percent_covered_display": "0", "missing_lines": 5, "excluded_lines": 0, "num_branches": 4, "num_partial_branches": 0, "covered_branches": 0, "missing_branches": 4}, "missing_lines": [214, 215, 216, 217, 219], "excluded_lines": [], "executed_branches": [], "missing_branches": [[215, 216], [215, 219], [216, 215], [216, 217]]}, "ReadDataFromString.get_intermediate_word_based_on_pattern": {"executed_lines": [], "summary": {"covered_lines": 0, "num_statements": 5, "percent_covered": 0.0, "percent_covered_display": "0", "missing_lines": 5, "excluded_lines": 0, "num_branches": 0, "num_partial_branches": 0, "covered_branches": 0, "missing_branches": 0}, "missing_lines": [222, 223, 224, 225, 226], "excluded_lines": [], "executed_branches": [], "missing_branches": []}, "ReadURLData.__init__": {"executed_lines": [], "summary": {"covered_lines": 0, "num_statements": 2, "percent_covered": 0.0, "percent_covered_display": "0", "missing_lines": 2, "excluded_lines": 0, "num_branches": 0, "num_partial_branches": 0, "covered_branches": 0, "missing_branches": 0}, "missing_lines": [232, 233], "excluded_lines": [], "executed_branches": [], "missing_branches": []}, "ReadURLData.get_response_data": {"executed_lines": [], "summary": {"covered_lines": 0, "num_statements": 7, "percent_covered": 0.0, "percent_covered_display": "0", "missing_lines": 7, "excluded_lines": 0, "num_branches": 0, "num_partial_branches": 0, "covered_branches": 0, "missing_branches": 0}, "missing_lines": [236, 237, 238, 239, 240, 241, 243], "excluded_lines": [], "executed_branches": [], "missing_branches": []}, "ReadURLData.get_xml_data_as_dict": {"executed_lines": [], "summary": {"covered_lines": 0, "num_statements": 8, "percent_covered": 0.0, "percent_covered_display": "0", "missing_lines": 8, "excluded_lines": 0, "num_branches": 0, "num_partial_branches": 0, "covered_branches": 0, "missing_branches": 0}, "missing_lines": [246, 247, 248, 249, 250, 251, 252, 254], "excluded_lines": [], "executed_branches": [], "missing_branches": []}, "AttributeDict.__init__": {"executed_lines": [], "summary": {"covered_lines": 0, "num_statements": 2, "percent_covered": 0.0, "percent_covered_display": "0", "missing_lines": 2, "excluded_lines": 0, "num_branches": 0, "num_partial_branches": 0, "covered_branches": 0, "missing_branches": 0}, "missing_lines": [260, 261], "excluded_lines": [], "executed_branches": [], "missing_branches": []}, "RegEx.__init__": {"executed_lines": [], "summary": {"covered_lines": 0, "num_statements": 4, "percent_covered": 0.0, "percent_covered_display": "0", "missing_lines": 4, "excluded_lines": 0, "num_branches": 0, "num_partial_branches": 0, "covered_branches": 0, "missing_branches": 0}, "missing_lines": [267, 268, 269, 270], "excluded_lines": [], "executed_branches": [], "missing_branches": []}, "RegEx.replace_in_string": {"executed_lines": [], "summary": {"covered_lines": 0, "num_statements": 15, "percent_covered": 0.0, "percent_covered_display": "0", "missing_lines": 15, "excluded_lines": 0, "num_branches": 10, "num_partial_branches": 0, "covered_branches": 0, "missing_branches": 10}, "missing_lines": [273, 274, 276, 277, 278, 280, 282, 283, 284, 286, 287, 288, 290, 291, 293], "excluded_lines": [], "executed_branches": [], "missing_branches": [[273, 274], [273, 276], [277, 278], [277, 280], [283, 284], [283, 286], [287, 288], [287, 290], [290, 291], [290, 293]]}, "RegEx.get_without_html_tags": {"executed_lines": [], "summary": {"covered_lines": 0, "num_statements": 10, "percent_covered": 0.0, "percent_covered_display": "0", "missing_lines": 10, "excluded_lines": 0, "num_branches": 4, "num_partial_branches": 0, "covered_branches": 0, "missing_branches": 4}, "missing_lines": [296, 297, 299, 300, 301, 303, 305, 307, 308, 310], "excluded_lines": [], "executed_branches": [], "missing_branches": [[296, 297], [296, 299], [300, 301], [300, 303]]}, "get_initials_from_name": {"executed_lines": [], "summary": {"covered_lines": 0, "num_statements": 6, "percent_covered": 0.0, "percent_covered_display": "0", "missing_lines": 6, "excluded_lines": 0, "num_branches": 2, "num_partial_branches": 0, "covered_branches": 0, "missing_branches": 2}, "missing_lines": [314, 315, 317, 319, 320, 322], "excluded_lines": [], "executed_branches": [], "missing_branches": [[319, 320], [319, 322]]}, "getClosestIntegerInList": {"executed_lines": [], "summary": {"covered_lines": 0, "num_statements": 4, "percent_covered": 0.0, "percent_covered_display": "0", "missing_lines": 4, "excluded_lines": 0, "num_branches": 0, "num_partial_branches": 0, "covered_branches": 0, "missing_branches": 0}, "missing_lines": [326, 327, 328, 329], "excluded_lines": [], "executed_branches": [], "missing_branches": []}, "transform_df_datetime_to_str": {"executed_lines": [], "summary": {"covered_lines": 0, "num_statements": 7, "percent_covered": 0.0, "percent_covered_display": "0", "missing_lines": 7, "excluded_lines": 0, "num_branches": 6, "num_partial_branches": 0, "covered_branches": 0, "missing_branches": 6}, "missing_lines": [333, 334, 335, 336, 337, 338, 342], "excluded_lines": [], "executed_branches": [], "missing_branches": [[334, 335], [334, 342], [336, 337], [336, 342], [337, 336], [337, 338]]}, "transform_df_None_to_NULL": {"executed_lines": [], "summary": {"covered_lines": 0, "num_statements": 7, "percent_covered": 0.0, "percent_covered_display": "0", "missing_lines": 7, "excluded_lines": 0, "num_branches": 6, "num_partial_branches": 0, "covered_branches": 0, "missing_branches": 6}, "missing_lines": [346, 350, 351, 352, 353, 354, 356], "excluded_lines": [], "executed_branches": [], "missing_branches": [[351, 352], [351, 356], [352, 351], [352, 353], [353, 352], [353, 354]]}, "DateTimeUtility.last_day_of_month": {"executed_lines": [], "summary": {"covered_lines": 0, "num_statements": 3, "percent_covered": 0.0, "percent_covered_display": "0", "missing_lines": 3, "excluded_lines": 0, "num_branches": 0, "num_partial_branches": 0, "covered_branches": 0, "missing_branches": 0}, "missing_lines": [362, 364, 367], "excluded_lines": [], "executed_branches": [], "missing_branches": []}, "": {"executed_lines": [1, 2, 3, 4, 6, 7, 8, 10, 17, 19, 39, 50, 63, 65, 68, 94, 102, 107, 135, 144, 165, 179, 193, 201, 207, 213, 221, 229, 231, 235, 245, 257, 259, 264, 266, 272, 295, 313, 325, 332, 345, 358, 360], "summary": {"covered_lines": 43, "num_statements": 43, "percent_covered": 100.0, "percent_covered_display": "100", "missing_lines": 0, "excluded_lines": 0, "num_branches": 0, "num_partial_branches": 0, "covered_branches": 0, "missing_branches": 0}, "missing_lines": [], "excluded_lines": [], "executed_branches": [], "missing_branches": []}}, "classes": {"ReadDataFromSystemFiles": {"executed_lines": [], "summary": {"covered_lines": 0, "num_statements": 28, "percent_covered": 0.0, "percent_covered_display": "0", "missing_lines": 28, "excluded_lines": 0, "num_branches": 12, "num_partial_branches": 0, "covered_branches": 0, "missing_branches": 12}, "missing_lines": [20, 22, 23, 24, 25, 26, 27, 28, 29, 31, 32, 34, 36, 37, 40, 41, 42, 43, 44, 46, 48, 51, 53, 54, 55, 56, 58, 60], "excluded_lines": [], "executed_branches": [], "missing_branches": [[25, 26], [25, 27], [27, 28], [27, 31], [28, 29], [28, 36], [31, 32], [31, 34], [42, 43], [42, 46], [54, 55], [54, 58]]}, "ReadDataFromString": {"executed_lines": [], "summary": {"covered_lines": 0, "num_statements": 99, "percent_covered": 0.0, "percent_covered_display": "0", "missing_lines": 99, "excluded_lines": 0, "num_branches": 42, "num_partial_branches": 0, "covered_branches": 0, "missing_branches": 42}, "missing_lines": [66, 69, 79, 80, 82, 83, 85, 87, 88, 89, 90, 92, 95, 96, 97, 98, 100, 103, 104, 105, 108, 113, 114, 115, 116, 117, 118, 119, 120, 121, 122, 123, 124, 125, 126, 127, 128, 129, 131, 133, 136, 137, 138, 139, 140, 141, 142, 145, 146, 147, 148, 149, 150, 156, 157, 158, 159, 160, 161, 163, 166, 167, 168, 170, 172, 173, 174, 175, 177, 180, 181, 182, 184, 186, 187, 188, 189, 191, 194, 195, 196, 197, 199, 202, 203, 204, 208, 209, 210, 214, 215, 216, 217, 219, 222, 223, 224, 225, 226], "excluded_lines": [], "executed_branches": [], "missing_branches": [[79, 80], [79, 82], [87, 88], [87, 92], [96, 97], [96, 100], [97, 96], [97, 98], [103, -102], [103, 104], [104, 103], [104, 105], [113, 114], [113, 115], [120, 121], [120, 128], [121, 122], [121, 133], [128, 129], [128, 131], [158, 159], [158, 163], [167, 168], [167, 170], [181, 182], [181, 184], [195, 196], [195, 199], [196, 195], [196, 197], [202, -201], [202, 203], [203, 202], [203, 204], [208, -207], [208, 209], [209, 208], [209, 210], [215, 216], [215, 219], [216, 215], [216, 217]]}, "ReadURLData": {"executed_lines": [], "summary": {"covered_lines": 0, "num_statements": 17, "percent_covered": 0.0, "percent_covered_display": "0", "missing_lines": 17, "excluded_lines": 0, "num_branches": 0, "num_partial_branches": 0, "covered_branches": 0, "missing_branches": 0}, "missing_lines": [232, 233, 236, 237, 238, 239, 240, 241, 243, 246, 247, 248, 249, 250, 251, 252, 254], "excluded_lines": [], "executed_branches": [], "missing_branches": []}, "AttributeDict": {"executed_lines": [], "summary": {"covered_lines": 0, "num_statements": 2, "percent_covered": 0.0, "percent_covered_display": "0", "missing_lines": 2, "excluded_lines": 0, "num_branches": 0, "num_partial_branches": 0, "covered_branches": 0, "missing_branches": 0}, "missing_lines": [260, 261], "excluded_lines": [], "executed_branches": [], "missing_branches": []}, "RegEx": {"executed_lines": [], "summary": {"covered_lines": 0, "num_statements": 29, "percent_covered": 0.0, "percent_covered_display": "0", "missing_lines": 29, "excluded_lines": 0, "num_branches": 14, "num_partial_branches": 0, "covered_branches": 0, "missing_branches": 14}, "missing_lines": [267, 268, 269, 270, 273, 274, 276, 277, 278, 280, 282, 283, 284, 286, 287, 288, 290, 291, 293, 296, 297, 299, 300, 301, 303, 305, 307, 308, 310], "excluded_lines": [], "executed_branches": [], "missing_branches": [[273, 274], [273, 276], [277, 278], [277, 280], [283, 284], [283, 286], [287, 288], [287, 290], [290, 291], [290, 293], [296, 297], [296, 299], [300, 301], [300, 303]]}, "DateTimeUtility": {"executed_lines": [], "summary": {"covered_lines": 0, "num_statements": 3, "percent_covered": 0.0, "percent_covered_display": "0", "missing_lines": 3, "excluded_lines": 0, "num_branches": 0, "num_partial_branches": 0, "covered_branches": 0, "missing_branches": 0}, "missing_lines": [362, 364, 367], "excluded_lines": [], "executed_branches": [], "missing_branches": []}, "": {"executed_lines": [1, 2, 3, 4, 6, 7, 8, 10, 17, 19, 39, 50, 63, 65, 68, 94, 102, 107, 135, 144, 165, 179, 193, 201, 207, 213, 221, 229, 231, 235, 245, 257, 259, 264, 266, 272, 295, 313, 325, 332, 345, 358, 360], "summary": {"covered_lines": 43, "num_statements": 67, "percent_covered": 53.08641975308642, "percent_covered_display": "53", "missing_lines": 24, "excluded_lines": 0, "num_branches": 14, "num_partial_branches": 0, "covered_branches": 0, "missing_branches": 14}, "missing_lines": [314, 315, 317, 319, 320, 322, 326, 327, 328, 329, 333, 334, 335, 336, 337, 338, 342, 346, 350, 351, 352, 353, 354, 356], "excluded_lines": [], "executed_branches": [], "missing_branches": [[319, 320], [319, 322], [334, 335], [334, 342], [336, 337], [336, 342], [337, 336], [337, 338], [351, 352], [351, 356], [352, 351], [352, 353], [353, 352], [353, 354]]}}}, "src\\worldenergydata\\engine.py": {"executed_lines": [2, 3, 4, 7, 11, 13, 14, 17, 18, 19, 21, 22, 23, 25, 28, 30, 31, 32, 33, 34, 35, 36, 38, 39, 40, 41, 43, 45, 46, 47, 48, 49, 51, 53, 56, 57, 58, 60, 61, 62, 64, 65, 66, 69, 75, 76, 78], "summary": {"covered_lines": 47, "num_statements": 47, "percent_covered": 100.0, "percent_covered_display": "100", "missing_lines": 0, "excluded_lines": 0, "num_branches": 16, "num_partial_branches": 0, "covered_branches": 16, "missing_branches": 0}, "missing_lines": [], "excluded_lines": [], "executed_branches": [[31, 32], [31, 38], [35, 36], [35, 38], [38, 39], [38, 40], [40, 41], [40, 43], [45, 46], [45, 51], [56, 57], [56, 60], [60, 61], [60, 64], [64, 65], [64, 69]], "missing_branches": [], "functions": {"engine": {"executed_lines": [30, 31, 32, 33, 34, 35, 36, 38, 39, 40, 41, 43, 45, 46, 47, 48, 49, 51, 53, 56, 57, 58, 60, 61, 62, 64, 65, 66, 69, 75, 76, 78], "summary": {"covered_lines": 32, "num_statements": 32, "percent_covered": 100.0, "percent_covered_display": "100", "missing_lines": 0, "excluded_lines": 0, "num_branches": 16, "num_partial_branches": 0, "covered_branches": 16, "missing_branches": 0}, "missing_lines": [], "excluded_lines": [], "executed_branches": [[31, 32], [31, 38], [35, 36], [35, 38], [38, 39], [38, 40], [40, 41], [40, 43], [45, 46], [45, 51], [56, 57], [56, 60], [60, 61], [60, 64], [64, 65], [64, 69]], "missing_branches": []}, "": {"executed_lines": [2, 3, 4, 7, 11, 13, 14, 17, 18, 19, 21, 22, 23, 25, 28], "summary": {"covered_lines": 15, "num_statements": 15, "percent_covered": 100.0, "percent_covered_display": "100", "missing_lines": 0, "excluded_lines": 0, "num_branches": 0, "num_partial_branches": 0, "covered_branches": 0, "missing_branches": 0}, "missing_lines": [], "excluded_lines": [], "executed_branches": [], "missing_branches": []}}, "classes": {"": {"executed_lines": [2, 3, 4, 7, 11, 13, 14, 17, 18, 19, 21, 22, 23, 25, 28, 30, 31, 32, 33, 34, 35, 36, 38, 39, 40, 41, 43, 45, 46, 47, 48, 49, 51, 53, 56, 57, 58, 60, 61, 62, 64, 65, 66, 69, 75, 76, 78], "summary": {"covered_lines": 47, "num_statements": 47, "percent_covered": 100.0, "percent_covered_display": "100", "missing_lines": 0, "excluded_lines": 0, "num_branches": 16, "num_partial_branches": 0, "covered_branches": 16, "missing_branches": 0}, "missing_lines": [], "excluded_lines": [], "executed_branches": [[31, 32], [31, 38], [35, 36], [35, 38], [38, 39], [38, 40], [40, 41], [40, 43], [45, 46], [45, 51], [56, 57], [56, 60], [60, 61], [60, 64], [64, 65], [64, 69]], "missing_branches": []}}}, "src\\worldenergydata\\modules\\bsee\\analysis\\bsee_analysis.py": {"executed_lines": [2, 3, 4, 7, 8, 9, 10, 11, 12, 15, 16, 17, 19, 20, 22, 24, 25, 27, 29, 31, 32, 33, 35, 37, 39, 41, 42, 43, 44, 47, 50, 51, 52, 53, 56, 57, 59, 61, 63, 66, 67, 69, 70, 71, 74, 75, 76, 77, 80, 81, 82, 83, 84, 87, 88, 89, 90, 91, 92, 93, 94, 96, 98, 101, 102, 105, 107, 108, 111, 112, 113, 116, 120, 123, 126], "summary": {"covered_lines": 75, "num_statements": 77, "percent_covered": 91.42857142857143, "percent_covered_display": "91", "missing_lines": 2, "excluded_lines": 0, "num_branches": 28, "num_partial_branches": 7, "covered_branches": 21, "missing_branches": 7}, "missing_lines": [117, 118], "excluded_lines": [], "executed_branches": [[31, 32], [31, 35], [43, 44], [43, 47], [51, 52], [69, 70], [69, 74], [74, 75], [76, 77], [81, 82], [81, 98], [88, 89], [88, 96], [89, 90], [91, 92], [101, 102], [101, 123], [105, 107], [111, 112], [111, 116], [116, 120]], "missing_branches": [[51, 59], [74, 76], [76, 80], [89, 91], [91, 93], [105, 123], [116, 117]], "functions": {"BSEEAnalysis.__init__": {"executed_lines": [25], "summary": {"covered_lines": 1, "num_statements": 1, "percent_covered": 100.0, "percent_covered_display": "100", "missing_lines": 0, "excluded_lines": 0, "num_branches": 0, "num_partial_branches": 0, "covered_branches": 0, "missing_branches": 0}, "missing_lines": [], "excluded_lines": [], "executed_branches": [], "missing_branches": []}, "BSEEAnalysis.router": {"executed_lines": [29, 31, 32, 33, 35, 37], "summary": {"covered_lines": 6, "num_statements": 6, "percent_covered": 100.0, "percent_covered_display": "100", "missing_lines": 0, "excluded_lines": 0, "num_branches": 2, "num_partial_branches": 0, "covered_branches": 2, "missing_branches": 0}, "missing_lines": [], "excluded_lines": [], "executed_branches": [[31, 32], [31, 35]], "missing_branches": []}, "BSEEAnalysis.run_analysis_for_all_wells": {"executed_lines": [41, 42, 43, 44, 47, 50, 51, 52, 53, 56, 57, 59], "summary": {"covered_lines": 12, "num_statements": 12, "percent_covered": 93.75, "percent_covered_display": "94", "missing_lines": 0, "excluded_lines": 0, "num_branches": 4, "num_partial_branches": 1, "covered_branches": 3, "missing_branches": 1}, "missing_lines": [], "excluded_lines": [], "executed_branches": [[43, 44], [43, 47], [51, 52]], "missing_branches": [[51, 59]]}, "BSEEAnalysis.add_production_dates_to_well_summary": {"executed_lines": [63, 66, 67, 69, 70, 71, 74, 75, 76, 77, 80, 81, 82, 83, 84, 87, 88, 89, 90, 91, 92, 93, 94, 96, 98, 101, 102, 105, 107, 108, 111, 112, 113, 116, 120, 123, 126], "summary": {"covered_lines": 37, "num_statements": 39, "percent_covered": 86.88524590163935, "percent_covered_display": "87", "missing_lines": 2, "excluded_lines": 0, "num_branches": 22, "num_partial_branches": 6, "covered_branches": 16, "missing_branches": 6}, "missing_lines": [117, 118], "excluded_lines": [], "executed_branches": [[69, 70], [69, 74], [74, 75], [76, 77], [81, 82], [81, 98], [88, 89], [88, 96], [89, 90], [91, 92], [101, 102], [101, 123], [105, 107], [111, 112], [111, 116], [116, 120]], "missing_branches": [[74, 76], [76, 80], [89, 91], [91, 93], [105, 123], [116, 117]]}, "": {"executed_lines": [2, 3, 4, 7, 8, 9, 10, 11, 12, 15, 16, 17, 19, 20, 22, 24, 27, 39, 61], "summary": {"covered_lines": 19, "num_statements": 19, "percent_covered": 100.0, "percent_covered_display": "100", "missing_lines": 0, "excluded_lines": 0, "num_branches": 0, "num_partial_branches": 0, "covered_branches": 0, "missing_branches": 0}, "missing_lines": [], "excluded_lines": [], "executed_branches": [], "missing_branches": []}}, "classes": {"BSEEAnalysis": {"executed_lines": [25, 29, 31, 32, 33, 35, 37, 41, 42, 43, 44, 47, 50, 51, 52, 53, 56, 57, 59, 63, 66, 67, 69, 70, 71, 74, 75, 76, 77, 80, 81, 82, 83, 84, 87, 88, 89, 90, 91, 92, 93, 94, 96, 98, 101, 102, 105, 107, 108, 111, 112, 113, 116, 120, 123, 126], "summary": {"covered_lines": 56, "num_statements": 58, "percent_covered": 89.53488372093024, "percent_covered_display": "90", "missing_lines": 2, "excluded_lines": 0, "num_branches": 28, "num_partial_branches": 7, "covered_branches": 21, "missing_branches": 7}, "missing_lines": [117, 118], "excluded_lines": [], "executed_branches": [[31, 32], [31, 35], [43, 44], [43, 47], [51, 52], [69, 70], [69, 74], [74, 75], [76, 77], [81, 82], [81, 98], [88, 89], [88, 96], [89, 90], [91, 92], [101, 102], [101, 123], [105, 107], [111, 112], [111, 116], [116, 120]], "missing_branches": [[51, 59], [74, 76], [76, 80], [89, 91], [91, 93], [105, 123], [116, 117]]}, "": {"executed_lines": [2, 3, 4, 7, 8, 9, 10, 11, 12, 15, 16, 17, 19, 20, 22, 24, 27, 39, 61], "summary": {"covered_lines": 19, "num_statements": 19, "percent_covered": 100.0, "percent_covered_display": "100", "missing_lines": 0, "excluded_lines": 0, "num_branches": 0, "num_partial_branches": 0, "covered_branches": 0, "missing_branches": 0}, "missing_lines": [], "excluded_lines": [], "executed_branches": [], "missing_branches": []}}}, "src\\worldenergydata\\modules\\bsee\\analysis\\custom_scripts\\Copilot\\npv_analysis.py": {"executed_lines": [2, 8, 9, 10, 11, 12, 14, 18, 20, 21, 22, 24, 26, 29, 34, 43, 49, 54, 57, 63, 65, 66, 67, 68, 70, 71, 72, 73, 75, 77, 81, 97, 98, 99, 100, 103, 104, 112, 113, 115, 145], "summary": {"covered_lines": 39, "num_statements": 63, "percent_covered": 58.666666666666664, "percent_covered_display": "59", "missing_lines": 24, "excluded_lines": 6, "num_branches": 12, "num_partial_branches": 1, "covered_branches": 5, "missing_branches": 7}, "missing_lines": [45, 46, 47, 58, 59, 61, 120, 121, 122, 124, 125, 127, 128, 129, 132, 133, 134, 135, 136, 139, 140, 141, 142, 143], "excluded_lines": [145, 146, 147, 150, 153, 156], "executed_branches": [[20, 21], [20, 24], [57, 63], [70, 71], [70, 75]], "missing_branches": [[57, 58], [121, 122], [121, 124], [132, 133], [132, 139], [139, -115], [139, 140]], "functions": {"load_actual_excel_data": {"executed_lines": [18, 20, 21, 22, 24, 26, 29, 34, 43], "summary": {"covered_lines": 9, "num_statements": 12, "percent_covered": 78.57142857142857, "percent_covered_display": "79", "missing_lines": 3, "excluded_lines": 0, "num_branches": 2, "num_partial_branches": 0, "covered_branches": 2, "missing_branches": 0}, "missing_lines": [45, 46, 47], "excluded_lines": [], "executed_branches": [[20, 21], [20, 24]], "missing_branches": []}, "calculate_custom_npv_scenarios": {"executed_lines": [54, 57, 63, 65, 66, 67, 68, 70, 71, 72, 73, 75], "summary": {"covered_lines": 12, "num_statements": 15, "percent_covered": 78.94736842105263, "percent_covered_display": "79", "missing_lines": 3, "excluded_lines": 0, "num_branches": 4, "num_partial_branches": 1, "covered_branches": 3, "missing_branches": 1}, "missing_lines": [58, 59, 61], "excluded_lines": [], "executed_branches": [[57, 63], [70, 71], [70, 75]], "missing_branches": [[57, 58]]}, "save_results_to_file": {"executed_lines": [81, 97, 98, 99, 100, 103, 104, 112, 113], "summary": {"covered_lines": 9, "num_statements": 9, "percent_covered": 100.0, "percent_covered_display": "100", "missing_lines": 0, "excluded_lines": 0, "num_branches": 0, "num_partial_branches": 0, "covered_branches": 0, "missing_branches": 0}, "missing_lines": [], "excluded_lines": [], "executed_branches": [], "missing_branches": []}, "analyze_npv_sensitivity": {"executed_lines": [], "summary": {"covered_lines": 0, "num_statements": 18, "percent_covered": 0.0, "percent_covered_display": "0", "missing_lines": 18, "excluded_lines": 0, "num_branches": 6, "num_partial_branches": 0, "covered_branches": 0, "missing_branches": 6}, "missing_lines": [120, 121, 122, 124, 125, 127, 128, 129, 132, 133, 134, 135, 136, 139, 140, 141, 142, 143], "excluded_lines": [], "executed_branches": [], "missing_branches": [[121, 122], [121, 124], [132, 133], [132, 139], [139, -115], [139, 140]]}, "": {"executed_lines": [2, 8, 9, 10, 11, 12, 14, 49, 77, 115, 145], "summary": {"covered_lines": 9, "num_statements": 9, "percent_covered": 100.0, "percent_covered_display": "100", "missing_lines": 0, "excluded_lines": 6, "num_branches": 0, "num_partial_branches": 0, "covered_branches": 0, "missing_branches": 0}, "missing_lines": [], "excluded_lines": [145, 146, 147, 150, 153, 156], "executed_branches": [], "missing_branches": []}}, "classes": {"": {"executed_lines": [2, 8, 9, 10, 11, 12, 14, 18, 20, 21, 22, 24, 26, 29, 34, 43, 49, 54, 57, 63, 65, 66, 67, 68, 70, 71, 72, 73, 75, 77, 81, 97, 98, 99, 100, 103, 104, 112, 113, 115, 145], "summary": {"covered_lines": 39, "num_statements": 63, "percent_covered": 58.666666666666664, "percent_covered_display": "59", "missing_lines": 24, "excluded_lines": 6, "num_branches": 12, "num_partial_branches": 1, "covered_branches": 5, "missing_branches": 7}, "missing_lines": [45, 46, 47, 58, 59, 61, 120, 121, 122, 124, 125, 127, 128, 129, 132, 133, 134, 135, 136, 139, 140, 141, 142, 143], "excluded_lines": [145, 146, 147, 150, 153, 156], "executed_branches": [[20, 21], [20, 24], [57, 63], [70, 71], [70, 75]], "missing_branches": [[57, 58], [121, 122], [121, 124], [132, 133], [132, 139], [139, -115], [139, 140]]}}}, "src\\worldenergydata\\modules\\bsee\\analysis\\custom_scripts\\Roy\\july\\drilling_and_completion_days.py": {"executed_lines": [4, 5, 6, 7, 8, 11, 12, 20, 22, 23, 24, 25, 26, 27, 28, 29, 31, 52, 90, 114, 172], "summary": {"covered_lines": 20, "num_statements": 182, "percent_covered": 9.174311926605505, "percent_covered_display": "9", "missing_lines": 162, "excluded_lines": 0, "num_branches": 36, "num_partial_branches": 0, "covered_branches": 0, "missing_branches": 36}, "missing_lines": [38, 39, 41, 43, 44, 45, 46, 48, 49, 50, 62, 63, 65, 66, 69, 71, 72, 73, 74, 75, 77, 79, 80, 81, 82, 83, 84, 87, 88, 92, 94, 96, 99, 100, 101, 102, 103, 104, 107, 116, 119, 120, 121, 123, 124, 126, 129, 130, 131, 132, 133, 134, 137, 138, 139, 142, 143, 144, 146, 147, 149, 152, 153, 154, 155, 156, 159, 160, 161, 163, 164, 166, 169, 170, 174, 177, 185, 186, 189, 190, 191, 194, 203, 205, 206, 207, 208, 209, 211, 212, 214, 215, 217, 218, 219, 220, 221, 222, 223, 225, 227, 228, 229, 230, 231, 232, 233, 235, 238, 240, 241, 242, 243, 244, 249, 250, 251, 253, 254, 256, 257, 258, 259, 260, 261, 262, 264, 265, 267, 269, 270, 271, 274, 277, 283, 286, 287, 288, 289, 290, 292, 293, 296, 297, 300, 301, 302, 305, 306, 307, 310, 311, 314, 315, 316, 318, 319, 320, 321, 323, 324, 325], "excluded_lines": [], "executed_branches": [], "missing_branches": [[62, 63], [62, 65], [65, 66], [65, 69], [72, 73], [72, 77], [73, 74], [73, 75], [79, 80], [79, 87], [82, 79], [82, 83], [208, 209], [208, 211], [214, 215], [214, 217], [218, 219], [218, 225], [220, 221], [220, 225], [228, 229], [228, 235], [232, 228], [232, 233], [241, 242], [241, 269], [249, 250], [249, 253], [258, 259], [258, 264], [259, 258], [259, 260], [287, 288], [287, 292], [315, 316], [315, 323]], "functions": {"DrillingCompletionDays.__init__": {"executed_lines": [22, 23, 24, 25, 26, 27, 28, 29], "summary": {"covered_lines": 8, "num_statements": 8, "percent_covered": 100.0, "percent_covered_display": "100", "missing_lines": 0, "excluded_lines": 0, "num_branches": 0, "num_partial_branches": 0, "covered_branches": 0, "missing_branches": 0}, "missing_lines": [], "excluded_lines": [], "executed_branches": [], "missing_branches": []}, "DrillingCompletionDays.router": {"executed_lines": [], "summary": {"covered_lines": 0, "num_statements": 10, "percent_covered": 0.0, "percent_covered_display": "0", "missing_lines": 10, "excluded_lines": 0, "num_branches": 0, "num_partial_branches": 0, "covered_branches": 0, "missing_branches": 0}, "missing_lines": [38, 39, 41, 43, 44, 45, 46, 48, 49, 50], "excluded_lines": [], "executed_branches": [], "missing_branches": []}, "DrillingCompletionDays._resolve_path": {"executed_lines": [], "summary": {"covered_lines": 0, "num_statements": 19, "percent_covered": 0.0, "percent_covered_display": "0", "missing_lines": 19, "excluded_lines": 0, "num_branches": 12, "num_partial_branches": 0, "covered_branches": 0, "missing_branches": 12}, "missing_lines": [62, 63, 65, 66, 69, 71, 72, 73, 74, 75, 77, 79, 80, 81, 82, 83, 84, 87, 88], "excluded_lines": [], "executed_branches": [], "missing_branches": [[62, 63], [62, 65], [65, 66], [65, 69], [72, 73], [72, 77], [73, 74], [73, 75], [79, 80], [79, 87], [82, 79], [82, 83]]}, "DrillingCompletionDays._load_lease_data": {"executed_lines": [], "summary": {"covered_lines": 0, "num_statements": 10, "percent_covered": 0.0, "percent_covered_display": "0", "missing_lines": 10, "excluded_lines": 0, "num_branches": 0, "num_partial_branches": 0, "covered_branches": 0, "missing_branches": 0}, "missing_lines": [92, 94, 96, 99, 100, 101, 102, 103, 104, 107], "excluded_lines": [], "executed_branches": [], "missing_branches": []}, "DrillingCompletionDays._load_war_data": {"executed_lines": [], "summary": {"covered_lines": 0, "num_statements": 35, "percent_covered": 0.0, "percent_covered_display": "0", "missing_lines": 35, "excluded_lines": 0, "num_branches": 0, "num_partial_branches": 0, "covered_branches": 0, "missing_branches": 0}, "missing_lines": [116, 119, 120, 121, 123, 124, 126, 129, 130, 131, 132, 133, 134, 137, 138, 139, 142, 143, 144, 146, 147, 149, 152, 153, 154, 155, 156, 159, 160, 161, 163, 164, 166, 169, 170], "excluded_lines": [], "executed_branches": [], "missing_branches": []}, "DrillingCompletionDays._process_analysis": {"executed_lines": [], "summary": {"covered_lines": 0, "num_statements": 72, "percent_covered": 0.0, "percent_covered_display": "0", "missing_lines": 72, "excluded_lines": 0, "num_branches": 16, "num_partial_branches": 0, "covered_branches": 0, "missing_branches": 16}, "missing_lines": [174, 177, 185, 186, 189, 190, 191, 194, 203, 205, 227, 228, 229, 230, 231, 232, 233, 235, 238, 240, 241, 242, 243, 244, 249, 250, 251, 253, 254, 256, 257, 258, 259, 260, 261, 262, 264, 265, 267, 269, 270, 271, 274, 277, 283, 286, 287, 288, 289, 290, 292, 293, 296, 297, 300, 301, 302, 305, 306, 307, 310, 311, 314, 315, 316, 318, 319, 320, 321, 323, 324, 325], "excluded_lines": [], "executed_branches": [], "missing_branches": [[228, 229], [228, 235], [232, 228], [232, 233], [241, 242], [241, 269], [249, 250], [249, 253], [258, 259], [258, 264], [259, 258], [259, 260], [287, 288], [287, 292], [315, 316], [315, 323]]}, "DrillingCompletionDays._process_analysis.adjust_spud": {"executed_lines": [], "summary": {"covered_lines": 0, "num_statements": 16, "percent_covered": 0.0, "percent_covered_display": "0", "missing_lines": 16, "excluded_lines": 0, "num_branches": 8, "num_partial_branches": 0, "covered_branches": 0, "missing_branches": 8}, "missing_lines": [206, 207, 208, 209, 211, 212, 214, 215, 217, 218, 219, 220, 221, 222, 223, 225], "excluded_lines": [], "executed_branches": [], "missing_branches": [[208, 209], [208, 211], [214, 215], [214, 217], [218, 219], [218, 225], [220, 221], [220, 225]]}, "": {"executed_lines": [4, 5, 6, 7, 8, 11, 12, 20, 31, 52, 90, 114, 172], "summary": {"covered_lines": 12, "num_statements": 12, "percent_covered": 100.0, "percent_covered_display": "100", "missing_lines": 0, "excluded_lines": 0, "num_branches": 0, "num_partial_branches": 0, "covered_branches": 0, "missing_branches": 0}, "missing_lines": [], "excluded_lines": [], "executed_branches": [], "missing_branches": []}}, "classes": {"DrillingCompletionDays": {"executed_lines": [22, 23, 24, 25, 26, 27, 28, 29], "summary": {"covered_lines": 8, "num_statements": 170, "percent_covered": 3.883495145631068, "percent_covered_display": "4", "missing_lines": 162, "excluded_lines": 0, "num_branches": 36, "num_partial_branches": 0, "covered_branches": 0, "missing_branches": 36}, "missing_lines": [38, 39, 41, 43, 44, 45, 46, 48, 49, 50, 62, 63, 65, 66, 69, 71, 72, 73, 74, 75, 77, 79, 80, 81, 82, 83, 84, 87, 88, 92, 94, 96, 99, 100, 101, 102, 103, 104, 107, 116, 119, 120, 121, 123, 124, 126, 129, 130, 131, 132, 133, 134, 137, 138, 139, 142, 143, 144, 146, 147, 149, 152, 153, 154, 155, 156, 159, 160, 161, 163, 164, 166, 169, 170, 174, 177, 185, 186, 189, 190, 191, 194, 203, 205, 206, 207, 208, 209, 211, 212, 214, 215, 217, 218, 219, 220, 221, 222, 223, 225, 227, 228, 229, 230, 231, 232, 233, 235, 238, 240, 241, 242, 243, 244, 249, 250, 251, 253, 254, 256, 257, 258, 259, 260, 261, 262, 264, 265, 267, 269, 270, 271, 274, 277, 283, 286, 287, 288, 289, 290, 292, 293, 296, 297, 300, 301, 302, 305, 306, 307, 310, 311, 314, 315, 316, 318, 319, 320, 321, 323, 324, 325], "excluded_lines": [], "executed_branches": [], "missing_branches": [[62, 63], [62, 65], [65, 66], [65, 69], [72, 73], [72, 77], [73, 74], [73, 75], [79, 80], [79, 87], [82, 79], [82, 83], [208, 209], [208, 211], [214, 215], [214, 217], [218, 219], [218, 225], [220, 221], [220, 225], [228, 229], [228, 235], [232, 228], [232, 233], [241, 242], [241, 269], [249, 250], [249, 253], [258, 259], [258, 264], [259, 258], [259, 260], [287, 288], [287, 292], [315, 316], [315, 323]]}, "": {"executed_lines": [4, 5, 6, 7, 8, 11, 12, 20, 31, 52, 90, 114, 172], "summary": {"covered_lines": 12, "num_statements": 12, "percent_covered": 100.0, "percent_covered_display": "100", "missing_lines": 0, "excluded_lines": 0, "num_branches": 0, "num_partial_branches": 0, "covered_branches": 0, "missing_branches": 0}, "missing_lines": [], "excluded_lines": [], "executed_branches": [], "missing_branches": []}}}, "src\\worldenergydata\\modules\\bsee\\analysis\\production_api10.py": {"executed_lines": [2, 3, 4, 7, 8, 9, 12, 13, 15, 17, 18, 20, 32, 66, 79], "summary": {"covered_lines": 15, "num_statements": 46, "percent_covered": 32.608695652173914, "percent_covered_display": "33", "missing_lines": 31, "excluded_lines": 0, "num_branches": 0, "num_partial_branches": 0, "covered_branches": 0, "missing_branches": 0}, "missing_lines": [21, 23, 24, 34, 35, 36, 37, 40, 41, 42, 44, 48, 55, 56, 58, 59, 60, 62, 67, 69, 70, 71, 72, 77, 80, 82, 83, 84, 85, 90, 91], "excluded_lines": [], "executed_branches": [], "missing_branches": [], "functions": {"ProductionAPI10Analysis.__init__": {"executed_lines": [18], "summary": {"covered_lines": 1, "num_statements": 1, "percent_covered": 100.0, "percent_covered_display": "100", "missing_lines": 0, "excluded_lines": 0, "num_branches": 0, "num_partial_branches": 0, "covered_branches": 0, "missing_branches": 0}, "missing_lines": [], "excluded_lines": [], "executed_branches": [], "missing_branches": []}, "ProductionAPI10Analysis.router": {"executed_lines": [], "summary": {"covered_lines": 0, "num_statements": 3, "percent_covered": 0.0, "percent_covered_display": "0", "missing_lines": 3, "excluded_lines": 0, "num_branches": 0, "num_partial_branches": 0, "covered_branches": 0, "missing_branches": 0}, "missing_lines": [21, 23, 24], "excluded_lines": [], "executed_branches": [], "missing_branches": []}, "ProductionAPI10Analysis.add_production_from_all_wells": {"executed_lines": [], "summary": {"covered_lines": 0, "num_statements": 15, "percent_covered": 0.0, "percent_covered_display": "0", "missing_lines": 15, "excluded_lines": 0, "num_branches": 0, "num_partial_branches": 0, "covered_branches": 0, "missing_branches": 0}, "missing_lines": [34, 35, 36, 37, 40, 41, 42, 44, 48, 55, 56, 58, 59, 60, 62], "excluded_lines": [], "executed_branches": [], "missing_branches": []}, "ProductionAPI10Analysis.prepare_field_production_rate": {"executed_lines": [], "summary": {"covered_lines": 0, "num_statements": 6, "percent_covered": 0.0, "percent_covered_display": "0", "missing_lines": 6, "excluded_lines": 0, "num_branches": 0, "num_partial_branches": 0, "covered_branches": 0, "missing_branches": 0}, "missing_lines": [67, 69, 70, 71, 72, 77], "excluded_lines": [], "executed_branches": [], "missing_branches": []}, "ProductionAPI10Analysis.prepare_field_production": {"executed_lines": [], "summary": {"covered_lines": 0, "num_statements": 7, "percent_covered": 0.0, "percent_covered_display": "0", "missing_lines": 7, "excluded_lines": 0, "num_branches": 0, "num_partial_branches": 0, "covered_branches": 0, "missing_branches": 0}, "missing_lines": [80, 82, 83, 84, 85, 90, 91], "excluded_lines": [], "executed_branches": [], "missing_branches": []}, "": {"executed_lines": [2, 3, 4, 7, 8, 9, 12, 13, 15, 17, 20, 32, 66, 79], "summary": {"covered_lines": 14, "num_statements": 14, "percent_covered": 100.0, "percent_covered_display": "100", "missing_lines": 0, "excluded_lines": 0, "num_branches": 0, "num_partial_branches": 0, "covered_branches": 0, "missing_branches": 0}, "missing_lines": [], "excluded_lines": [], "executed_branches": [], "missing_branches": []}}, "classes": {"ProductionAPI10Analysis": {"executed_lines": [18], "summary": {"covered_lines": 1, "num_statements": 32, "percent_covered": 3.125, "percent_covered_display": "3", "missing_lines": 31, "excluded_lines": 0, "num_branches": 0, "num_partial_branches": 0, "covered_branches": 0, "missing_branches": 0}, "missing_lines": [21, 23, 24, 34, 35, 36, 37, 40, 41, 42, 44, 48, 55, 56, 58, 59, 60, 62, 67, 69, 70, 71, 72, 77, 80, 82, 83, 84, 85, 90, 91], "excluded_lines": [], "executed_branches": [], "missing_branches": []}, "": {"executed_lines": [2, 3, 4, 7, 8, 9, 12, 13, 15, 17, 20, 32, 66, 79], "summary": {"covered_lines": 14, "num_statements": 14, "percent_covered": 100.0, "percent_covered_display": "100", "missing_lines": 0, "excluded_lines": 0, "num_branches": 0, "num_partial_branches": 0, "covered_branches": 0, "missing_branches": 0}, "missing_lines": [], "excluded_lines": [], "executed_branches": [], "missing_branches": []}}}, "src\\worldenergydata\\modules\\bsee\\analysis\\production_api12.py": {"executed_lines": [2, 3, 4, 5, 8, 9, 12, 13, 14, 15, 16, 18, 19, 20, 22, 23, 25, 26, 27, 29, 31, 32, 34, 37, 165, 173, 190, 229, 261, 312, 342, 366, 380, 397, 423, 449, 474, 499, 534, 620, 800, 1037], "summary": {"covered_lines": 42, "num_statements": 543, "percent_covered": 6.698564593301436, "percent_covered_display": "7", "missing_lines": 501, "excluded_lines": 0, "num_branches": 84, "num_partial_branches": 0, "covered_branches": 0, "missing_branches": 84}, "missing_lines": [35, 38, 39, 40, 41, 42, 43, 45, 46, 47, 48, 49, 50, 51, 52, 53, 54, 56, 57, 59, 61, 62, 64, 65, 70, 71, 75, 79, 86, 89, 96, 97, 101, 103, 104, 108, 110, 112, 118, 119, 120, 124, 126, 132, 133, 134, 139, 141, 143, 148, 151, 154, 155, 158, 159, 160, 161, 163, 167, 168, 169, 171, 175, 176, 177, 178, 179, 180, 181, 182, 183, 185, 186, 187, 188, 191, 192, 193, 195, 196, 197, 198, 199, 204, 208, 209, 213, 215, 216, 220, 222, 223, 227, 230, 231, 232, 233, 234, 236, 237, 238, 239, 240, 241, 242, 247, 252, 259, 263, 264, 265, 267, 268, 269, 271, 272, 273, 274, 275, 277, 278, 280, 281, 282, 284, 285, 287, 288, 291, 292, 293, 294, 295, 296, 297, 298, 299, 300, 301, 302, 304, 305, 306, 308, 310, 313, 314, 315, 316, 317, 319, 320, 321, 322, 323, 324, 326, 327, 328, 329, 330, 331, 333, 334, 336, 337, 338, 340, 351, 352, 353, 354, 356, 357, 358, 359, 360, 362, 364, 367, 368, 369, 370, 371, 372, 373, 374, 375, 376, 377, 378, 388, 389, 390, 392, 393, 395, 399, 401, 403, 404, 405, 406, 408, 409, 410, 412, 420, 421, 425, 427, 429, 430, 431, 432, 434, 435, 436, 438, 446, 447, 451, 452, 454, 455, 456, 457, 459, 460, 461, 462, 471, 472, 476, 477, 479, 480, 481, 482, 484, 485, 486, 487, 496, 497, 501, 502, 503, 504, 506, 510, 525, 526, 527, 529, 530, 531, 532, 540, 542, 544, 547, 548, 549, 550, 551, 552, 554, 556, 557, 559, 560, 561, 565, 566, 567, 568, 571, 572, 573, 574, 575, 576, 579, 580, 581, 584, 585, 586, 588, 589, 590, 593, 595, 602, 603, 610, 612, 613, 614, 615, 616, 618, 637, 638, 640, 643, 644, 645, 647, 648, 649, 650, 653, 656, 657, 664, 669, 670, 672, 673, 674, 679, 681, 683, 684, 685, 686, 689, 690, 692, 693, 695, 696, 697, 701, 704, 708, 709, 713, 714, 715, 718, 719, 722, 723, 724, 726, 727, 728, 729, 730, 733, 736, 742, 743, 744, 745, 747, 748, 749, 750, 751, 752, 753, 755, 756, 759, 786, 789, 790, 791, 792, 793, 795, 796, 798, 820, 821, 824, 825, 826, 828, 829, 830, 831, 832, 835, 836, 838, 840, 842, 843, 845, 846, 847, 848, 850, 851, 854, 855, 857, 858, 859, 860, 862, 864, 865, 866, 867, 871, 877, 878, 879, 881, 882, 883, 884, 885, 889, 891, 895, 897, 900, 901, 902, 904, 906, 909, 910, 911, 912, 913, 914, 916, 917, 919, 920, 921, 924, 925, 926, 927, 930, 931, 932, 934, 937, 940, 941, 942, 943, 944, 947, 948, 949, 950, 951, 954, 955, 956, 958, 959, 960, 961, 964, 965, 968, 970, 971, 972, 973, 976, 977, 978, 980, 982, 983, 986, 989, 990, 991, 993, 994, 995, 996, 997, 999, 1000, 1002, 1005, 1023, 1026, 1027, 1028, 1029, 1030, 1032, 1033, 1035, 1040], "excluded_lines": [], "executed_branches": [], "missing_branches": [[42, 43], [42, 45], [50, 51], [50, 141], [56, 57], [56, 96], [70, 71], [70, 75], [154, 155], [154, 158], [179, 180], [179, 182], [182, 183], [182, 185], [192, 193], [192, 195], [233, 234], [233, 236], [236, 237], [236, 252], [241, 236], [241, 242], [277, 278], [277, 310], [292, 293], [292, 304], [317, 319], [317, 336], [323, 324], [323, 326], [330, 331], [330, 333], [356, 357], [356, 364], [359, 360], [359, 362], [368, 369], [368, 378], [371, 372], [371, 373], [374, 368], [374, 375], [405, 406], [405, 408], [431, 432], [431, 434], [456, 457], [456, 459], [481, 482], [481, 484], [526, 527], [526, 529], [549, 550], [549, 554], [551, 549], [551, 552], [572, 573], [572, 574], [575, 576], [575, 579], [580, 581], [580, 584], [669, 670], [669, 672], [742, 743], [742, 755], [845, 846], [845, 850], [847, 845], [847, 848], [857, 858], [857, 862], [859, 857], [859, 860], [862, 864], [862, 871], [889, 891], [889, 906], [897, 900], [897, 904], [990, 991], [990, 993], [999, 1000], [999, 1002]], "functions": {"ProductionAPI12Analysis.__init__": {"executed_lines": [32], "summary": {"covered_lines": 1, "num_statements": 1, "percent_covered": 100.0, "percent_covered_display": "100", "missing_lines": 0, "excluded_lines": 0, "num_branches": 0, "num_partial_branches": 0, "covered_branches": 0, "missing_branches": 0}, "missing_lines": [], "excluded_lines": [], "executed_branches": [], "missing_branches": []}, "ProductionAPI12Analysis.router": {"executed_lines": [], "summary": {"covered_lines": 0, "num_statements": 1, "percent_covered": 0.0, "percent_covered_display": "0", "missing_lines": 1, "excluded_lines": 0, "num_branches": 0, "num_partial_branches": 0, "covered_branches": 0, "missing_branches": 0}, "missing_lines": [35], "excluded_lines": [], "executed_branches": [], "missing_branches": []}, "ProductionAPI12Analysis.run_production_analysis": {"executed_lines": [], "summary": {"covered_lines": 0, "num_statements": 57, "percent_covered": 0.0, "percent_covered_display": "0", "missing_lines": 57, "excluded_lines": 0, "num_branches": 10, "num_partial_branches": 0, "covered_branches": 0, "missing_branches": 10}, "missing_lines": [38, 39, 40, 41, 42, 43, 45, 46, 47, 48, 49, 50, 51, 52, 53, 54, 56, 57, 59, 61, 62, 64, 65, 70, 71, 75, 79, 86, 89, 96, 97, 101, 103, 104, 108, 110, 112, 118, 119, 120, 124, 126, 132, 133, 134, 139, 141, 143, 148, 151, 154, 155, 158, 159, 160, 161, 163], "excluded_lines": [], "executed_branches": [], "missing_branches": [[42, 43], [42, 45], [50, 51], [50, 141], [56, 57], [56, 96], [70, 71], [70, 75], [154, 155], [154, 158]]}, "ProductionAPI12Analysis.pd_merge_clean_column_names": {"executed_lines": [], "summary": {"covered_lines": 0, "num_statements": 4, "percent_covered": 0.0, "percent_covered_display": "0", "missing_lines": 4, "excluded_lines": 0, "num_branches": 0, "num_partial_branches": 0, "covered_branches": 0, "missing_branches": 0}, "missing_lines": [167, 168, 169, 171], "excluded_lines": [], "executed_branches": [], "missing_branches": []}, "ProductionAPI12Analysis.save_result_group": {"executed_lines": [], "summary": {"covered_lines": 0, "num_statements": 13, "percent_covered": 0.0, "percent_covered_display": "0", "missing_lines": 13, "excluded_lines": 0, "num_branches": 4, "num_partial_branches": 0, "covered_branches": 0, "missing_branches": 4}, "missing_lines": [175, 176, 177, 178, 179, 180, 181, 182, 183, 185, 186, 187, 188], "excluded_lines": [], "executed_branches": [], "missing_branches": [[179, 180], [179, 182], [182, 183], [182, 185]]}, "ProductionAPI12Analysis.save_result_groups": {"executed_lines": [], "summary": {"covered_lines": 0, "num_statements": 18, "percent_covered": 0.0, "percent_covered_display": "0", "missing_lines": 18, "excluded_lines": 0, "num_branches": 2, "num_partial_branches": 0, "covered_branches": 0, "missing_branches": 2}, "missing_lines": [191, 192, 193, 195, 196, 197, 198, 199, 204, 208, 209, 213, 215, 216, 220, 222, 223, 227], "excluded_lines": [], "executed_branches": [], "missing_branches": [[192, 193], [192, 195]]}, "ProductionAPI12Analysis.analyze_data_for_api12": {"executed_lines": [], "summary": {"covered_lines": 0, "num_statements": 15, "percent_covered": 0.0, "percent_covered_display": "0", "missing_lines": 15, "excluded_lines": 0, "num_branches": 6, "num_partial_branches": 0, "covered_branches": 0, "missing_branches": 6}, "missing_lines": [230, 231, 232, 233, 234, 236, 237, 238, 239, 240, 241, 242, 247, 252, 259], "excluded_lines": [], "executed_branches": [], "missing_branches": [[233, 234], [233, 236], [236, 237], [236, 252], [241, 236], [241, 242]]}, "ProductionAPI12Analysis.get_summary_df_api12": {"executed_lines": [], "summary": {"covered_lines": 0, "num_statements": 37, "percent_covered": 0.0, "percent_covered_display": "0", "missing_lines": 37, "excluded_lines": 0, "num_branches": 4, "num_partial_branches": 0, "covered_branches": 0, "missing_branches": 4}, "missing_lines": [263, 264, 265, 267, 268, 269, 271, 272, 273, 274, 275, 277, 278, 280, 281, 282, 284, 285, 287, 288, 291, 292, 293, 294, 295, 296, 297, 298, 299, 300, 301, 302, 304, 305, 306, 308, 310], "excluded_lines": [], "executed_branches": [], "missing_branches": [[277, 278], [277, 310], [292, 293], [292, 304]]}, "ProductionAPI12Analysis.add_production_rate_and_date_to_df": {"executed_lines": [], "summary": {"covered_lines": 0, "num_statements": 23, "percent_covered": 0.0, "percent_covered_display": "0", "missing_lines": 23, "excluded_lines": 0, "num_branches": 6, "num_partial_branches": 0, "covered_branches": 0, "missing_branches": 6}, "missing_lines": [313, 314, 315, 316, 317, 319, 320, 321, 322, 323, 324, 326, 327, 328, 329, 330, 331, 333, 334, 336, 337, 338, 340], "excluded_lines": [], "executed_branches": [], "missing_branches": [[317, 319], [317, 336], [323, 324], [323, 326], [330, 331], [330, 333]]}, "ProductionAPI12Analysis.convert_well_df_to_block_df": {"executed_lines": [], "summary": {"covered_lines": 0, "num_statements": 11, "percent_covered": 0.0, "percent_covered_display": "0", "missing_lines": 11, "excluded_lines": 0, "num_branches": 4, "num_partial_branches": 0, "covered_branches": 0, "missing_branches": 4}, "missing_lines": [351, 352, 353, 354, 356, 357, 358, 359, 360, 362, 364], "excluded_lines": [], "executed_branches": [], "missing_branches": [[356, 357], [356, 364], [359, 360], [359, 362]]}, "ProductionAPI12Analysis.extract_block_mapping": {"executed_lines": [], "summary": {"covered_lines": 0, "num_statements": 12, "percent_covered": 0.0, "percent_covered_display": "0", "missing_lines": 12, "excluded_lines": 0, "num_branches": 6, "num_partial_branches": 0, "covered_branches": 0, "missing_branches": 6}, "missing_lines": [367, 368, 369, 370, 371, 372, 373, 374, 375, 376, 377, 378], "excluded_lines": [], "executed_branches": [], "missing_branches": [[368, 369], [368, 378], [371, 372], [371, 373], [374, 368], [374, 375]]}, "ProductionAPI12Analysis.convert_block_to_field": {"executed_lines": [], "summary": {"covered_lines": 0, "num_statements": 6, "percent_covered": 0.0, "percent_covered_display": "0", "missing_lines": 6, "excluded_lines": 0, "num_branches": 0, "num_partial_branches": 0, "covered_branches": 0, "missing_branches": 0}, "missing_lines": [388, 389, 390, 392, 393, 395], "excluded_lines": [], "executed_branches": [], "missing_branches": []}, "ProductionAPI12Analysis.plot_production_rate_by_well": {"executed_lines": [], "summary": {"covered_lines": 0, "num_statements": 12, "percent_covered": 0.0, "percent_covered_display": "0", "missing_lines": 12, "excluded_lines": 0, "num_branches": 2, "num_partial_branches": 0, "covered_branches": 0, "missing_branches": 2}, "missing_lines": [399, 401, 403, 404, 405, 406, 408, 409, 410, 412, 420, 421], "excluded_lines": [], "executed_branches": [], "missing_branches": [[405, 406], [405, 408]]}, "ProductionAPI12Analysis.plot_prod_cumulative_mmbbl_by_well": {"executed_lines": [], "summary": {"covered_lines": 0, "num_statements": 12, "percent_covered": 0.0, "percent_covered_display": "0", "missing_lines": 12, "excluded_lines": 0, "num_branches": 2, "num_partial_branches": 0, "covered_branches": 0, "missing_branches": 2}, "missing_lines": [425, 427, 429, 430, 431, 432, 434, 435, 436, 438, 446, 447], "excluded_lines": [], "executed_branches": [], "missing_branches": [[431, 432], [431, 434]]}, "ProductionAPI12Analysis.plot_prod_cumulative_mmbbl_by_block": {"executed_lines": [], "summary": {"covered_lines": 0, "num_statements": 12, "percent_covered": 0.0, "percent_covered_display": "0", "missing_lines": 12, "excluded_lines": 0, "num_branches": 2, "num_partial_branches": 0, "covered_branches": 0, "missing_branches": 2}, "missing_lines": [451, 452, 454, 455, 456, 457, 459, 460, 461, 462, 471, 472], "excluded_lines": [], "executed_branches": [], "missing_branches": [[456, 457], [456, 459]]}, "ProductionAPI12Analysis.plot_prod_cumulative_mmbbl_by_field": {"executed_lines": [], "summary": {"covered_lines": 0, "num_statements": 12, "percent_covered": 0.0, "percent_covered_display": "0", "missing_lines": 12, "excluded_lines": 0, "num_branches": 2, "num_partial_branches": 0, "covered_branches": 0, "missing_branches": 2}, "missing_lines": [476, 477, 479, 480, 481, 482, 484, 485, 486, 487, 496, 497], "excluded_lines": [], "executed_branches": [], "missing_branches": [[481, 482], [481, 484]]}, "ProductionAPI12Analysis.plot_revenues": {"executed_lines": [], "summary": {"covered_lines": 0, "num_statements": 13, "percent_covered": 0.0, "percent_covered_display": "0", "missing_lines": 13, "excluded_lines": 0, "num_branches": 2, "num_partial_branches": 0, "covered_branches": 0, "missing_branches": 2}, "missing_lines": [501, 502, 503, 504, 506, 510, 525, 526, 527, 529, 530, 531, 532], "excluded_lines": [], "executed_branches": [], "missing_branches": [[526, 527], [526, 529]]}, "ProductionAPI12Analysis.generate_revenue_table": {"executed_lines": [], "summary": {"covered_lines": 0, "num_statements": 45, "percent_covered": 0.0, "percent_covered_display": "0", "missing_lines": 45, "excluded_lines": 0, "num_branches": 10, "num_partial_branches": 0, "covered_branches": 0, "missing_branches": 10}, "missing_lines": [540, 542, 544, 547, 548, 549, 550, 551, 552, 554, 556, 557, 559, 560, 561, 565, 566, 567, 568, 571, 572, 573, 574, 575, 576, 579, 580, 581, 584, 585, 586, 588, 589, 590, 593, 595, 602, 603, 610, 612, 613, 614, 615, 616, 618], "excluded_lines": [], "executed_branches": [], "missing_branches": [[549, 550], [549, 554], [551, 549], [551, 552], [572, 573], [572, 574], [575, 576], [575, 579], [580, 581], [580, 584]]}, "ProductionAPI12Analysis.perform_npv_calculation": {"executed_lines": [], "summary": {"covered_lines": 0, "num_statements": 74, "percent_covered": 0.0, "percent_covered_display": "0", "missing_lines": 74, "excluded_lines": 0, "num_branches": 4, "num_partial_branches": 0, "covered_branches": 0, "missing_branches": 4}, "missing_lines": [637, 638, 640, 643, 644, 645, 647, 648, 649, 650, 653, 656, 657, 664, 669, 670, 672, 673, 674, 679, 681, 683, 684, 685, 686, 689, 690, 692, 693, 695, 696, 697, 701, 704, 708, 709, 713, 714, 715, 718, 719, 722, 723, 724, 726, 727, 728, 729, 730, 733, 736, 742, 743, 744, 745, 747, 748, 749, 750, 751, 752, 753, 755, 756, 759, 786, 789, 790, 791, 792, 793, 795, 796, 798], "excluded_lines": [], "executed_branches": [], "missing_branches": [[669, 670], [669, 672], [742, 743], [742, 755]]}, "ProductionAPI12Analysis.perform_excel_aligned_npv_calculation": {"executed_lines": [], "summary": {"covered_lines": 0, "num_statements": 123, "percent_covered": 0.0, "percent_covered_display": "0", "missing_lines": 123, "excluded_lines": 0, "num_branches": 18, "num_partial_branches": 0, "covered_branches": 0, "missing_branches": 18}, "missing_lines": [820, 821, 824, 825, 826, 828, 829, 830, 831, 832, 835, 836, 838, 840, 842, 843, 845, 846, 847, 848, 850, 851, 854, 855, 857, 858, 859, 860, 862, 864, 865, 866, 867, 871, 877, 878, 879, 881, 882, 883, 884, 885, 889, 891, 895, 897, 900, 901, 902, 904, 906, 909, 910, 911, 912, 913, 914, 916, 917, 919, 920, 921, 924, 925, 926, 927, 930, 931, 932, 934, 937, 940, 941, 942, 943, 944, 947, 948, 949, 950, 951, 954, 955, 956, 958, 959, 960, 961, 964, 965, 968, 970, 971, 972, 973, 976, 977, 978, 980, 982, 983, 986, 989, 990, 991, 993, 994, 995, 996, 997, 999, 1000, 1002, 1005, 1023, 1026, 1027, 1028, 1029, 1030, 1032, 1033, 1035], "excluded_lines": [], "executed_branches": [], "missing_branches": [[845, 846], [845, 850], [847, 845], [847, 848], [857, 858], [857, 862], [859, 857], [859, 860], [862, 864], [862, 871], [889, 891], [889, 906], [897, 900], [897, 904], [990, 991], [990, 993], [999, 1000], [999, 1002]]}, "ProductionAPI12Analysis.perform_decline_analysis_api12": {"executed_lines": [], "summary": {"covered_lines": 0, "num_statements": 1, "percent_covered": 0.0, "percent_covered_display": "0", "missing_lines": 1, "excluded_lines": 0, "num_branches": 0, "num_partial_branches": 0, "covered_branches": 0, "missing_branches": 0}, "missing_lines": [1040], "excluded_lines": [], "executed_branches": [], "missing_branches": []}, "": {"executed_lines": [2, 3, 4, 5, 8, 9, 12, 13, 14, 15, 16, 18, 19, 20, 22, 23, 25, 26, 27, 29, 31, 34, 37, 165, 173, 190, 229, 261, 312, 342, 366, 380, 397, 423, 449, 474, 499, 534, 620, 800, 1037], "summary": {"covered_lines": 41, "num_statements": 41, "percent_covered": 100.0, "percent_covered_display": "100", "missing_lines": 0, "excluded_lines": 0, "num_branches": 0, "num_partial_branches": 0, "covered_branches": 0, "missing_branches": 0}, "missing_lines": [], "excluded_lines": [], "executed_branches": [], "missing_branches": []}}, "classes": {"ProductionAPI12Analysis": {"executed_lines": [32], "summary": {"covered_lines": 1, "num_statements": 502, "percent_covered": 0.17064846416382254, "percent_covered_display": "1", "missing_lines": 501, "excluded_lines": 0, "num_branches": 84, "num_partial_branches": 0, "covered_branches": 0, "missing_branches": 84}, "missing_lines": [35, 38, 39, 40, 41, 42, 43, 45, 46, 47, 48, 49, 50, 51, 52, 53, 54, 56, 57, 59, 61, 62, 64, 65, 70, 71, 75, 79, 86, 89, 96, 97, 101, 103, 104, 108, 110, 112, 118, 119, 120, 124, 126, 132, 133, 134, 139, 141, 143, 148, 151, 154, 155, 158, 159, 160, 161, 163, 167, 168, 169, 171, 175, 176, 177, 178, 179, 180, 181, 182, 183, 185, 186, 187, 188, 191, 192, 193, 195, 196, 197, 198, 199, 204, 208, 209, 213, 215, 216, 220, 222, 223, 227, 230, 231, 232, 233, 234, 236, 237, 238, 239, 240, 241, 242, 247, 252, 259, 263, 264, 265, 267, 268, 269, 271, 272, 273, 274, 275, 277, 278, 280, 281, 282, 284, 285, 287, 288, 291, 292, 293, 294, 295, 296, 297, 298, 299, 300, 301, 302, 304, 305, 306, 308, 310, 313, 314, 315, 316, 317, 319, 320, 321, 322, 323, 324, 326, 327, 328, 329, 330, 331, 333, 334, 336, 337, 338, 340, 351, 352, 353, 354, 356, 357, 358, 359, 360, 362, 364, 367, 368, 369, 370, 371, 372, 373, 374, 375, 376, 377, 378, 388, 389, 390, 392, 393, 395, 399, 401, 403, 404, 405, 406, 408, 409, 410, 412, 420, 421, 425, 427, 429, 430, 431, 432, 434, 435, 436, 438, 446, 447, 451, 452, 454, 455, 456, 457, 459, 460, 461, 462, 471, 472, 476, 477, 479, 480, 481, 482, 484, 485, 486, 487, 496, 497, 501, 502, 503, 504, 506, 510, 525, 526, 527, 529, 530, 531, 532, 540, 542, 544, 547, 548, 549, 550, 551, 552, 554, 556, 557, 559, 560, 561, 565, 566, 567, 568, 571, 572, 573, 574, 575, 576, 579, 580, 581, 584, 585, 586, 588, 589, 590, 593, 595, 602, 603, 610, 612, 613, 614, 615, 616, 618, 637, 638, 640, 643, 644, 645, 647, 648, 649, 650, 653, 656, 657, 664, 669, 670, 672, 673, 674, 679, 681, 683, 684, 685, 686, 689, 690, 692, 693, 695, 696, 697, 701, 704, 708, 709, 713, 714, 715, 718, 719, 722, 723, 724, 726, 727, 728, 729, 730, 733, 736, 742, 743, 744, 745, 747, 748, 749, 750, 751, 752, 753, 755, 756, 759, 786, 789, 790, 791, 792, 793, 795, 796, 798, 820, 821, 824, 825, 826, 828, 829, 830, 831, 832, 835, 836, 838, 840, 842, 843, 845, 846, 847, 848, 850, 851, 854, 855, 857, 858, 859, 860, 862, 864, 865, 866, 867, 871, 877, 878, 879, 881, 882, 883, 884, 885, 889, 891, 895, 897, 900, 901, 902, 904, 906, 909, 910, 911, 912, 913, 914, 916, 917, 919, 920, 921, 924, 925, 926, 927, 930, 931, 932, 934, 937, 940, 941, 942, 943, 944, 947, 948, 949, 950, 951, 954, 955, 956, 958, 959, 960, 961, 964, 965, 968, 970, 971, 972, 973, 976, 977, 978, 980, 982, 983, 986, 989, 990, 991, 993, 994, 995, 996, 997, 999, 1000, 1002, 1005, 1023, 1026, 1027, 1028, 1029, 1030, 1032, 1033, 1035, 1040], "excluded_lines": [], "executed_branches": [], "missing_branches": [[42, 43], [42, 45], [50, 51], [50, 141], [56, 57], [56, 96], [70, 71], [70, 75], [154, 155], [154, 158], [179, 180], [179, 182], [182, 183], [182, 185], [192, 193], [192, 195], [233, 234], [233, 236], [236, 237], [236, 252], [241, 236], [241, 242], [277, 278], [277, 310], [292, 293], [292, 304], [317, 319], [317, 336], [323, 324], [323, 326], [330, 331], [330, 333], [356, 357], [356, 364], [359, 360], [359, 362], [368, 369], [368, 378], [371, 372], [371, 373], [374, 368], [374, 375], [405, 406], [405, 408], [431, 432], [431, 434], [456, 457], [456, 459], [481, 482], [481, 484], [526, 527], [526, 529], [549, 550], [549, 554], [551, 549], [551, 552], [572, 573], [572, 574], [575, 576], [575, 579], [580, 581], [580, 584], [669, 670], [669, 672], [742, 743], [742, 755], [845, 846], [845, 850], [847, 845], [847, 848], [857, 858], [857, 862], [859, 857], [859, 860], [862, 864], [862, 871], [889, 891], [889, 906], [897, 900], [897, 904], [990, 991], [990, 993], [999, 1000], [999, 1002]]}, "": {"executed_lines": [2, 3, 4, 5, 8, 9, 12, 13, 14, 15, 16, 18, 19, 20, 22, 23, 25, 26, 27, 29, 31, 34, 37, 165, 173, 190, 229, 261, 312, 342, 366, 380, 397, 423, 449, 474, 499, 534, 620, 800, 1037], "summary": {"covered_lines": 41, "num_statements": 41, "percent_covered": 100.0, "percent_covered_display": "100", "missing_lines": 0, "excluded_lines": 0, "num_branches": 0, "num_partial_branches": 0, "covered_branches": 0, "missing_branches": 0}, "missing_lines": [], "excluded_lines": [], "executed_branches": [], "missing_branches": []}}}, "src\\worldenergydata\\modules\\bsee\\analysis\\well_api10.py": {"executed_lines": [2, 3, 6, 8, 10, 12, 14, 15, 17, 24], "summary": {"covered_lines": 10, "num_statements": 26, "percent_covered": 33.333333333333336, "percent_covered_display": "33", "missing_lines": 16, "excluded_lines": 0, "num_branches": 4, "num_partial_branches": 0, "covered_branches": 0, "missing_branches": 4}, "missing_lines": [19, 20, 22, 26, 27, 28, 30, 31, 32, 33, 34, 35, 36, 37, 38, 40], "excluded_lines": [], "executed_branches": [], "missing_branches": [[30, 31], [30, 40], [31, 32], [31, 40]], "functions": {"WellAPI10.__init__": {"executed_lines": [15], "summary": {"covered_lines": 1, "num_statements": 1, "percent_covered": 100.0, "percent_covered_display": "100", "missing_lines": 0, "excluded_lines": 0, "num_branches": 0, "num_partial_branches": 0, "covered_branches": 0, "missing_branches": 0}, "missing_lines": [], "excluded_lines": [], "executed_branches": [], "missing_branches": []}, "WellAPI10.router": {"executed_lines": [], "summary": {"covered_lines": 0, "num_statements": 3, "percent_covered": 0.0, "percent_covered_display": "0", "missing_lines": 3, "excluded_lines": 0, "num_branches": 0, "num_partial_branches": 0, "covered_branches": 0, "missing_branches": 0}, "missing_lines": [19, 20, 22], "excluded_lines": [], "executed_branches": [], "missing_branches": []}, "WellAPI10.field_analysis": {"executed_lines": [], "summary": {"covered_lines": 0, "num_statements": 13, "percent_covered": 0.0, "percent_covered_display": "0", "missing_lines": 13, "excluded_lines": 0, "num_branches": 4, "num_partial_branches": 0, "covered_branches": 0, "missing_branches": 4}, "missing_lines": [26, 27, 28, 30, 31, 32, 33, 34, 35, 36, 37, 38, 40], "excluded_lines": [], "executed_branches": [], "missing_branches": [[30, 31], [30, 40], [31, 32], [31, 40]]}, "": {"executed_lines": [2, 3, 6, 8, 10, 12, 14, 17, 24], "summary": {"covered_lines": 9, "num_statements": 9, "percent_covered": 100.0, "percent_covered_display": "100", "missing_lines": 0, "excluded_lines": 0, "num_branches": 0, "num_partial_branches": 0, "covered_branches": 0, "missing_branches": 0}, "missing_lines": [], "excluded_lines": [], "executed_branches": [], "missing_branches": []}}, "classes": {"WellAPI10": {"executed_lines": [15], "summary": {"covered_lines": 1, "num_statements": 17, "percent_covered": 4.761904761904762, "percent_covered_display": "5", "missing_lines": 16, "excluded_lines": 0, "num_branches": 4, "num_partial_branches": 0, "covered_branches": 0, "missing_branches": 4}, "missing_lines": [19, 20, 22, 26, 27, 28, 30, 31, 32, 33, 34, 35, 36, 37, 38, 40], "excluded_lines": [], "executed_branches": [], "missing_branches": [[30, 31], [30, 40], [31, 32], [31, 40]]}, "": {"executed_lines": [2, 3, 6, 8, 10, 12, 14, 17, 24], "summary": {"covered_lines": 9, "num_statements": 9, "percent_covered": 100.0, "percent_covered_display": "100", "missing_lines": 0, "excluded_lines": 0, "num_branches": 0, "num_partial_branches": 0, "covered_branches": 0, "missing_branches": 0}, "missing_lines": [], "excluded_lines": [], "executed_branches": [], "missing_branches": []}}}, "src\\worldenergydata\\modules\\bsee\\analysis\\well_api12.py": {"executed_lines": [2, 3, 4, 5, 8, 9, 11, 12, 14, 16, 17, 18, 20, 22, 23, 25, 69, 94, 132, 157, 177, 207, 256, 340, 355, 379, 395, 404, 477, 480, 559, 622, 630, 698], "summary": {"covered_lines": 34, "num_statements": 465, "percent_covered": 6.1482820976491865, "percent_covered_display": "6", "missing_lines": 431, "excluded_lines": 0, "num_branches": 88, "num_partial_branches": 0, "covered_branches": 0, "missing_branches": 88}, "missing_lines": [26, 28, 29, 30, 32, 33, 34, 35, 36, 37, 38, 39, 40, 41, 42, 43, 44, 45, 46, 47, 48, 49, 50, 52, 53, 54, 55, 57, 59, 61, 62, 64, 65, 67, 71, 73, 74, 75, 76, 77, 78, 81, 82, 83, 84, 87, 89, 90, 92, 95, 98, 99, 101, 104, 106, 107, 109, 110, 111, 112, 113, 114, 116, 122, 123, 127, 128, 130, 134, 135, 137, 138, 139, 141, 142, 143, 147, 149, 150, 151, 155, 159, 160, 161, 162, 164, 168, 169, 170, 171, 173, 175, 183, 184, 185, 186, 190, 191, 192, 194, 195, 196, 197, 198, 200, 201, 203, 205, 211, 213, 214, 224, 225, 226, 227, 229, 231, 235, 239, 241, 251, 253, 258, 259, 260, 261, 262, 263, 265, 266, 267, 268, 269, 270, 271, 273, 274, 276, 277, 279, 280, 282, 283, 285, 286, 287, 288, 289, 291, 292, 293, 294, 296, 297, 298, 299, 300, 302, 303, 305, 306, 307, 308, 310, 312, 313, 314, 315, 316, 318, 319, 320, 322, 323, 325, 326, 327, 329, 330, 333, 335, 336, 338, 341, 342, 343, 344, 345, 346, 347, 348, 349, 350, 351, 353, 358, 359, 360, 361, 362, 364, 365, 366, 367, 368, 369, 370, 371, 373, 374, 375, 377, 381, 382, 383, 384, 385, 389, 390, 391, 392, 393, 397, 398, 399, 401, 402, 407, 408, 409, 410, 411, 412, 413, 414, 415, 416, 418, 419, 422, 423, 425, 426, 427, 428, 429, 430, 431, 432, 434, 435, 436, 437, 439, 441, 442, 443, 445, 447, 448, 450, 451, 452, 454, 455, 456, 457, 458, 459, 460, 461, 462, 463, 464, 465, 468, 469, 470, 471, 472, 473, 474, 475, 478, 481, 482, 483, 485, 488, 498, 500, 507, 508, 511, 517, 526, 528, 538, 545, 546, 547, 549, 550, 551, 554, 556, 557, 561, 562, 563, 564, 565, 566, 568, 569, 570, 571, 573, 574, 575, 576, 577, 579, 580, 581, 583, 584, 585, 587, 588, 589, 590, 591, 593, 594, 595, 597, 599, 600, 601, 603, 604, 605, 607, 608, 609, 610, 611, 613, 614, 615, 617, 618, 620, 623, 624, 625, 626, 628, 631, 632, 633, 634, 635, 636, 637, 638, 639, 643, 644, 645, 646, 647, 648, 649, 652, 653, 654, 655, 656, 657, 658, 659, 660, 661, 662, 663, 665, 666, 667, 668, 669, 670, 671, 672, 673, 674, 675, 676, 677, 678, 679, 680, 681, 683, 684, 685, 686, 687, 689, 690, 691, 692, 696, 703, 704, 707, 708, 711, 718, 719, 720, 723, 724, 727, 728, 729, 732, 737, 739, 741], "excluded_lines": [], "executed_branches": [], "missing_branches": [[29, 30], [29, 32], [33, 34], [33, 59], [36, 37], [36, 42], [46, 47], [46, 49], [49, 50], [49, 52], [98, 99], [98, 101], [106, 107], [106, 109], [138, 139], [138, 141], [195, 196], [195, 198], [213, 214], [213, 224], [265, 266], [265, 270], [270, 271], [270, 273], [273, 274], [273, 276], [276, 277], [276, 279], [282, 283], [282, 285], [285, 286], [285, 291], [298, 299], [298, 302], [312, 313], [312, 318], [329, 330], [329, 333], [345, 346], [345, 353], [350, 351], [350, 353], [360, 361], [360, 377], [364, 365], [364, 373], [398, 399], [398, 401], [422, 423], [422, 425], [427, -404], [427, 428], [434, 435], [434, 454], [441, 442], [441, 447], [442, 443], [442, 445], [447, 448], [447, 450], [473, 427], [473, 474], [546, 547], [546, 549], [573, 574], [573, 579], [574, 575], [574, 576], [576, 573], [576, 577], [631, -630], [631, 632], [638, 639], [638, 665], [644, 638], [644, 645], [655, 638], [655, 656], [667, 668], [667, 691], [675, 676], [675, 683], [707, 708], [707, 711], [718, 719], [718, 723], [728, 729], [728, 739]], "functions": {"WellAPI12.__init__": {"executed_lines": [23], "summary": {"covered_lines": 1, "num_statements": 1, "percent_covered": 100.0, "percent_covered_display": "100", "missing_lines": 0, "excluded_lines": 0, "num_branches": 0, "num_partial_branches": 0, "covered_branches": 0, "missing_branches": 0}, "missing_lines": [], "excluded_lines": [], "executed_branches": [], "missing_branches": []}, "WellAPI12.run_well_analysis": {"executed_lines": [], "summary": {"covered_lines": 0, "num_statements": 34, "percent_covered": 0.0, "percent_covered_display": "0", "missing_lines": 34, "excluded_lines": 0, "num_branches": 10, "num_partial_branches": 0, "covered_branches": 0, "missing_branches": 10}, "missing_lines": [26, 28, 29, 30, 32, 33, 34, 35, 36, 37, 38, 39, 40, 41, 42, 43, 44, 45, 46, 47, 48, 49, 50, 52, 53, 54, 55, 57, 59, 61, 62, 64, 65, 67], "excluded_lines": [], "executed_branches": [], "missing_branches": [[29, 30], [29, 32], [33, 34], [33, 59], [36, 37], [36, 42], [46, 47], [46, 49], [49, 50], [49, 52]]}, "WellAPI12.well_timeline_analysis": {"executed_lines": [], "summary": {"covered_lines": 0, "num_statements": 15, "percent_covered": 0.0, "percent_covered_display": "0", "missing_lines": 15, "excluded_lines": 0, "num_branches": 0, "num_partial_branches": 0, "covered_branches": 0, "missing_branches": 0}, "missing_lines": [71, 73, 74, 75, 76, 77, 78, 81, 82, 83, 84, 87, 89, 90, 92], "excluded_lines": [], "executed_branches": [], "missing_branches": []}, "WellAPI12.get_well_count_by_custom_cfg": {"executed_lines": [], "summary": {"covered_lines": 0, "num_statements": 19, "percent_covered": 0.0, "percent_covered_display": "0", "missing_lines": 19, "excluded_lines": 0, "num_branches": 4, "num_partial_branches": 0, "covered_branches": 0, "missing_branches": 4}, "missing_lines": [95, 98, 99, 101, 104, 106, 107, 109, 110, 111, 112, 113, 114, 116, 122, 123, 127, 128, 130], "excluded_lines": [], "executed_branches": [], "missing_branches": [[98, 99], [98, 101], [106, 107], [106, 109]]}, "WellAPI12.save_result_groups": {"executed_lines": [], "summary": {"covered_lines": 0, "num_statements": 13, "percent_covered": 0.0, "percent_covered_display": "0", "missing_lines": 13, "excluded_lines": 0, "num_branches": 2, "num_partial_branches": 0, "covered_branches": 0, "missing_branches": 2}, "missing_lines": [134, 135, 137, 138, 139, 141, 142, 143, 147, 149, 150, 151, 155], "excluded_lines": [], "executed_branches": [], "missing_branches": [[138, 139], [138, 141]]}, "WellAPI12.get_api12_analysis": {"executed_lines": [], "summary": {"covered_lines": 0, "num_statements": 11, "percent_covered": 0.0, "percent_covered_display": "0", "missing_lines": 11, "excluded_lines": 0, "num_branches": 0, "num_partial_branches": 0, "covered_branches": 0, "missing_branches": 0}, "missing_lines": [159, 160, 161, 162, 164, 168, 169, 170, 171, 173, 175], "excluded_lines": [], "executed_branches": [], "missing_branches": []}, "WellAPI12.get_directional_surveys_by_api10": {"executed_lines": [], "summary": {"covered_lines": 0, "num_statements": 16, "percent_covered": 0.0, "percent_covered_display": "0", "missing_lines": 16, "excluded_lines": 0, "num_branches": 2, "num_partial_branches": 0, "covered_branches": 0, "missing_branches": 2}, "missing_lines": [183, 184, 185, 186, 190, 191, 192, 194, 195, 196, 197, 198, 200, 201, 203, 205], "excluded_lines": [], "executed_branches": [], "missing_branches": [[195, 196], [195, 198]]}, "WellAPI12.get_well_borehole_data": {"executed_lines": [], "summary": {"covered_lines": 0, "num_statements": 14, "percent_covered": 0.0, "percent_covered_display": "0", "missing_lines": 14, "excluded_lines": 0, "num_branches": 2, "num_partial_branches": 0, "covered_branches": 0, "missing_branches": 2}, "missing_lines": [211, 213, 214, 224, 225, 226, 227, 229, 231, 235, 239, 241, 251, 253], "excluded_lines": [], "executed_branches": [], "missing_branches": [[213, 214], [213, 224]]}, "WellAPI12
[...]
6, 257], [256, 266], [261, 262], [261, 266], [275, 276], [275, 294], [284, 285], [284, 289]]}, "DataRefreshEnhanced.refresh_production_data_enhanced": {"executed_lines": [], "summary": {"covered_lines": 0, "num_statements": 27, "percent_covered": 0.0, "percent_covered_display": "0", "missing_lines": 27, "excluded_lines": 0, "num_branches": 10, "num_partial_branches": 0, "covered_branches": 0, "missing_branches": 10}, "missing_lines": [306, 308, 309, 311, 313, 316, 317, 320, 321, 322, 323, 326, 331, 332, 334, 335, 338, 339, 342, 343, 344, 347, 348, 350, 352, 354, 355], "excluded_lines": [], "executed_branches": [], "missing_branches": [[308, -299], [308, 309], [316, 317], [316, 331], [321, 322], [321, 326], [334, 335], [334, 352], [342, 343], [342, 347]]}, "DataRefreshEnhanced._save_well_data_binary": {"executed_lines": [], "summary": {"covered_lines": 0, "num_statements": 15, "percent_covered": 0.0, "percent_covered_display": "0", "missing_lines": 15, "excluded_lines": 0, "num_branches": 4, "num_partial_branches": 0, "covered_branches": 0, "missing_branches": 4}, "missing_lines": [367, 369, 374, 375, 376, 377, 378, 379, 382, 385, 388, 391, 392, 394, 395], "excluded_lines": [], "executed_branches": [], "missing_branches": [[375, 376], [375, 382], [376, 377], [376, 379]]}, "DataRefreshEnhanced._save_war_data_binary": {"executed_lines": [], "summary": {"covered_lines": 0, "num_statements": 15, "percent_covered": 0.0, "percent_covered_display": "0", "missing_lines": 15, "excluded_lines": 0, "num_branches": 4, "num_partial_branches": 0, "covered_branches": 0, "missing_branches": 4}, "missing_lines": [405, 407, 412, 413, 414, 415, 416, 417, 420, 423, 426, 429, 430, 432, 433], "excluded_lines": [], "executed_branches": [], "missing_branches": [[413, 414], [413, 420], [414, 415], [414, 417]]}, "DataRefreshEnhanced._save_production_data_binary": {"executed_lines": [], "summary": {"covered_lines": 0, "num_statements": 15, "percent_covered": 0.0, "percent_covered_display": "0", "missing_lines": 15, "excluded_lines": 0, "num_branches": 4, "num_partial_branches": 0, "covered_branches": 0, "missing_branches": 4}, "missing_lines": [443, 445, 450, 451, 452, 453, 454, 455, 458, 461, 464, 467, 468, 470, 471], "excluded_lines": [], "executed_branches": [], "missing_branches": [[451, 452], [451, 458], [452, 453], [452, 455]]}, "": {"executed_lines": [1, 18, 19, 20, 21, 22, 25, 26, 27, 30, 31, 32, 38, 39, 42, 43, 53, 93, 134, 172, 232, 299, 357, 397, 435], "summary": {"covered_lines": 23, "num_statements": 26, "percent_covered": 88.46153846153847, "percent_covered_display": "88", "missing_lines": 3, "excluded_lines": 0, "num_branches": 0, "num_partial_branches": 0, "covered_branches": 0, "missing_branches": 0}, "missing_lines": [33, 34, 35], "excluded_lines": [], "executed_branches": [], "missing_branches": []}}, "classes": {"DataRefreshEnhanced": {"executed_lines": [], "summary": {"covered_lines": 0, "num_statements": 192, "percent_covered": 0.0, "percent_covered_display": "0", "missing_lines": 192, "excluded_lines": 0, "num_branches": 58, "num_partial_branches": 0, "covered_branches": 0, "missing_branches": 58}, "missing_lines": [61, 62, 63, 66, 67, 68, 69, 71, 72, 73, 76, 77, 80, 88, 89, 90, 91, 103, 106, 107, 108, 109, 113, 114, 115, 117, 118, 121, 122, 123, 126, 128, 130, 132, 136, 137, 138, 141, 142, 143, 145, 146, 147, 148, 149, 150, 151, 154, 155, 158, 159, 160, 161, 164, 165, 166, 167, 168, 170, 180, 181, 183, 184, 186, 188, 191, 192, 195, 196, 197, 198, 201, 206, 207, 209, 210, 213, 214, 217, 218, 219, 222, 223, 225, 227, 229, 230, 241, 243, 244, 246, 248, 251, 252, 255, 256, 257, 258, 260, 261, 262, 263, 266, 271, 272, 273, 275, 276, 277, 280, 281, 284, 285, 286, 289, 290, 292, 294, 296, 297, 306, 308, 309, 311, 313, 316, 317, 320, 321, 322, 323, 326, 331, 332, 334, 335, 338, 339, 342, 343, 344, 347, 348, 350, 352, 354, 355, 367, 369, 374, 375, 376, 377, 378, 379, 382, 385, 388, 391, 392, 394, 395, 405, 407, 412, 413, 414, 415, 416, 417, 420, 423, 426, 429, 430, 432, 433, 443, 445, 450, 451, 452, 453, 454, 455, 458, 461, 464, 467, 468, 470, 471], "excluded_lines": [], "executed_branches": [], "missing_branches": [[67, 68], [67, 71], [72, 73], [72, 76], [107, 108], [107, 113], [117, 118], [117, 130], [148, 149], [148, 154], [164, 165], [164, 170], [166, 167], [166, 170], [183, -172], [183, 184], [191, 192], [191, 206], [196, 197], [196, 201], [209, 210], [209, 227], [217, 218], [217, 222], [243, -232], [243, 244], [251, 252], [251, 271], [256, 257], [256, 266], [261, 262], [261, 266], [275, 276], [275, 294], [284, 285], [284, 289], [308, -299], [308, 309], [316, 317], [316, 331], [321, 322], [321, 326], [334, 335], [334, 352], [342, 343], [342, 347], [375, 376], [375, 382], [376, 377], [376, 379], [413, 414], [413, 420], [414, 415], [414, 417], [451, 452], [451, 458], [452, 453], [452, 455]]}, "": {"executed_lines": [1, 18, 19, 20, 21, 22, 25, 26, 27, 30, 31, 32, 38, 39, 42, 43, 53, 93, 134, 172, 232, 299, 357, 397, 435], "summary": {"covered_lines": 23, "num_statements": 26, "percent_covered": 88.46153846153847, "percent_covered_display": "88", "missing_lines": 3, "excluded_lines": 0, "num_branches": 0, "num_partial_branches": 0, "covered_branches": 0, "missing_branches": 0}, "missing_lines": [33, 34, 35], "excluded_lines": [], "executed_branches": [], "missing_branches": []}}}, "src\\worldenergydata\\modules\\bsee\\data\\scrapers\\__init__.py": {"executed_lines": [1, 5, 7], "summary": {"covered_lines": 2, "num_statements": 2, "percent_covered": 100.0, "percent_covered_display": "100", "missing_lines": 0, "excluded_lines": 0, "num_branches": 0, "num_partial_branches": 0, "covered_branches": 0, "missing_branches": 0}, "missing_lines": [], "excluded_lines": [], "executed_branches": [], "missing_branches": [], "functions": {"": {"executed_lines": [1, 5, 7], "summary": {"covered_lines": 2, "num_statements": 2, "percent_covered": 100.0, "percent_covered_display": "100", "missing_lines": 0, "excluded_lines": 0, "num_branches": 0, "num_partial_branches": 0, "covered_branches": 0, "missing_branches": 0}, "missing_lines": [], "excluded_lines": [], "executed_branches": [], "missing_branches": []}}, "classes": {"": {"executed_lines": [1, 5, 7], "summary": {"covered_lines": 2, "num_statements": 2, "percent_covered": 100.0, "percent_covered_display": "100", "missing_lines": 0, "excluded_lines": 0, "num_branches": 0, "num_partial_branches": 0, "covered_branches": 0, "missing_branches": 0}, "missing_lines": [], "excluded_lines": [], "executed_branches": [], "missing_branches": []}}}, "src\\worldenergydata\\modules\\bsee\\data\\scrapers\\web_scraper.py": {"executed_lines": [1, 8, 9, 10, 11, 12, 13, 16, 17, 25, 34, 40, 41, 42, 43, 45, 53, 135, 145, 155, 165, 182, 202, 233], "summary": {"covered_lines": 22, "num_statements": 101, "percent_covered": 18.181818181818183, "percent_covered_display": "18", "missing_lines": 79, "excluded_lines": 0, "num_branches": 20, "num_partial_branches": 0, "covered_branches": 0, "missing_branches": 20}, "missing_lines": [47, 48, 65, 66, 68, 70, 71, 72, 73, 76, 77, 80, 81, 84, 85, 86, 89, 90, 91, 94, 95, 96, 98, 99, 100, 101, 104, 105, 106, 107, 108, 111, 112, 114, 116, 117, 118, 119, 120, 122, 123, 124, 125, 126, 128, 129, 130, 132, 133, 142, 143, 152, 153, 162, 163, 175, 176, 177, 178, 179, 180, 189, 190, 192, 193, 194, 198, 200, 212, 213, 214, 216, 224, 225, 227, 229, 230, 231, 235], "excluded_lines": [], "executed_branches": [], "missing_branches": [[70, 71], [70, 132], [85, 86], [85, 89], [90, 91], [90, 94], [98, 99], [98, 111], [99, 98], [99, 100], [104, 98], [104, 105], [118, 70], [118, 119], [124, 70], [124, 125], [192, 193], [192, 200], [224, 225], [224, 227]], "functions": {"BSEEWebScraper.__init__": {"executed_lines": [], "summary": {"covered_lines": 0, "num_statements": 2, "percent_covered": 0.0, "percent_covered_display": "0", "missing_lines": 2, "excluded_lines": 0, "num_branches": 0, "num_partial_branches": 0, "covered_branches": 0, "missing_branches": 0}, "missing_lines": [47, 48], "excluded_lines": [], "executed_branches": [], "missing_branches": []}, "BSEEWebScraper.download_zip_to_memory": {"executed_lines": [], "summary": {"covered_lines": 0, "num_statements": 47, "percent_covered": 0.0, "percent_covered_display": "0", "missing_lines": 47, "excluded_lines": 0, "num_branches": 16, "num_partial_branches": 0, "covered_branches": 0, "missing_branches": 16}, "missing_lines": [65, 66, 68, 70, 71, 72, 73, 76, 77, 80, 81, 84, 85, 86, 89, 90, 91, 94, 95, 96, 98, 99, 100, 101, 104, 105, 106, 107, 108, 111, 112, 114, 116, 117, 118, 119, 120, 122, 123, 124, 125, 126, 128, 129, 130, 132, 133], "excluded_lines": [], "executed_branches": [], "missing_branches": [[70, 71], [70, 132], [85, 86], [85, 89], [90, 91], [90, 94], [98, 99], [98, 111], [99, 98], [99, 100], [104, 98], [104, 105], [118, 70], [118, 119], [124, 70], [124, 125]]}, "BSEEWebScraper.download_well_data": {"executed_lines": [], "summary": {"covered_lines": 0, "num_statements": 2, "percent_covered": 0.0, "percent_covered_display": "0", "missing_lines": 2, "excluded_lines": 0, "num_branches": 0, "num_partial_branches": 0, "covered_branches": 0, "missing_branches": 0}, "missing_lines": [142, 143], "excluded_lines": [], "executed_branches": [], "missing_branches": []}, "BSEEWebScraper.download_production_data": {"executed_lines": [], "summary": {"covered_lines": 0, "num_statements": 2, "percent_covered": 0.0, "percent_covered_display": "0", "missing_lines": 2, "excluded_lines": 0, "num_branches": 0, "num_partial_branches": 0, "covered_branches": 0, "missing_branches": 0}, "missing_lines": [152, 153], "excluded_lines": [], "executed_branches": [], "missing_branches": []}, "BSEEWebScraper.download_war_data": {"executed_lines": [], "summary": {"covered_lines": 0, "num_statements": 2, "percent_covered": 0.0, "percent_covered_display": "0", "missing_lines": 2, "excluded_lines": 0, "num_branches": 0, "num_partial_branches": 0, "covered_branches": 0, "missing_branches": 0}, "missing_lines": [162, 163], "excluded_lines": [], "executed_branches": [], "missing_branches": []}, "BSEEWebScraper.verify_url_accessibility": {"executed_lines": [], "summary": {"covered_lines": 0, "num_statements": 6, "percent_covered": 0.0, "percent_covered_display": "0", "missing_lines": 6, "excluded_lines": 0, "num_branches": 0, "num_partial_branches": 0, "covered_branches": 0, "missing_branches": 0}, "missing_lines": [175, 176, 177, 178, 179, 180], "excluded_lines": [], "executed_branches": [], "missing_branches": []}, "BSEEWebScraper.verify_all_sources": {"executed_lines": [], "summary": {"covered_lines": 0, "num_statements": 7, "percent_covered": 0.0, "percent_covered_display": "0", "missing_lines": 7, "excluded_lines": 0, "num_branches": 2, "num_partial_branches": 0, "covered_branches": 0, "missing_branches": 2}, "missing_lines": [189, 190, 192, 193, 194, 198, 200], "excluded_lines": [], "executed_branches": [], "missing_branches": [[192, 193], [192, 200]]}, "BSEEWebScraper.get_file_info": {"executed_lines": [], "summary": {"covered_lines": 0, "num_statements": 10, "percent_covered": 0.0, "percent_covered_display": "0", "missing_lines": 10, "excluded_lines": 0, "num_branches": 2, "num_partial_branches": 0, "covered_branches": 0, "missing_branches": 2}, "missing_lines": [212, 213, 214, 216, 224, 225, 227, 229, 230, 231], "excluded_lines": [], "executed_branches": [], "missing_branches": [[224, 225], [224, 227]]}, "BSEEWebScraper.close": {"executed_lines": [], "summary": {"covered_lines": 0, "num_statements": 1, "percent_covered": 0.0, "percent_covered_display": "0", "missing_lines": 1, "excluded_lines": 0, "num_branches": 0, "num_partial_branches": 0, "covered_branches": 0, "missing_branches": 0}, "missing_lines": [235], "excluded_lines": [], "executed_branches": [], "missing_branches": []}, "": {"executed_lines": [1, 8, 9, 10, 11, 12, 13, 16, 17, 25, 34, 40, 41, 42, 43, 45, 53, 135, 145, 155, 165, 182, 202, 233], "summary": {"covered_lines": 22, "num_statements": 22, "percent_covered": 100.0, "percent_covered_display": "100", "missing_lines": 0, "excluded_lines": 0, "num_branches": 0, "num_partial_branches": 0, "covered_branches": 0, "missing_branches": 0}, "missing_lines": [], "excluded_lines": [], "executed_branches": [], "missing_branches": []}}, "classes": {"BSEEWebScraper": {"executed_lines": [], "summary": {"covered_lines": 0, "num_statements": 79, "percent_covered": 0.0, "percent_covered_display": "0", "missing_lines": 79, "excluded_lines": 0, "num_branches": 20, "num_partial_branches": 0, "covered_branches": 0, "missing_branches": 20}, "missing_lines": [47, 48, 65, 66, 68, 70, 71, 72, 73, 76, 77, 80, 81, 84, 85, 86, 89, 90, 91, 94, 95, 96, 98, 99, 100, 101, 104, 105, 106, 107, 108, 111, 112, 114, 116, 117, 118, 119, 120, 122, 123, 124, 125, 126, 128, 129, 130, 132, 133, 142, 143, 152, 153, 162, 163, 175, 176, 177, 178, 179, 180, 189, 190, 192, 193, 194, 198, 200, 212, 213, 214, 216, 224, 225, 227, 229, 230, 231, 235], "excluded_lines": [], "executed_branches": [], "missing_branches": [[70, 71], [70, 132], [85, 86], [85, 89], [90, 91], [90, 94], [98, 99], [98, 111], [99, 98], [99, 100], [104, 98], [104, 105], [118, 70], [118, 119], [124, 70], [124, 125], [192, 193], [192, 200], [224, 225], [224, 227]]}, "": {"executed_lines": [1, 8, 9, 10, 11, 12, 13, 16, 17, 25, 34, 40, 41, 42, 43, 45, 53, 135, 145, 155, 165, 182, 202, 233], "summary": {"covered_lines": 22, "num_statements": 22, "percent_covered": 100.0, "percent_covered_display": "100", "missing_lines": 0, "excluded_lines": 0, "num_branches": 0, "num_partial_branches": 0, "covered_branches": 0, "missing_branches": 0}, "missing_lines": [], "excluded_lines": [], "executed_branches": [], "missing_branches": []}}}, "src\\worldenergydata\\modules\\bsee\\zip_data_dwnld\\dwnld_from_zipurl.py": {"executed_lines": [2, 3, 4, 5, 8, 9, 11, 12, 16, 17, 19, 28], "summary": {"covered_lines": 11, "num_statements": 42, "percent_covered": 22.0, "percent_covered_display": "22", "missing_lines": 31, "excluded_lines": 0, "num_branches": 8, "num_partial_branches": 0, "covered_branches": 0, "missing_branches": 8}, "missing_lines": [21, 23, 24, 26, 30, 32, 34, 35, 36, 38, 39, 40, 41, 42, 43, 44, 46, 48, 50, 51, 52, 53, 54, 55, 56, 57, 59, 61, 62, 63, 65], "excluded_lines": [], "executed_branches": [], "missing_branches": [[23, 24], [23, 26], [50, -28], [50, 51], [51, 52], [51, 53], [56, 57], [56, 59]], "functions": {"DownloadFromZipUrl.__init__": {"executed_lines": [17], "summary": {"covered_lines": 1, "num_statements": 1, "percent_covered": 100.0, "percent_covered_display": "100", "missing_lines": 0, "excluded_lines": 0, "num_branches": 0, "num_partial_branches": 0, "covered_branches": 0, "missing_branches": 0}, "missing_lines": [], "excluded_lines": [], "executed_branches": [], "missing_branches": []}, "DownloadFromZipUrl.router": {"executed_lines": [], "summary": {"covered_lines": 0, "num_statements": 4, "percent_covered": 0.0, "percent_covered_display": "0", "missing_lines": 4, "excluded_lines": 0, "num_branches": 2, "num_partial_branches": 0, "covered_branches": 0, "missing_branches": 2}, "missing_lines": [21, 23, 24, 26], "excluded_lines": [], "executed_branches": [], "missing_branches": [[23, 24], [23, 26]]}, "DownloadFromZipUrl.download_and_process_zip_url_data": {"executed_lines": [], "summary": {"covered_lines": 0, "num_statements": 27, "percent_covered": 0.0, "percent_covered_display": "0", "missing_lines": 27, "excluded_lines": 0, "num_branches": 6, "num_partial_branches": 0, "covered_branches": 0, "missing_branches": 6}, "missing_lines": [30, 32, 34, 35, 36, 38, 39, 40, 41, 42, 43, 44, 46, 48, 50, 51, 52, 53, 54, 55, 56, 57, 59, 61, 62, 63, 65], "excluded_lines": [], "executed_branches": [], "missing_branches": [[50, -28], [50, 51], [51, 52], [51, 53], [56, 57], [56, 59]]}, "": {"executed_lines": [2, 3, 4, 5, 8, 9, 11, 12, 16, 19, 28], "summary": {"covered_lines": 10, "num_statements": 10, "percent_covered": 100.0, "percent_covered_display": "100", "missing_lines": 0, "excluded_lines": 0, "num_branches": 0, "num_partial_branches": 0, "covered_branches": 0, "missing_branches": 0}, "missing_lines": [], "excluded_lines": [], "executed_branches": [], "missing_branches": []}}, "classes": {"DownloadFromZipUrl": {"executed_lines": [17], "summary": {"covered_lines": 1, "num_statements": 32, "percent_covered": 2.5, "percent_covered_display": "2", "missing_lines": 31, "excluded_lines": 0, "num_branches": 8, "num_partial_branches": 0, "covered_branches": 0, "missing_branches": 8}, "missing_lines": [21, 23, 24, 26, 30, 32, 34, 35, 36, 38, 39, 40, 41, 42, 43, 44, 46, 48, 50, 51, 52, 53, 54, 55, 56, 57, 59, 61, 62, 63, 65], "excluded_lines": [], "executed_branches": [], "missing_branches": [[23, 24], [23, 26], [50, -28], [50, 51], [51, 52], [51, 53], [56, 57], [56, 59]]}, "": {"executed_lines": [2, 3, 4, 5, 8, 9, 11, 12, 16, 19, 28], "summary": {"covered_lines": 10, "num_statements": 10, "percent_covered": 100.0, "percent_covered_display": "100", "missing_lines": 0, "excluded_lines": 0, "num_branches": 0, "num_partial_branches": 0, "covered_branches": 0, "missing_branches": 0}, "missing_lines": [], "excluded_lines": [], "executed_branches": [], "missing_branches": []}}}, "src\\worldenergydata\\modules\\bsee\\zip_data_dwnld\\zip.py": {"executed_lines": [2, 5, 7, 9, 12], "summary": {"covered_lines": 5, "num_statements": 9, "percent_covered": 45.45454545454545, "percent_covered_display": "45", "missing_lines": 4, "excluded_lines": 0, "num_branches": 2, "num_partial_branches": 0, "covered_branches": 0, "missing_branches": 2}, "missing_lines": [10, 14, 15, 17], "excluded_lines": [], "executed_branches": [], "missing_branches": [[14, 15], [14, 17]], "functions": {"zip.__init__": {"executed_lines": [], "summary": {"covered_lines": 0, "num_statements": 1, "percent_covered": 0.0, "percent_covered_display": "0", "missing_lines": 1, "excluded_lines": 0, "num_branches": 0, "num_partial_branches": 0, "covered_branches": 0, "missing_branches": 0}, "missing_lines": [10], "excluded_lines": [], "executed_branches": [], "missing_branches": []}, "zip.router": {"executed_lines": [], "summary": {"covered_lines": 0, "num_statements": 3, "percent_covered": 0.0, "percent_covered_display": "0", "missing_lines": 3, "excluded_lines": 0, "num_branches": 2, "num_partial_branches": 0, "covered_branches": 0, "missing_branches": 2}, "missing_lines": [14, 15, 17], "excluded_lines": [], "executed_branches": [], "missing_branches": [[14, 15], [14, 17]]}, "": {"executed_lines": [2, 5, 7, 9, 12], "summary": {"covered_lines": 5, "num_statements": 5, "percent_covered": 100.0, "percent_covered_display": "100", "missing_lines": 0, "excluded_lines": 0, "num_branches": 0, "num_partial_branches": 0, "covered_branches": 0, "missing_branches": 0}, "missing_lines": [], "excluded_lines": [], "executed_branches": [], "missing_branches": []}}, "classes": {"zip": {"executed_lines": [], "summary": {"covered_lines": 0, "num_statements": 4, "percent_covered": 0.0, "percent_covered_display": "0", "missing_lines": 4, "excluded_lines": 0, "num_branches": 2, "num_partial_branches": 0, "covered_branches": 0, "missing_branches": 2}, "missing_lines": [10, 14, 15, 17], "excluded_lines": [], "executed_branches": [], "missing_branches": [[14, 15], [14, 17]]}, "": {"executed_lines": [2, 5, 7, 9, 12], "summary": {"covered_lines": 5, "num_statements": 5, "percent_covered": 100.0, "percent_covered_display": "100", "missing_lines": 0, "excluded_lines": 0, "num_branches": 0, "num_partial_branches": 0, "covered_branches": 0, "missing_branches": 0}, "missing_lines": [], "excluded_lines": [], "executed_branches": [], "missing_branches": []}}}}, "totals": {"covered_lines": 913, "num_statements": 4187, "percent_covered": 19.06771532706695, "percent_covered_display": "19", "missing_lines": 3274, "excluded_lines": 9, "num_branches": 1026, "num_partial_branches": 13, "covered_branches": 81, "missing_branches": 945}}