{"meta": {"format": 3, "version": "7.10.7", "timestamp": "2026-01-20T15:22:10.968996", "branch_coverage": true, "show_contexts": false}, "files": {"src/validators/data_validator.py": {"executed_lines": [], "summary": {"covered_lines": 0, "num_statements": 124, "percent_covered": 0.0, "percent_covered_display": "0.00", "missing_lines": 124, "excluded_lines": 0, "num_branches": 48, "num_partial_branches": 0, "covered_branches": 0, "missing_branches": 48}, "missing_lines": [13, 14, 15, 16, 17, 18, 19, 22, 25, 32, 33, 35, 45, 46, 47, 48, 49, 50, 51, 52, 54, 80, 89, 90, 91, 92, 93, 96, 97, 98, 99, 100, 101, 104, 105, 106, 107, 108, 109, 110, 111, 112, 113, 114, 117, 118, 119, 120, 121, 124, 125, 126, 127, 128, 131, 134, 135, 137, 139, 149, 150, 151, 152, 153, 155, 157, 167, 170, 174, 175, 176, 177, 178, 180, 182, 192, 193, 194, 195, 197, 198, 200, 201, 202, 204, 205, 206, 208, 210, 211, 212, 213, 215, 217, 219, 232, 247, 272, 273, 274, 286, 287, 288, 289, 290, 291, 292, 294, 306, 317, 336, 344, 345, 346, 347, 350, 351, 352, 354, 364, 365, 366, 367, 369], "excluded_lines": [], "executed_branches": [], "missing_branches": [[89, 90], [89, 96], [96, 97], [96, 104], [98, 99], [98, 104], [105, 106], [105, 117], [108, 109], [108, 112], [112, 113], [112, 117], [117, 118], [117, 124], [119, 120], [119, 124], [125, 126], [125, 131], [134, 135], [134, 137], [150, 151], [150, 155], [152, 150], [152, 153], [174, 175], [174, 180], [175, 174], [175, 176], [177, 174], [177, 178], [204, 205], [204, 210], [206, 208], [206, 210], [210, 211], [210, 215], [212, 213], [212, 215], [272, 273], [272, 286], [286, 287], [286, 306], [289, 290], [289, 294], [364, 365], [364, 366], [366, 367], [366, 369]], "functions": {"DataValidator.__init__": {"executed_lines": [], "summary": {"covered_lines": 0, "num_statements": 2, "percent_covered": 0.0, "percent_covered_display": "0.00", "missing_lines": 2, "excluded_lines": 0, "num_branches": 0, "num_partial_branches": 0, "covered_branches": 0, "missing_branches": 0}, "missing_lines": [32, 33], "excluded_lines": [], "executed_branches": [], "missing_branches": []}, "DataValidator._load_config": {"executed_lines": [], "summary": {"covered_lines": 0, "num_statements": 8, "percent_covered": 0.0, "percent_covered_display": "0.00", "missing_lines": 8, "excluded_lines": 0, "num_branches": 0, "num_partial_branches": 0, "covered_branches": 0, "missing_branches": 0}, "missing_lines": [45, 46, 47, 48, 49, 50, 51, 52], "excluded_lines": [], "executed_branches": [], "missing_branches": []}, "DataValidator.validate_dataframe": {"executed_lines": [], "summary": {"covered_lines": 0, "num_statements": 37, "percent_covered": 0.0, "percent_covered_display": "0.00", "missing_lines": 37, "excluded_lines": 0, "num_branches": 20, "num_partial_branches": 0, "covered_branches": 0, "missing_branches": 20}, "missing_lines": [80, 89, 90, 91, 92, 93, 96, 97, 98, 99, 100, 101, 104, 105, 106, 107, 108, 109, 110, 111, 112, 113, 114, 117, 118, 119, 120, 121, 124, 125, 126, 127, 128, 131, 134, 135, 137], "excluded_lines": [], "executed_branches": [], "missing_branches": [[89, 90], [89, 96], [96, 97], [96, 104], [98, 99], [98, 104], [105, 106], [105, 117], [108, 109], [108, 112], [112, 113], [112, 117], [117, 118], [117, 124], [119, 120], [119, 124], [125, 126], [125, 131], [134, 135], [134, 137]]}, "DataValidator._check_missing_data": {"executed_lines": [], "summary": {"covered_lines": 0, "num_statements": 6, "percent_covered": 0.0, "percent_covered_display": "0.00", "missing_lines": 6, "excluded_lines": 0, "num_branches": 4, "num_partial_branches": 0, "covered_branches": 0, "missing_branches": 4}, "missing_lines": [149, 150, 151, 152, 153, 155], "excluded_lines": [], "executed_branches": [], "missing_branches": [[150, 151], [150, 155], [152, 150], [152, 153]]}, "DataValidator._check_data_types": {"executed_lines": [], "summary": {"covered_lines": 0, "num_statements": 8, "percent_covered": 0.0, "percent_covered_display": "0.00", "missing_lines": 8, "excluded_lines": 0, "num_branches": 6, "num_partial_branches": 0, "covered_branches": 0, "missing_branches": 6}, "missing_lines": [167, 170, 174, 175, 176, 177, 178, 180], "excluded_lines": [], "executed_branches": [], "missing_branches": [[174, 175], [174, 180], [175, 174], [175, 176], [177, 174], [177, 178]]}, "DataValidator.generate_report": {"executed_lines": [], "summary": {"covered_lines": 0, "num_statements": 19, "percent_covered": 0.0, "percent_covered_display": "0.00", "missing_lines": 19, "excluded_lines": 0, "num_branches": 8, "num_partial_branches": 0, "covered_branches": 0, "missing_branches": 8}, "missing_lines": [192, 193, 194, 195, 197, 198, 200, 201, 202, 204, 205, 206, 208, 210, 211, 212, 213, 215, 217], "excluded_lines": [], "executed_branches": [], "missing_branches": [[204, 205], [204, 210], [206, 208], [206, 210], [210, 211], [210, 215], [212, 213], [212, 215]]}, "DataValidator.generate_interactive_report": {"executed_lines": [], "summary": {"covered_lines": 0, "num_statements": 23, "percent_covered": 0.0, "percent_covered_display": "0.00", "missing_lines": 23, "excluded_lines": 0, "num_branches": 6, "num_partial_branches": 0, "covered_branches": 0, "missing_branches": 6}, "missing_lines": [232, 247, 272, 273, 274, 286, 287, 288, 289, 290, 291, 292, 294, 306, 317, 336, 344, 345, 346, 347, 350, 351, 352], "excluded_lines": [], "executed_branches": [], "missing_branches": [[272, 273], [272, 286], [286, 287], [286, 306], [289, 290], [289, 294]]}, "DataValidator._get_quality_color": {"executed_lines": [], "summary": {"covered_lines": 0, "num_statements": 5, "percent_covered": 0.0, "percent_covered_display": "0.00", "missing_lines": 5, "excluded_lines": 0, "num_branches": 4, "num_partial_branches": 0, "covered_branches": 0, "missing_branches": 4}, "missing_lines": [364, 365, 366, 367, 369], "excluded_lines": [], "executed_branches": [], "missing_branches": [[364, 365], [364, 366], [366, 367], [366, 369]]}, "": {"executed_lines": [], "summary": {"covered_lines": 0, "num_statements": 16, "percent_covered": 0.0, "percent_covered_display": "0.00", "missing_lines": 16, "excluded_lines": 0, "num_branches": 0, "num_partial_branches": 0, "covered_branches": 0, "missing_branches": 0}, "missing_lines": [13, 14, 15, 16, 17, 18, 19, 22, 25, 35, 54, 139, 157, 182, 219, 354], "excluded_lines": [], "executed_branches": [], "missing_branches": []}}, "classes": {"DataValidator": {"executed_lines": [], "summary": {"covered_lines": 0, "num_statements": 108, "percent_covered": 0.0, "percent_covered_display": "0.00", "missing_lines": 108, "excluded_lines": 0, "num_branches": 48, "num_partial_branches": 0, "covered_branches": 0, "missing_branches": 48}, "missing_lines": [32, 33, 45, 46, 47, 48, 49, 50, 51, 52, 80, 89, 90, 91, 92, 93, 96, 97, 98, 99, 100, 101, 104, 105, 106, 107, 108, 109, 110, 111, 112, 113, 114, 117, 118, 119, 120, 121, 124, 125, 126, 127, 128, 131, 134, 135, 137, 149, 150, 151, 152, 153, 155, 167, 170, 174, 175, 176, 177, 178, 180, 192, 193, 194, 195, 197, 198, 200, 201, 202, 204, 205, 206, 208, 210, 211, 212, 213, 215, 217, 232, 247, 272, 273, 274, 286, 287, 288, 289, 290, 291, 292, 294, 306, 317, 336, 344, 345, 346, 347, 350, 351, 352, 364, 365, 366, 367, 369], "excluded_lines": [], "executed_branches": [], "missing_branches": [[89, 90], [89, 96], [96, 97], [96, 104], [98, 99], [98, 104], [105, 106], [105, 117], [108, 109], [108, 112], [112, 113], [112, 117], [117, 118], [117, 124], [119, 120], [119, 124], [125, 126], [125, 131], [134, 135], [134, 137], [150, 151], [150, 155], [152, 150], [152, 153], [174, 175], [174, 180], [175, 174], [175, 176], [177, 174], [177, 178], [204, 205], [204, 210], [206, 208], [206, 210], [210, 211], [210, 215], [212, 213], [212, 215], [272, 273], [272, 286], [286, 287], [286, 306], [289, 290], [289, 294], [364, 365], [364, 366], [366, 367], [366, 369]]}, "": {"executed_lines": [], "summary": {"covered_lines": 0, "num_statements": 16, "percent_covered": 0.0, "percent_covered_display": "0.00", "missing_lines": 16, "excluded_lines": 0, "num_branches": 0, "num_partial_branches": 0, "covered_branches": 0, "missing_branches": 0}, "missing_lines": [13, 14, 15, 16, 17, 18, 19, 22, 25, 35, 54, 139, 157, 182, 219, 354], "excluded_lines": [], "executed_branches": [], "missing_branches": []}}}, "src/worldenergydata/__main__.py": {"executed_lines": [], "summary": {"covered_lines": 0, "num_statements": 2, "percent_covered": 0.0, "percent_covered_display": "0.00", "missing_lines": 2, "excluded_lines": 0, "num_branches": 0, "num_partial_branches": 0, "covered_branches": 0, "missing_branches": 0}, "missing_lines": [23, 25], "excluded_lines": [], "executed_branches": [], "missing_branches": [], "functions": {"": {"executed_lines": [], "summary": {"covered_lines": 0, "num_statements": 2, "percent_covered": 0.0, "percent_covered_display": "0.00", "missing_lines": 2, "excluded_lines": 0, "num_branches": 0, "num_partial_branches": 0, "covered_branches": 0, "missing_branches": 0}, "missing_lines": [23, 25], "excluded_lines": [], "executed_branches": [], "missing_branches": []}}, "classes": {"": {"executed_lines": [], "summary": {"covered_lines": 0, "num_statements": 2, "percent_covered": 0.0, "percent_covered_display": "0.00", "missing_lines": 2, "excluded_lines": 0, "num_branches": 0, "num_partial_branches": 0, "covered_branches": 0, "missing_branches": 0}, "missing_lines": [23, 25], "excluded_lines": [], "executed_branches": [], "missing_branches": []}}}, "src/worldenergydata/analysis/lower_tertiary/npv.py": {"executed_lines": [], "summary": {"covered_lines": 0, "num_statements": 100, "percent_covered": 0.0, "percent_covered_display": "0.00", "missing_lines": 100, "excluded_lines": 0, "num_branches": 20, "num_partial_branches": 0, "covered_branches": 0, "missing_branches": 20}, "missing_lines": [6, 8, 9, 11, 12, 15, 16, 17, 18, 21, 22, 25, 28, 29, 31, 32, 33, 34, 35, 40, 44, 51, 52, 53, 54, 55, 56, 59, 66, 67, 68, 70, 71, 73, 74, 75, 76, 78, 79, 80, 81, 82, 84, 85, 86, 87, 88, 89, 91, 92, 93, 94, 96, 108, 111, 118, 119, 120, 122, 125, 128, 129, 131, 132, 133, 134, 135, 136, 137, 138, 139, 140, 142, 145, 152, 153, 155, 156, 159, 161, 162, 163, 167, 169, 170, 172, 173, 175, 176, 177, 178, 179, 180, 181, 183, 184, 186, 187, 188, 190], "excluded_lines": [], "executed_branches": [], "missing_branches": [[33, 34], [33, 40], [52, 53], [52, 54], [54, 55], [54, 56], [67, 68], [67, 70], [74, 75], [74, 108], [81, 82], [81, 84], [87, 88], [87, 89], [119, 120], [119, 122], [152, 153], [152, 155], [169, 170], [169, 172]], "functions": {"_read_yaml": {"executed_lines": [], "summary": {"covered_lines": 0, "num_statements": 3, "percent_covered": 0.0, "percent_covered_display": "0.00", "missing_lines": 3, "excluded_lines": 0, "num_branches": 0, "num_partial_branches": 0, "covered_branches": 0, "missing_branches": 0}, "missing_lines": [16, 17, 18], "excluded_lines": [], "executed_branches": [], "missing_branches": []}, "_normalize_lease": {"executed_lines": [], "summary": {"covered_lines": 0, "num_statements": 1, "percent_covered": 0.0, "percent_covered_display": "0.00", "missing_lines": 1, "excluded_lines": 0, "num_branches": 0, "num_partial_branches": 0, "covered_branches": 0, "missing_branches": 0}, "missing_lines": [22], "excluded_lines": [], "executed_branches": [], "missing_branches": []}, "load_lease_mapping": {"executed_lines": [], "summary": {"covered_lines": 0, "num_statements": 9, "percent_covered": 0.0, "percent_covered_display": "0.00", "missing_lines": 9, "excluded_lines": 0, "num_branches": 2, "num_partial_branches": 0, "covered_branches": 0, "missing_branches": 2}, "missing_lines": [28, 29, 31, 32, 33, 34, 35, 40, 44], "excluded_lines": [], "executed_branches": [], "missing_branches": [[33, 34], [33, 40]]}, "_resolve_first_oil": {"executed_lines": [], "summary": {"covered_lines": 0, "num_statements": 5, "percent_covered": 0.0, "percent_covered_display": "0.00", "missing_lines": 5, "excluded_lines": 0, "num_branches": 4, "num_partial_branches": 0, "covered_branches": 0, "missing_branches": 4}, "missing_lines": [52, 53, 54, 55, 56], "excluded_lines": [], "executed_branches": [], "missing_branches": [[52, 53], [52, 54], [54, 55], [54, 56]]}, "load_field_inputs": {"executed_lines": [], "summary": {"covered_lines": 0, "num_statements": 26, "percent_covered": 0.0, "percent_covered_display": "0.00", "missing_lines": 26, "excluded_lines": 0, "num_branches": 8, "num_partial_branches": 0, "covered_branches": 0, "missing_branches": 8}, "missing_lines": [66, 67, 68, 70, 71, 73, 74, 75, 76, 78, 79, 80, 81, 82, 84, 85, 86, 87, 88, 89, 91, 92, 93, 94, 96, 108], "excluded_lines": [], "executed_branches": [], "missing_branches": [[67, 68], [67, 70], [74, 75], [74, 108], [81, 82], [81, 84], [87, 88], [87, 89]]}, "calculate_monthly_financials": {"executed_lines": [], "summary": {"covered_lines": 0, "num_statements": 18, "percent_covered": 0.0, "percent_covered_display": "0.00", "missing_lines": 18, "excluded_lines": 0, "num_branches": 2, "num_partial_branches": 0, "covered_branches": 0, "missing_branches": 2}, "missing_lines": [118, 119, 120, 122, 125, 128, 129, 131, 132, 133, 134, 135, 136, 137, 138, 139, 140, 142], "excluded_lines": [], "executed_branches": [], "missing_branches": [[119, 120], [119, 122]]}, "summarize_field_financials": {"executed_lines": [], "summary": {"covered_lines": 0, "num_statements": 26, "percent_covered": 0.0, "percent_covered_display": "0.00", "missing_lines": 26, "excluded_lines": 0, "num_branches": 4, "num_partial_branches": 0, "covered_branches": 0, "missing_branches": 4}, "missing_lines": [152, 153, 155, 156, 159, 161, 162, 163, 167, 169, 170, 172, 173, 175, 176, 177, 178, 179, 180, 181, 183, 184, 186, 187, 188, 190], "excluded_lines": [], "executed_branches": [], "missing_branches": [[152, 153], [152, 155], [169, 170], [169, 172]]}, "": {"executed_lines": [], "summary": {"covered_lines": 0, "num_statements": 12, "percent_covered": 0.0, "percent_covered_display": "0.00", "missing_lines": 12, "excluded_lines": 0, "num_branches": 0, "num_partial_branches": 0, "covered_branches": 0, "missing_branches": 0}, "missing_lines": [6, 8, 9, 11, 12, 15, 21, 25, 51, 59, 111, 145], "excluded_lines": [], "executed_branches": [], "missing_branches": []}}, "classes": {"": {"executed_lines": [], "summary": {"covered_lines": 0, "num_statements": 100, "percent_covered": 0.0, "percent_covered_display": "0.00", "missing_lines": 100, "excluded_lines": 0, "num_branches": 20, "num_partial_branches": 0, "covered_branches": 0, "missing_branches": 20}, "missing_lines": [6, 8, 9, 11, 12, 15, 16, 17, 18, 21, 22, 25, 28, 29, 31, 32, 33, 34, 35, 40, 44, 51, 52, 53, 54, 55, 56, 59, 66, 67, 68, 70, 71, 73, 74, 75, 76, 78, 79, 80, 81, 82, 84, 85, 86, 87, 88, 89, 91, 92, 93, 94, 96, 108, 111, 118, 119, 120, 122, 125, 128, 129, 131, 132, 133, 134, 135, 136, 137, 138, 139, 140, 142, 145, 152, 153, 155, 156, 159, 161, 162, 163, 167, 169, 170, 172, 173, 175, 176, 177, 178, 179, 180, 181, 183, 184, 186, 187, 188, 190], "excluded_lines": [], "executed_branches": [], "missing_branches": [[33, 34], [33, 40], [52, 53], [52, 54], [54, 55], [54, 56], [67, 68], [67, 70], [74, 75], [74, 108], [81, 82], [81, 84], [87, 88], [87, 89], [119, 120], [119, 122], [152, 153], [152, 155], [169, 170], [169, 172]]}}}, "src/worldenergydata/engine.py": {"executed_lines": [], "summary": {"covered_lines": 0, "num_statements": 40, "percent_covered": 0.0, "percent_covered_display": "0.00", "missing_lines": 40, "excluded_lines": 3, "num_branches": 12, "num_partial_branches": 0, "covered_branches": 0, "missing_branches": 12}, "missing_lines": [2, 3, 4, 7, 11, 13, 14, 17, 18, 20, 21, 22, 24, 27, 29, 30, 31, 32, 33, 34, 35, 37, 38, 39, 40, 42, 44, 45, 46, 47, 48, 50, 55, 56, 57, 59, 60, 61, 71, 73], "excluded_lines": [52, 64, 70], "executed_branches": [], "missing_branches": [[30, 31], [30, 37], [34, 35], [34, 37], [37, 38], [37, 39], [39, 40], [39, 42], [44, 45], [44, 50], [55, 56], [55, 59]], "functions": {"engine": {"executed_lines": [], "summary": {"covered_lines": 0, "num_statements": 26, "percent_covered": 0.0, "percent_covered_display": "0.00", "missing_lines": 26, "excluded_lines": 3, "num_branches": 12, "num_partial_branches": 0, "covered_branches": 0, "missing_branches": 12}, "missing_lines": [29, 30, 31, 32, 33, 34, 35, 37, 38, 39, 40, 42, 44, 45, 46, 47, 48, 50, 55, 56, 57, 59, 60, 61, 71, 73], "excluded_lines": [52, 64, 70], "executed_branches": [], "missing_branches": [[30, 31], [30, 37], [34, 35], [34, 37], [37, 38], [37, 39], [39, 40], [39, 42], [44, 45], [44, 50], [55, 56], [55, 59]]}, "": {"executed_lines": [], "summary": {"covered_lines": 0, "num_statements": 14, "percent_covered": 0.0, "percent_covered_display": "0.00", "missing_lines": 14, "excluded_lines": 0, "num_branches": 0, "num_partial_branches": 0, "covered_branches": 0, "missing_branches": 0}, "missing_lines": [2, 3, 4, 7, 11, 13, 14, 17, 18, 20, 21, 22, 24, 27], "excluded_lines": [], "executed_branches": [], "missing_branches": []}}, "classes": {"": {"executed_lines": [], "summary": {"covered_lines": 0, "num_statements": 40, "percent_covered": 0.0, "percent_covered_display": "0.00", "missing_lines": 40, "excluded_lines": 3, "num_branches": 12, "num_partial_branches": 0, "covered_branches": 0, "missing_branches": 12}, "missing_lines": [2, 3, 4, 7, 11, 13, 14, 17, 18, 20, 21, 22, 24, 27, 29, 30, 31, 32, 33, 34, 35, 37, 38, 39, 40, 42, 44, 45, 46, 47, 48, 50, 55, 56, 57, 59, 60, 61, 71, 73], "excluded_lines": [52, 64, 70], "executed_branches": [], "missing_branches": [[30, 31], [30, 37], [34, 35], [34, 37], [37, 38], [37, 39], [39, 40], [39, 42], [44, 45], [44, 50], [55, 56], [55, 59]]}}}, "src/worldenergydata/testing/performance/analyzer.py": {"executed_lines": [1, 5, 6, 7, 8, 9, 12, 13, 15, 24, 72, 103, 161, 225, 307], "summary": {"covered_lines": 13, "num_statements": 108, "percent_covered": 8.666666666666666, "percent_covered_display": "8.67", "missing_lines": 95, "excluded_lines": 1, "num_branches": 42, "num_partial_branches": 0, "covered_branches": 0, "missing_branches": 42}, "missing_lines": [22, 34, 36, 37, 43, 46, 49, 52, 53, 55, 57, 82, 84, 85, 88, 91, 94, 95, 98, 100, 115, 118, 120, 121, 124, 126, 127, 130, 131, 133, 134, 137, 139, 140, 141, 142, 144, 145, 157, 159, 171, 173, 174, 180, 182, 183, 189, 192, 193, 194, 197, 198, 200, 201, 202, 203, 205, 206, 207, 208, 210, 232, 235, 237, 238, 239, 249, 250, 251, 253, 264, 265, 270, 271, 280, 282, 283, 293, 294, 296, 297, 305, 317, 319, 320, 325, 329, 332, 334, 336, 337, 340, 343, 344, 346], "excluded_lines": [254], "executed_branches": [], "missing_branches": [[36, 37], [36, 43], [84, 85], [84, 88], [120, 121], [120, 157], [126, 127], [126, 130], [133, 134], [133, 137], [139, 120], [139, 140], [144, 120], [144, 145], [173, 174], [173, 180], [182, 183], [182, 189], [201, 202], [201, 210], [205, 206], [205, 207], [207, 208], [207, 210], [237, 238], [237, 249], [250, 251], [250, 264], [264, 265], [264, 280], [270, 271], [270, 280], [282, 283], [282, 293], [293, 294], [293, 305], [296, 297], [296, 305], [319, 320], [319, 325], [334, 336], [334, 340]], "functions": {"PerformanceAnalyzer.__init__": {"executed_lines": [], "summary": {"covered_lines": 0, "num_statements": 1, "percent_covered": 0.0, "percent_covered_display": "0.00", "missing_lines": 1, "excluded_lines": 0, "num_branches": 0, "num_partial_branches": 0, "covered_branches": 0, "missing_branches": 0}, "missing_lines": [22], "excluded_lines": [], "executed_branches": [], "missing_branches": []}, "PerformanceAnalyzer.analyze_trends": {"executed_lines": [], "summary": {"covered_lines": 0, "num_statements": 10, "percent_covered": 0.0, "percent_covered_display": "0.00", "missing_lines": 10, "excluded_lines": 0, "num_branches": 2, "num_partial_branches": 0, "covered_branches": 0, "missing_branches": 2}, "missing_lines": [34, 36, 37, 43, 46, 49, 52, 53, 55, 57], "excluded_lines": [], "executed_branches": [], "missing_branches": [[36, 37], [36, 43]]}, "PerformanceAnalyzer.identify_slow_tests": {"executed_lines": [], "summary": {"covered_lines": 0, "num_statements": 9, "percent_covered": 0.0, "percent_covered_display": "0.00", "missing_lines": 9, "excluded_lines": 0, "num_branches": 2, "num_partial_branches": 0, "covered_branches": 0, "missing_branches": 2}, "missing_lines": [82, 84, 85, 88, 91, 94, 95, 98, 100], "excluded_lines": [], "executed_branches": [], "missing_branches": [[84, 85], [84, 88]]}, "PerformanceAnalyzer.detect_regressions": {"executed_lines": [], "summary": {"covered_lines": 0, "num_statements": 20, "percent_covered": 0.0, "percent_covered_display": "0.00", "missing_lines": 20, "excluded_lines": 0, "num_branches": 10, "num_partial_branches": 0, "covered_branches": 0, "missing_branches": 10}, "missing_lines": [115, 118, 120, 121, 124, 126, 127, 130, 131, 133, 134, 137, 139, 140, 141, 142, 144, 145, 157, 159], "excluded_lines": [], "executed_branches": [], "missing_branches": [[120, 121], [120, 157], [126, 127], [126, 130], [133, 134], [133, 137], [139, 120], [139, 140], [144, 120], [144, 145]]}, "PerformanceAnalyzer.analyze_test_stability": {"executed_lines": [], "summary": {"covered_lines": 0, "num_statements": 21, "percent_covered": 0.0, "percent_covered_display": "0.00", "missing_lines": 21, "excluded_lines": 0, "num_branches": 10, "num_partial_branches": 0, "covered_branches": 0, "missing_branches": 10}, "missing_lines": [171, 173, 174, 180, 182, 183, 189, 192, 193, 194, 197, 198, 200, 201, 202, 203, 205, 206, 207, 208, 210], "excluded_lines": [], "executed_branches": [], "missing_branches": [[173, 174], [173, 180], [182, 183], [182, 189], [201, 202], [201, 210], [205, 206], [205, 207], [207, 208], [207, 210]]}, "PerformanceAnalyzer.get_optimization_recommendations": {"executed_lines": [], "summary": {"covered_lines": 0, "num_statements": 21, "percent_covered": 0.0, "percent_covered_display": "0.00", "missing_lines": 21, "excluded_lines": 1, "num_branches": 14, "num_partial_branches": 0, "covered_branches": 0, "missing_branches": 14}, "missing_lines": [232, 235, 237, 238, 239, 249, 250, 251, 253, 264, 265, 270, 271, 280, 282, 283, 293, 294, 296, 297, 305], "excluded_lines": [254], "executed_branches": [], "missing_branches": [[237, 238], [237, 249], [250, 251], [250, 264], [264, 265], [264, 280], [270, 271], [270, 280], [282, 283], [282, 293], [293, 294], [293, 305], [296, 297], [296, 305]]}, "PerformanceAnalyzer.calculate_parallel_efficiency": {"executed_lines": [], "summary": {"covered_lines": 0, "num_statements": 13, "percent_covered": 0.0, "percent_covered_display": "0.00", "missing_lines": 13, "excluded_lines": 0, "num_branches": 4, "num_partial_branches": 0, "covered_branches": 0, "missing_branches": 4}, "missing_lines": [317, 319, 320, 325, 329, 332, 334, 336, 337, 340, 343, 344, 346], "excluded_lines": [], "executed_branches": [], "missing_branches": [[319, 320], [319, 325], [334, 336], [334, 340]]}, "": {"executed_lines": [1, 5, 6, 7, 8, 9, 12, 13, 15, 24, 72, 103, 161, 225, 307], "summary": {"covered_lines": 13, "num_statements": 13, "percent_covered": 100.0, "percent_covered_display": "100.00", "missing_lines": 0, "excluded_lines": 0, "num_branches": 0, "num_partial_branches": 0, "covered_branches": 0, "missing_branches": 0}, "missing_lines": [], "excluded_lines": [], "executed_branches": [], "missing_branches": []}}, "classes": {"PerformanceAnalyzer": {"executed_lines": [], "summary": {"covered_lines": 0, "num_statements": 95, "percent_covered": 0.0, "percent_covered_display": "0.00", "missing_lines": 95, "excluded_lines": 1, "num_branches": 42, "num_partial_branches": 0, "covered_branches": 0, "missing_branches": 42}, "missing_lines": [22, 34, 36, 37, 43, 46, 49, 52, 53, 55, 57, 82, 84, 85, 88, 91, 94, 95, 98, 100, 115, 118, 120, 121, 124, 126, 127, 130, 131, 133, 134, 137, 139, 140, 141, 142, 144, 145, 157, 159, 171, 173, 174, 180, 182, 183, 189, 192, 193, 194, 197, 198, 200, 201, 202, 203, 205, 206, 207, 208, 210, 232, 235, 237, 238, 239, 249, 250, 251, 253, 264, 265, 270, 271, 280, 282, 283, 293, 294, 296, 297, 305, 317, 319, 320, 325, 329, 332, 334, 336, 337, 340, 343, 344, 346], "excluded_lines": [254], "executed_branches": [], "missing_branches": [[36, 37], [36, 43], [84, 85], [84, 88], [120, 121], [120, 157], [126, 127], [126, 130], [133, 134], [133, 137], [139, 120], [139, 140], [144, 120], [144, 145], [173, 174], [173, 180], [182, 183], [182, 189], [201, 202], [201, 210], [205, 206], [205, 207], [207, 208], [207, 210], [237, 238], [237, 249], [250, 251], [250, 264], [264, 265], [264, 280], [270, 271], [270, 280], [282, 283], [282, 293], [293, 294], [293, 305], [296, 297], [296, 305], [319, 320], [319, 325], [334, 336], [334, 340]]}, "": {"executed_lines": [1, 5, 6, 7, 8, 9, 12, 13, 15, 24, 72, 103, 161, 225, 307], "summary": {"covered_lines": 13, "num_statements": 13, "percent_covered": 100.0, "percent_covered_display": "100.00", "missing_lines": 0, "excluded_lines": 0, "num_branches": 0, "num_partial_branches": 0, "covered_branches": 0, "missing_branches": 0}, "missing_lines": [], "excluded_lines": [], "executed_branches": [], "missing_branches": []}}}, "src/worldenergydata/testing/performance/dashboard.py": {"executed_lines": [1, 5, 6, 7, 8, 9, 10, 11, 12, 15, 16, 18, 28, 122, 173, 221, 315, 419, 443], "summary": {"covered_lines": 17, "num_statements": 112, "percent_covered": 13.492063492063492, "percent_covered_display": "13.49", "missing_lines": 95, "excluded_lines": 2, "num_branches": 14, "num_partial_branches": 0, "covered_branches": 0, "missing_branches": 14}, "missing_lines": [25, 26, 38, 40, 41, 44, 57, 69, 81, 93, 105, 113, 114, 115, 116, 117, 118, 120, 132, 134, 135, 142, 145, 162, 171, 180, 182, 183, 186, 188, 199, 200, 202, 203, 204, 211, 219, 231, 233, 234, 239, 240, 242, 245, 262, 263, 264, 266, 278, 279, 287, 289, 297, 305, 313, 325, 326, 327, 328, 330, 331, 333, 334, 335, 336, 338, 339, 340, 343, 353, 365, 377, 393, 404, 410, 411, 412, 413, 414, 415, 417, 421, 423, 435, 441, 451, 452, 453, 454, 457, 458, 459, 460, 463, 535], "excluded_lines": [138, 237], "executed_branches": [], "missing_branches": [[40, 41], [40, 44], [182, 183], [182, 186], [202, 203], [202, 211], [239, 240], [239, 242], [263, 264], [263, 278], [330, 331], [330, 343], [333, 334], [333, 338]], "functions": {"PerformanceDashboard.__init__": {"executed_lines": [], "summary": {"covered_lines": 0, "num_statements": 2, "percent_covered": 0.0, "percent_covered_display": "0.00", "missing_lines": 2, "excluded_lines": 0, "num_branches": 0, "num_partial_branches": 0, "covered_branches": 0, "missing_branches": 0}, "missing_lines": [25, 26], "excluded_lines": [], "executed_branches": [], "missing_branches": []}, "PerformanceDashboard.create_trends_chart": {"executed_lines": [], "summary": {"covered_lines": 0, "num_statements": 16, "percent_covered": 0.0, "percent_covered_display": "0.00", "missing_lines": 16, "excluded_lines": 0, "num_branches": 2, "num_partial_branches": 0, "covered_branches": 0, "missing_branches": 2}, "missing_lines": [38, 40, 41, 44, 57, 69, 81, 93, 105, 113, 114, 115, 116, 117, 118, 120], "excluded_lines": [], "executed_branches": [], "missing_branches": [[40, 41], [40, 44]]}, "PerformanceDashboard.create_slowest_tests_chart": {"executed_lines": [], "summary": {"covered_lines": 0, "num_statements": 7, "percent_covered": 0.0, "percent_covered_display": "0.00", "missing_lines": 7, "excluded_lines": 1, "num_branches": 0, "num_partial_branches": 0, "covered_branches": 0, "missing_branches": 0}, "missing_lines": [132, 134, 135, 142, 145, 162, 171], "excluded_lines": [138], "executed_branches": [], "missing_branches": []}, "PerformanceDashboard.create_test_distribution_chart": {"executed_lines": [], "summary": {"covered_lines": 0, "num_statements": 12, "percent_covered": 0.0, "percent_covered_display": "0.00", "missing_lines": 12, "excluded_lines": 0, "num_branches": 4, "num_partial_branches": 0, "covered_branches": 0, "missing_branches": 4}, "missing_lines": [180, 182, 183, 186, 188, 199, 200, 202, 203, 204, 211, 219], "excluded_lines": [], "executed_branches": [], "missing_branches": [[182, 183], [182, 186], [202, 203], [202, 211]]}, "PerformanceDashboard.create_regression_chart": {"executed_lines": [], "summary": {"covered_lines": 0, "num_statements": 18, "percent_covered": 0.0, "percent_covered_display": "0.00", "missing_lines": 18, "excluded_lines": 1, "num_branches": 4, "num_partial_branches": 0, "covered_branches": 0, "missing_branches": 4}, "missing_lines": [231, 233, 234, 239, 240, 242, 245, 262, 263, 264, 266, 278, 279, 287, 289, 297, 305, 313], "excluded_lines": [237], "executed_branches": [], "missing_branches": [[239, 240], [239, 242], [263, 264], [263, 278]]}, "PerformanceDashboard.create_parallelization_chart": {"executed_lines": [], "summary": {"covered_lines": 0, "num_statements": 26, "percent_covered": 0.0, "percent_covered_display": "0.00", "missing_lines": 26, "excluded_lines": 0, "num_branches": 4, "num_partial_branches": 0, "covered_branches": 0, "missing_branches": 4}, "missing_lines": [325, 326, 327, 328, 330, 331, 333, 334, 335, 336, 338, 339, 340, 343, 353, 365, 377, 393, 404, 410, 411, 412, 413, 414, 415, 417], "excluded_lines": [], "executed_branches": [], "missing_branches": [[330, 331], [330, 343], [333, 334], [333, 338]]}, "PerformanceDashboard._create_empty_figure": {"executed_lines": [], "summary": {"covered_lines": 0, "num_statements": 4, "percent_covered": 0.0, "percent_covered_display": "0.00", "missing_lines": 4, "excluded_lines": 0, "num_branches": 0, "num_partial_branches": 0, "covered_branches": 0, "missing_branches": 0}, "missing_lines": [421, 423, 435, 441], "excluded_lines": [], "executed_branches": [], "missing_branches": []}, "PerformanceDashboard.generate_dashboard": {"executed_lines": [], "summary": {"covered_lines": 0, "num_statements": 10, "percent_covered": 0.0, "percent_covered_display": "0.00", "missing_lines": 10, "excluded_lines": 0, "num_branches": 0, "num_partial_branches": 0, "covered_branches": 0, "missing_branches": 0}, "missing_lines": [451, 452, 453, 454, 457, 458, 459, 460, 463, 535], "excluded_lines": [], "executed_branches": [], "missing_branches": []}, "": {"executed_lines": [1, 5, 6, 7, 8, 9, 10, 11, 12, 15, 16, 18, 28, 122, 173, 221, 315, 419, 443], "summary": {"covered_lines": 17, "num_statements": 17, "percent_covered": 100.0, "percent_covered_display": "100.00", "missing_lines": 0, "excluded_lines": 0, "num_branches": 0, "num_partial_branches": 0, "covered_branches": 0, "missing_branches": 0}, "missing_lines": [], "excluded_lines": [], "executed_branches": [], "missing_branches": []}}, "classes": {"PerformanceDashboard": {"executed_lines": [], "summary": {"covered_lines": 0, "num_statements": 95, "percent_covered": 0.0, "percent_covered_display": "0.00", "missing_lines": 95, "excluded_lines": 2, "num_branches": 14, "num_partial_branches": 0, "covered_branches": 0, "missing_branches": 14}, "missing_lines": [25, 26, 38, 40, 41, 44, 57, 69, 81, 93, 105, 113, 114, 115, 116, 117, 118, 120, 132, 134, 135, 142, 145, 162, 171, 180, 182, 183, 186, 188, 199, 200, 202, 203, 204, 211, 219, 231, 233, 234, 239, 240, 242, 245, 262, 263, 264, 266, 278, 279, 287, 289, 297, 305, 313, 325, 326, 327, 328, 330, 331, 333, 334, 335, 336, 338, 339, 340, 343, 353, 365, 377, 393, 404, 410, 411, 412, 413, 414, 415, 417, 421, 423, 435, 441, 451, 452, 453, 454, 457, 458, 459, 460, 463, 535], "excluded_lines": [138, 237], "executed_branches": [], "missing_branches": [[40, 41], [40, 44], [182, 183], [182, 186], [202, 203], [202, 211], [239, 240], [239, 242], [263, 264], [263, 278], [330, 331], [330, 343], [333, 334], [333, 338]]}, "": {"executed_lines": [1, 5, 6, 7, 8, 9, 10, 11, 12, 15, 16, 18, 28, 122, 173, 221, 315, 419, 443], "summary": {"covered_lines": 17, "num_statements": 17, "percent_covered": 100.0, "percent_covered_display": "100.00", "missing_lines": 0, "excluded_lines": 0, "num_branches": 0, "num_partial_branches": 0, "covered_branches": 0, "missing_branches": 0}, "missing_lines": [], "excluded_lines": [], "executed_branches": [], "missing_branches": []}}}, "src/worldenergydata/testing/performance/database.py": {"executed_lines": [1, 5, 6, 7, 8, 9, 10, 11, 12, 15, 16, 17, 18, 19, 20, 21, 22, 23, 24, 25, 26, 27, 29, 38, 39, 41, 48, 51, 52, 54, 56, 57, 75, 80, 85, 91, 109, 126, 128, 129, 131, 132, 133, 134, 136, 138, 171, 218, 248, 274, 321, 356, 377, 428], "summary": {"covered_lines": 48, "num_statements": 105, "percent_covered": 39.83739837398374, "percent_covered_display": "39.84", "missing_lines": 57, "excluded_lines": 8, "num_branches": 18, "num_partial_branches": 1, "covered_branches": 1, "missing_branches": 17}, "missing_lines": [31, 32, 33, 34, 35, 49, 145, 146, 148, 167, 169, 174, 178, 216, 220, 230, 231, 233, 259, 260, 267, 269, 270, 272, 286, 287, 288, 302, 304, 317, 319, 331, 348, 350, 351, 354, 363, 364, 369, 371, 373, 375, 389, 391, 397, 398, 401, 409, 410, 413, 415, 416, 426, 435, 436, 441, 444], "excluded_lines": [21, 91, 109, 180, 198, 332, 352, 372], "executed_branches": [[48, 51]], "missing_branches": [[33, 34], [33, 35], [48, 49], [230, -218], [230, 231], [269, 270], [269, 272], [287, 288], [287, 304], [350, 351], [350, 354], [397, 398], [397, 401], [409, 410], [409, 413], [415, 416], [415, 426]], "functions": {"TestExecutionRecord.to_dict": {"executed_lines": [], "summary": {"covered_lines": 0, "num_statements": 5, "percent_covered": 0.0, "percent_covered_display": "0.00", "missing_lines": 5, "excluded_lines": 0, "num_branches": 2, "num_partial_branches": 0, "covered_branches": 0, "missing_branches": 2}, "missing_lines": [31, 32, 33, 34, 35], "excluded_lines": [], "executed_branches": [], "missing_branches": [[33, 34], [33, 35]]}, "PerformanceDatabase.__init__": {"executed_lines": [48, 51, 52], "summary": {"covered_lines": 3, "num_statements": 4, "percent_covered": 66.66666666666667, "percent_covered_display": "66.67", "missing_lines": 1, "excluded_lines": 0, "num_branches": 2, "num_partial_branches": 1, "covered_branches": 1, "missing_branches": 1}, "missing_lines": [49], "excluded_lines": [], "executed_branches": [[48, 51]], "missing_branches": [[48, 49]]}, "PerformanceDatabase._init_database": {"executed_lines": [56, 57, 75, 80, 85, 91, 109, 126], "summary": {"covered_lines": 6, "num_statements": 6, "percent_covered": 100.0, "percent_covered_display": "100.00", "missing_lines": 0, "excluded_lines": 2, "num_branches": 0, "num_partial_branches": 0, "covered_branches": 0, "missing_branches": 0}, "missing_lines": [], "excluded_lines": [91, 109], "executed_branches": [], "missing_branches": []}, "PerformanceDatabase._get_connection": {"executed_lines": [131, 132, 133, 134, 136], "summary": {"covered_lines": 5, "num_statements": 5, "percent_covered": 100.0, "percent_covered_display": "100.00", "missing_lines": 0, "excluded_lines": 0, "num_branches": 0, "num_partial_branches": 0, "covered_branches": 0, "missing_branches": 0}, "missing_lines": [], "excluded_lines": [], "executed_branches": [], "missing_branches": []}, "PerformanceDatabase.record_execution": {"executed_lines": [], "summary": {"covered_lines": 0, "num_statements": 5, "percent_covered": 0.0, "percent_covered_display": "0.00", "missing_lines": 5, "excluded_lines": 0, "num_branches": 0, "num_partial_branches": 0, "covered_branches": 0, "missing_branches": 0}, "missing_lines": [145, 146, 148, 167, 169], "excluded_lines": [], "executed_branches": [], "missing_branches": []}, "PerformanceDatabase._update_statistics": {"executed_lines": [], "summary": {"covered_lines": 0, "num_statements": 3, "percent_covered": 0.0, "percent_covered_display": "0.00", "missing_lines": 3, "excluded_lines": 2, "num_branches": 0, "num_partial_branches": 0, "covered_branches": 0, "missing_branches": 0}, "missing_lines": [174, 178, 216], "excluded_lines": [180, 198], "executed_branches": [], "missing_branches": []}, "PerformanceDatabase._update_duration_stats": {"executed_lines": [], "summary": {"covered_lines": 0, "num_statements": 4, "percent_covered": 0.0, "percent_covered_display": "0.00", "missing_lines": 4, "excluded_lines": 0, "num_branches": 2, "num_partial_branches": 0, "covered_branches": 0, "missing_branches": 2}, "missing_lines": [220, 230, 231, 233], "excluded_lines": [], "executed_branches": [], "missing_branches": [[230, -218], [230, 231]]}, "PerformanceDatabase.get_test_history": {"executed_lines": [], "summary": {"covered_lines": 0, "num_statements": 6, "percent_covered": 0.0, "percent_covered_display": "0.00", "missing_lines": 6, "excluded_lines": 0, "num_branches": 2, "num_partial_branches": 0, "covered_branches": 0, "missing_branches": 2}, "missing_lines": [259, 260, 267, 269, 270, 272], "excluded_lines": [], "executed_branches": [], "missing_branches": [[269, 270], [269, 272]]}, "PerformanceDatabase.get_slowest_tests": {"executed_lines": [], "summary": {"covered_lines": 0, "num_statements": 7, "percent_covered": 0.0, "percent_covered_display": "0.00", "missing_lines": 7, "excluded_lines": 0, "num_branches": 2, "num_partial_branches": 0, "covered_branches": 0, "missing_branches": 2}, "missing_lines": [286, 287, 288, 302, 304, 317, 319], "excluded_lines": [], "executed_branches": [], "missing_branches": [[287, 288], [287, 304]]}, "PerformanceDatabase.get_performance_trends": {"executed_lines": [], "summary": {"covered_lines": 0, "num_statements": 5, "percent_covered": 0.0, "percent_covered_display": "0.00", "missing_lines": 5, "excluded_lines": 2, "num_branches": 2, "num_partial_branches": 0, "covered_branches": 0, "missing_branches": 2}, "missing_lines": [331, 348, 350, 351, 354], "excluded_lines": [332, 352], "executed_branches": [], "missing_branches": [[350, 351], [350, 354]]}, "PerformanceDatabase.get_test_statistics": {"executed_lines": [], "summary": {"covered_lines": 0, "num_statements": 6, "percent_covered": 0.0, "percent_covered_display": "0.00", "missing_lines": 6, "excluded_lines": 1, "num_branches": 0, "num_partial_branches": 0, "covered_branches": 0, "missing_branches": 0}, "missing_lines": [363, 364, 369, 371, 373, 375], "excluded_lines": [372], "executed_branches": [], "missing_branches": []}, "PerformanceDatabase.detect_performance_regression": {"executed_lines": [], "summary": {"covered_lines": 0, "num_statements": 11, "percent_covered": 0.0, "percent_covered_display": "0.00", "missing_lines": 11, "excluded_lines": 0, "num_branches": 6, "num_partial_branches": 0, "covered_branches": 0, "missing_branches": 6}, "missing_lines": [389, 391, 397, 398, 401, 409, 410, 413, 415, 416, 426], "excluded_lines": [], "executed_branches": [], "missing_branches": [[397, 398], [397, 401], [409, 410], [409, 413], [415, 416], [415, 426]]}, "PerformanceDatabase.cleanup_old_records": {"executed_lines": [], "summary": {"covered_lines": 0, "num_statements": 4, "percent_covered": 0.0, "percent_covered_display": "0.00", "missing_lines": 4, "excluded_lines": 0, "num_branches": 0, "num_partial_branches": 0, "covered_branches": 0, "missing_branches": 0}, "missing_lines": [435, 436, 441, 444], "excluded_lines": [], "executed_branches": [], "missing_branches": []}, "": {"executed_lines": [1, 5, 6, 7, 8, 9, 10, 11, 12, 15, 16, 17, 18, 19, 20, 21, 22, 23, 24, 25, 26, 27, 29, 38, 39, 41, 54, 128, 129, 138, 171, 218, 248, 274, 321, 356, 377, 428], "summary": {"covered_lines": 34, "num_statements": 34, "percent_covered": 100.0, "percent_covered_display": "100.00", "missing_lines": 0, "excluded_lines": 1, "num_branches": 0, "num_partial_branches": 0, "covered_branches": 0, "missing_branches": 0}, "missing_lines": [], "excluded_lines": [21], "executed_branches": [], "missing_branches": []}}, "classes": {"TestExecutionRecord": {"executed_lines": [], "summary": {"covered_lines": 0, "num_statements": 5, "percent_covered": 0.0, "percent_covered_display": "0.00", "missing_lines": 5, "excluded_lines": 0, "num_branches": 2, "num_partial_branches": 0, "covered_branches": 0, "missing_branches": 2}, "missing_lines": [31, 32, 33, 34, 35], "excluded_lines": [], "executed_branches": [], "missing_branches": [[33, 34], [33, 35]]}, "PerformanceDatabase": {"executed_lines": [48, 51, 52, 56, 57, 75, 80, 85, 91, 109, 126, 131, 132, 133, 134, 136], "summary": {"covered_lines": 14, "num_statements": 66, "percent_covered": 18.29268292682927, "percent_covered_display": "18.29", "missing_lines": 52, "excluded_lines": 7, "num_branches": 16, "num_partial_branches": 1, "covered_branches": 1, "missing_branches": 15}, "missing_lines": [49, 145, 146, 148, 167, 169, 174, 178, 216, 220, 230, 231, 233, 259, 260, 267, 269, 270, 272, 286, 287, 288, 302, 304, 317, 319, 331, 348, 350, 351, 354, 363, 364, 369, 371, 373, 375, 389, 391, 397, 398, 401, 409, 410, 413, 415, 416, 426, 435, 436, 441, 444], "excluded_lines": [91, 109, 180, 198, 332, 352, 372], "executed_branches": [[48, 51]], "missing_branches": [[48, 49], [230, -218], [230, 231], [269, 270], [269, 272], [287, 288], [287, 304], [350, 351], [350, 354], [397, 398], [397, 401], [409, 410], [409, 413], [415, 416], [415, 426]]}, "": {"executed_lines": [1, 5, 6, 7, 8, 9, 10, 11, 12, 15, 16, 17, 18, 19, 20, 21, 22, 23, 24, 25, 26, 27, 29, 38, 39, 41, 54, 128, 129, 138, 171, 218, 248, 274, 321, 356, 377, 428], "summary": {"covered_lines": 34, "num_statements": 34, "percent_covered": 100.0, "percent_covered_display": "100.00", "missing_lines": 0, "excluded_lines": 1, "num_branches": 0, "num_partial_branches": 0, "covered_branches": 0, "missing_branches": 0}, "missing_lines": [], "excluded_lines": [21], "executed_branches": [], "missing_branches": []}}}, "src/worldenergydata/testing/performance/reporter.py": {"executed_lines": [1, 5, 6, 7, 8, 9, 10, 11, 14, 15, 17, 27, 130, 179, 398, 421, 425], "summary": {"covered_lines": 15, "num_statements": 131, "percent_covered": 8.670520231213873, "percent_covered_display": "8.67", "missing_lines": 116, "excluded_lines": 0, "num_branches": 42, "num_partial_branches": 0, "covered_branches": 0, "missing_branches": 42}, "missing_lines": [24, 25, 37, 40, 41, 42, 43, 44, 45, 48, 50, 51, 52, 53, 54, 55, 56, 57, 58, 61, 62, 64, 66, 67, 68, 69, 71, 73, 76, 77, 79, 81, 82, 83, 84, 85, 87, 89, 92, 93, 95, 97, 98, 99, 100, 101, 102, 104, 106, 109, 110, 112, 114, 115, 116, 117, 118, 119, 121, 123, 124, 125, 126, 128, 140, 149, 152, 153, 156, 159, 161, 162, 169, 172, 175, 177, 189, 191, 289, 290, 291, 306, 307, 308, 319, 332, 333, 342, 346, 347, 360, 361, 369, 373, 374, 377, 378, 379, 384, 385, 386, 390, 396, 407, 409, 410, 411, 412, 413, 414, 415, 416, 417, 419, 423, 427], "excluded_lines": [], "executed_branches": [], "missing_branches": [[50, 51], [50, 61], [66, 67], [66, 71], [67, 68], [67, 73], [81, 82], [81, 87], [82, 83], [82, 89], [97, 98], [97, 104], [98, 99], [98, 106], [101, 98], [101, 102], [114, 115], [114, 121], [161, 162], [161, 169], [289, 290], [289, 306], [306, 307], [306, 319], [332, 333], [332, 342], [346, 347], [346, 373], [360, 361], [360, 369], [373, 374], [373, 390], [377, 378], [377, 390], [384, 385], [384, 386], [409, 410], [409, 412], [412, 413], [412, 415], [415, 416], [415, 419]], "functions": {"PerformanceReporter.__init__": {"executed_lines": [], "summary": {"covered_lines": 0, "num_statements": 2, "percent_covered": 0.0, "percent_covered_display": "0.00", "missing_lines": 2, "excluded_lines": 0, "num_branches": 0, "num_partial_branches": 0, "covered_branches": 0, "missing_branches": 0}, "missing_lines": [24, 25], "excluded_lines": [], "executed_branches": [], "missing_branches": []}, "PerformanceReporter.generate_text_report": {"executed_lines": [], "summary": {"covered_lines": 0, "num_statements": 62, "percent_covered": 0.0, "percent_covered_display": "0.00", "missing_lines": 62, "excluded_lines": 0, "num_branches": 18, "num_partial_branches": 0, "covered_branches": 0, "missing_branches": 18}, "missing_lines": [37, 40, 41, 42, 43, 44, 45, 48, 50, 51, 52, 53, 54, 55, 56, 57, 58, 61, 62, 64, 66, 67, 68, 69, 71, 73, 76, 77, 79, 81, 82, 83, 84, 85, 87, 89, 92, 93, 95, 97, 98, 99, 100, 101, 102, 104, 106, 109, 110, 112, 114, 115, 116, 117, 118, 119, 121, 123, 124, 125, 126, 128], "excluded_lines": [], "executed_branches": [], "missing_branches": [[50, 51], [50, 61], [66, 67], [66, 71], [67, 68], [67, 73], [81, 82], [81, 87], [82, 83], [82, 89], [97, 98], [97, 104], [98, 99], [98, 106], [101, 98], [101, 102], [114, 115], [114, 121]]}, "PerformanceReporter.generate_json_report": {"executed_lines": [], "summary": {"covered_lines": 0, "num_statements": 12, "percent_covered": 0.0, "percent_covered_display": "0.00", "missing_lines": 12, "excluded_lines": 0, "num_branches": 2, "num_partial_branches": 0, "covered_branches": 0, "missing_branches": 2}, "missing_lines": [140, 149, 152, 153, 156, 159, 161, 162, 169, 172, 175, 177], "excluded_lines": [], "executed_branches": [], "missing_branches": [[161, 162], [161, 169]]}, "PerformanceReporter.generate_html_report": {"executed_lines": [], "summary": {"covered_lines": 0, "num_statements": 27, "percent_covered": 0.0, "percent_covered_display": "0.00", "missing_lines": 27, "excluded_lines": 0, "num_branches": 16, "num_partial_branches": 0, "covered_branches": 0, "missing_branches": 16}, "missing_lines": [189, 191, 289, 290, 291, 306, 307, 308, 319, 332, 333, 342, 346, 347, 360, 361, 369, 373, 374, 377, 378, 379, 384, 385, 386, 390, 396], "excluded_lines": [], "executed_branches": [], "missing_branches": [[289, 290], [289, 306], [306, 307], [306, 319], [332, 333], [332, 342], [346, 347], [346, 373], [360, 361], [360, 369], [373, 374], [373, 390], [377, 378], [377, 390], [384, 385], [384, 386]]}, "PerformanceReporter.save_report": {"executed_lines": [], "summary": {"covered_lines": 0, "num_statements": 11, "percent_covered": 0.0, "percent_covered_display": "0.00", "missing_lines": 11, "excluded_lines": 0, "num_branches": 6, "num_partial_branches": 0, "covered_branches": 0, "missing_branches": 6}, "missing_lines": [407, 409, 410, 411, 412, 413, 414, 415, 416, 417, 419], "excluded_lines": [], "executed_branches": [], "missing_branches": [[409, 410], [409, 412], [412, 413], [412, 415], [415, 416], [415, 419]]}, "PerformanceReporter.generate_weekly_report": {"executed_lines": [], "summary": {"covered_lines": 0, "num_statements": 1, "percent_covered": 0.0, "percent_covered_display": "0.00", "missing_lines": 1, "excluded_lines": 0, "num_branches": 0, "num_partial_branches": 0, "covered_branches": 0, "missing_branches": 0}, "missing_lines": [423], "excluded_lines": [], "executed_branches": [], "missing_branches": []}, "PerformanceReporter.generate_monthly_report": {"executed_lines": [], "summary": {"covered_lines": 0, "num_statements": 1, "percent_covered": 0.0, "percent_covered_display": "0.00", "missing_lines": 1, "excluded_lines": 0, "num_branches": 0, "num_partial_branches": 0, "covered_branches": 0, "missing_branches": 0}, "missing_lines": [427], "excluded_lines": [], "executed_branches": [], "missing_branches": []}, "": {"executed_lines": [1, 5, 6, 7, 8, 9, 10, 11, 14, 15, 17, 27, 130, 179, 398, 421, 425], "summary": {"covered_lines": 15, "num_statements": 15, "percent_covered": 100.0, "percent_covered_display": "100.00", "missing_lines": 0, "excluded_lines": 0, "num_branches": 0, "num_partial_branches": 0, "covered_branches": 0, "missing_branches": 0}, "missing_lines": [], "excluded_lines": [], "executed_branches": [], "missing_branches": []}}, "classes": {"PerformanceReporter": {"executed_lines": [], "summary": {"covered_lines": 0, "num_statements": 116, "percent_covered": 0.0, "percent_covered_display": "0.00", "missing_lines": 116, "excluded_lines": 0, "num_branches": 42, "num_partial_branches": 0, "covered_branches": 0, "missing_branches": 42}, "missing_lines": [24, 25, 37, 40, 41, 42, 43, 44, 45, 48, 50, 51, 52, 53, 54, 55, 56, 57, 58, 61, 62, 64, 66, 67, 68, 69, 71, 73, 76, 77, 79, 81, 82, 83, 84, 85, 87, 89, 92, 93, 95, 97, 98, 99, 100, 101, 102, 104, 106, 109, 110, 112, 114, 115, 116, 117, 118, 119, 121, 123, 124, 125, 126, 128, 140, 149, 152, 153, 156, 159, 161, 162, 169, 172, 175, 177, 189, 191, 289, 290, 291, 306, 307, 308, 319, 332, 333, 342, 346, 347, 360, 361, 369, 373, 374, 377, 378, 379, 384, 385, 386, 390, 396, 407, 409, 410, 411, 412, 413, 414, 415, 416, 417, 419, 423, 427], "excluded_lines": [], "executed_branches": [], "missing_branches": [[50, 51], [50, 61], [66, 67], [66, 71], [67, 68], [67, 73], [81, 82], [81, 87], [82, 83], [82, 89], [97, 98], [97, 104], [98, 99], [98, 106], [101, 98], [101, 102], [114, 115], [114, 121], [161, 162], [161, 169], [289, 290], [289, 306], [306, 307], [306, 319], [332, 333], [332, 342], [346, 347], [346, 373], [360, 361], [360, 369], [373, 374], [373, 390], [377, 378], [377, 390], [384, 385], [384, 386], [409, 410], [409, 412], [412, 413], [412, 415], [415, 416], [415, 419]]}, "": {"executed_lines": [1, 5, 6, 7, 8, 9, 10, 11, 14, 15, 17, 27, 130, 179, 398, 421, 425], "summary": {"covered_lines": 15, "num_statements": 15, "percent_covered": 100.0, "percent_covered_display": "100.00", "missing_lines": 0, "excluded_lines": 0, "num_branches": 0, "num_partial_branches": 0, "covered_branches": 0, "missing_branches": 0}, "missing_lines": [], "excluded_lines": [], "executed_branches": [], "missing_branches": []}}}, "src/worldenergydata/testing/performance/tracker.py": {"executed_lines": [1, 5, 6, 7, 8, 9, 10, 11, 14, 15, 17, 24, 25, 26, 27, 28, 30, 46, 125, 162, 163, 165, 174, 175, 179, 180, 189, 190, 204], "summary": {"covered_lines": 26, "num_statements": 85, "percent_covered": 25.742574257425744, "percent_covered_display": "25.74", "missing_lines": 59, "excluded_lines": 6, "num_branches": 16, "num_partial_branches": 0, "covered_branches": 0, "missing_branches": 16}, "missing_lines": [37, 40, 41, 42, 43, 54, 55, 58, 61, 62, 64, 65, 66, 67, 68, 74, 75, 76, 77, 79, 82, 83, 84, 85, 87, 88, 91, 92, 93, 96, 97, 98, 99, 101, 104, 118, 121, 122, 123, 133, 137, 139, 149, 172, 177, 182, 183, 186, 187, 192, 194, 195, 196, 197, 198, 199, 200, 201, 206], "excluded_lines": [44, 69, 72, 73, 140, 151], "executed_branches": [], "missing_branches": [[54, 55], [54, 58], [74, 75], [74, 76], [76, 77], [76, 79], [83, 84], [83, 87], [92, 93], [92, 96], [96, 97], [96, 98], [98, 99], [98, 101], [186, -179], [186, 187]], "functions": {"TestPerformanceTracker.__init__": {"executed_lines": [24, 25, 26, 27, 28], "summary": {"covered_lines": 5, "num_statements": 5, "percent_covered": 100.0, "percent_covered_display": "100.00", "missing_lines": 0, "excluded_lines": 0, "num_branches": 0, "num_partial_branches": 0, "covered_branches": 0, "missing_branches": 0}, "missing_lines": [], "excluded_lines": [], "executed_branches": [], "missing_branches": []}, "TestPerformanceTracker.start_test": {"executed_lines": [], "summary": {"covered_lines": 0, "num_statements": 5, "percent_covered": 0.0, "percent_covered_display": "0.00", "missing_lines": 5, "excluded_lines": 1, "num_branches": 0, "num_partial_branches": 0, "covered_branches": 0, "missing_branches": 0}, "missing_lines": [37, 40, 41, 42, 43], "excluded_lines": [44], "executed_branches": [], "missing_branches": []}, "TestPerformanceTracker.end_test": {"executed_lines": [], "summary": {"covered_lines": 0, "num_statements": 34, "percent_covered": 0.0, "percent_covered_display": "0.00", "missing_lines": 34, "excluded_lines": 3, "num_branches": 14, "num_partial_branches": 0, "covered_branches": 0, "missing_branches": 14}, "missing_lines": [54, 55, 58, 61, 62, 64, 65, 66, 67, 68, 74, 75, 76, 77, 79, 82, 83, 84, 85, 87, 88, 91, 92, 93, 96, 97, 98, 99, 101, 104, 118, 121, 122, 123], "excluded_lines": [69, 72, 73], "executed_branches": [], "missing_branches": [[54, 55], [54, 58], [74, 75], [74, 76], [76, 77], [76, 79], [83, 84], [83, 87], [92, 93], [92, 96], [96, 97], [96, 98], [98, 99], [98, 101]]}, "TestPerformanceTracker.get_session_summary": {"executed_lines": [], "summary": {"covered_lines": 0, "num_statements": 4, "percent_covered": 0.0, "percent_covered_display": "0.00", "missing_lines": 4, "excluded_lines": 2, "num_branches": 0, "num_partial_branches": 0, "covered_branches": 0, "missing_branches": 0}, "missing_lines": [133, 137, 139, 149], "excluded_lines": [140, 151], "executed_branches": [], "missing_branches": []}, "PytestPerformancePlugin.__init__": {"executed_lines": [], "summary": {"covered_lines": 0, "num_statements": 1, "percent_covered": 0.0, "percent_covered_display": "0.00", "missing_lines": 1, "excluded_lines": 0, "num_branches": 0, "num_partial_branches": 0, "covered_branches": 0, "missing_branches": 0}, "missing_lines": [172], "excluded_lines": [], "executed_branches": [], "missing_branches": []}, "PytestPerformancePlugin.pytest_runtest_setup": {"executed_lines": [], "summary": {"covered_lines": 0, "num_statements": 1, "percent_covered": 0.0, "percent_covered_display": "0.00", "missing_lines": 1, "excluded_lines": 0, "num_branches": 0, "num_partial_branches": 0, "covered_branches": 0, "missing_branches": 0}, "missing_lines": [177], "excluded_lines": [], "executed_branches": [], "missing_branches": []}, "PytestPerformancePlugin.pytest_runtest_makereport": {"executed_lines": [], "summary": {"covered_lines": 0, "num_statements": 4, "percent_covered": 0.0, "percent_covered_display": "0.00", "missing_lines": 4, "excluded_lines": 0, "num_branches": 2, "num_partial_branches": 0, "covered_branches": 0, "missing_branches": 2}, "missing_lines": [182, 183, 186, 187], "excluded_lines": [], "executed_branches": [], "missing_branches": [[186, -179], [186, 187]]}, "PytestPerformancePlugin.pytest_sessionfinish": {"executed_lines": [], "summary": {"covered_lines": 0, "num_statements": 9, "percent_covered": 0.0, "percent_covered_display": "0.00", "missing_lines": 9, "excluded_lines": 0, "num_branches": 0, "num_partial_branches": 0, "covered_branches": 0, "missing_branches": 0}, "missing_lines": [192, 194, 195, 196, 197, 198, 199, 200, 201], "excluded_lines": [], "executed_branches": [], "missing_branches": []}, "pytest_configure": {"executed_lines": [], "summary": {"covered_lines": 0, "num_statements": 1, "percent_covered": 0.0, "percent_covered_display": "0.00", "missing_lines": 1, "excluded_lines": 0, "num_branches": 0, "num_partial_branches": 0, "covered_branches": 0, "missing_branches": 0}, "missing_lines": [206], "excluded_lines": [], "executed_branches": [], "missing_branches": []}, "": {"executed_lines": [1, 5, 6, 7, 8, 9, 10, 11, 14, 15, 17, 30, 46, 125, 162, 163, 165, 174, 175, 179, 180, 189, 190, 204], "summary": {"covered_lines": 21, "num_statements": 21, "percent_covered": 100.0, "percent_covered_display": "100.00", "missing_lines": 0, "excluded_lines": 0, "num_branches": 0, "num_partial_branches": 0, "covered_branches": 0, "missing_branches": 0}, "missing_lines": [], "excluded_lines": [], "executed_branches": [], "missing_branches": []}}, "classes": {"TestPerformanceTracker": {"executed_lines": [24, 25, 26, 27, 28], "summary": {"covered_lines": 5, "num_statements": 48, "percent_covered": 8.064516129032258, "percent_covered_display": "8.06", "missing_lines": 43, "excluded_lines": 6, "num_branches": 14, "num_partial_branches": 0, "covered_branches": 0, "missing_branches": 14}, "missing_lines": [37, 40, 41, 42, 43, 54, 55, 58, 61, 62, 64, 65, 66, 67, 68, 74, 75, 76, 77, 79, 82, 83, 84, 85, 87, 88, 91, 92, 93, 96, 97, 98, 99, 101, 104, 118, 121, 122, 123, 133, 137, 139, 149], "excluded_lines": [44, 69, 72, 73, 140, 151], "executed_branches": [], "missing_branches": [[54, 55], [54, 58], [74, 75], [74, 76], [76, 77], [76, 79], [83, 84], [83, 87], [92, 93], [92, 96], [96, 97], [96, 98], [98, 99], [98, 101]]}, "PytestPerformancePlugin": {"executed_lines": [], "summary": {"covered_lines": 0, "num_statements": 15, "percent_covered": 0.0, "percent_covered_display": "0.00", "missing_lines": 15, "excluded_lines": 0, "num_branches": 2, "num_partial_branches": 0, "covered_branches": 0, "missing_branches": 2}, "missing_lines": [172, 177, 182, 183, 186, 187, 192, 194, 195, 196, 197, 198, 199, 200, 201], "excluded_lines": [], "executed_branches": [], "missing_branches": [[186, -179], [186, 187]]}, "": {"executed_lines": [1, 5, 6, 7, 8, 9, 10, 11, 14, 15, 17, 30, 46, 125, 162, 163, 165, 174, 175, 179, 180, 189, 190, 204], "summary": {"covered_lines": 21, "num_statements": 22, "percent_covered": 95.45454545454545, "percent_covered_display": "95.45", "missing_lines": 1, "excluded_lines": 0, "num_branches": 0, "num_partial_branches": 0, "covered_branches": 0, "missing_branches": 0}, "missing_lines": [206], "excluded_lines": [], "executed_branches": [], "missing_branches": []}}}, "src/worldenergydata/validation/base.py": {"executed_lines": [], "summary": {"covered_lines": 0, "num_statements": 146, "percent_covered": 0.0, "percent_covered_display": "0.00", "missing_lines": 146, "excluded_lines": 42, "num_branches": 24, "num_partial_branches": 0, "covered_branches": 0, "missing_branches": 24}, "missing_lines": [8, 9, 10, 11, 12, 13, 19, 20, 23, 24, 25, 26, 27, 28, 35, 36, 44, 45, 46, 47, 49, 50, 52, 54, 55, 57, 59, 60, 62, 64, 67, 72, 75, 80, 83, 88, 90, 92, 94, 95, 96, 97, 98, 99, 101, 103, 105, 106, 107, 108, 109, 111, 113, 141, 143, 144, 146, 148, 149, 150, 152, 153, 155, 158, 166, 167, 168, 183, 185, 186, 188, 190, 191, 192, 193, 196, 204, 205, 206, 208, 218, 219, 222, 223, 224, 229, 232, 233, 234, 235, 236, 237, 238, 244, 246, 248, 249, 250, 251, 252, 253, 254, 256, 259, 267, 268, 269, 271, 281, 282, 284, 286, 287, 290, 291, 292, 293, 294, 295, 296, 302, 303, 304, 310, 313, 321, 322, 339, 347, 348, 349, 350, 351, 352, 367, 369, 370, 372, 374, 375, 377, 379, 380, 382, 384, 385], "excluded_lines": [15, 16, 30, 31, 32, 170, 171, 172, 173, 174, 175, 176, 177, 178, 179, 180, 181, 324, 325, 326, 327, 328, 329, 330, 331, 332, 333, 334, 335, 336, 354, 355, 356, 357, 358, 359, 360, 361, 362, 363, 364, 365], "executed_branches": [], "missing_branches": [[94, 95], [94, 96], [96, 97], [96, 98], [98, 99], [98, 101], [143, 144], [143, 146], [152, 153], [152, 155], [223, 224], [223, 232], [232, 233], [232, 244], [248, 249], [248, 251], [249, 250], [249, 256], [251, 252], [251, 253], [253, 254], [253, 256], [290, 291], [290, 310]], "functions": {"ValidationError.__str__": {"executed_lines": [], "summary": {"covered_lines": 0, "num_statements": 0, "percent_covered": 100.0, "percent_covered_display": "100.00", "missing_lines": 0, "excluded_lines": 2, "num_branches": 0, "num_partial_branches": 0, "covered_branches": 0, "missing_branches": 0}, "missing_lines": [], "excluded_lines": [31, 32], "executed_branches": [], "missing_branches": []}, "ValidationResult.is_valid": {"executed_lines": [], "summary": {"covered_lines": 0, "num_statements": 1, "percent_covered": 0.0, "percent_covered_display": "0.00", "missing_lines": 1, "excluded_lines": 0, "num_branches": 0, "num_partial_branches": 0, "covered_branches": 0, "missing_branches": 0}, "missing_lines": [52], "excluded_lines": [], "executed_branches": [], "missing_branches": []}, "ValidationResult.has_warnings": {"executed_lines": [], "summary": {"covered_lines": 0, "num_statements": 1, "percent_covered": 0.0, "percent_covered_display": "0.00", "missing_lines": 1, "excluded_lines": 0, "num_branches": 0, "num_partial_branches": 0, "covered_branches": 0, "missing_branches": 0}, "missing_lines": [57], "excluded_lines": [], "executed_branches": [], "missing_branches": []}, "ValidationResult.total_issues": {"executed_lines": [], "summary": {"covered_lines": 0, "num_statements": 1, "percent_covered": 0.0, "percent_covered_display": "0.00", "missing_lines": 1, "excluded_lines": 0, "num_branches": 0, "num_partial_branches": 0, "covered_branches": 0, "missing_branches": 0}, "missing_lines": [62], "excluded_lines": [], "executed_branches": [], "missing_branches": []}, "ValidationResult.add_error": {"executed_lines": [], "summary": {"covered_lines": 0, "num_statements": 1, "percent_covered": 0.0, "percent_covered_display": "0.00", "missing_lines": 1, "excluded_lines": 0, "num_branches": 0, "num_partial_branches": 0, "covered_branches": 0, "missing_branches": 0}, "missing_lines": [67], "excluded_lines": [], "executed_branches": [], "missing_branches": []}, "ValidationResult.add_warning": {"executed_lines": [], "summary": {"covered_lines": 0, "num_statements": 1, "percent_covered": 0.0, "percent_covered_display": "0.00", "missing_lines": 1, "excluded_lines": 0, "num_branches": 0, "num_partial_branches": 0, "covered_branches": 0, "missing_branches": 0}, "missing_lines": [75], "excluded_lines": [], "executed_branches": [], "missing_branches": []}, "ValidationResult.add_info": {"executed_lines": [], "summary": {"covered_lines": 0, "num_statements": 1, "percent_covered": 0.0, "percent_covered_display": "0.00", "missing_lines": 1, "excluded_lines": 0, "num_branches": 0, "num_partial_branches": 0, "covered_branches": 0, "missing_branches": 0}, "missing_lines": [83], "excluded_lines": [], "executed_branches": [], "missing_branches": []}, "ValidationResult.get_errors_by_field": {"executed_lines": [], "summary": {"covered_lines": 0, "num_statements": 1, "percent_covered": 0.0, "percent_covered_display": "0.00", "missing_lines": 1, "excluded_lines": 0, "num_branches": 0, "num_partial_branches": 0, "covered_branches": 0, "missing_branches": 0}, "missing_lines": [90], "excluded_lines": [], "executed_branches": [], "missing_branches": []}, "ValidationResult.get_errors_by_severity": {"executed_lines": [], "summary": {"covered_lines": 0, "num_statements": 7, "percent_covered": 0.0, "percent_covered_display": "0.00", "missing_lines": 7, "excluded_lines": 0, "num_branches": 6, "num_partial_branches": 0, "covered_branches": 0, "missing_branches": 6}, "missing_lines": [94, 95, 96, 97, 98, 99, 101], "excluded_lines": [], "executed_branches": [], "missing_branches": [[94, 95], [94, 96], [96, 97], [96, 98], [98, 99], [98, 101]]}, "ValidationResult.merge": {"executed_lines": [], "summary": {"covered_lines": 0, "num_statements": 5, "percent_covered": 0.0, "percent_covered_display": "0.00", "missing_lines": 5, "excluded_lines": 0, "num_branches": 0, "num_partial_branches": 0, "covered_branches": 0, "missing_branches": 0}, "missing_lines": [105, 106, 107, 108, 109], "excluded_lines": [], "executed_branches": [], "missing_branches": []}, "ValidationResult.to_dict": {"executed_lines": [], "summary": {"covered_lines": 0, "num_statements": 1, "percent_covered": 0.0, "percent_covered_display": "0.00", "missing_lines": 1, "excluded_lines": 0, "num_branches": 0, "num_partial_branches": 0, "covered_branches": 0, "missing_branches": 0}, "missing_lines": [113], "excluded_lines": [], "executed_branches": [], "missing_branches": []}, "ValidationResult.get_summary": {"executed_lines": [], "summary": {"covered_lines": 0, "num_statements": 9, "percent_covered": 0.0, "percent_covered_display": "0.00", "missing_lines": 9, "excluded_lines": 0, "num_branches": 4, "num_partial_branches": 0, "covered_branches": 0, "missing_branches": 4}, "missing_lines": [143, 144, 146, 148, 149, 150, 152, 153, 155], "excluded_lines": [], "executed_branches": [], "missing_branches": [[143, 144], [143, 146], [152, 153], [152, 155]]}, "BaseValidator.__init__": {"executed_lines": [], "summary": {"covered_lines": 0, "num_statements": 2, "percent_covered": 0.0, "percent_covered_display": "0.00", "missing_lines": 2, "excluded_lines": 0, "num_branches": 0, "num_partial_branches": 0, "covered_branches": 0, "missing_branches": 0}, "missing_lines": [167, 168], "excluded_lines": [], "executed_branches": [], "missing_branches": []}, "BaseValidator.validate": {"executed_lines": [], "summary": {"covered_lines": 0, "num_statements": 0, "percent_covered": 100.0, "percent_covered_display": "100.00", "missing_lines": 0, "excluded_lines": 10, "num_branches": 0, "num_partial_branches": 0, "covered_branches": 0, "missing_branches": 0}, "missing_lines": [], "excluded_lines": [172, 173, 174, 175, 176, 177, 178, 179, 180, 181], "executed_branches": [], "missing_branches": []}, "BaseValidator.add_rule": {"executed_lines": [], "summary": {"covered_lines": 0, "num_statements": 2, "percent_covered": 0.0, "percent_covered_display": "0.00", "missing_lines": 2, "excluded_lines": 0, "num_branches": 0, "num_partial_branches": 0, "covered_branches": 0, "missing_branches": 0}, "missing_lines": [185, 186], "excluded_lines": [], "executed_branches": [], "missing_branches": []}, "BaseValidator._create_result": {"executed_lines": [], "summary": {"covered_lines": 0, "num_statements": 4, "percent_covered": 0.0, "percent_covered_display": "0.00", "missing_lines": 4, "excluded_lines": 0, "num_branches": 0, "num_partial_branches": 0, "covered_branches": 0, "missing_branches": 0}, "missing_lines": [190, 191, 192, 193], "excluded_lines": [], "executed_branches": [], "missing_branches": []}, "FieldValidator.__init__": {"executed_lines": [], "summary": {"covered_lines": 0, "num_statements": 2, "percent_covered": 0.0, "percent_covered_display": "0.00", "missing_lines": 2, "excluded_lines": 0, "num_branches": 0, "num_partial_branches": 0, "covered_branches": 0, "missing_branches": 0}, "missing_lines": [205, 206], "excluded_lines": [], "executed_branches": [], "missing_branches": []}, "FieldValidator.validate": {"executed_lines": [], "summary": {"covered_lines": 0, "num_statements": 14, "percent_covered": 0.0, "percent_covered_display": "0.00", "missing_lines": 14, "excluded_lines": 0, "num_branches": 4, "num_partial_branches": 0, "covered_branches": 0, "missing_branches": 4}, "missing_lines": [218, 219, 222, 223, 224, 229, 232, 233, 234, 235, 236, 237, 238, 244], "excluded_lines": [], "executed_branches": [], "missing_branches": [[223, 224], [223, 232], [232, 233], [232, 244]]}, "FieldValidator._extract_field_data": {"executed_lines": [], "summary": {"covered_lines": 0, "num_statements": 8, "percent_covered": 0.0, "percent_covered_display": "0.00", "missing_lines": 8, "excluded_lines": 0, "num_branches": 8, "num_partial_branches": 0, "covered_branches": 0, "missing_branches": 8}, "missing_lines": [248, 249, 250, 251, 252, 253, 254, 256], "excluded_lines": [], "executed_branches": [], "missing_branches": [[248, 249], [248, 251], [249, 250], [249, 256], [251, 252], [251, 253], [253, 254], [253, 256]]}, "SchemaValidator.__init__": {"executed_lines": [], "summary": {"covered_lines": 0, "num_statements": 2, "percent_covered": 0.0, "percent_covered_display": "0.00", "missing_lines": 2, "excluded_lines": 0, "num_branches": 0, "num_partial_branches": 0, "covered_branches": 0, "missing_branches": 0}, "missing_lines": [268, 269], "excluded_lines": [], "executed_branches": [], "missing_branches": []}, "SchemaValidator.validate": {"executed_lines": [], "summary": {"covered_lines": 0, "num_statements": 16, "percent_covered": 0.0, "percent_covered_display": "0.00", "missing_lines": 16, "excluded_lines": 0, "num_branches": 2, "num_partial_branches": 0, "covered_branches": 0, "missing_branches": 2}, "missing_lines": [281, 282, 284, 286, 287, 290, 291, 292, 293, 294, 295, 296, 302, 303, 304, 310], "excluded_lines": [], "executed_branches": [], "missing_branches": [[290, 291], [290, 310]]}, "ValidationRule.__init__": {"executed_lines": [], "summary": {"covered_lines": 0, "num_statements": 1, "percent_covered": 0.0, "percent_covered_display": "0.00", "missing_lines": 1, "excluded_lines": 0, "num_branches": 0, "num_partial_branches": 0, "covered_branches": 0, "missing_branches": 0}, "missing_lines": [322], "excluded_lines": [], "executed_branches": [], "missing_branches": []}, "ValidationRule.validate": {"executed_lines": [], "summary": {"covered_lines": 0, "num_statements": 0, "percent_covered": 100.0, "percent_covered_display": "100.00", "missing_lines": 0, "excluded_lines": 11, "num_branches": 0, "num_partial_branches": 0, "covered_branches": 0, "missing_branches": 0}, "missing_lines": [], "excluded_lines": [326, 327, 328, 329, 330, 331, 332, 333, 334, 335, 336], "executed_branches": [], "missing_branches": []}, "ValidationSchema.__init__": {"executed_lines": [], "summary": {"covered_lines": 0, "num_statements": 5, "percent_covered": 0.0, "percent_covered_display": "0.00", "missing_lines": 5, "excluded_lines": 0, "num_branches": 0, "num_partial_branches": 0, "covered_branches": 0, "missing_branches": 0}, "missing_lines": [348, 349, 350, 351, 352], "excluded_lines": [], "executed_branches": [], "missing_branches": []}, "ValidationSchema.validate": {"executed_lines": [], "summary": {"covered_lines": 0, "num_statements": 0, "percent_covered": 100.0, "percent_covered_display": "100.00", "missing_lines": 0, "excluded_lines": 10, "num_branches": 0, "num_partial_branches": 0, "covered_branches": 0, "missing_branches": 0}, "missing_lines": [], "excluded_lines": [356, 357, 358, 359, 360, 361, 362, 363, 364, 365], "executed_branches": [], "missing_branches": []}, "ValidationSchema.add_field_validator": {"executed_lines": [], "summary": {"covered_lines": 0, "num_statements": 2, "percent_covered": 0.0, "percent_covered_display": "0.00", "missing_lines": 2, "excluded_lines": 0, "num_branches": 0, "num_partial_branches": 0, "covered_branches": 0, "missing_branches": 0}, "missing_lines": [369, 370], "excluded_lines": [], "executed_branches": [], "missing_branches": []}, "ValidationSchema.add_cross_field_rule": {"executed_lines": [], "summary": {"covered_lines": 0, "num_statements": 2, "percent_covered": 0.0, "percent_covered_display": "0.00", "missing_lines": 2, "excluded_lines": 0, "num_branches": 0, "num_partial_branches": 0, "covered_branches": 0, "missing_branches": 0}, "missing_lines": [374, 375], "excluded_lines": [], "executed_branches": [], "missing_branches": []}, "ValidationSchema.add_metadata_rule": {"executed_lines": [], "summary": {"covered_lines": 0, "num_statements": 2, "percent_covered": 0.0, "percent_covered_display": "0.00", "missing_lines": 2, "excluded_lines": 0, "num_branches": 0, "num_partial_branches": 0, "covered_branches": 0, "missing_branches": 0}, "missing_lines": [379, 380], "excluded_lines": [], "executed_branches": [], "missing_branches": []}, "ValidationSchema.add_field": {"executed_lines": [], "summary": {"covered_lines": 0, "num_statements": 2, "percent_covered": 0.0, "percent_covered_display": "0.00", "missing_lines": 2, "excluded_lines": 0, "num_branches": 0, "num_partial_branches": 0, "covered_branches": 0, "missing_branches": 0}, "missing_lines": [384, 385], "excluded_lines": [], "executed_branches": [], "missing_branches": []}, "": {"executed_lines": [], "summary": {"covered_lines": 0, "num_statements": 53, "percent_covered": 0.0, "percent_covered_display": "0.00", "missing_lines": 53, "excluded_lines": 9, "num_branches": 0, "num_partial_branches": 0, "covered_branches": 0, "missing_branches": 0}, "missing_lines": [8, 9, 10, 11, 12, 13, 19, 20, 23, 24, 25, 26, 27, 28, 35, 36, 44, 45, 46, 47, 49, 50, 54, 55, 59, 60, 64, 72, 80, 88, 92, 103, 111, 141, 158, 166, 183, 188, 196, 204, 208, 246, 259, 267, 271, 313, 321, 339, 347, 367, 372, 377, 382], "excluded_lines": [15, 16, 30, 170, 171, 324, 325, 354, 355], "executed_branches": [], "missing_branches": []}}, "classes": {"ValidationError": {"executed_lines": [], "summary": {"covered_lines": 0, "num_statements": 0, "percent_covered": 100.0, "percent_covered_display": "100.00", "missing_lines": 0, "excluded_lines": 2, "num_branches": 0, "num_partial_branches": 0, "covered_branches": 0, "missing_branches": 0}, "missing_lines": [], "excluded_lines": [31, 32], "executed_branches": [], "missing_branches": []}, "ValidationResult": {"executed_lines": [], "summary": {"covered_lines": 0, "num_statements": 29, "percent_covered": 0.0, "percent_covered_display": "0.00", "missing_lines": 29, "excluded_lines": 0, "num_branches": 10, "num_partial_branches": 0, "covered_branches": 0, "missing_branches": 10}, "missing_lines": [52, 57, 62, 67, 75, 83, 90, 94, 95, 96, 97, 98, 99, 101, 105, 106, 107, 108, 109, 113, 143, 144, 146, 148, 149, 150, 152, 153, 155], "excluded_lines": [], "executed_branches": [], "missing_branches": [[94, 95], [94, 96], [96, 97], [96, 98], [98, 99], [98, 101], [143, 144], [143, 146], [152, 153], [152, 155]]}, "BaseValidator": {"executed_lines": [], "summary": {"covered_lines": 0, "num_statements": 8, "percent_covered": 0.0, "percent_covered_display": "0.00", "missing_lines": 8, "excluded_lines": 10, "num_branches": 0, "num_partial_branches": 0, "covered_branches": 0, "missing_branches": 0}, "missing_lines": [167, 168, 185, 186, 190, 191, 192, 193], "excluded_lines": [172, 173, 174, 175, 176, 177, 178, 179, 180, 181], "executed_branches": [], "missing_branches": []}, "FieldValidator": {"executed_lines": [], "summary": {"covered_lines": 0, "num_statements": 24, "percent_covered": 0.0, "percent_covered_display": "0.00", "missing_lines": 24, "excluded_lines": 0, "num_branches": 12, "num_partial_branches": 0, "covered_branches": 0, "missing_branches": 12}, "missing_lines": [205, 206, 218, 219, 222, 223, 224, 229, 232, 233, 234, 235, 236, 237, 238, 244, 248, 249, 250, 251, 252, 253, 254, 256], "excluded_lines": [], "executed_branches": [], "missing_branches": [[223, 224], [223, 232], [232, 233], [232, 244], [248, 249], [248, 251], [249, 250], [249, 256], [251, 252], [251, 253], [253, 254], [253, 256]]}, "SchemaValidator": {"executed_lines": [], "summary": {"covered_lines": 0, "num_statements": 18, "percent_covered": 0.0, "percent_covered_display": "0.00", "missing_lines": 18, "excluded_lines": 0, "num_branches": 2, "num_partial_branches": 0, "covered_branches": 0, "missing_branches": 2}, "missing_lines": [268, 269, 281, 282, 284, 286, 287, 290, 291, 292, 293, 294, 295, 296, 302, 303, 304, 310], "excluded_lines": [], "executed_branches": [], "missing_branches": [[290, 291], [290, 310]]}, "ValidationRule": {"executed_lines": [], "summary": {"covered_lines": 0, "num_statements": 1, "percent_covered": 0.0, "percent_covered_display": "0.00", "missing_lines": 1, "excluded_lines": 11, "num_branches": 0, "num_partial_branches": 0, "covered_branches": 0, "missing_branches": 0}, "missing_lines": [322], "excluded_lines": [326, 327, 328, 329, 330, 331, 332, 333, 334, 335, 336], "executed_branches": [], "missing_branches": []}, "ValidationSchema": {"executed_lines": [], "summary": {"covered_lines": 0, "num_statements": 13, "percent_covered": 0.0, "percent_covered_display": "0.00", "missing_lines": 13, "excluded_lines": 10, "num_branches": 0, "num_partial_branches": 0, "covered_branches": 0, "missing_branches": 0}, "missing_lines": [348, 349, 350, 351, 352, 369, 370, 374, 375, 379, 380, 384, 385], "excluded_lines": [356, 357, 358, 359, 360, 361, 362, 363, 364, 365], "executed_branches": [], "missing_branches": []}, "": {"executed_lines": [], "summary": {"covered_lines": 0, "num_statements": 53, "percent_covered": 0.0, "percent_covered_display": "0.00", "missing_lines": 53, "excluded_lines": 9, "num_branches": 0, "num_partial_branches": 0, "covered_branches": 0, "missing_branches": 0}, "missing_lines": [8, 9, 10, 11, 12, 13, 19, 20, 23, 24, 25, 26, 27, 28, 35, 36, 44, 45, 46, 47, 49, 50, 54, 55, 59, 60, 64, 72, 80, 88, 92, 103, 111, 141, 158, 166, 183, 188, 196, 204, 208, 246, 259, 267, 271, 313, 321, 339, 347, 367, 372, 377, 382], "excluded_lines": [15, 16, 30, 170, 171, 324, 325, 354, 355], "executed_branches": [], "missing_branches": []}}}, "src/worldenergydata/validation/exceptions.py": {"executed_lines": [], "summary": {"covered_lines": 0, "num_statements": 34, "percent_covered": 0.0, "percent_covered_display": "0.00", "missing_lines": 34, "excluded_lines": 6, "num_branches": 10, "num_partial_branches": 0, "covered_branches": 0, "missing_branches": 10}, "missing_lines": [5, 8, 9, 10, 11, 12, 13, 14, 16, 18, 19, 20, 21, 22, 23, 24, 25, 28, 33, 38, 43, 48, 53, 58, 61, 62, 63, 65, 67, 68, 69, 70, 71, 72], "excluded_lines": [30, 35, 40, 45, 50, 55], "executed_branches": [], "missing_branches": [[19, 20], [19, 21], [21, 22], [21, 23], [23, 24], [23, 25], [68, 69], [68, 70], [70, 71], [70, 72]], "functions": {"ValidationError.__init__": {"executed_lines": [], "summary": {"covered_lines": 0, "num_statements": 6, "percent_covered": 0.0, "percent_covered_display": "0.00", "missing_lines": 6, "excluded_lines": 0, "num_branches": 0, "num_partial_branches": 0, "covered_branches": 0, "missing_branches": 0}, "missing_lines": [9, 10, 11, 12, 13, 14], "excluded_lines": [], "executed_branches": [], "missing_branches": []}, "ValidationError.format_message": {"executed_lines": [], "summary": {"covered_lines": 0, "num_statements": 8, "percent_covered": 0.0, "percent_covered_display": "0.00", "missing_lines": 8, "excluded_lines": 0, "num_branches": 6, "num_partial_branches": 0, "covered_branches": 0, "missing_branches": 6}, "missing_lines": [18, 19, 20, 21, 22, 23, 24, 25], "excluded_lines": [], "executed_branches": [], "missing_branches": [[19, 20], [19, 21], [21, 22], [21, 23], [23, 24], [23, 25]]}, "CrossFieldValidationError.__init__": {"executed_lines": [], "summary": {"covered_lines": 0, "num_statements": 2, "percent_covered": 0.0, "percent_covered_display": "0.00", "missing_lines": 2, "excluded_lines": 0, "num_branches": 0, "num_partial_branches": 0, "covered_branches": 0, "missing_branches": 0}, "missing_lines": [62, 63], "excluded_lines": [], "executed_branches": [], "missing_branches": []}, "CrossFieldValidationError.format_message": {"executed_lines": [], "summary": {"covered_lines": 0, "num_statements": 6, "percent_covered": 0.0, "percent_covered_display": "0.00", "missing_lines": 6, "excluded_lines": 0, "num_branches": 4, "num_partial_branches": 0, "covered_branches": 0, "missing_branches": 4}, "missing_lines": [67, 68, 69, 70, 71, 72], "excluded_lines": [], "executed_branches": [], "missing_branches": [[68, 69], [68, 70], [70, 71], [70, 72]]}, "": {"executed_lines": [], "summary": {"covered_lines": 0, "num_statements": 12, "percent_covered": 0.0, "percent_covered_display": "0.00", "missing_lines": 12, "excluded_lines": 6, "num_branches": 0, "num_partial_branches": 0, "covered_branches": 0, "missing_branches": 0}, "missing_lines": [5, 8, 16, 28, 33, 38, 43, 48, 53, 58, 61, 65], "excluded_lines": [30, 35, 40, 45, 50, 55], "executed_branches": [], "missing_branches": []}}, "classes": {"ValidationError": {"executed_lines": [], "summary": {"covered_lines": 0, "num_statements": 14, "percent_covered": 0.0, "percent_covered_display": "0.00", "missing_lines": 14, "excluded_lines": 0, "num_branches": 6, "num_partial_branches": 0, "covered_branches": 0, "missing_branches": 6}, "missing_lines": [9, 10, 11, 12, 13, 14, 18, 19, 20, 21, 22, 23, 24, 25], "excluded_lines": [], "executed_branches": [], "missing_branches": [[19, 20], [19, 21], [21, 22], [21, 23], [23, 24], [23, 25]]}, "SchemaValidationError": {"executed_lines": [], "summary": {"covered_lines": 0, "num_statements": 0, "percent_covered": 100.0, "percent_covered_display": "100.00", "missing_lines": 0, "excluded_lines": 0, "num_branches": 0, "num_partial_branches": 0, "covered_branches": 0, "missing_branches": 0}, "missing_lines": [], "excluded_lines": [], "executed_branches": [], "missing_branches": []}, "DataTypeError": {"executed_lines": [], "summary": {"covered_lines": 0, "num_statements": 0, "percent_covered": 100.0, "percent_covered_display": "100.00", "missing_lines": 0, "excluded_lines": 0, "num_branches": 0, "num_partial_branches": 0, "covered_branches": 0, "missing_branches": 0}, "missing_lines": [], "excluded_lines": [], "executed_branches": [], "missing_branches": []}, "RangeValidationError": {"executed_lines": [], "summary": {"covered_lines": 0, "num_statements": 0, "percent_covered": 100.0, "percent_covered_display": "100.00", "missing_lines": 0, "excluded_lines": 0, "num_branches": 0, "num_partial_branches": 0, "covered_branches": 0, "missing_branches": 0}, "missing_lines": [], "excluded_lines": [], "executed_branches": [], "missing_branches": []}, "RequiredFieldError": {"executed_lines": [], "summary": {"covered_lines": 0, "num_statements": 0, "percent_covered": 100.0, "percent_covered_display": "100.00", "missing_lines": 0, "excluded_lines": 0, "num_branches": 0, "num_partial_branches": 0, "c
[...]
], [760, 759], [760, 761], [768, 769], [768, 777], [770, 771], [770, 777]]}, "": {"executed_lines": [], "summary": {"covered_lines": 0, "num_statements": 60, "percent_covered": 0.0, "percent_covered_display": "0.00", "missing_lines": 60, "excluded_lines": 0, "num_branches": 0, "num_partial_branches": 0, "covered_branches": 0, "missing_branches": 0}, "missing_lines": [8, 9, 10, 11, 12, 14, 15, 30, 32, 33, 34, 35, 36, 37, 38, 39, 40, 43, 45, 46, 47, 48, 49, 50, 53, 56, 82, 85, 89, 93, 109, 112, 122, 126, 130, 134, 138, 144, 152, 157, 250, 283, 318, 321, 326, 464, 492, 525, 528, 532, 575, 603, 606, 611, 686, 706, 733, 736, 740, 744], "excluded_lines": [], "executed_branches": [], "missing_branches": []}}, "classes": {"DataType": {"executed_lines": [], "summary": {"covered_lines": 0, "num_statements": 0, "percent_covered": 100.0, "percent_covered_display": "100.00", "missing_lines": 0, "excluded_lines": 0, "num_branches": 0, "num_partial_branches": 0, "covered_branches": 0, "missing_branches": 0}, "missing_lines": [], "excluded_lines": [], "executed_branches": [], "missing_branches": []}, "DateFormat": {"executed_lines": [], "summary": {"covered_lines": 0, "num_statements": 0, "percent_covered": 100.0, "percent_covered_display": "100.00", "missing_lines": 0, "excluded_lines": 0, "num_branches": 0, "num_partial_branches": 0, "covered_branches": 0, "missing_branches": 0}, "missing_lines": [], "excluded_lines": [], "executed_branches": [], "missing_branches": []}, "FieldSchema": {"executed_lines": [], "summary": {"covered_lines": 0, "num_statements": 16, "percent_covered": 0.0, "percent_covered_display": "0.00", "missing_lines": 16, "excluded_lines": 0, "num_branches": 0, "num_partial_branches": 0, "covered_branches": 0, "missing_branches": 0}, "missing_lines": [64, 65, 66, 67, 68, 69, 70, 71, 72, 73, 74, 75, 76, 77, 78, 79], "excluded_lines": [], "executed_branches": [], "missing_branches": []}, "FieldValidator": {"executed_lines": [], "summary": {"covered_lines": 0, "num_statements": 12, "percent_covered": 0.0, "percent_covered_display": "0.00", "missing_lines": 12, "excluded_lines": 0, "num_branches": 6, "num_partial_branches": 0, "covered_branches": 0, "missing_branches": 6}, "missing_lines": [86, 87, 91, 95, 96, 97, 98, 101, 102, 103, 104, 106], "excluded_lines": [], "executed_branches": [], "missing_branches": [[96, 97], [96, 101], [101, 102], [101, 106], [102, 101], [102, 103]]}, "ValidationSchema": {"executed_lines": [], "summary": {"covered_lines": 0, "num_statements": 13, "percent_covered": 0.0, "percent_covered_display": "0.00", "missing_lines": 13, "excluded_lines": 0, "num_branches": 0, "num_partial_branches": 0, "covered_branches": 0, "missing_branches": 0}, "missing_lines": [114, 115, 116, 117, 118, 119, 120, 124, 128, 132, 136, 140, 141], "excluded_lines": [], "executed_branches": [], "missing_branches": []}, "BSEEProductionSchema": {"executed_lines": [], "summary": {"covered_lines": 0, "num_statements": 43, "percent_covered": 0.0, "percent_covered_display": "0.00", "missing_lines": 43, "excluded_lines": 0, "num_branches": 14, "num_partial_branches": 0, "covered_branches": 0, "missing_branches": 14}, "missing_lines": [153, 154, 155, 161, 171, 181, 191, 201, 211, 221, 230, 241, 254, 255, 258, 264, 265, 266, 269, 270, 271, 272, 273, 275, 277, 281, 285, 286, 288, 289, 294, 297, 300, 301, 302, 305, 306, 307, 308, 311, 312, 313, 315], "excluded_lines": [], "executed_branches": [], "missing_branches": [[264, 265], [264, 269], [269, 270], [269, 275], [271, 272], [271, 275], [288, 289], [288, 297], [305, 306], [305, 311], [306, 305], [306, 307], [311, 312], [311, 315]]}, "BSEEWellSchema": {"executed_lines": [], "summary": {"covered_lines": 0, "num_statements": 79, "percent_covered": 0.0, "percent_covered_display": "0.00", "missing_lines": 79, "excluded_lines": 0, "num_branches": 16, "num_partial_branches": 0, "covered_branches": 0, "missing_branches": 16}, "missing_lines": [322, 323, 324, 330, 331, 332, 333, 334, 343, 344, 345, 346, 355, 356, 360, 361, 369, 370, 371, 372, 373, 384, 385, 386, 387, 388, 399, 400, 403, 404, 413, 414, 417, 418, 427, 428, 429, 430, 431, 442, 443, 444, 445, 446, 457, 458, 462, 467, 468, 471, 472, 473, 474, 475, 478, 479, 480, 481, 482, 484, 486, 490, 494, 495, 497, 498, 503, 506, 507, 508, 509, 512, 513, 514, 515, 518, 519, 520, 522], "excluded_lines": [], "executed_branches": [], "missing_branches": [[471, 472], [471, 478], [473, 474], [473, 478], [478, 479], [478, 484], [480, 481], [480, 484], [497, 498], [497, 506], [512, 513], [512, 518], [513, 512], [513, 514], [518, 519], [518, 522]]}, "BSEELeaseSchema": {"executed_lines": [], "summary": {"covered_lines": 0, "num_statements": 29, "percent_covered": 0.0, "percent_covered_display": "0.00", "missing_lines": 29, "excluded_lines": 0, "num_branches": 6, "num_partial_branches": 0, "covered_branches": 0, "missing_branches": 6}, "missing_lines": [529, 530, 536, 537, 541, 542, 543, 552, 553, 554, 555, 564, 565, 566, 567, 577, 578, 580, 581, 586, 589, 590, 591, 592, 595, 596, 597, 598, 600], "excluded_lines": [], "executed_branches": [], "missing_branches": [[580, 581], [580, 589], [595, 596], [595, 600], [596, 595], [596, 597]]}, "FinancialDataSchema": {"executed_lines": [], "summary": {"covered_lines": 0, "num_statements": 48, "percent_covered": 0.0, "percent_covered_display": "0.00", "missing_lines": 48, "excluded_lines": 0, "num_branches": 12, "num_partial_branches": 0, "covered_branches": 0, "missing_branches": 12}, "missing_lines": [607, 608, 609, 615, 616, 617, 618, 628, 629, 630, 631, 632, 644, 645, 646, 647, 657, 658, 659, 660, 661, 672, 673, 674, 675, 676, 689, 690, 693, 694, 695, 696, 698, 700, 704, 708, 709, 711, 712, 717, 720, 721, 722, 723, 726, 727, 728, 730], "excluded_lines": [], "executed_branches": [], "missing_branches": [[693, 694], [693, 698], [695, 696], [695, 698], [711, 712], [711, 720], [720, 721], [720, 726], [721, 720], [721, 722], [726, 727], [726, 730]]}, "ConfigurationSchema": {"executed_lines": [], "summary": {"covered_lines": 0, "num_statements": 16, "percent_covered": 0.0, "percent_covered_display": "0.00", "missing_lines": 16, "excluded_lines": 1, "num_branches": 10, "num_partial_branches": 0, "covered_branches": 0, "missing_branches": 10}, "missing_lines": [737, 738, 746, 747, 749, 750, 755, 758, 759, 760, 761, 768, 769, 770, 771, 777], "excluded_lines": [742], "executed_branches": [], "missing_branches": [[749, 750], [749, 758], [759, 760], [759, 768], [760, 759], [760, 761], [768, 769], [768, 777], [770, 771], [770, 777]]}, "": {"executed_lines": [], "summary": {"covered_lines": 0, "num_statements": 60, "percent_covered": 0.0, "percent_covered_display": "0.00", "missing_lines": 60, "excluded_lines": 0, "num_branches": 0, "num_partial_branches": 0, "covered_branches": 0, "missing_branches": 0}, "missing_lines": [8, 9, 10, 11, 12, 14, 15, 30, 32, 33, 34, 35, 36, 37, 38, 39, 40, 43, 45, 46, 47, 48, 49, 50, 53, 56, 82, 85, 89, 93, 109, 112, 122, 126, 130, 134, 138, 144, 152, 157, 250, 283, 318, 321, 326, 464, 492, 525, 528, 532, 575, 603, 606, 611, 686, 706, 733, 736, 740, 744], "excluded_lines": [], "executed_branches": [], "missing_branches": []}}}, "src/worldenergydata/validation/validators.py": {"executed_lines": [], "summary": {"covered_lines": 0, "num_statements": 194, "percent_covered": 0.0, "percent_covered_display": "0.00", "missing_lines": 194, "excluded_lines": 3, "num_branches": 88, "num_partial_branches": 0, "covered_branches": 0, "missing_branches": 88}, "missing_lines": [5, 6, 7, 8, 9, 10, 12, 13, 14, 25, 28, 31, 39, 40, 41, 42, 44, 54, 55, 57, 58, 61, 62, 63, 64, 65, 66, 67, 69, 72, 73, 74, 75, 76, 77, 78, 81, 82, 83, 84, 85, 86, 87, 88, 90, 92, 94, 95, 98, 99, 100, 101, 106, 107, 108, 109, 112, 113, 114, 115, 117, 118, 120, 121, 122, 123, 124, 125, 126, 127, 128, 130, 132, 134, 137, 138, 140, 141, 142, 145, 146, 147, 150, 151, 152, 153, 154, 155, 156, 159, 160, 167, 168, 175, 176, 179, 180, 186, 187, 193, 194, 195, 196, 197, 198, 199, 201, 203, 204, 206, 207, 208, 209, 210, 214, 215, 217, 218, 219, 220, 221, 222, 226, 227, 228, 229, 230, 234, 235, 236, 237, 239, 249, 251, 252, 255, 257, 258, 259, 260, 261, 262, 263, 264, 265, 266, 268, 270, 272, 274, 275, 276, 278, 281, 282, 283, 284, 286, 287, 288, 289, 290, 292, 295, 298, 300, 301, 303, 305, 306, 308, 310, 312, 314, 315, 316, 317, 319, 321, 323, 324, 325, 327, 330, 337, 338, 355, 358, 359, 362, 363, 365, 366, 370], "excluded_lines": [119, 139, 279], "executed_branches": [], "missing_branches": [[61, 62], [61, 63], [63, 64], [63, 66], [66, 67], [66, 69], [72, 73], [72, 81], [76, 77], [76, 78], [81, 82], [81, 90], [82, 83], [82, 90], [86, 87], [86, 88], [99, 100], [99, 112], [100, 99], [100, 101], [106, 107], [106, 108], [112, -92], [112, 113], [124, 125], [124, 126], [145, 146], [145, 150], [159, 160], [159, 167], [167, 168], [167, 175], [175, 176], [175, 179], [179, 180], [179, 186], [186, 187], [186, 193], [193, -130], [193, 194], [194, 195], [194, 196], [196, 197], [196, 198], [198, -130], [198, 199], [203, -201], [203, 204], [207, 208], [207, 214], [209, 203], [209, 210], [214, 215], [214, 217], [217, 218], [217, 226], [221, 203], [221, 222], [226, 203], [226, 227], [229, 203], [229, 230], [251, 252], [251, 255], [257, 258], [257, 259], [259, 260], [259, 261], [261, 262], [261, 264], [264, 265], [264, 268], [283, 284], [283, 286], [286, 287], [286, 292], [289, 290], [289, 292], [315, 316], [315, 317], [324, 325], [324, 327], [337, 338], [337, 358], [358, 359], [358, 362], [362, 363], [362, 365]], "functions": {"DataValidator.__init__": {"executed_lines": [], "summary": {"covered_lines": 0, "num_statements": 4, "percent_covered": 0.0, "percent_covered_display": "0.00", "missing_lines": 4, "excluded_lines": 0, "num_branches": 0, "num_partial_branches": 0, "covered_branches": 0, "missing_branches": 0}, "missing_lines": [39, 40, 41, 42], "excluded_lines": [], "executed_branches": [], "missing_branches": []}, "DataValidator.validate": {"executed_lines": [], "summary": {"covered_lines": 0, "num_statements": 28, "percent_covered": 0.0, "percent_covered_display": "0.00", "missing_lines": 28, "excluded_lines": 0, "num_branches": 16, "num_partial_branches": 0, "covered_branches": 0, "missing_branches": 16}, "missing_lines": [54, 55, 57, 58, 61, 62, 63, 64, 65, 66, 67, 69, 72, 73, 74, 75, 76, 77, 78, 81, 82, 83, 84, 85, 86, 87, 88, 90], "excluded_lines": [], "executed_branches": [], "missing_branches": [[61, 62], [61, 63], [63, 64], [63, 66], [66, 67], [66, 69], [72, 73], [72, 81], [76, 77], [76, 78], [81, 82], [81, 90], [82, 83], [82, 90], [86, 87], [86, 88]]}, "DataValidator._validate_record": {"executed_lines": [], "summary": {"covered_lines": 0, "num_statements": 25, "percent_covered": 0.0, "percent_covered_display": "0.00", "missing_lines": 25, "excluded_lines": 1, "num_branches": 10, "num_partial_branches": 0, "covered_branches": 0, "missing_branches": 10}, "missing_lines": [94, 95, 98, 99, 100, 101, 106, 107, 108, 109, 112, 113, 114, 115, 117, 118, 120, 121, 122, 123, 124, 125, 126, 127, 128], "excluded_lines": [119], "executed_branches": [], "missing_branches": [[99, 100], [99, 112], [100, 99], [100, 101], [106, 107], [106, 108], [112, -92], [112, 113], [124, 125], [124, 126]]}, "DataValidator._validate_field": {"executed_lines": [], "summary": {"covered_lines": 0, "num_statements": 34, "percent_covered": 0.0, "percent_covered_display": "0.00", "missing_lines": 34, "excluded_lines": 1, "num_branches": 20, "num_partial_branches": 0, "covered_branches": 0, "missing_branches": 20}, "missing_lines": [132, 134, 137, 138, 140, 141, 142, 145, 146, 147, 150, 151, 152, 153, 154, 155, 156, 159, 160, 167, 168, 175, 176, 179, 180, 186, 187, 193, 194, 195, 196, 197, 198, 199], "excluded_lines": [139], "executed_branches": [], "missing_branches": [[145, 146], [145, 150], [159, 160], [159, 167], [167, 168], [167, 175], [175, 176], [175, 179], [179, 180], [179, 186], [186, 187], [186, 193], [193, -130], [193, 194], [194, 195], [194, 196], [196, 197], [196, 198], [198, -130], [198, 199]]}, "DataValidator._validate_cross_fields": {"executed_lines": [], "summary": {"covered_lines": 0, "num_statements": 24, "percent_covered": 0.0, "percent_covered_display": "0.00", "missing_lines": 24, "excluded_lines": 0, "num_branches": 16, "num_partial_branches": 0, "covered_branches": 0, "missing_branches": 16}, "missing_lines": [203, 204, 206, 207, 208, 209, 210, 214, 215, 217, 218, 219, 220, 221, 222, 226, 227, 228, 229, 230, 234, 235, 236, 237], "excluded_lines": [], "executed_branches": [], "missing_branches": [[203, -201], [203, 204], [207, 208], [207, 214], [209, 203], [209, 210], [214, 215], [214, 217], [217, 218], [217, 226], [221, 203], [221, 222], [226, 203], [226, 227], [229, 203], [229, 230]]}, "DataValidator.validate_file": {"executed_lines": [], "summary": {"covered_lines": 0, "num_statements": 16, "percent_covered": 0.0, "percent_covered_display": "0.00", "missing_lines": 16, "excluded_lines": 0, "num_branches": 10, "num_partial_branches": 0, "covered_branches": 0, "missing_branches": 10}, "missing_lines": [249, 251, 252, 255, 257, 258, 259, 260, 261, 262, 263, 264, 265, 266, 268, 270], "excluded_lines": [], "executed_branches": [], "missing_branches": [[251, 252], [251, 255], [257, 258], [257, 259], [259, 260], [259, 261], [261, 262], [261, 264], [264, 265], [264, 268]]}, "DataValidator.get_validation_report": {"executed_lines": [], "summary": {"covered_lines": 0, "num_statements": 14, "percent_covered": 0.0, "percent_covered_display": "0.00", "missing_lines": 14, "excluded_lines": 1, "num_branches": 6, "num_partial_branches": 0, "covered_branches": 0, "missing_branches": 6}, "missing_lines": [274, 275, 276, 278, 281, 282, 283, 284, 286, 287, 288, 289, 290, 292], "excluded_lines": [279], "executed_branches": [], "missing_branches": [[283, 284], [283, 286], [286, 287], [286, 292], [289, 290], [289, 292]]}, "ValidationManager.__init__": {"executed_lines": [], "summary": {"covered_lines": 0, "num_statements": 2, "percent_covered": 0.0, "percent_covered_display": "0.00", "missing_lines": 2, "excluded_lines": 0, "num_branches": 0, "num_partial_branches": 0, "covered_branches": 0, "missing_branches": 0}, "missing_lines": [300, 301], "excluded_lines": [], "executed_branches": [], "missing_branches": []}, "ValidationManager.register_schema": {"executed_lines": [], "summary": {"covered_lines": 0, "num_statements": 2, "percent_covered": 0.0, "percent_covered_display": "0.00", "missing_lines": 2, "excluded_lines": 0, "num_branches": 0, "num_partial_branches": 0, "covered_branches": 0, "missing_branches": 0}, "missing_lines": [305, 306], "excluded_lines": [], "executed_branches": [], "missing_branches": []}, "ValidationManager.get_validator": {"executed_lines": [], "summary": {"covered_lines": 0, "num_statements": 1, "percent_covered": 0.0, "percent_covered_display": "0.00", "missing_lines": 1, "excluded_lines": 0, "num_branches": 0, "num_partial_branches": 0, "covered_branches": 0, "missing_branches": 0}, "missing_lines": [310], "excluded_lines": [], "executed_branches": [], "missing_branches": []}, "ValidationManager.validate_with_schema": {"executed_lines": [], "summary": {"covered_lines": 0, "num_statements": 4, "percent_covered": 0.0, "percent_covered_display": "0.00", "missing_lines": 4, "excluded_lines": 0, "num_branches": 2, "num_partial_branches": 0, "covered_branches": 0, "missing_branches": 2}, "missing_lines": [314, 315, 316, 317], "excluded_lines": [], "executed_branches": [], "missing_branches": [[315, 316], [315, 317]]}, "ValidationManager.load_schema_from_file": {"executed_lines": [], "summary": {"covered_lines": 0, "num_statements": 15, "percent_covered": 0.0, "percent_covered_display": "0.00", "missing_lines": 15, "excluded_lines": 0, "num_branches": 8, "num_partial_branches": 0, "covered_branches": 0, "missing_branches": 8}, "missing_lines": [321, 323, 324, 325, 327, 330, 337, 338, 355, 358, 359, 362, 363, 365, 366], "excluded_lines": [], "executed_branches": [], "missing_branches": [[324, 325], [324, 327], [337, 338], [337, 358], [358, 359], [358, 362], [362, 363], [362, 365]]}, "": {"executed_lines": [], "summary": {"covered_lines": 0, "num_statements": 25, "percent_covered": 0.0, "percent_covered_display": "0.00", "missing_lines": 25, "excluded_lines": 0, "num_branches": 0, "num_partial_branches": 0, "covered_branches": 0, "missing_branches": 0}, "missing_lines": [5, 6, 7, 8, 9, 10, 12, 13, 14, 25, 28, 31, 44, 92, 130, 201, 239, 272, 295, 298, 303, 308, 312, 319, 370], "excluded_lines": [], "executed_branches": [], "missing_branches": []}}, "classes": {"DataValidator": {"executed_lines": [], "summary": {"covered_lines": 0, "num_statements": 145, "percent_covered": 0.0, "percent_covered_display": "0.00", "missing_lines": 145, "excluded_lines": 3, "num_branches": 78, "num_partial_branches": 0, "covered_branches": 0, "missing_branches": 78}, "missing_lines": [39, 40, 41, 42, 54, 55, 57, 58, 61, 62, 63, 64, 65, 66, 67, 69, 72, 73, 74, 75, 76, 77, 78, 81, 82, 83, 84, 85, 86, 87, 88, 90, 94, 95, 98, 99, 100, 101, 106, 107, 108, 109, 112, 113, 114, 115, 117, 118, 120, 121, 122, 123, 124, 125, 126, 127, 128, 132, 134, 137, 138, 140, 141, 142, 145, 146, 147, 150, 151, 152, 153, 154, 155, 156, 159, 160, 167, 168, 175, 176, 179, 180, 186, 187, 193, 194, 195, 196, 197, 198, 199, 203, 204, 206, 207, 208, 209, 210, 214, 215, 217, 218, 219, 220, 221, 222, 226, 227, 228, 229, 230, 234, 235, 236, 237, 249, 251, 252, 255, 257, 258, 259, 260, 261, 262, 263, 264, 265, 266, 268, 270, 274, 275, 276, 278, 281, 282, 283, 284, 286, 287, 288, 289, 290, 292], "excluded_lines": [119, 139, 279], "executed_branches": [], "missing_branches": [[61, 62], [61, 63], [63, 64], [63, 66], [66, 67], [66, 69], [72, 73], [72, 81], [76, 77], [76, 78], [81, 82], [81, 90], [82, 83], [82, 90], [86, 87], [86, 88], [99, 100], [99, 112], [100, 99], [100, 101], [106, 107], [106, 108], [112, -92], [112, 113], [124, 125], [124, 126], [145, 146], [145, 150], [159, 160], [159, 167], [167, 168], [167, 175], [175, 176], [175, 179], [179, 180], [179, 186], [186, 187], [186, 193], [193, -130], [193, 194], [194, 195], [194, 196], [196, 197], [196, 198], [198, -130], [198, 199], [203, -201], [203, 204], [207, 208], [207, 214], [209, 203], [209, 210], [214, 215], [214, 217], [217, 218], [217, 226], [221, 203], [221, 222], [226, 203], [226, 227], [229, 203], [229, 230], [251, 252], [251, 255], [257, 258], [257, 259], [259, 260], [259, 261], [261, 262], [261, 264], [264, 265], [264, 268], [283, 284], [283, 286], [286, 287], [286, 292], [289, 290], [289, 292]]}, "ValidationManager": {"executed_lines": [], "summary": {"covered_lines": 0, "num_statements": 24, "percent_covered": 0.0, "percent_covered_display": "0.00", "missing_lines": 24, "excluded_lines": 0, "num_branches": 10, "num_partial_branches": 0, "covered_branches": 0, "missing_branches": 10}, "missing_lines": [300, 301, 305, 306, 310, 314, 315, 316, 317, 321, 323, 324, 325, 327, 330, 337, 338, 355, 358, 359, 362, 363, 365, 366], "excluded_lines": [], "executed_branches": [], "missing_branches": [[315, 316], [315, 317], [324, 325], [324, 327], [337, 338], [337, 358], [358, 359], [358, 362], [362, 363], [362, 365]]}, "": {"executed_lines": [], "summary": {"covered_lines": 0, "num_statements": 25, "percent_covered": 0.0, "percent_covered_display": "0.00", "missing_lines": 25, "excluded_lines": 0, "num_branches": 0, "num_partial_branches": 0, "covered_branches": 0, "missing_branches": 0}, "missing_lines": [5, 6, 7, 8, 9, 10, 12, 13, 14, 25, 28, 31, 44, 92, 130, 201, 239, 272, 295, 298, 303, 308, 312, 319, 370], "excluded_lines": [], "executed_branches": [], "missing_branches": []}}}}, "totals": {"covered_lines": 119, "num_statements": 1921, "percent_covered": 4.8800325335502235, "percent_covered_display": "4.88", "missing_lines": 1802, "excluded_lines": 75, "num_branches": 538, "num_partial_branches": 1, "covered_branches": 1, "missing_branches": 537}}