{"meta": {"format": 3, "version": "7.10.7", "timestamp": "2026-02-02T15:04:45.428083", "branch_coverage": true, "show_contexts": false}, "files": {"src/validators/data_validator.py": {"executed_lines": [], "summary": {"covered_lines": 0, "num_statements": 124, "percent_covered": 0.0, "percent_covered_display": "0.00", "missing_lines": 124, "excluded_lines": 0, "num_branches": 48, "num_partial_branches": 0, "covered_branches": 0, "missing_branches": 48}, "missing_lines": [13, 14, 15, 17, 18, 19, 20, 23, 26, 33, 34, 36, 46, 47, 48, 49, 50, 51, 52, 53, 55, 81, 90, 91, 92, 93, 94, 97, 98, 99, 100, 101, 102, 105, 106, 107, 108, 109, 110, 111, 112, 113, 114, 115, 118, 119, 120, 121, 124, 127, 128, 129, 130, 131, 134, 137, 138, 140, 142, 152, 153, 154, 155, 156, 158, 160, 170, 173, 177, 178, 179, 180, 181, 183, 185, 195, 196, 197, 198, 200, 203, 205, 206, 207, 209, 210, 211, 216, 218, 219, 220, 221, 223, 225, 227, 238, 254, 284, 285, 286, 299, 300, 301, 302, 303, 304, 305, 307, 320, 337, 357, 365, 366, 367, 368, 371, 372, 373, 375, 385, 386, 387, 388, 390], "excluded_lines": [], "executed_branches": [], "missing_branches": [[90, 91], [90, 97], [97, 98], [97, 105], [99, 100], [99, 105], [106, 107], [106, 118], [109, 110], [109, 113], [113, 114], [113, 118], [118, 119], [118, 127], [120, 121], [120, 127], [128, 129], [128, 134], [137, 138], [137, 140], [153, 154], [153, 158], [155, 153], [155, 156], [177, 178], [177, 183], [178, 177], [178, 179], [180, 177], [180, 181], [209, 210], [209, 218], [211, 216], [211, 218], [218, 219], [218, 223], [220, 221], [220, 223], [284, 285], [284, 299], [299, 300], [299, 320], [302, 303], [302, 307], [385, 386], [385, 387], [387, 388], [387, 390]], "functions": {"DataValidator.__init__": {"executed_lines": [], "summary": {"covered_lines": 0, "num_statements": 2, "percent_covered": 0.0, "percent_covered_display": "0.00", "missing_lines": 2, "excluded_lines": 0, "num_branches": 0, "num_partial_branches": 0, "covered_branches": 0, "missing_branches": 0}, "missing_lines": [33, 34], "excluded_lines": [], "executed_branches": [], "missing_branches": []}, "DataValidator._load_config": {"executed_lines": [], "summary": {"covered_lines": 0, "num_statements": 8, "percent_covered": 0.0, "percent_covered_display": "0.00", "missing_lines": 8, "excluded_lines": 0, "num_branches": 0, "num_partial_branches": 0, "covered_branches": 0, "missing_branches": 0}, "missing_lines": [46, 47, 48, 49, 50, 51, 52, 53], "excluded_lines": [], "executed_branches": [], "missing_branches": []}, "DataValidator.validate_dataframe": {"executed_lines": [], "summary": {"covered_lines": 0, "num_statements": 37, "percent_covered": 0.0, "percent_covered_display": "0.00", "missing_lines": 37, "excluded_lines": 0, "num_branches": 20, "num_partial_branches": 0, "covered_branches": 0, "missing_branches": 20}, "missing_lines": [81, 90, 91, 92, 93, 94, 97, 98, 99, 100, 101, 102, 105, 106, 107, 108, 109, 110, 111, 112, 113, 114, 115, 118, 119, 120, 121, 124, 127, 128, 129, 130, 131, 134, 137, 138, 140], "excluded_lines": [], "executed_branches": [], "missing_branches": [[90, 91], [90, 97], [97, 98], [97, 105], [99, 100], [99, 105], [106, 107], [106, 118], [109, 110], [109, 113], [113, 114], [113, 118], [118, 119], [118, 127], [120, 121], [120, 127], [128, 129], [128, 134], [137, 138], [137, 140]]}, "DataValidator._check_missing_data": {"executed_lines": [], "summary": {"covered_lines": 0, "num_statements": 6, "percent_covered": 0.0, "percent_covered_display": "0.00", "missing_lines": 6, "excluded_lines": 0, "num_branches": 4, "num_partial_branches": 0, "covered_branches": 0, "missing_branches": 4}, "missing_lines": [152, 153, 154, 155, 156, 158], "excluded_lines": [], "executed_branches": [], "missing_branches": [[153, 154], [153, 158], [155, 153], [155, 156]]}, "DataValidator._check_data_types": {"executed_lines": [], "summary": {"covered_lines": 0, "num_statements": 8, "percent_covered": 0.0, "percent_covered_display": "0.00", "missing_lines": 8, "excluded_lines": 0, "num_branches": 6, "num_partial_branches": 0, "covered_branches": 0, "missing_branches": 6}, "missing_lines": [170, 173, 177, 178, 179, 180, 181, 183], "excluded_lines": [], "executed_branches": [], "missing_branches": [[177, 178], [177, 183], [178, 177], [178, 179], [180, 177], [180, 181]]}, "DataValidator.generate_report": {"executed_lines": [], "summary": {"covered_lines": 0, "num_statements": 19, "percent_covered": 0.0, "percent_covered_display": "0.00", "missing_lines": 19, "excluded_lines": 0, "num_branches": 8, "num_partial_branches": 0, "covered_branches": 0, "missing_branches": 8}, "missing_lines": [195, 196, 197, 198, 200, 203, 205, 206, 207, 209, 210, 211, 216, 218, 219, 220, 221, 223, 225], "excluded_lines": [], "executed_branches": [], "missing_branches": [[209, 210], [209, 218], [211, 216], [211, 218], [218, 219], [218, 223], [220, 221], [220, 223]]}, "DataValidator.generate_interactive_report": {"executed_lines": [], "summary": {"covered_lines": 0, "num_statements": 23, "percent_covered": 0.0, "percent_covered_display": "0.00", "missing_lines": 23, "excluded_lines": 0, "num_branches": 6, "num_partial_branches": 0, "covered_branches": 0, "missing_branches": 6}, "missing_lines": [238, 254, 284, 285, 286, 299, 300, 301, 302, 303, 304, 305, 307, 320, 337, 357, 365, 366, 367, 368, 371, 372, 373], "excluded_lines": [], "executed_branches": [], "missing_branches": [[284, 285], [284, 299], [299, 300], [299, 320], [302, 303], [302, 307]]}, "DataValidator._get_quality_color": {"executed_lines": [], "summary": {"covered_lines": 0, "num_statements": 5, "percent_covered": 0.0, "percent_covered_display": "0.00", "missing_lines": 5, "excluded_lines": 0, "num_branches": 4, "num_partial_branches": 0, "covered_branches": 0, "missing_branches": 4}, "missing_lines": [385, 386, 387, 388, 390], "excluded_lines": [], "executed_branches": [], "missing_branches": [[385, 386], [385, 387], [387, 388], [387, 390]]}, "": {"executed_lines": [], "summary": {"covered_lines": 0, "num_statements": 16, "percent_covered": 0.0, "percent_covered_display": "0.00", "missing_lines": 16, "excluded_lines": 0, "num_branches": 0, "num_partial_branches": 0, "covered_branches": 0, "missing_branches": 0}, "missing_lines": [13, 14, 15, 17, 18, 19, 20, 23, 26, 36, 55, 142, 160, 185, 227, 375], "excluded_lines": [], "executed_branches": [], "missing_branches": []}}, "classes": {"DataValidator": {"executed_lines": [], "summary": {"covered_lines": 0, "num_statements": 108, "percent_covered": 0.0, "percent_covered_display": "0.00", "missing_lines": 108, "excluded_lines": 0, "num_branches": 48, "num_partial_branches": 0, "covered_branches": 0, "missing_branches": 48}, "missing_lines": [33, 34, 46, 47, 48, 49, 50, 51, 52, 53, 81, 90, 91, 92, 93, 94, 97, 98, 99, 100, 101, 102, 105, 106, 107, 108, 109, 110, 111, 112, 113, 114, 115, 118, 119, 120, 121, 124, 127, 128, 129, 130, 131, 134, 137, 138, 140, 152, 153, 154, 155, 156, 158, 170, 173, 177, 178, 179, 180, 181, 183, 195, 196, 197, 198, 200, 203, 205, 206, 207, 209, 210, 211, 216, 218, 219, 220, 221, 223, 225, 238, 254, 284, 285, 286, 299, 300, 301, 302, 303, 304, 305, 307, 320, 337, 357, 365, 366, 367, 368, 371, 372, 373, 385, 386, 387, 388, 390], "excluded_lines": [], "executed_branches": [], "missing_branches": [[90, 91], [90, 97], [97, 98], [97, 105], [99, 100], [99, 105], [106, 107], [106, 118], [109, 110], [109, 113], [113, 114], [113, 118], [118, 119], [118, 127], [120, 121], [120, 127], [128, 129], [128, 134], [137, 138], [137, 140], [153, 154], [153, 158], [155, 153], [155, 156], [177, 178], [177, 183], [178, 177], [178, 179], [180, 177], [180, 181], [209, 210], [209, 218], [211, 216], [211, 218], [218, 219], [218, 223], [220, 221], [220, 223], [284, 285], [284, 299], [299, 300], [299, 320], [302, 303], [302, 307], [385, 386], [385, 387], [387, 388], [387, 390]]}, "": {"executed_lines": [], "summary": {"covered_lines": 0, "num_statements": 16, "percent_covered": 0.0, "percent_covered_display": "0.00", "missing_lines": 16, "excluded_lines": 0, "num_branches": 0, "num_partial_branches": 0, "covered_branches": 0, "missing_branches": 0}, "missing_lines": [13, 14, 15, 17, 18, 19, 20, 23, 26, 36, 55, 142, 160, 185, 227, 375], "excluded_lines": [], "executed_branches": [], "missing_branches": []}}}, "src/worldenergydata/__main__.py": {"executed_lines": [], "summary": {"covered_lines": 0, "num_statements": 1, "percent_covered": 0.0, "percent_covered_display": "0.00", "missing_lines": 1, "excluded_lines": 2, "num_branches": 0, "num_partial_branches": 0, "covered_branches": 0, "missing_branches": 0}, "missing_lines": [38], "excluded_lines": [40, 41], "executed_branches": [], "missing_branches": [], "functions": {"": {"executed_lines": [], "summary": {"covered_lines": 0, "num_statements": 1, "percent_covered": 0.0, "percent_covered_display": "0.00", "missing_lines": 1, "excluded_lines": 2, "num_branches": 0, "num_partial_branches": 0, "covered_branches": 0, "missing_branches": 0}, "missing_lines": [38], "excluded_lines": [40, 41], "executed_branches": [], "missing_branches": []}}, "classes": {"": {"executed_lines": [], "summary": {"covered_lines": 0, "num_statements": 1, "percent_covered": 0.0, "percent_covered_display": "0.00", "missing_lines": 1, "excluded_lines": 2, "num_branches": 0, "num_partial_branches": 0, "covered_branches": 0, "missing_branches": 0}, "missing_lines": [38], "excluded_lines": [40, 41], "executed_branches": [], "missing_branches": []}}}, "src/worldenergydata/analysis/lower_tertiary/latest_runner.py": {"executed_lines": [], "summary": {"covered_lines": 0, "num_statements": 89, "percent_covered": 0.0, "percent_covered_display": "0.00", "missing_lines": 89, "excluded_lines": 20, "num_branches": 22, "num_partial_branches": 0, "covered_branches": 0, "missing_branches": 22}, "missing_lines": [3, 5, 6, 8, 10, 14, 18, 23, 27, 32, 50, 56, 57, 58, 61, 72, 74, 78, 79, 81, 82, 83, 84, 86, 94, 101, 111, 117, 123, 137, 138, 140, 141, 142, 144, 145, 146, 147, 150, 151, 152, 154, 159, 165, 166, 168, 169, 173, 174, 176, 189, 190, 198, 206, 213, 215, 216, 217, 218, 219, 220, 222, 225, 237, 243, 246, 247, 248, 249, 252, 253, 254, 255, 256, 259, 260, 261, 262, 263, 265, 266, 269, 270, 271, 272, 274, 275, 277, 278], "excluded_lines": [281, 282, 287, 288, 290, 291, 292, 293, 294, 296, 300, 301, 303, 304, 310, 311, 312, 313, 318, 319], "executed_branches": [], "missing_branches": [[82, 83], [82, 101], [144, 145], [144, 198], [150, 151], [150, 154], [189, 144], [189, 190], [215, 216], [215, 217], [217, 218], [217, 219], [219, 220], [219, 222], [261, 262], [261, 265], [262, 263], [262, 265], [269, 270], [269, 277], [270, 271], [270, 274]], "functions": {"_compute_development_revenue": {"executed_lines": [], "summary": {"covered_lines": 0, "num_statements": 4, "percent_covered": 0.0, "percent_covered_display": "0.00", "missing_lines": 4, "excluded_lines": 0, "num_branches": 0, "num_partial_branches": 0, "covered_branches": 0, "missing_branches": 0}, "missing_lines": [50, 56, 57, 58], "excluded_lines": [], "executed_branches": [], "missing_branches": []}, "run_latest_analysis": {"executed_lines": [], "summary": {"covered_lines": 0, "num_statements": 13, "percent_covered": 0.0, "percent_covered_display": "0.00", "missing_lines": 13, "excluded_lines": 0, "num_branches": 2, "num_partial_branches": 0, "covered_branches": 0, "missing_branches": 2}, "missing_lines": [72, 74, 78, 79, 81, 82, 83, 84, 86, 94, 101, 111, 117], "excluded_lines": [], "executed_branches": [], "missing_branches": [[82, 83], [82, 101]]}, "compare_against_v30": {"executed_lines": [], "summary": {"covered_lines": 0, "num_statements": 25, "percent_covered": 0.0, "percent_covered_display": "0.00", "missing_lines": 25, "excluded_lines": 0, "num_branches": 6, "num_partial_branches": 0, "covered_branches": 0, "missing_branches": 6}, "missing_lines": [137, 138, 140, 141, 142, 144, 145, 146, 147, 150, 151, 152, 154, 159, 165, 166, 168, 169, 173, 174, 176, 189, 190, 198, 206], "excluded_lines": [], "executed_branches": [], "missing_branches": [[144, 145], [144, 198], [150, 151], [150, 154], [189, 144], [189, 190]]}, "_generate_explanation": {"executed_lines": [], "summary": {"covered_lines": 0, "num_statements": 7, "percent_covered": 0.0, "percent_covered_display": "0.00", "missing_lines": 7, "excluded_lines": 0, "num_branches": 6, "num_partial_branches": 0, "covered_branches": 0, "missing_branches": 6}, "missing_lines": [215, 216, 217, 218, 219, 220, 222], "excluded_lines": [], "executed_branches": [], "missing_branches": [[215, 216], [215, 217], [217, 218], [217, 219], [219, 220], [219, 222]]}, "run_classified_analysis": {"executed_lines": [], "summary": {"covered_lines": 0, "num_statements": 26, "percent_covered": 0.0, "percent_covered_display": "0.00", "missing_lines": 26, "excluded_lines": 0, "num_branches": 8, "num_partial_branches": 0, "covered_branches": 0, "missing_branches": 8}, "missing_lines": [237, 243, 246, 247, 248, 249, 252, 253, 254, 255, 256, 259, 260, 261, 262, 263, 265, 266, 269, 270, 271, 272, 274, 275, 277, 278], "excluded_lines": [], "executed_branches": [], "missing_branches": [[261, 262], [261, 265], [262, 263], [262, 265], [269, 270], [269, 277], [270, 271], [270, 274]]}, "": {"executed_lines": [], "summary": {"covered_lines": 0, "num_statements": 14, "percent_covered": 0.0, "percent_covered_display": "0.00", "missing_lines": 14, "excluded_lines": 20, "num_branches": 0, "num_partial_branches": 0, "covered_branches": 0, "missing_branches": 0}, "missing_lines": [3, 5, 6, 8, 10, 14, 18, 23, 27, 32, 61, 123, 213, 225], "excluded_lines": [281, 282, 287, 288, 290, 291, 292, 293, 294, 296, 300, 301, 303, 304, 310, 311, 312, 313, 318, 319], "executed_branches": [], "missing_branches": []}}, "classes": {"": {"executed_lines": [], "summary": {"covered_lines": 0, "num_statements": 89, "percent_covered": 0.0, "percent_covered_display": "0.00", "missing_lines": 89, "excluded_lines": 20, "num_branches": 22, "num_partial_branches": 0, "covered_branches": 0, "missing_branches": 22}, "missing_lines": [3, 5, 6, 8, 10, 14, 18, 23, 27, 32, 50, 56, 57, 58, 61, 72, 74, 78, 79, 81, 82, 83, 84, 86, 94, 101, 111, 117, 123, 137, 138, 140, 141, 142, 144, 145, 146, 147, 150, 151, 152, 154, 159, 165, 166, 168, 169, 173, 174, 176, 189, 190, 198, 206, 213, 215, 216, 217, 218, 219, 220, 222, 225, 237, 243, 246, 247, 248, 249, 252, 253, 254, 255, 256, 259, 260, 261, 262, 263, 265, 266, 269, 270, 271, 272, 274, 275, 277, 278], "excluded_lines": [281, 282, 287, 288, 290, 291, 292, 293, 294, 296, 300, 301, 303, 304, 310, 311, 312, 313, 318, 319], "executed_branches": [], "missing_branches": [[82, 83], [82, 101], [144, 145], [144, 198], [150, 151], [150, 154], [189, 144], [189, 190], [215, 216], [215, 217], [217, 218], [217, 219], [219, 220], [219, 222], [261, 262], [261, 265], [262, 263], [262, 265], [269, 270], [269, 277], [270, 271], [270, 274]]}}}, "src/worldenergydata/analysis/lower_tertiary/npv.py": {"executed_lines": [], "summary": {"covered_lines": 0, "num_statements": 100, "percent_covered": 0.0, "percent_covered_display": "0.00", "missing_lines": 100, "excluded_lines": 0, "num_branches": 20, "num_partial_branches": 0, "covered_branches": 0, "missing_branches": 20}, "missing_lines": [6, 8, 9, 11, 12, 15, 16, 17, 18, 21, 22, 25, 28, 29, 31, 32, 33, 34, 35, 40, 45, 52, 53, 54, 55, 56, 57, 60, 67, 68, 69, 71, 72, 74, 75, 76, 77, 79, 80, 81, 82, 83, 85, 91, 92, 93, 94, 95, 97, 98, 102, 105, 109, 121, 124, 131, 132, 133, 135, 138, 141, 142, 144, 145, 146, 147, 148, 149, 150, 151, 152, 153, 155, 158, 165, 166, 168, 169, 172, 174, 175, 176, 179, 181, 182, 184, 185, 187, 188, 189, 190, 191, 192, 193, 195, 196, 198, 199, 200, 202], "excluded_lines": [], "executed_branches": [], "missing_branches": [[33, 34], [33, 40], [53, 54], [53, 55], [55, 56], [55, 57], [68, 69], [68, 71], [75, 76], [75, 121], [82, 83], [82, 85], [93, 94], [93, 95], [132, 133], [132, 135], [165, 166], [165, 168], [181, 182], [181, 184]], "functions": {"_read_yaml": {"executed_lines": [], "summary": {"covered_lines": 0, "num_statements": 3, "percent_covered": 0.0, "percent_covered_display": "0.00", "missing_lines": 3, "excluded_lines": 0, "num_branches": 0, "num_partial_branches": 0, "covered_branches": 0, "missing_branches": 0}, "missing_lines": [16, 17, 18], "excluded_lines": [], "executed_branches": [], "missing_branches": []}, "_normalize_lease": {"executed_lines": [], "summary": {"covered_lines": 0, "num_statements": 1, "percent_covered": 0.0, "percent_covered_display": "0.00", "missing_lines": 1, "excluded_lines": 0, "num_branches": 0, "num_partial_branches": 0, "covered_branches": 0, "missing_branches": 0}, "missing_lines": [22], "excluded_lines": [], "executed_branches": [], "missing_branches": []}, "load_lease_mapping": {"executed_lines": [], "summary": {"covered_lines": 0, "num_statements": 9, "percent_covered": 0.0, "percent_covered_display": "0.00", "missing_lines": 9, "excluded_lines": 0, "num_branches": 2, "num_partial_branches": 0, "covered_branches": 0, "missing_branches": 2}, "missing_lines": [28, 29, 31, 32, 33, 34, 35, 40, 45], "excluded_lines": [], "executed_branches": [], "missing_branches": [[33, 34], [33, 40]]}, "_resolve_first_oil": {"executed_lines": [], "summary": {"covered_lines": 0, "num_statements": 5, "percent_covered": 0.0, "percent_covered_display": "0.00", "missing_lines": 5, "excluded_lines": 0, "num_branches": 4, "num_partial_branches": 0, "covered_branches": 0, "missing_branches": 4}, "missing_lines": [53, 54, 55, 56, 57], "excluded_lines": [], "executed_branches": [], "missing_branches": [[53, 54], [53, 55], [55, 56], [55, 57]]}, "load_field_inputs": {"executed_lines": [], "summary": {"covered_lines": 0, "num_statements": 26, "percent_covered": 0.0, "percent_covered_display": "0.00", "missing_lines": 26, "excluded_lines": 0, "num_branches": 8, "num_partial_branches": 0, "covered_branches": 0, "missing_branches": 8}, "missing_lines": [67, 68, 69, 71, 72, 74, 75, 76, 77, 79, 80, 81, 82, 83, 85, 91, 92, 93, 94, 95, 97, 98, 102, 105, 109, 121], "excluded_lines": [], "executed_branches": [], "missing_branches": [[68, 69], [68, 71], [75, 76], [75, 121], [82, 83], [82, 85], [93, 94], [93, 95]]}, "calculate_monthly_financials": {"executed_lines": [], "summary": {"covered_lines": 0, "num_statements": 18, "percent_covered": 0.0, "percent_covered_display": "0.00", "missing_lines": 18, "excluded_lines": 0, "num_branches": 2, "num_partial_branches": 0, "covered_branches": 0, "missing_branches": 2}, "missing_lines": [131, 132, 133, 135, 138, 141, 142, 144, 145, 146, 147, 148, 149, 150, 151, 152, 153, 155], "excluded_lines": [], "executed_branches": [], "missing_branches": [[132, 133], [132, 135]]}, "summarize_field_financials": {"executed_lines": [], "summary": {"covered_lines": 0, "num_statements": 26, "percent_covered": 0.0, "percent_covered_display": "0.00", "missing_lines": 26, "excluded_lines": 0, "num_branches": 4, "num_partial_branches": 0, "covered_branches": 0, "missing_branches": 4}, "missing_lines": [165, 166, 168, 169, 172, 174, 175, 176, 179, 181, 182, 184, 185, 187, 188, 189, 190, 191, 192, 193, 195, 196, 198, 199, 200, 202], "excluded_lines": [], "executed_branches": [], "missing_branches": [[165, 166], [165, 168], [181, 182], [181, 184]]}, "": {"executed_lines": [], "summary": {"covered_lines": 0, "num_statements": 12, "percent_covered": 0.0, "percent_covered_display": "0.00", "missing_lines": 12, "excluded_lines": 0, "num_branches": 0, "num_partial_branches": 0, "covered_branches": 0, "missing_branches": 0}, "missing_lines": [6, 8, 9, 11, 12, 15, 21, 25, 52, 60, 124, 158], "excluded_lines": [], "executed_branches": [], "missing_branches": []}}, "classes": {"": {"executed_lines": [], "summary": {"covered_lines": 0, "num_statements": 100, "percent_covered": 0.0, "percent_covered_display": "0.00", "missing_lines": 100, "excluded_lines": 0, "num_branches": 20, "num_partial_branches": 0, "covered_branches": 0, "missing_branches": 20}, "missing_lines": [6, 8, 9, 11, 12, 15, 16, 17, 18, 21, 22, 25, 28, 29, 31, 32, 33, 34, 35, 40, 45, 52, 53, 54, 55, 56, 57, 60, 67, 68, 69, 71, 72, 74, 75, 76, 77, 79, 80, 81, 82, 83, 85, 91, 92, 93, 94, 95, 97, 98, 102, 105, 109, 121, 124, 131, 132, 133, 135, 138, 141, 142, 144, 145, 146, 147, 148, 149, 150, 151, 152, 153, 155, 158, 165, 166, 168, 169, 172, 174, 175, 176, 179, 181, 182, 184, 185, 187, 188, 189, 190, 191, 192, 193, 195, 196, 198, 199, 200, 202], "excluded_lines": [], "executed_branches": [], "missing_branches": [[33, 34], [33, 40], [53, 54], [53, 55], [55, 56], [55, 57], [68, 69], [68, 71], [75, 76], [75, 121], [82, 83], [82, 85], [93, 94], [93, 95], [132, 133], [132, 135], [165, 166], [165, 168], [181, 182], [181, 184]]}}}, "src/worldenergydata/analysis/lower_tertiary/production_classifier.py": {"executed_lines": [], "summary": {"covered_lines": 0, "num_statements": 33, "percent_covered": 0.0, "percent_covered_display": "0.00", "missing_lines": 33, "excluded_lines": 0, "num_branches": 6, "num_partial_branches": 0, "covered_branches": 0, "missing_branches": 6}, "missing_lines": [3, 5, 8, 9, 10, 11, 14, 16, 19, 43, 46, 47, 50, 55, 56, 57, 62, 65, 66, 69, 70, 75, 76, 79, 81, 84, 94, 95, 96, 97, 98, 101, 108], "excluded_lines": [], "executed_branches": [], "missing_branches": [[55, 56], [55, 65], [56, 57], [56, 65], [95, 96], [95, 108]], "functions": {"_clean_code_column": {"executed_lines": [], "summary": {"covered_lines": 0, "num_statements": 1, "percent_covered": 0.0, "percent_covered_display": "0.00", "missing_lines": 1, "excluded_lines": 0, "num_branches": 0, "num_partial_branches": 0, "covered_branches": 0, "missing_branches": 0}, "missing_lines": [16], "excluded_lines": [], "executed_branches": [], "missing_branches": []}, "classify_production": {"executed_lines": [], "summary": {"covered_lines": 0, "num_statements": 16, "percent_covered": 0.0, "percent_covered_display": "0.00", "missing_lines": 16, "excluded_lines": 0, "num_branches": 4, "num_partial_branches": 0, "covered_branches": 0, "missing_branches": 4}, "missing_lines": [43, 46, 47, 50, 55, 56, 57, 62, 65, 66, 69, 70, 75, 76, 79, 81], "excluded_lines": [], "executed_branches": [], "missing_branches": [[55, 56], [55, 65], [56, 57], [56, 65]]}, "summarize_classification": {"executed_lines": [], "summary": {"covered_lines": 0, "num_statements": 7, "percent_covered": 0.0, "percent_covered_display": "0.00", "missing_lines": 7, "excluded_lines": 0, "num_branches": 2, "num_partial_branches": 0, "covered_branches": 0, "missing_branches": 2}, "missing_lines": [94, 95, 96, 97, 98, 101, 108], "excluded_lines": [], "executed_branches": [], "missing_branches": [[95, 96], [95, 108]]}, "": {"executed_lines": [], "summary": {"covered_lines": 0, "num_statements": 9, "percent_covered": 0.0, "percent_covered_display": "0.00", "missing_lines": 9, "excluded_lines": 0, "num_branches": 0, "num_partial_branches": 0, "covered_branches": 0, "missing_branches": 0}, "missing_lines": [3, 5, 8, 9, 10, 11, 14, 19, 84], "excluded_lines": [], "executed_branches": [], "missing_branches": []}}, "classes": {"ProductionClass": {"executed_lines": [], "summary": {"covered_lines": 0, "num_statements": 0, "percent_covered": 100.0, "percent_covered_display": "100.00", "missing_lines": 0, "excluded_lines": 0, "num_branches": 0, "num_partial_branches": 0, "covered_branches": 0, "missing_branches": 0}, "missing_lines": [], "excluded_lines": [], "executed_branches": [], "missing_branches": []}, "": {"executed_lines": [], "summary": {"covered_lines": 0, "num_statements": 33, "percent_covered": 0.0, "percent_covered_display": "0.00", "missing_lines": 33, "excluded_lines": 0, "num_branches": 6, "num_partial_branches": 0, "covered_branches": 0, "missing_branches": 6}, "missing_lines": [3, 5, 8, 9, 10, 11, 14, 16, 19, 43, 46, 47, 50, 55, 56, 57, 62, 65, 66, 69, 70, 75, 76, 79, 81, 84, 94, 95, 96, 97, 98, 101, 108], "excluded_lines": [], "executed_branches": [], "missing_branches": [[55, 56], [55, 65], [56, 57], [56, 65], [95, 96], [95, 108]]}}}, "src/worldenergydata/analysis/lower_tertiary/v30_financial_reproducer.py": {"executed_lines": [], "summary": {"covered_lines": 0, "num_statements": 359, "percent_covered": 0.0, "percent_covered_display": "0.00", "missing_lines": 359, "excluded_lines": 0, "num_branches": 94, "num_partial_branches": 0, "covered_branches": 0, "missing_branches": 94}, "missing_lines": [3, 5, 6, 8, 9, 11, 23, 27, 28, 29, 30, 31, 32, 33, 34, 35, 36, 37, 38, 39, 42, 44, 45, 49, 50, 51, 57, 60, 61, 64, 65, 66, 67, 68, 71, 81, 82, 83, 86, 87, 95, 96, 98, 101, 105, 106, 107, 108, 110, 111, 112, 115, 116, 118, 121, 123, 124, 126, 136, 143, 144, 145, 147, 148, 150, 151, 152, 153, 155, 161, 169, 170, 178, 181, 185, 186, 187, 188, 191, 197, 199, 209, 213, 217, 218, 219, 221, 222, 223, 224, 225, 229, 230, 231, 232, 233, 236, 238, 241, 243, 244, 245, 246, 247, 248, 249, 250, 251, 252, 253, 254, 255, 258, 260, 261, 262, 265, 267, 268, 269, 270, 271, 272, 275, 277, 278, 279, 280, 281, 282, 283, 286, 293, 296, 310, 311, 314, 320, 321, 322, 324, 325, 326, 328, 331, 332, 334, 335, 337, 338, 340, 341, 342, 343, 344, 345, 346, 349, 350, 351, 352, 353, 354, 355, 357, 358, 360, 361, 364, 365, 368, 369, 370, 371, 372, 373, 374, 375, 378, 379, 380, 386, 387, 388, 390, 391, 392, 393, 394, 395, 396, 397, 403, 404, 407, 408, 409, 410, 411, 412, 413, 416, 417, 418, 419, 420, 421, 422, 424, 426, 429, 442, 443, 444, 445, 447, 448, 449, 451, 452, 455, 456, 457, 458, 459, 460, 461, 464, 465, 470, 472, 478, 486, 487, 495, 498, 502, 503, 504, 505, 508, 514, 515, 516, 522, 526, 527, 529, 532, 540, 541, 542, 543, 544, 545, 548, 549, 550, 552, 553, 554, 555, 556, 557, 558, 561, 564, 565, 568, 570, 573, 574, 575, 581, 584, 586, 587, 590, 592, 595, 597, 600, 601, 608, 609, 610, 611, 612, 613, 614, 615, 618, 621, 623, 624, 625, 626, 627, 628, 631, 632, 635, 638, 640, 643, 646, 656, 657, 658, 659, 660, 663, 664, 665, 666, 667, 668, 671, 673, 676, 677, 681, 685, 686, 687, 688, 691, 692, 697, 698, 700, 704, 706, 708, 709, 710, 711, 712, 713, 716, 718, 720, 721, 724, 726, 744, 747, 749, 750, 751, 757, 758, 759, 760, 761, 762, 763, 767, 768], "excluded_lines": [], "executed_branches": [], "missing_branches": [[28, 29], [28, 30], [31, 32], [31, 33], [33, 34], [33, 35], [45, 49], [45, 68], [64, 65], [64, 67], [65, 64], [65, 66], [115, 116], [115, 118], [147, 148], [147, 150], [152, 153], [152, 155], [187, 188], [187, 197], [230, 231], [230, 232], [244, 245], [244, 246], [247, 248], [247, 249], [253, 254], [253, 255], [260, 261], [260, 262], [267, 268], [267, 269], [340, 341], [340, 407], [349, 350], [349, 368], [352, 353], [352, 368], [357, 358], [357, 360], [369, 370], [369, 388], [373, 340], [373, 374], [388, 340], [388, 390], [392, 340], [392, 393], [408, 409], [408, 417], [411, 412], [411, 417], [412, 413], [412, 416], [417, 418], [417, 426], [420, 421], [420, 426], [421, 422], [421, 424], [444, 445], [444, 447], [455, 456], [455, 464], [459, 460], [459, 464], [460, 459], [460, 461], [504, 505], [504, 514], [526, 527], [526, 529], [553, 554], [553, 744], [573, 574], [573, 685], [614, 615], [614, 618], [625, 626], [625, 627], [627, 628], [627, 635], [631, 632], [631, 635], [657, 658], [657, 660], [658, 657], [658, 659], [665, 666], [665, 673], [710, 711], [710, 718], [760, 761], [760, 762]], "functions": {"_get_assumption": {"executed_lines": [], "summary": {"covered_lines": 0, "num_statements": 13, "percent_covered": 0.0, "percent_covered_display": "0.00", "missing_lines": 13, "excluded_lines": 0, "num_branches": 6, "num_partial_branches": 0, "covered_branches": 0, "missing_branches": 6}, "missing_lines": [27, 28, 29, 30, 31, 32, 33, 34, 35, 36, 37, 38, 39], "excluded_lines": [], "executed_branches": [], "missing_branches": [[28, 29], [28, 30], [31, 32], [31, 33], [33, 34], [33, 35]]}, "_load_assumptions_wide": {"executed_lines": [], "summary": {"covered_lines": 0, "num_statements": 13, "percent_covered": 0.0, "percent_covered_display": "0.00", "missing_lines": 13, "excluded_lines": 0, "num_branches": 6, "num_partial_branches": 0, "covered_branches": 0, "missing_branches": 6}, "missing_lines": [44, 45, 49, 50, 51, 57, 60, 61, 64, 65, 66, 67, 68], "excluded_lines": [], "executed_branches": [], "missing_branches": [[45, 49], [45, 68], [64, 65], [64, 67], [65, 64], [65, 66]]}, "reproduce_dnc_costs": {"executed_lines": [], "summary": {"covered_lines": 0, "num_statements": 23, "percent_covered": 0.0, "percent_covered_display": "0.00", "missing_lines": 23, "excluded_lines": 0, "num_branches": 2, "num_partial_branches": 0, "covered_branches": 0, "missing_branches": 2}, "missing_lines": [81, 82, 83, 86, 87, 95, 96, 98, 101, 105, 106, 107, 108, 110, 111, 112, 115, 116, 118, 121, 123, 124, 126], "excluded_lines": [], "executed_branches": [], "missing_branches": [[115, 116], [115, 118]]}, "reproduce_facilities_cost": {"executed_lines": [], "summary": {"covered_lines": 0, "num_statements": 22, "percent_covered": 0.0, "percent_covered_display": "0.00", "missing_lines": 22, "excluded_lines": 0, "num_branches": 6, "num_partial_branches": 0, "covered_branches": 0, "missing_branches": 6}, "missing_lines": [143, 144, 145, 147, 148, 150, 151, 152, 153, 155, 161, 169, 170, 178, 181, 185, 186, 187, 188, 191, 197, 199], "excluded_lines": [], "executed_branches": [], "missing_branches": [[147, 148], [147, 150], [152, 153], [152, 155], [187, 188], [187, 197]]}, "reproduce_producer_counts": {"executed_lines": [], "summary": {"covered_lines": 0, "num_statements": 16, "percent_covered": 0.0, "percent_covered_display": "0.00", "missing_lines": 16, "excluded_lines": 0, "num_branches": 2, "num_partial_branches": 0, "covered_branches": 0, "missing_branches": 2}, "missing_lines": [213, 217, 218, 219, 221, 222, 223, 224, 225, 229, 230, 231, 232, 233, 236, 238], "excluded_lines": [], "executed_branches": [], "missing_branches": [[230, 231], [230, 232]]}, "_excel_like_mirr": {"executed_lines": [], "summary": {"covered_lines": 0, "num_statements": 13, "percent_covered": 0.0, "percent_covered_display": "0.00", "missing_lines": 13, "excluded_lines": 0, "num_branches": 6, "num_partial_branches": 0, "covered_branches": 0, "missing_branches": 6}, "missing_lines": [243, 244, 245, 246, 247, 248, 249, 250, 251, 252, 253, 254, 255], "excluded_lines": [], "executed_branches": [], "missing_branches": [[244, 245], [244, 246], [247, 248], [247, 249], [253, 254], [253, 255]]}, "_month_floor": {"executed_lines": [], "summary": {"covered_lines": 0, "num_statements": 3, "percent_covered": 0.0, "percent_covered_display": "0.00", "missing_lines": 3, "excluded_lines": 0, "num_branches": 2, "num_partial_branches": 0, "covered_branches": 0, "missing_branches": 2}, "missing_lines": [260, 261, 262], "excluded_lines": [], "executed_branches": [], "missing_branches": [[260, 261], [260, 262]]}, "_norm_name": {"executed_lines": [], "summary": {"covered_lines": 0, "num_statements": 6, "percent_covered": 0.0, "percent_covered_display": "0.00", "missing_lines": 6, "excluded_lines": 0, "num_branches": 2, "num_partial_branches": 0, "covered_branches": 0, "missing_branches": 2}, "missing_lines": [267, 268, 269, 270, 271, 272], "excluded_lines": [], "executed_branches": [], "missing_branches": [[267, 268], [267, 269]]}, "_build_fopw_map": {"executed_lines": [], "summary": {"covered_lines": 0, "num_statements": 9, "percent_covered": 0.0, "percent_covered_display": "0.00", "missing_lines": 9, "excluded_lines": 0, "num_branches": 0, "num_partial_branches": 0, "covered_branches": 0, "missing_branches": 0}, "missing_lines": [277, 278, 279, 280, 281, 282, 283, 286, 293], "excluded_lines": [], "executed_branches": [], "missing_branches": []}, "_build_monthly_dnc": {"executed_lines": [], "summary": {"covered_lines": 0, "num_statements": 76, "percent_covered": 0.0, "percent_covered_display": "0.00", "missing_lines": 76, "excluded_lines": 0, "num_branches": 28, "num_partial_branches": 0, "covered_branches": 0, "missing_branches": 28}, "missing_lines": [310, 311, 314, 320, 321, 322, 324, 325, 326, 328, 331, 332, 334, 335, 337, 338, 340, 341, 342, 343, 344, 345, 346, 349, 350, 351, 352, 353, 354, 355, 357, 358, 360, 361, 364, 365, 368, 369, 370, 371, 372, 373, 374, 375, 378, 379, 380, 386, 387, 388, 390, 391, 392, 393, 394, 395, 396, 397, 403, 404, 407, 408, 409, 410, 411, 412, 413, 416, 417, 418, 419, 420, 421, 422, 424, 426], "excluded_lines": [], "executed_branches": [], "missing_branches": [[340, 341], [340, 407], [349, 350], [349, 368], [352, 353], [352, 368], [357, 358], [357, 360], [369, 370], [369, 388], [373, 340], [373, 374], [388, 340], [388, 390], [392, 340], [392, 393], [408, 409], [408, 417], [411, 412], [411, 417], [412, 413], [412, 416], [417, 418], [417, 426], [420, 421], [420, 426], [421, 422], [421, 424]]}, "_build_monthly_facilities": {"executed_lines": [], "summary": {"covered_lines": 0, "num_statements": 37, "percent_covered": 0.0, "percent_covered_display": "0.00", "missing_lines": 37, "excluded_lines": 0, "num_branches": 12, "num_partial_branches": 0, "covered_branches": 0, "missing_branches": 12}, "missing_lines": [442, 443, 444, 445, 447, 448, 449, 451, 452, 455, 456, 457, 458, 459, 460, 461, 464, 465, 470, 472, 478, 486, 487, 495, 498, 502, 503, 504, 505, 508, 514, 515, 516, 522, 526, 527, 529], "excluded_lines": [], "executed_branches": [], "missing_branches": [[444, 445], [444, 447], [455, 456], [455, 464], [459, 460], [459, 464], [460, 459], [460, 461], [504, 505], [504, 514], [526, 527], [526, 529]]}, "reproduce_v30_financials": {"executed_lines": [], "summary": {"covered_lines": 0, "num_statements": 97, "percent_covered": 0.0, "percent_covered_display": "0.00", "missing_lines": 97, "excluded_lines": 0, "num_branches": 20, "num_partial_branches": 0, "covered_branches": 0, "missing_branches": 20}, "missing_lines": [540, 541, 542, 543, 544, 545, 548, 549, 550, 552, 553, 554, 555, 556, 557, 558, 561, 564, 565, 568, 570, 573, 574, 575, 581, 584, 586, 587, 590, 592, 595, 597, 600, 601, 608, 609, 610, 611, 612, 613, 614, 615, 618, 621, 623, 624, 625, 626, 627, 628, 631, 632, 635, 638, 640, 643, 646, 656, 657, 658, 659, 660, 663, 664, 665, 666, 667, 668, 671, 673, 676, 677, 681, 685, 686, 687, 688, 691, 692, 697, 698, 700, 704, 706, 708, 709, 710, 711, 712, 713, 716, 718, 720, 721, 724, 726, 744], "excluded_lines": [], "executed_branches": [], "missing_branches": [[553, 554], [553, 744], [573, 574], [573, 685], [614, 615], [614, 618], [625, 626], [625, 627], [627, 628], [627, 635], [631, 632], [631, 635], [657, 658], [657, 660], [658, 657], [658, 659], [665, 666], [665, 673], [710, 711], [710, 718]]}, "_get_dev_dnc_dates": {"executed_lines": [], "summary": {"covered_lines": 0, "num_statements": 12, "percent_covered": 0.0, "percent_covered_display": "0.00", "missing_lines": 12, "excluded_lines": 0, "num_branches": 2, "num_partial_branches": 0, "covered_branches": 0, "missing_branches": 2}, "missing_lines": [749, 750, 751, 757, 758, 759, 760, 761, 762, 763, 767, 768], "excluded_lines": [], "executed_branches": [], "missing_branches": [[760, 761], [760, 762]]}, "": {"executed_lines": [], "summary": {"covered_lines": 0, "num_statements": 19, "percent_covered": 0.0, "percent_covered_display": "0.00", "missing_lines": 19, "excluded_lines": 0, "num_branches": 0, "num_partial_branches": 0, "covered_branches": 0, "missing_branches": 0}, "missing_lines": [3, 5, 6, 8, 9, 11, 23, 42, 71, 136, 209, 241, 258, 265, 275, 296, 429, 532, 747], "excluded_lines": [], "executed_branches": [], "missing_branches": []}}, "classes": {"": {"executed_lines": [], "summary": {"covered_lines": 0, "num_statements": 359, "percent_covered": 0.0, "percent_covered_display": "0.00", "missing_lines": 359, "excluded_lines": 0, "num_branches": 94, "num_partial_branches": 0, "covered_branches": 0, "missing_branches": 94}, "missing_lines": [3, 5, 6, 8, 9, 11, 23, 27, 28, 29, 30, 31, 32, 33, 34, 35, 36, 37, 38, 39, 42, 44, 45, 49, 50, 51, 57, 60, 61, 64, 65, 66, 67, 68, 71, 81, 82, 83, 86, 87, 95, 96, 98, 101, 105, 106, 107, 108, 110, 111, 112, 115, 116, 118, 121, 123, 124, 126, 136, 143, 144, 145, 147, 148, 150, 151, 152, 153, 155, 161, 169, 170, 178, 181, 185, 186, 187, 188, 191, 197, 199, 209, 213, 217, 218, 219, 221, 222, 223, 224, 225, 229, 230, 231, 232, 233, 236, 238, 241, 243, 244, 245, 246, 247, 248, 249, 250, 251, 252, 253, 254, 255, 258, 260, 261, 262, 265, 267, 268, 269, 270, 271, 272, 275, 277, 278, 279, 280, 281, 282, 283, 286, 293, 296, 310, 311, 314, 320, 321, 322, 324, 325, 326, 328, 331, 332, 334, 335, 337, 338, 340, 341, 342, 343, 344, 345, 346, 349, 350, 351, 352, 353, 354, 355, 357, 358, 360, 361, 364, 365, 368, 369, 370, 371, 372, 373, 374, 375, 378, 379, 380, 386, 387, 388, 390, 391, 392, 393, 394, 395, 396, 397, 403, 404, 407, 408, 409, 410, 411, 412, 413, 416, 417, 418, 419, 420, 421, 422, 424, 426, 429, 442, 443, 444, 445, 447, 448, 449, 451, 452, 455, 456, 457, 458, 459, 460, 461, 464, 465, 470, 472, 478, 486, 487, 495, 498, 502, 503, 504, 505, 508, 514, 515, 516, 522, 526, 527, 529, 532, 540, 541, 542, 543, 544, 545, 548, 549, 550, 552, 553, 554, 555, 556, 557, 558, 561, 564, 565, 568, 570, 573, 574, 575, 581, 584, 586, 587, 590, 592, 595, 597, 600, 601, 608, 609, 610, 611, 612, 613, 614, 615, 618, 621, 623, 624, 625, 626, 627, 628, 631, 632, 635, 638, 640, 643, 646, 656, 657, 658, 659, 660, 663, 664, 665, 666, 667, 668, 671, 673, 676, 677, 681, 685, 686, 687, 688, 691, 692, 697, 698, 700, 704, 706, 708, 709, 710, 711, 712, 713, 716, 718, 720, 721, 724, 726, 744, 747, 749, 750, 751, 757, 758, 759, 760, 761, 762, 763, 767, 768], "excluded_lines": [], "executed_branches": [], "missing_branches": [[28, 29], [28, 30], [31, 32], [31, 33], [33, 34], [33, 35], [45, 49], [45, 68], [64, 65], [64, 67], [65, 64], [65, 66], [115, 116], [115, 118], [147, 148], [147, 150], [152, 153], [152, 155], [187, 188], [187, 197], [230, 231], [230, 232], [244, 245], [244, 246], [247, 248], [247, 249], [253, 254], [253, 255], [260, 261], [260, 262], [267, 268], [267, 269], [340, 341], [340, 407], [349, 350], [349, 368], [352, 353], [352, 368], [357, 358], [357, 360], [369, 370], [369, 388], [373, 340], [373, 374], [388, 340], [388, 390], [392, 340], [392, 393], [408, 409], [408, 417], [411, 412], [411, 417], [412, 413], [412, 416], [417, 418], [417, 426], [420, 421], [420, 426], [421, 422], [421, 424], [444, 445], [444, 447], [455, 456], [455, 464], [459, 460], [459, 464], [460, 459], [460, 461], [504, 505], [504, 514], [526, 527], [526, 529], [553, 554], [553, 744], [573, 574], [573, 685], [614, 615], [614, 618], [625, 626], [625, 627], [627, 628], [627, 635], [631, 632], [631, 635], [657, 658], [657, 660], [658, 657], [658, 659], [665, 666], [665, 673], [710, 711], [710, 718], [760, 761], [760, 762]]}}}, "src/worldenergydata/analysis/lower_tertiary/v30_reproducer.py": {"executed_lines": [], "summary": {"covered_lines": 0, "num_statements": 95, "percent_covered": 0.0, "percent_covered_display": "0.00", "missing_lines": 95, "excluded_lines": 19, "num_branches": 30, "num_partial_branches": 0, "covered_branches": 0, "missing_branches": 30}, "missing_lines": [6, 8, 9, 11, 12, 14, 15, 16, 17, 22, 28, 29, 31, 39, 42, 48, 49, 50, 53, 58, 59, 60, 61, 64, 72, 73, 74, 77, 83, 105, 106, 107, 108, 109, 110, 111, 112, 113, 114, 115, 116, 117, 124, 126, 127, 129, 132, 142, 148, 149, 158, 159, 161, 164, 175, 178, 179, 180, 183, 184, 185, 191, 193, 196, 198, 199, 202, 204, 205, 206, 207, 210, 213, 237, 238, 239, 240, 241, 245, 246, 250, 254, 255, 258, 259, 260, 262, 263, 264, 266, 267, 268, 269, 270, 278], "excluded_lines": [281, 282, 283, 284, 286, 287, 289, 290, 294, 295, 297, 298, 299, 301, 302, 303, 304, 308, 309], "executed_branches": [], "missing_branches": [[106, 107], [106, 126], [108, 109], [108, 110], [112, 113], [112, 114], [114, 115], [114, 116], [126, 127], [126, 129], [148, 149], [148, 158], [184, 185], [184, 193], [205, 206], [205, 210], [206, 205], [206, 207], [239, 240], [239, 241], [258, 259], [258, 262], [259, 260], [259, 262], [263, 264], [263, 278], [266, 267], [266, 268], [268, 269], [268, 270]], "functions": {"load_v30_leases": {"executed_lines": [], "summary": {"covered_lines": 0, "num_statements": 4, "percent_covered": 0.0, "percent_covered_display": "0.00", "missing_lines": 4, "excluded_lines": 0, "num_branches": 0, "num_partial_branches": 0, "covered_branches": 0, "missing_branches": 0}, "missing_lines": [28, 29, 31, 39], "excluded_lines": [], "executed_branches": [], "missing_branches": []}, "load_v30_assumptions": {"executed_lines": [], "summary": {"covered_lines": 0, "num_statements": 3, "percent_covered": 0.0, "percent_covered_display": "0.00", "missing_lines": 3, "excluded_lines": 0, "num_branches": 0, "num_partial_branches": 0, "covered_branches": 0, "missing_branches": 0}, "missing_lines": [48, 49, 50], "excluded_lines": [], "executed_branches": [], "missing_branches": []}, "load_v30_wti_prices": {"executed_lines": [], "summary": {"covered_lines": 0, "num_statements": 4, "percent_covered": 0.0, "percent_covered_display": "0.00", "missing_lines": 4, "excluded_lines": 0, "num_branches": 0, "num_partial_branches": 0, "covered_branches": 0, "missing_branches": 0}, "missing_lines": [58, 59, 60, 61], "excluded_lines": [], "executed_branches": [], "missing_branches": []}, "load_v30_drilling": {"executed_lines": [], "summary": {"covered_lines": 0, "num_statements": 3, "percent_covered": 0.0, "percent_covered_display": "0.00", "missing_lines": 3, "excluded_lines": 0, "num_branches": 0, "num_partial_branches": 0, "covered_branches": 0, "missing_branches": 0}, "missing_lines": [72, 73, 74], "excluded_lines": [], "executed_branches": [], "missing_branches": []}, "load_ogor_production": {"executed_lines": [], "summary": {"covered_lines": 0, "num_statements": 25, "percent_covered": 0.0, "percent_covered_display": "0.00", "missing_lines": 25, "excluded_lines": 0, "num_branches": 12, "num_partial_branches": 0, "covered_branches": 0, "missing_branches": 12}, "missing_lines": [83, 105, 106, 107, 108, 109, 110, 111, 112, 113, 114, 115, 116, 117, 124, 126, 127, 129, 132, 142, 148, 149, 158, 159, 161], "excluded_lines": [], "executed_branches": [], "missing_branches": [[106, 107], [106, 126], [108, 109], [108, 110], [112, 113], [112, 114], [114, 115], [114, 116], [126, 127], [126, 129], [148, 149], [148, 158]]}, "aggregate_production_by_development": {"executed_lines": [], "summary": {"covered_lines": 0, "num_statements": 9, "percent_covered": 0.0, "percent_covered_display": "0.00", "missing_lines": 9, "excluded_lines": 0, "num_branches": 2, "num_partial_branches": 0, "covered_branches": 0, "missing_branches": 2}, "missing_lines": [175, 178, 179, 180, 183, 184, 185, 191, 193], "excluded_lines": [], "executed_branches": [], "missing_branches": [[184, 185], [184, 193]]}, "load_golden_baseline": {"executed_lines": [], "summary": {"covered_lines": 0, "num_statements": 2, "percent_covered": 0.0, "percent_covered_display": "0.00", "missing_lines": 2, "excluded_lines": 0, "num_branches": 0, "num_partial_branches": 0, "covered_branches": 0, "missing_branches": 0}, "missing_lines": [198, 199], "excluded_lines": [], "executed_branches": [], "missing_branches": []}, "_build_first_oil_map": {"executed_lines": [], "summary": {"covered_lines": 0, "num_statements": 5, "percent_covered": 0.0, "percent_covered_display": "0.00", "missing_lines": 5, "excluded_lines": 0, "num_branches": 4, "num_partial_branches": 0, "covered_branches": 0, "missing_branches": 4}, "missing_lines": [204, 205, 206, 207, 210], "excluded_lines": [], "executed_branches": [], "missing_branches": [[205, 206], [205, 210], [206, 205], [206, 207]]}, "reproduce_v30_production": {"executed_lines": [], "summary": {"covered_lines": 0, "num_statements": 22, "percent_covered": 0.0, "percent_covered_display": "0.00", "missing_lines": 22, "excluded_lines": 0, "num_branches": 12, "num_partial_branches": 0, "covered_branches": 0, "missing_branches": 12}, "missing_lines": [237, 238, 239, 240, 241, 245, 246, 250, 254, 255, 258, 259, 260, 262, 263, 264, 266, 267, 268, 269, 270, 278], "excluded_lines": [], "executed_branches": [], "missing_branches": [[239, 240], [239, 241], [258, 259], [258, 262], [259, 260], [259, 262], [263, 264], [263, 278], [266, 267], [266, 268], [268, 269], [268, 270]]}, "": {"executed_lines": [], "summary": {"covered_lines": 0, "num_statements": 18, "percent_covered": 0.0, "percent_covered_display": "0.00", "missing_lines": 18, "excluded_lines": 19, "num_branches": 0, "num_partial_branches": 0, "covered_branches": 0, "missing_branches": 0}, "missing_lines": [6, 8, 9, 11, 12, 14, 15, 16, 17, 22, 42, 53, 64, 77, 164, 196, 202, 213], "excluded_lines": [281, 282, 283, 284, 286, 287, 289, 290, 294, 295, 297, 298, 299, 301, 302, 303, 304, 308, 309], "executed_branches": [], "missing_branches": []}}, "classes": {"": {"executed_lines": [], "summary": {"covered_lines": 0, "num_statements": 95, "percent_covered": 0.0, "percent_covered_display": "0.00", "missing_lines": 95, "excluded_lines": 19, "num_branches": 30, "num_partial_branches": 0, "covered_branches": 0, "missing_branches": 30}, "missing_lines": [6, 8, 9, 11, 12, 14, 15, 16, 17, 22, 28, 29, 31, 39, 42, 48, 49, 50, 53, 58, 59, 60, 61, 64, 72, 73, 74, 77, 83, 105, 106, 107, 108, 109, 110, 111, 112, 113, 114, 115, 116, 117, 124, 126, 127, 129, 132, 142, 148, 149, 158, 159, 161, 164, 175, 178, 179, 180, 183, 184, 185, 191, 193, 196, 198, 199, 202, 204, 205, 206, 207, 210, 213, 237, 238, 239, 240, 241, 245, 246, 250, 254, 255, 258, 259, 260, 262, 263, 264, 266, 267, 268, 269, 270, 278], "excluded_lines": [281, 282, 283, 284, 286, 287, 289, 290, 294, 295, 297, 298, 299, 301, 302, 303, 304, 308, 309], "executed_branches": [], "missing_branches": [[106, 107], [106, 126], [108, 109], [108, 110], [112, 113], [112, 114], [114, 115], [114, 116], [126, 127], [126, 129], [148, 149], [148, 158], [184, 185], [184, 193], [205, 206], [205, 210], [206, 205], [206, 207], [239, 240], [239, 241], [258, 259], [258, 262], [259, 260], [259, 262], [263, 264], [263, 278], [266, 267], [266, 268], [268, 269], [268, 270]]}}}, "src/worldenergydata/analysis/lower_tertiary/wti_prices.py": {"executed_lines": [], "summary": {"covered_lines": 0, "num_statements": 126, "percent_covered": 0.0, "percent_covered_display": "0.00", "missing_lines": 126, "excluded_lines": 0, "num_branches": 36, "num_partial_branches": 0, "covered_branches": 0, "missing_branches": 36}, "missing_lines": [3, 5, 6, 7, 8, 10, 12, 13, 15, 16, 17, 19, 23, 25, 28, 29, 30, 31, 34, 36, 39, 44, 45, 46, 47, 48, 49, 50, 51, 52, 53, 54, 55, 56, 57, 59, 60, 61, 62, 63, 64, 65, 66, 67, 68, 69, 70, 73, 78, 79, 80, 81, 82, 83, 84, 85, 94, 95, 96, 97, 98, 99, 100, 101, 102, 103, 104, 105, 106, 107, 108, 109, 110, 111, 114, 116, 117, 118, 121, 125, 132, 134, 135, 136, 139, 145, 146, 147, 148, 149, 151, 152, 154, 155, 158, 159, 160, 163, 164, 165, 166, 167, 168, 169, 170, 171, 174, 177, 178, 179, 180, 181, 184, 185, 186, 187, 188, 189, 194, 196, 197, 198, 201, 203, 204, 205], "excluded_lines": [], "executed_branches": [], "missing_branches": [[44, 45], [44, 47], [66, 67], [66, 69], [79, 80], [79, 82], [82, 83], [82, 85], [102, 103], [102, 106], [104, 102], [104, 105], [106, 107], [106, 109], [116, 117], [116, 118], [134, 135], [134, 136], [151, 152], [151, 154], [159, 160], [159, 163], [164, 165], [164, 174], [166, 167], [166, 174], [169, 170], [169, 174], [177, 178], [177, 184], [184, 185], [184, 196], [186, 187], [186, 196], [188, 189], [188, 194]], "functions": {"load_v30_wti_prices": {"executed_lines": [], "summary": {"covered_lines": 0, "num_statements": 1, "percent_covered": 0.0, "percent_covered_display": "0.00", "missing_lines": 1, "excluded_lines": 0, "num_branches": 0, "num_partial_branches": 0, "covered_branches": 0, "missing_branches": 0}, "missing_lines": [36], "excluded_lines": [], "executed_branches": [], "missing_branches": []}, "_fetch_eia_github_prices": {"executed_lines": [], "summary": {"covered_lines": 0, "num_statements": 26, "percent_covered": 0.0, "percent_covered_display": "0.00", "missing_lines": 26, "excluded_lines": 0, "num_branches": 4, "num_partial_branches": 0, "covered_branches": 0, "missing_branches": 4}, "missing_lines": [44, 45, 46, 47, 48, 49, 50, 51, 52, 53, 54, 55, 56, 57, 59, 60, 61, 62, 63, 64, 65, 66, 67, 68, 69, 70], "excluded_lines": [], "executed_branches": [], "missing_branches": [[44, 45], [44, 47], [66, 67], [66, 69]]}, "_fetch_fred_prices": {"executed_lines": [], "summary": {"covered_lines": 0, "num_statements": 26, "percent_covered": 0.0, "percent_covered_display": "0.00", "missing_lines": 26, "excluded_lines": 0, "num_branches": 10, "num_partial_branches": 0, "covered_branches": 0, "missing_branches": 10}, "missing_lines": [78, 79, 80, 81, 82, 83, 84, 85, 94, 95, 96, 97, 98, 99, 100, 101, 102, 103, 104, 105, 106, 107, 108, 109, 110, 111], "excluded_lines": [], "executed_branches": [], "missing_branches": [[79, 80], [79, 82], [82, 83], [82, 85], [102, 103], [102, 106], [104, 102], [104, 105], [106, 107], [106, 109]]}, "_covered_periods": {"executed_lines": [], "summary": {"covered_lines": 0, "num_statements": 3, "percent_covered": 0.0, "percent_covered_display": "0.00", "missing_lines": 3, "excluded_lines": 0, "num_branches": 2, "num_partial_branches": 0, "covered_branches": 0, "missing_branches": 2}, "missing_lines": [116, 117, 118], "excluded_lines": [], "executed_branches": [], "missing_branches": [[116, 117], [116, 118]]}, "_needed_months": {"executed_lines": [], "summary": {"covered_lines": 0, "num_statements": 1, "percent_covered": 0.0, "percent_covered_display": "0.00", "missing_lines": 1, "excluded_lines": 0, "num_branches": 0, "num_partial_branches": 0, "covered_branches": 0, "missing_branches": 0}, "missing_lines": [125], "excluded_lines": [], "executed_branches": [], "missing_branches": []}, "_append": {"executed_lines": [], "summary": {"covered_lines": 0, "num_statements": 3, "percent_covered": 0.0, "percent_covered_display": "0.00", "missing_lines": 3, "excluded_lines": 0, "num_branches": 2, "num_partial_branches": 0, "covered_branches": 0, "missing_branches": 2}, "missing_lines": [134, 135, 136], "excluded_lines": [], "executed_branches": [], "missing_branches": [[134, 135], [134, 136]]}, "load_extended_wti_prices": {"executed_lines": [], "summary": {"covered_lines": 0, "num_statements": 37, "percent_covered": 0.0, "percent_covered_display": "0.00", "missing_lines": 37, "excluded_lines": 0, "num_branches": 18, "num_partial_branches": 0, "covered_branches": 0, "missing_branches": 18}, "missing_lines": [145, 146, 147, 148, 149, 151, 152, 154, 155, 158, 159, 160, 163, 164, 165, 166, 167, 168, 169, 170, 171, 174, 177, 178, 179, 180, 181, 184, 185, 186, 187, 188, 189, 194, 196, 197, 198], "excluded_lines": [], "executed_branches": [], "missing_branches": [[151, 152], [151, 154], [159, 160], [159, 163], [164, 165], [164, 174], [166, 167], [166, 174], [169, 170], [169, 174], [177, 178], [177, 184], [184, 185], [184, 196], [186, 187], [186, 196], [188, 189], [188, 194]]}, "get_wti_source_summary": {"executed_lines": [], "summary": {"covered_lines": 0, "num_statements": 3, "percent_covered": 0.0, "percent_covered_display": "0.00", "missing_lines": 3, "excluded_lines": 0, "num_branches": 0, "num_partial_branches": 0, "covered_branches": 0, "missing_branches": 0}, "missing_lines": [203, 204, 205], "excluded_lines": [], "executed_branches": [], "missing_branches": []}, "": {"executed_lines": [], "summary": {"covered_lines": 0, "num_statements": 26, "percent_covered": 0.0, "percent_covered_display": "0.00", "missing_lines": 26, "excluded_lines": 0, "num_branches": 0, "num_partial_branches": 0, "covered_branches": 0, "missing_branches": 0}, "missing_lines": [3, 5, 6, 7, 8, 10, 12, 13, 15, 16, 17, 19, 23, 25, 28, 29, 30, 31, 34, 39, 73, 114, 121, 132, 139, 201], "excluded_lines": [], "executed_branches": [], "missing_branches": []}}, "classes": {"": {"executed_lines": [], "summary": {"covered_lines": 0, "num_statements": 126, "percent_covered": 0.0, "percent_covered_display": "0.00", "missing_lines": 126, "excluded_lines": 0, "num_branches": 36, "num_partial_branches": 0, "covered_branches": 0, "missing_branches": 36}, "missing_lines": [3, 5, 6, 7, 8, 10, 12, 13, 15, 16, 17, 19, 23, 25, 28, 29, 30, 31, 34, 36, 39, 44, 45, 46, 47, 48, 49, 50, 51, 52, 53, 54, 55, 56, 57, 59, 60, 61, 62, 63, 64, 65, 66, 67, 68, 69, 70, 73, 78, 79, 80, 81, 82, 83, 84, 85, 94, 95, 96, 97, 98, 99, 100, 101, 102, 103, 104, 105, 106, 107, 108, 109, 110, 111, 114, 116, 117, 118, 121, 125, 132, 134, 135, 136, 139, 145, 146, 147, 148, 149, 151, 152, 154, 155, 158, 159, 160, 163, 164, 165, 166, 167, 168, 169, 170, 171, 174, 177, 178, 179, 180, 181, 184, 185, 186, 187, 188, 189, 194, 196, 197, 198, 201, 203, 204, 205], "excluded_lines": [], "executed_branches": [], "missing_branches": [[44, 45], [44, 47], [66, 67], [66, 69], [79, 80], [79, 82], [82, 83], [82, 85], [102, 103], [102, 106], [104, 102], [104, 105], [106, 107], [106, 109], [116, 117], [116, 118], [134, 135], [134, 136], [151, 152], [151, 154], [159, 160], [159, 163], [164, 165], [164, 174], [166, 167], [166, 174], [169, 170], [169, 174], [177, 178], [177, 184], [184, 185], [184, 196], [186, 187], [186, 196], [188, 189], [188, 194]]}}}, "src/worldenergydata/cli/commands/bsee.py": {"executed_lines": [], "summary": {"covered_lines": 0, "num_statements": 204, "percent_covered": 0.0, "percent_covered_display": "0.00", "missing_lines": 204, "excluded_lines": 183, "num_branches": 48, "num_partial_branches": 0, "covered_branches": 0, "missing_branches": 48}, "missing_lines": [17, 18, 19, 20, 22, 23, 24, 25, 26, 29, 32, 39, 42, 43, 44, 45, 48, 51, 52, 53, 54, 57, 60, 61, 62, 63, 64, 65, 66, 67, 68, 69, 72, 73, 110, 112, 113, 116, 119, 120, 121, 123, 124, 125, 126, 127, 128, 129, 130, 131, 133, 138, 140, 148, 149, 156, 179, 180, 186, 187, 189, 190, 192, 193, 194, 197, 198, 200, 201, 202, 203, 204, 205, 207, 208, 378, 379, 409, 410, 411, 414, 417, 418, 419, 421, 422, 423, 424, 425, 426, 427, 429, 433, 440, 441, 447, 450, 466, 473, 474, 476, 479, 480, 481, 483, 484, 485, 489, 493, 494, 499, 503, 507, 510, 511, 513, 528, 529, 530, 532, 533, 534, 538, 540, 541, 542, 543, 544, 545, 547, 548, 551, 552, 575, 576, 585, 594, 595, 603, 606, 616, 618, 657, 663, 665, 666, 668, 669, 670, 673, 675, 676, 677, 678, 680, 681, 684, 685, 696, 697, 705, 714, 715, 722, 728, 729, 730, 731, 732, 733, 734, 735, 742, 743, 745, 747, 748, 750, 757, 758, 759, 760, 763, 767, 768, 771, 772, 773, 775, 777, 778, 780, 781, 782, 783, 784, 789, 791, 793, 797, 798, 799, 802, 803], "excluded_lines": [145, 151, 174, 182, 211, 212, 213, 214, 215, 216, 217, 218, 219, 220, 221, 222, 223, 224, 225, 226, 227, 228, 229, 230, 231, 232, 233, 234, 235, 236, 237, 238, 239, 240, 241, 242, 243, 244, 245, 246, 247, 248, 249, 250, 251, 252, 253, 254, 255, 256, 257, 258, 259, 260, 261, 262, 263, 264, 265, 266, 267, 268, 269, 270, 271, 272, 273, 274, 275, 276, 277, 278, 279, 280, 281, 282, 283, 284, 285, 286, 287, 288, 289, 290, 291, 292, 293, 294, 295, 296, 297, 298, 299, 300, 301, 302, 303, 304, 305, 306, 307, 308, 309, 310, 311, 312, 313, 314, 315, 316, 317, 318, 319, 320, 321, 322, 323, 324, 325, 326, 327, 328, 329, 330, 331, 332, 333, 334, 335, 336, 337, 338, 339, 340, 341, 342, 343, 344, 345, 346, 347, 348, 349, 350, 351, 352, 353, 354, 355, 356, 357, 358, 359, 360, 361, 362, 363, 364, 365, 366, 367, 368, 369, 370, 371, 372, 373, 374, 375, 438, 443, 463, 468, 590, 599, 650, 659, 702, 717, 737, 751, 753, 810], "executed_branches": [], "missing_branches": [[112, 113], [112, 119], [123, 124], [123, 125], [125, 126], [125, 127], [127, 128], [127, 129], [129, 130], [129, 131], [186, 187], [186, 189], [204, 205], [204, 208], [410, 411], [410, 417], [421, 422], [421, 423], [423, 424], [423, 425], [425, 426], [425, 427], [483, 484], [483, 489], [493, 494], [493, 503], [510, 511], [510, 538], [544, 545], [544, 548], [665, -551], [665, 666], [677, 678], [677, 681], [731, 730], [731, 732], [732, 730], [732, 733], [733, 732], [733, 734], [759, 760], [759, 763], [771, 772], [771, 775], [780, 781], [780, 791], [783, 784], [783, 791]], "functions": {"analyze": {"executed_lines": [], "summary": {"covered_lines": 0, "num_statements": 41, "percent_covered": 0.0, "percent_covered_display": "0.00", "missing_lines": 41, "excluded_lines": 4, "num_branches": 14, "num_partial_branches": 0, "covered_branches": 0, "missing_branches": 14}, "missing_lines": [110, 112, 113, 116, 119, 120, 121, 123, 124, 125, 126, 127, 128, 129, 130, 131, 133, 138, 140, 148, 149, 156, 179, 180, 186, 187, 189, 190, 192, 193, 194, 197, 198, 200, 201, 202, 203, 204, 205, 207, 208], "excluded_lines": [145, 151, 174, 182], "executed_branches": [], "missing_branches": [[112, 113], [112, 119], [123, 124], [123, 125], [125, 126], [125, 127], [127, 128], [127, 129], [129, 130], [129, 131], [186, 187], [186, 189], [204, 205], [204, 208]]}, "report": {"executed_lines": [], "summary": {"covered_lines": 0, "num_statements": 0, "percent_covered": 100.0, "percent_covered_display": "100.00", "missing_lines": 0, "excluded_lines": 132, "num_branches": 0, "num_partial_branches": 0, "covered_branches": 0, "missing_branches": 0}, "missing_lines": [], "excluded_lines": [244, 245, 246, 247, 248, 249, 250, 251, 252, 253, 254, 255, 256, 257, 258, 259, 260, 261, 262, 263, 264, 265, 266, 267, 268, 269, 270, 271, 272, 273, 274, 275, 276, 277, 278, 279, 280, 281, 282, 283, 284, 285, 286, 287, 288, 289, 290, 291, 292, 293, 294, 295, 296, 297, 298, 299, 300, 301, 302, 303, 304, 305, 306, 307, 308, 309, 310, 311, 312, 313, 314, 315, 316, 317, 318, 319, 320, 321, 322, 323, 324, 325, 326, 327, 328, 329, 330, 331, 332, 333, 334, 335, 336, 337, 338, 339, 340, 341, 342, 343, 344, 345, 346, 347, 348, 349, 350, 351, 352, 353, 354, 355, 356, 357, 358, 359, 360, 361, 362, 363, 364, 365, 366, 367, 368, 369, 370, 371, 372, 373, 374, 375], "executed_branches": [], "missing_branches": []}, "data": {"executed_lines": [], "summary": {"covered_lines": 0, "num_statements": 54, "percent_covered": 0.0, "percent_covered_display": "0.00", "missing_lines": 54, "excluded_lines": 4, "num_branches": 16, "num_partial_branches": 0, "covered_branches": 0, "missing_branches": 16}, "missing_lines": [409, 410, 411, 414, 417, 418, 419, 421, 422, 423, 424, 425, 426, 427, 429, 433, 440, 441, 447, 450, 466, 473, 474, 476, 479, 480, 481, 483, 484, 485, 489, 493, 494, 499, 503, 507, 510, 511, 513, 528, 529, 530, 532, 533, 534, 538, 540, 541, 542, 543, 544, 545, 547, 548], "excluded_lines": [438, 443, 463, 468], "executed_branches": [], "missing_branches": [[410, 411], [410, 417], [421, 422], [421, 423], [423, 424], [423, 425], [425, 426], [425, 427], [483, 484], [483, 489], [493, 494], [493, 503], [510, 511], [510, 538], [544, 545], [544, 548]]}, "refresh": {"executed_lines": [], "summary": {"covered_lines": 0, "num_statements": 23, "percent_covered": 0.0, "percent_covered_display": "0.00", "missing_lines": 23, "excluded_lines": 4, "num_branches": 4, "num_partial_branches": 0, "covered_branches": 0, "missing_branches": 4}, "missing_lines": [575, 576, 585, 594, 595, 603, 606, 616, 618, 657, 663, 665, 666, 668, 669, 670, 673, 675, 676, 677, 678, 680, 681], "excluded_lines": [590, 599, 650, 659], "executed_branches": [], "missing_branches": [[665, -551], [665, 666], [677, 678], [677, 681]]}, "stats": {"executed_lines": [], "summary": {"covered_lines": 0, "num_statements": 44, "percent_covered": 0.0, "percent_covered_display": "0.00", "missing_lines": 44, "excluded_lines": 5, "num_branches": 14, "num_partial_branches": 0, "covered_branches": 0, "missing_branches": 14}, "missing_lines": [696, 697, 705, 714, 715, 722, 728, 729, 730, 731, 732, 733, 734, 735, 742, 743, 745, 747, 748, 750, 757, 758, 759, 760, 763, 767, 768, 771, 772, 773, 775, 777, 778, 780, 781, 782, 783, 784, 789, 791, 793, 797, 798, 799], "excluded_lines": [702, 717, 737, 751, 753], "executed_branches": [], "missing_branches": [[731, 730], [731, 732], [732, 730], [732, 733], [733, 732], [733, 734], [759, 760], [759, 763], [771, 772], [771, 775], [780, 781], [780, 791], [783, 784], [783, 791]]}, "callback": {"executed_lines": [], "summary": {"covered_lines": 0, "num_statements": 0, "percent_covered": 100.0, "percent_covered_display": "100.00", "missing_lines": 0, "excluded_lines": 1, "num_branches": 0, "num_partial_branches": 0, "covered_branches": 0, "missing_branches": 0}, "missing_lines": [], "excluded_lines": [810], "executed_branches": [], "missing_branches": []}, "": {"executed_lines": [], "summary": {"covered_lines": 0, "num_statements": 42, "percent_covered": 0.0, "percent_covered_display": "0.00", "missing_lines": 42, "excluded_lines": 33, "num_branches": 0, "num_partial_branches": 0, "covered_branches": 0, "missing_branches": 0}, "missing_lines": [17, 18, 19, 20, 22, 23, 24, 25, 26, 29, 32, 39, 42, 43, 44, 45, 48, 51, 52, 53, 54, 57, 60, 61, 62, 63, 64, 65, 66, 67, 68, 69, 72, 73, 378, 379, 551, 552, 684, 685, 802, 803], "excluded_lines": [211, 212, 213, 214, 215, 216, 217, 218, 219, 220, 221, 222, 223, 224, 225, 226, 227, 228, 229, 230, 231, 232, 233, 234, 235, 236, 237, 238, 239, 240, 241, 242, 243], "executed_branches": [], "missing_branches": []}}, "classes": {"ReportType": {"executed_lines": [], "summary": {"covered_lines": 0, "num_statements": 0, "percent_covered": 100.0, "percent_covered_display": "100.00", "missing_lines": 0, "excluded_lines": 0, "num_branches": 0, "num_partial_branches": 0, "covered_branches": 0, "missing_branches": 0}, "missing_lines": [], "excluded_lines": [], "executed_branches": [], "missing_branches": []}, "OutputFormat": {"executed_lines": [], "summary": {"covered_lines": 0, "num_statements": 0, "percent_covered": 100.0, "percent_covered_display": "100.00", "missing_lines": 0, "excluded_lines": 0, "num_branches": 0, "num_partial_branches": 0, "covered_branches": 0, "missing_branches": 0}, "missing_lines": [], "excluded_lines": [], "executed_branches": [], "missing_branches": []}, "DataType": {"executed_lines": [], "summary": {"covered_lines": 0, "num_statements": 0, "percent_covered": 100.0, "percent_covered_display": "100.00", "missing_lines": 0, "excluded_lines": 0, "num_branches": 0, "num_partial_branches": 0, "covered_branches": 0, "missing_branches": 0}, "missing_lines": [], "excluded_lines": [], "executed_branches": [], "missing_branches": []}, "": {"executed_lines": [], "summary": {"covered_lines": 0, "num_statements": 204, "percent_covered": 0.0, "percent_covered_display": "0.00", "missing_lines": 204, "excluded_lines": 183, "num_branches": 48, "num_partial_branches": 0, "covered_branches": 0, "missing_branches": 48}, "missing_lines": [17, 18, 19, 20, 22, 23, 24, 25, 26, 29, 32, 39, 42, 43, 44, 45, 48, 51, 52, 53, 54, 57, 60, 61, 62, 63, 64, 65, 66, 67, 68, 69, 72, 73, 110, 112, 113, 116, 119, 120, 121, 123, 124, 125, 126, 127, 128, 129, 130, 131, 133, 138, 140, 148, 149, 156, 179, 180, 186, 187, 189, 190, 192, 193, 194, 197, 198, 200, 201, 202, 203, 204, 205, 207, 208, 378, 379, 409, 410, 411, 414, 417, 418, 419, 421, 422, 423, 424, 425, 426, 427, 429, 433, 440, 441, 447, 450, 466, 473, 474, 476, 479, 480, 481, 483, 484, 485, 489, 493, 494, 499, 503, 507, 510, 511, 513, 528, 529, 530, 532, 533, 534, 538, 540, 541, 542, 543, 544, 545, 547, 548, 551, 552, 575, 576, 585, 594, 595, 603, 606, 616, 618, 657, 663, 665, 666, 668, 669, 670, 673, 675, 676, 677, 678, 680, 681, 684, 685, 696, 697, 705, 714, 715, 722, 728, 729, 730, 731, 732, 733, 734, 735, 742, 743, 745, 747, 748, 750, 757, 758, 759, 760, 763, 767, 768, 771, 772, 773, 775, 777, 778, 780, 781, 782, 783, 784, 789, 791, 793, 797, 798, 799, 802, 803], "excluded_lines": [145, 151, 174, 182, 211, 212, 213, 214, 215, 216, 217, 218, 219, 220, 221, 222, 223, 224, 225, 226, 227, 228, 229, 230, 231, 232, 233, 234, 235, 236, 237, 238, 239, 240, 241, 242, 243, 244, 245, 246, 247, 248, 249, 250, 251, 252, 253, 254, 255, 256, 257, 258, 259, 260, 261, 262, 263, 264, 265, 266, 267, 268, 269, 270, 271, 272, 273, 274, 275, 276, 277, 278, 279, 280, 281, 282, 283, 284, 285, 286, 287, 288, 289, 290, 291, 292, 293, 294, 295, 296, 297, 298, 299, 300, 301, 302, 303, 304, 305, 306, 307, 308, 309, 310, 311, 312, 313, 314, 315, 316, 317, 318, 319, 320, 321, 322, 323, 324, 325, 326, 327, 328, 329, 330, 331, 332, 333, 334, 335, 336, 337, 338, 339, 340, 341, 342, 343, 344, 345, 346, 347, 348, 349, 350, 351, 352, 353, 354, 355, 356, 357, 358, 359, 360, 361, 362, 363, 364, 365, 366, 367, 368, 369, 370, 371, 372, 373, 374, 375, 438, 443, 463, 468, 590, 599, 650, 659, 702, 717, 737, 751, 753, 810], "executed_branches": [], "missing_branches": [[112, 113], [112, 119], [123, 124], [123, 125], [125, 126], [125, 127], [127, 128], [127, 129], [129, 130], [129, 131], [186, 187], [186, 189], [204, 205], [204, 208], [410, 411], [410, 417], [421, 422], [421, 423], [423, 424], [423, 425], [425, 426], [425, 427], [483, 484], [483, 489], [493, 494], [493, 503], [510, 511], [510, 538], [544, 545], [544, 548], [665, -551], [665, 666], [677, 678], [677, 681], [731, 730], [731, 732], [732, 730], [732, 733], [733, 732], [733, 734], [759, 760], [759, 763], [771, 772], [771, 775], [780, 781], [780, 791], [783, 784], [783, 791]]}}}, "src/worldenergydata/cli/commands/canada.py": {"executed_lines": [], "summary": {"covered_lines": 0, "num_statements": 215, "percent_covered": 0.0, "percent_covered_display": "0.00", "missing_lines": 215, "excluded_lines": 264, "num_branches": 66, "num_partial_branches": 0, "covered_branches": 0, "missing_branches": 66}, "missing_lines": [21, 22, 23, 24, 26, 27, 28, 29, 30, 33, 36, 43, 46, 47, 50, 53, 54, 55, 56, 57, 60, 63, 64, 65, 66, 70, 84, 85, 128, 130, 131, 132, 133, 139, 141, 143, 146, 147, 148, 150, 151, 152, 153, 154, 155, 156, 157, 159, 164, 166, 175, 176, 183, 203, 204, 210, 216, 217, 220, 225, 226, 227, 229, 230, 231, 232, 233, 239, 245, 246, 249, 251, 252, 253, 256, 257, 259, 260, 261, 262, 263, 264, 266, 267, 270, 271, 315, 317, 318, 319, 321, 322, 323, 324, 325, 326, 327, 328, 329, 331, 336, 338, 347, 348, 355, 366, 367, 374, 376, 377, 379, 380, 386, 387, 389, 390, 392, 393, 394, 397, 400, 401, 402, 403, 407, 409, 410, 411, 412, 413, 414, 416, 417, 672, 673, 691, 692, 699, 711, 712, 713, 714, 715, 717, 718, 719, 720, 722, 723, 726, 727, 728, 731, 734, 735, 736, 737, 738, 739, 742, 743, 744, 746, 749, 750, 752, 753, 754, 755, 760, 764, 765, 767, 768, 769, 770, 778, 779, 782, 784, 786, 787, 789, 792, 793, 796, 797, 798, 800, 801, 802, 808, 814, 817, 818, 821, 822, 823, 825, 826, 827, 828, 829, 833, 837, 839, 842, 844, 845, 846, 847, 849, 850, 853, 854], "excluded_lines": [171, 178, 198, 206, 212, 343, 350, 364, 369, 382, 420, 421, 422, 423, 424, 425, 426, 427, 428, 429, 430, 431, 432, 433, 434, 435, 436, 437, 438, 439, 440, 441, 442, 443, 444, 445, 446, 447, 448, 449, 450, 451, 452, 453, 454, 455, 456, 457, 458, 459, 460, 461, 462, 463, 464, 465, 466, 467, 468, 469, 470, 471, 472, 473, 474, 475, 476, 477, 478, 479, 480, 481, 482, 483, 484, 485, 486, 487, 488, 489, 490, 491, 492, 493, 494, 495, 496, 497, 498, 499, 500, 501, 502, 503, 504, 505, 506, 507, 508, 509, 510, 511, 512, 513, 514, 515, 516, 517, 518, 519, 520, 521, 522, 523, 524, 525, 526, 527, 528, 529, 530, 531, 532, 533, 534, 535, 536, 537, 538, 539, 540, 541, 542, 543, 544, 545, 546, 547, 548, 549, 550, 551, 552, 553, 554, 555, 556, 557, 558, 559, 560, 561, 562, 563, 564, 565, 566, 567, 568, 569, 570, 571, 572, 573, 574, 575, 576, 577, 578, 579, 580, 581, 582, 583, 584, 585, 586, 587, 588, 589, 590, 591, 592, 593, 594, 595, 596, 597, 598, 599, 600, 601, 602, 603, 604, 605, 606, 607, 608, 609, 610, 611, 612, 613, 614, 615, 616, 617, 618, 619, 620, 621, 622, 623, 624, 625, 626, 627, 628, 629, 630, 631, 632, 633, 634, 635, 636, 637, 638, 639, 640, 641, 642, 643, 644, 645, 646, 647, 648, 649, 650, 651, 652, 653, 654, 655, 656, 657, 658, 659, 660, 661, 662, 663, 664, 665, 666, 667, 668, 669, 697, 707, 757, 862], "executed_branches": [], "missing_branches": [[131, 132], [131, 143], [132, 133], [132, 141], [154, 155], [154, 156], [156, 157], [156, 159], [216, 217], [216, 220], [229, 230], [229, 245], [230, 229], [230, 231], [232, 233], [232, 239], [263, 264], [263, 267], [321, 322], [321, 323], [323, 324], [323, 325], [325, 326], [325, 327], [386, 387], [386, 389], [413, 414], [413, 417], [717, 718], [717, 752], [718, 717], [718, 719], [726, 727], [726, 734], [727, 726], [727, 728], [734, 735], [734, 742], [735, 734], [735, 736], [736, 737], [736, 738], [738, 734], [738, 739], [743, 744], [743, 746], [749, 717], [749, 750], [767, 768], [767, 784], [778, 779], [778, 786], [792, 793], [792, 817], [800, 801], [800, 814], [801, 802], [801, 808], [817, 818], [817, 839], [826, 827], [826, 837], [828, 829], [828, 833], [846, 847], [846, 850]], "functions": {"collect": {"executed_lines": [], "summary": {"covered_lines": 0, "num_statements": 56, "percent_covered": 0.0, "percent_covered_display": "0.00", "missing_lines": 56, "excluded_lines": 5, "num_branches": 18, "num_partial_branches": 0, "covered_branches": 0, "missing_branches": 18}, "missing_lines": [128, 130, 131, 132, 133, 139, 141, 143, 146, 147, 148, 150, 151, 152, 153, 154, 155, 156, 157, 159, 164, 166, 175, 176, 183, 203, 204, 210, 216, 217, 220, 225, 226, 227, 229, 230, 231, 232, 233, 239, 245, 246, 249, 251, 252, 253, 256, 257, 259, 260, 261, 262, 263, 264, 266, 267], "excluded_lines": [171, 178, 198, 206, 212], "executed_branches": [], "missing_branches": [[131, 132], [131, 143], [132, 133], [132, 141], [154, 155], [154, 156], [156, 157], [156, 159], [216, 217], [216, 220], [229, 230], [229, 245], [230, 229], [230, 231], [232, 233], [232, 239], [263, 264], [263, 267]]}, "analyze": {"executed_lines": [], "summary": {"covered_lines": 0, "num_statements": 47, "percent_covered": 0.0, "percent_covered_display": "0.00", "missing_lines": 47, "excluded_lines": 5, "num_branches": 10, "num_partial_branches": 0, "covered_branches": 0, "missing_branches": 10}, "missing_lines": [315, 317, 318, 319, 321, 322, 323, 324, 325, 326, 327, 328, 329, 331, 336, 338, 347, 348, 355, 366, 367, 374, 376, 377, 379, 380, 386, 387, 389, 390, 392, 393, 394, 397, 400, 401, 402, 403, 407, 409, 410, 411, 412, 413, 414, 416, 417], "excluded_lines": [343, 350, 364, 369, 382], "executed_branches": [], "missing_branches": [[321, 322], [321, 323], [323, 324], [323, 325], [325, 326], [325, 327], [386, 387], [386, 389], [413, 414], [413, 417]]}, "validate_uwi": {"executed_lines": [], "summary": {"covered_lines": 0, "num_statements": 0, "percent_covered": 100.0, "percent_covered_display": "100.00", "missing_lines": 0, "excluded_lines": 241, "num_branches": 0, "num_partial_branches": 0, "covered_branches": 0, "missing_branches": 0}, "missing_lines": [], "excluded_lines": [429, 430, 431, 432, 433, 434, 435, 436, 437, 438, 439, 440, 441, 442, 443, 444, 445, 446, 447, 448, 449, 450, 451, 452, 453, 454, 455, 456, 457, 458, 459, 460, 461, 462, 463, 464, 465, 466, 467, 468, 469, 470, 471, 472, 473, 474, 475, 476, 477, 478, 479, 480, 481, 482, 483, 484, 485, 486, 487, 488, 489, 490, 491, 492, 493, 494, 495, 496, 497, 498, 499, 500, 501, 502, 503, 504, 505, 506, 507, 508, 509, 510, 511, 512, 513, 514, 515, 516, 517, 518, 519, 520, 521, 522, 523, 524, 525, 526, 527, 528, 529, 530, 531, 532, 533, 534, 535, 536, 537, 538, 539, 540, 541, 542, 543, 544, 545, 546, 547, 548, 549, 550, 551, 552, 553, 554, 555, 556, 557, 558, 559, 560, 561, 562, 563, 564, 565, 566, 567, 568, 569, 570, 571, 572, 573, 574, 575, 576, 577, 578, 579, 580, 581, 582, 583, 584, 585, 586, 587, 588, 589, 590, 591, 592, 593, 594, 595, 596, 597, 598, 599, 600, 601, 602, 603, 604, 605, 606, 607, 608, 609, 610, 611, 612, 613, 614, 615, 616, 617, 618, 619, 620, 621, 622, 623, 624, 625, 626, 627, 628, 629, 630, 631, 632, 633, 634, 635, 636, 637, 638, 639, 640, 641, 642, 643, 644, 645, 646, 647, 648, 649, 650, 651, 652, 653, 654, 655, 656, 657, 658, 659, 660, 661, 662, 663, 664, 665, 666, 667, 668, 669], "executed_branches": [], "missing_branches": []}, "status": {"executed_lines": [], "summary": {"covered_lines": 0, "num_statements": 78, "percent_covered": 0.0, "percent_covered_display": "0.00", "missing_lines": 78, "excluded_lines": 3, "num_branches": 38, "num_partial_branches": 0, "covered_branches": 0, "missing_branches": 38}, "missing_lines": [691, 692, 699, 711, 712, 713, 714, 715, 717, 718, 719, 720, 722, 723, 726, 727, 728, 731, 734, 735, 736, 737, 738, 739, 742, 743, 744, 746, 749, 750, 752, 753, 754, 755, 760, 764, 765, 767, 768, 769, 770, 778, 779, 782, 784, 786, 787, 789, 792, 793, 796, 797, 798, 800, 801, 802, 808, 814, 817, 818, 821, 822, 823, 825, 826, 827, 828, 829, 833, 837, 839, 842, 844, 845, 846, 847, 849, 850], "excluded_lines": [697, 707, 757], "executed_branches": [], "missing_branches": [[717, 718], [717, 752], [718, 717], [718, 719], [726, 727], [726, 734], [727, 726], [727, 728], [734, 735], [734, 742], [735, 734], [735, 736], [736, 737], [736, 738], [738, 734], [738, 739], [743, 744], [743, 746], [749, 717], [749, 750], [767, 768], [767, 784], [778, 779], [778, 786], [792, 793], [792, 817], [800, 801], [800, 814], [801, 802], [801, 808], [817, 818], [817, 839], [826, 827], [826, 837], [828, 829], [828, 833], [846, 847], [846, 850]]}, "callback": {"executed_lines": [], "summary": {"covered_lines": 0, "num_statements": 0, "percent_covered": 100.0, "percent_covered_display": "100.00", "missing_lines": 0, "excluded_lines": 1, "num_branches": 0, "num_partial_branches": 0, "covered_branches": 0, "missing_branches": 0}, "missing_lines": [], "excluded_lines": [862], "executed_branches": [], "missing_branches": []}, "": {"executed_lines": [], "summary": {"covered_lines": 0, "num_statements": 34, "percent_covered": 0.0, "percent_covered_display": "0.00", "missing_lines": 34, "excluded_lines": 9, "num_branches": 0, "num_partial_branches": 0, "covered_branches": 0, "missing_branches": 0}, "missing_lines": [21, 22, 23, 24, 26, 27, 28, 29, 30, 33, 36, 43, 46, 47, 50, 53, 54, 55, 56, 57, 60, 63, 64, 65, 66, 70, 84, 85, 270, 271, 672, 673, 853, 854], "excluded_lines": [420, 421, 422, 423, 424, 425, 426, 427, 428], "executed_branches": [], "missing_branches": []}}, "classes": {"Province": {"executed_lines": [], "summary": {"covered_lines": 0, "num_statements": 0, "percent_covered": 100.0, "percent_covered_display": "100.00", "missing_lines": 0, "excluded_lines": 0, "num_branches": 0, "num_partial_branches": 0, "covered_branches": 0, "missing_branches": 0}, "missing_lines": [], "excluded_lines": [], "executed_branches": [], "missing_branches": []}, "DataType": {"executed_lines": [], "summary": {"covered_lines": 0, "num_statements": 0, "percent_covered": 100.0, "percent_covered_display": "100.00", "missing_lines": 0, "excluded_lines": 0, "num_branches": 0, "num_partial_branches": 0, "covered_branches": 0, "missing_branches": 0}, "missing_lines": [], "excluded_lines": [], "executed_branches": [], "missing_branches": []}, "OutputFormat": {"executed_lines": [], "summary": {"covered_lines": 0, "num_statements": 0, "percent_covered": 100.0, "percent_covered_display": "100.00", "missing_lines": 0, "excluded_lines": 0, "num_branches": 0, "num_partial_branches": 0, "covered_branches": 0, "missing_branches": 0}, "missing_lines": [], "excluded_lines": [], "executed_branches": [], "missing_branches": []}, "": {"executed_lines": [], "summary": {"covered_lines": 0, "num_statements": 215, "percent_covered": 0.0, "percent_covered_display": "0.00", "missing_lines": 215, "excluded_lines": 264, "num_branches": 66, "num_partial_branches": 0, "covered_branches": 0, "missing_branches": 66}, "missing_lines": [21, 22, 23, 24, 26, 27, 28, 29, 30, 33, 36, 43, 46, 47, 50, 53, 54, 55, 56, 57, 60, 63, 64, 65, 66, 70, 84, 85, 128, 130, 131, 132, 133, 139, 141, 143, 146, 147, 148, 150, 151, 152, 153, 154, 155, 156, 157, 159, 164, 166, 175, 176, 183, 203, 204, 210, 216, 217, 220, 225, 226, 227, 229, 230, 231, 232, 233, 239, 245, 246, 249, 251, 252, 253, 256, 257, 259, 260, 261, 262, 263, 264, 266, 267, 270, 271, 315, 317, 318, 319, 321, 322, 323, 324, 325, 326, 327, 328, 329, 331, 336, 338, 347, 348, 355, 366, 367, 374, 376, 377, 379, 380, 386, 387, 389, 390, 392, 393, 394, 397, 400, 401, 402, 403, 407, 409, 410, 411, 412, 413, 414, 416, 417, 672, 673, 691, 692, 699, 711, 712, 713, 714, 715, 717, 718, 719, 720, 722, 723, 726, 727, 728, 731, 734, 735, 736, 737, 738, 739, 742, 743, 744, 746, 749, 750, 752, 753, 754, 755, 760, 764, 765, 767, 768, 769, 770, 778, 779, 782, 784, 786, 787, 789, 792, 793, 796, 797, 798, 800, 801, 802, 808, 814, 817, 818, 821, 822, 823, 825, 826, 827, 828, 829, 833, 837, 839, 842, 844, 845, 846, 847, 849, 850, 853, 854], "excluded_lines": [171, 178, 198, 206, 212, 343, 350, 364, 369, 382, 420, 421, 422, 423, 424, 425, 426, 427, 428, 429, 430, 431, 432, 433, 434, 435, 436, 437, 438, 439, 440, 441, 442, 443, 444, 445, 446, 447, 448, 449, 450, 451, 452, 453, 454, 455, 456, 457, 458, 459, 460, 461, 462, 463, 464, 465, 466, 467, 468, 469, 470, 471, 472, 473, 474, 475, 476, 477, 478, 479, 480, 481, 482, 483, 484, 485, 486, 487, 488, 489, 490, 491, 492, 493, 494, 495, 496, 497, 498, 499, 500, 501, 502, 503, 504, 505, 506, 507, 508, 509, 510, 511, 512, 513, 514, 515, 516, 517, 518, 519, 520, 521, 522, 523, 524, 525, 526, 527, 528, 529, 530, 531, 532, 533, 534, 535, 536, 537, 538, 539, 540, 541, 542, 543, 544, 545, 546, 547, 548, 549, 550, 551, 552, 553, 554, 555, 556, 557, 558, 559, 560, 561, 562, 563, 564, 565, 566, 567, 568, 569, 570, 571, 572, 573, 574, 575, 576, 577, 578, 579, 580, 581, 582, 583, 584, 585, 586, 587, 588, 589, 590, 591, 592, 593, 594, 595, 596, 597, 598, 599, 600, 601, 602, 603, 604, 605, 606, 607, 608, 609, 610, 611, 612, 613, 614, 615, 616, 617, 618, 619, 620, 621, 622, 623, 624, 625, 626, 627, 628, 629, 630, 631, 632, 633, 634, 635, 636, 637, 638, 639, 640, 641, 642, 643, 644, 645, 646, 647, 648, 649, 650, 651, 652, 653, 654, 655, 656, 657, 658, 659, 660, 661, 662, 663, 664, 665, 666, 667, 668, 669, 697, 707, 757, 862], "executed_branches": [], "missing_branches": [[131, 132], [131, 143], [132, 133], [132, 141], [154, 155], [154, 156], [156, 157], [156, 159], [216, 217], [216, 220], [229, 230], [229, 245], [230, 229], [230, 231], [232, 233], [232, 239], [263, 264], [263, 267], [321, 322], [321, 323], [323, 324], [323, 325], [325, 326], [325, 327], [386, 387], [386, 389], [413, 414], [413, 417], [717, 718], [717, 752], [718, 717], [718, 719], [726, 727], [726, 734], [727, 726], [727, 728], [734, 735], [734, 742], [735, 734], [735, 736], [736, 737], [736, 738], [738, 734], [738, 739], [743, 744], [743, 746], [749, 717], [749, 750], [767, 768], [767, 784], [778, 779], [778, 786], [792, 793], [792, 817], [800, 801], [800, 814], [801, 802], [801, 808], [817, 818], [817, 839], [826, 827], [826, 837], [828, 829], [828, 833], [846, 847], [846, 850]]}}}, "src/worldenergydata/cli/commands/fdas.py": {"executed_lines": [], "summary": {"covered_lines": 0, "num_statements": 78, "percent_covered": 0.0, "percent_covered_display": "0.00", "missing_lines": 78, "excluded_lines": 382, "num_branches": 10, "num_partial_branches": 0, "covered_branches": 0, "missing_branches": 10}, "missing_lines": [16, 17, 18, 19, 20, 22, 23, 24, 25, 28, 31, 38, 40, 41, 42, 45, 47, 48, 51, 53, 54, 55, 56, 57, 58, 59, 392, 393, 441, 442, 443, 444, 446, 460, 467, 469, 472, 473, 478, 483, 488, 510, 515, 516, 518, 519, 520, 521, 522, 523, 525, 528, 529, 530, 531, 532, 533, 535, 536, 537, 538, 539, 540, 542, 544, 545, 546, 547, 548, 549, 550, 551, 609, 610, 612, 646, 649, 650], "excluded_lines": [62, 63, 64, 65, 66, 67, 68, 69, 70, 71, 72, 73, 74, 75, 76, 77, 78, 79, 80, 81, 82, 83, 84, 85, 86, 87, 88, 89, 90, 91, 92, 93, 94, 95, 96, 97, 98, 99, 100, 101, 102, 103, 104, 105, 106, 107, 108, 109, 110, 111, 112, 113, 114, 115, 116, 117, 118, 119, 120, 121, 122, 123, 124, 125, 126, 127, 128, 129, 130, 131, 132, 133, 134,
[...]
s": [], "summary": {"covered_lines": 0, "num_statements": 48, "percent_covered": 0.0, "percent_covered_display": "0.00", "missing_lines": 48, "excluded_lines": 0, "num_branches": 12, "num_partial_branches": 0, "covered_branches": 0, "missing_branches": 12}, "missing_lines": [696, 697, 698, 704, 705, 706, 707, 719, 720, 721, 722, 723, 737, 738, 739, 740, 752, 753, 754, 755, 756, 769, 770, 771, 772, 773, 788, 789, 792, 793, 794, 795, 799, 801, 804, 808, 809, 811, 812, 817, 820, 821, 822, 823, 826, 827, 828, 830], "excluded_lines": [], "executed_branches": [], "missing_branches": [[792, 793], [792, 799], [794, 795], [794, 799], [811, 812], [811, 820], [820, 821], [820, 826], [821, 820], [821, 822], [826, 827], [826, 830]]}, "ConfigurationSchema": {"executed_lines": [], "summary": {"covered_lines": 0, "num_statements": 16, "percent_covered": 0.0, "percent_covered_display": "0.00", "missing_lines": 16, "excluded_lines": 1, "num_branches": 10, "num_partial_branches": 0, "covered_branches": 0, "missing_branches": 10}, "missing_lines": [837, 838, 846, 847, 849, 850, 855, 858, 859, 860, 861, 868, 869, 870, 871, 877], "excluded_lines": [842], "executed_branches": [], "missing_branches": [[849, 850], [849, 858], [859, 860], [859, 868], [860, 859], [860, 861], [868, 869], [868, 877], [870, 871], [870, 877]]}, "": {"executed_lines": [], "summary": {"covered_lines": 0, "num_statements": 59, "percent_covered": 0.0, "percent_covered_display": "0.00", "missing_lines": 59, "excluded_lines": 0, "num_branches": 0, "num_partial_branches": 0, "covered_branches": 0, "missing_branches": 0}, "missing_lines": [8, 9, 10, 12, 14, 15, 27, 30, 31, 32, 33, 34, 35, 36, 37, 38, 41, 44, 45, 46, 47, 48, 49, 52, 55, 92, 95, 99, 103, 119, 122, 136, 140, 144, 148, 152, 158, 166, 171, 288, 327, 365, 368, 373, 540, 574, 607, 610, 614, 664, 692, 695, 700, 785, 806, 833, 836, 840, 844], "excluded_lines": [], "executed_branches": [], "missing_branches": []}}}, "src/worldenergydata/validation/validators.py": {"executed_lines": [], "summary": {"covered_lines": 0, "num_statements": 213, "percent_covered": 0.0, "percent_covered_display": "0.00", "missing_lines": 213, "excluded_lines": 4, "num_branches": 80, "num_partial_branches": 0, "covered_branches": 0, "missing_branches": 80}, "missing_lines": [5, 6, 7, 8, 10, 11, 13, 14, 15, 17, 20, 23, 31, 32, 33, 34, 36, 48, 49, 51, 52, 55, 56, 57, 58, 59, 60, 61, 63, 66, 67, 68, 69, 70, 71, 72, 75, 76, 77, 78, 79, 80, 81, 82, 84, 86, 88, 89, 92, 93, 94, 95, 100, 101, 102, 103, 107, 108, 110, 111, 112, 113, 114, 118, 119, 121, 122, 125, 126, 127, 128, 129, 130, 131, 133, 135, 136, 142, 145, 146, 147, 150, 153, 156, 159, 161, 165, 168, 172, 175, 180, 186, 187, 188, 190, 194, 198, 202, 206, 210, 211, 213, 214, 218, 219, 223, 225, 226, 229, 240, 241, 242, 244, 246, 247, 249, 251, 252, 253, 255, 256, 257, 259, 260, 261, 262, 263, 264, 266, 268, 274, 276, 278, 279, 280, 281, 283, 285, 287, 289, 290, 291, 292, 293, 294, 298, 300, 301, 302, 303, 304, 306, 318, 320, 321, 324, 326, 327, 328, 329, 330, 331, 332, 333, 334, 335, 337, 339, 341, 343, 344, 345, 347, 350, 351, 352, 353, 355, 356, 357, 358, 359, 361, 364, 367, 369, 370, 372, 374, 375, 377, 379, 381, 385, 386, 387, 388, 390, 392, 394, 395, 396, 398, 401, 408, 409, 426, 429, 430, 433, 434, 436, 437], "excluded_lines": [120, 166, 173, 348], "executed_branches": [], "missing_branches": [[55, 56], [55, 57], [57, 58], [57, 60], [60, 61], [60, 63], [66, 67], [66, 75], [70, 71], [70, 72], [75, 76], [75, 84], [76, 77], [76, 84], [80, 81], [80, 82], [93, 94], [93, 107], [94, 93], [94, 95], [100, 101], [100, 102], [107, 108], [107, 110], [111, -86], [111, 112], [127, 128], [127, 129], [145, 146], [145, 150], [187, -175], [187, 188], [210, 211], [210, 213], [213, 214], [213, 218], [218, -206], [218, 219], [225, 226], [225, 229], [241, -223], [241, 242], [246, -244], [246, 247], [252, 253], [252, 255], [256, 257], [256, 259], [279, 280], [279, 281], [291, 292], [291, 293], [301, 302], [301, 303], [320, 321], [320, 324], [326, 327], [326, 328], [328, 329], [328, 330], [330, 331], [330, 333], [333, 334], [333, 337], [352, 353], [352, 355], [355, 356], [355, 361], [358, 359], [358, 361], [386, 387], [386, 388], [395, 396], [395, 398], [408, 409], [408, 429], [429, 430], [429, 433], [433, 434], [433, 436]], "functions": {"DataValidator.__init__": {"executed_lines": [], "summary": {"covered_lines": 0, "num_statements": 4, "percent_covered": 0.0, "percent_covered_display": "0.00", "missing_lines": 4, "excluded_lines": 0, "num_branches": 0, "num_partial_branches": 0, "covered_branches": 0, "missing_branches": 0}, "missing_lines": [31, 32, 33, 34], "excluded_lines": [], "executed_branches": [], "missing_branches": []}, "DataValidator.validate": {"executed_lines": [], "summary": {"covered_lines": 0, "num_statements": 28, "percent_covered": 0.0, "percent_covered_display": "0.00", "missing_lines": 28, "excluded_lines": 0, "num_branches": 16, "num_partial_branches": 0, "covered_branches": 0, "missing_branches": 16}, "missing_lines": [48, 49, 51, 52, 55, 56, 57, 58, 59, 60, 61, 63, 66, 67, 68, 69, 70, 71, 72, 75, 76, 77, 78, 79, 80, 81, 82, 84], "excluded_lines": [], "executed_branches": [], "missing_branches": [[55, 56], [55, 57], [57, 58], [57, 60], [60, 61], [60, 63], [66, 67], [66, 75], [70, 71], [70, 72], [75, 76], [75, 84], [76, 77], [76, 84], [80, 81], [80, 82]]}, "DataValidator._validate_record": {"executed_lines": [], "summary": {"covered_lines": 0, "num_statements": 28, "percent_covered": 0.0, "percent_covered_display": "0.00", "missing_lines": 28, "excluded_lines": 1, "num_branches": 12, "num_partial_branches": 0, "covered_branches": 0, "missing_branches": 12}, "missing_lines": [88, 89, 92, 93, 94, 95, 100, 101, 102, 103, 107, 108, 110, 111, 112, 113, 114, 118, 119, 121, 122, 125, 126, 127, 128, 129, 130, 131], "excluded_lines": [120], "executed_branches": [], "missing_branches": [[93, 94], [93, 107], [94, 93], [94, 95], [100, 101], [100, 102], [107, 108], [107, 110], [111, -86], [111, 112], [127, 128], [127, 129]]}, "DataValidator._validate_field": {"executed_lines": [], "summary": {"covered_lines": 0, "num_statements": 10, "percent_covered": 0.0, "percent_covered_display": "0.00", "missing_lines": 10, "excluded_lines": 0, "num_branches": 2, "num_partial_branches": 0, "covered_branches": 0, "missing_branches": 2}, "missing_lines": [135, 136, 142, 145, 146, 147, 150, 153, 156, 159], "excluded_lines": [], "executed_branches": [], "missing_branches": [[145, 146], [145, 150]]}, "DataValidator._validate_required_field": {"executed_lines": [], "summary": {"covered_lines": 0, "num_statements": 1, "percent_covered": 0.0, "percent_covered_display": "0.00", "missing_lines": 1, "excluded_lines": 1, "num_branches": 0, "num_partial_branches": 0, "covered_branches": 0, "missing_branches": 0}, "missing_lines": [165], "excluded_lines": [166], "executed_branches": [], "missing_branches": []}, "DataValidator._validate_field_type": {"executed_lines": [], "summary": {"covered_lines": 0, "num_statements": 1, "percent_covered": 0.0, "percent_covered_display": "0.00", "missing_lines": 1, "excluded_lines": 1, "num_branches": 0, "num_partial_branches": 0, "covered_branches": 0, "missing_branches": 0}, "missing_lines": [172], "excluded_lines": [173], "executed_branches": [], "missing_branches": []}, "DataValidator._validate_type_specific": {"executed_lines": [], "summary": {"covered_lines": 0, "num_statements": 4, "percent_covered": 0.0, "percent_covered_display": "0.00", "missing_lines": 4, "excluded_lines": 0, "num_branches": 2, "num_partial_branches": 0, "covered_branches": 0, "missing_branches": 2}, "missing_lines": [180, 186, 187, 188], "excluded_lines": [], "executed_branches": [], "missing_branches": [[187, -175], [187, 188]]}, "DataValidator._validate_numeric_range": {"executed_lines": [], "summary": {"covered_lines": 0, "num_statements": 1, "percent_covered": 0.0, "percent_covered_display": "0.00", "missing_lines": 1, "excluded_lines": 0, "num_branches": 0, "num_partial_branches": 0, "covered_branches": 0, "missing_branches": 0}, "missing_lines": [194], "excluded_lines": [], "executed_branches": [], "missing_branches": []}, "DataValidator._validate_string_length": {"executed_lines": [], "summary": {"covered_lines": 0, "num_statements": 1, "percent_covered": 0.0, "percent_covered_display": "0.00", "missing_lines": 1, "excluded_lines": 0, "num_branches": 0, "num_partial_branches": 0, "covered_branches": 0, "missing_branches": 0}, "missing_lines": [202], "excluded_lines": [], "executed_branches": [], "missing_branches": []}, "DataValidator._validate_field_constraints": {"executed_lines": [], "summary": {"covered_lines": 0, "num_statements": 6, "percent_covered": 0.0, "percent_covered_display": "0.00", "missing_lines": 6, "excluded_lines": 0, "num_branches": 6, "num_partial_branches": 0, "covered_branches": 0, "missing_branches": 6}, "missing_lines": [210, 211, 213, 214, 218, 219], "excluded_lines": [], "executed_branches": [], "missing_branches": [[210, 211], [210, 213], [213, 214], [213, 218], [218, -206], [218, 219]]}, "DataValidator._validate_bsee_custom": {"executed_lines": [], "summary": {"covered_lines": 0, "num_statements": 6, "percent_covered": 0.0, "percent_covered_display": "0.00", "missing_lines": 6, "excluded_lines": 0, "num_branches": 4, "num_partial_branches": 0, "covered_branches": 0, "missing_branches": 4}, "missing_lines": [225, 226, 229, 240, 241, 242], "excluded_lines": [], "executed_branches": [], "missing_branches": [[225, 226], [225, 229], [241, -223], [241, 242]]}, "DataValidator._validate_cross_fields": {"executed_lines": [], "summary": {"covered_lines": 0, "num_statements": 2, "percent_covered": 0.0, "percent_covered_display": "0.00", "missing_lines": 2, "excluded_lines": 0, "num_branches": 2, "num_partial_branches": 0, "covered_branches": 0, "missing_branches": 2}, "missing_lines": [246, 247], "excluded_lines": [], "executed_branches": [], "missing_branches": [[246, -244], [246, 247]]}, "DataValidator._apply_cross_field_rule": {"executed_lines": [], "summary": {"covered_lines": 0, "num_statements": 12, "percent_covered": 0.0, "percent_covered_display": "0.00", "missing_lines": 12, "excluded_lines": 0, "num_branches": 4, "num_partial_branches": 0, "covered_branches": 0, "missing_branches": 4}, "missing_lines": [251, 252, 253, 255, 256, 257, 259, 260, 261, 262, 263, 264], "excluded_lines": [], "executed_branches": [], "missing_branches": [[252, 253], [252, 255], [256, 257], [256, 259]]}, "DataValidator._get_cross_field_validator": {"executed_lines": [], "summary": {"covered_lines": 0, "num_statements": 2, "percent_covered": 0.0, "percent_covered_display": "0.00", "missing_lines": 2, "excluded_lines": 0, "num_branches": 0, "num_partial_branches": 0, "covered_branches": 0, "missing_branches": 0}, "missing_lines": [268, 274], "excluded_lines": [], "executed_branches": [], "missing_branches": []}, "DataValidator._validate_date_consistency_rule": {"executed_lines": [], "summary": {"covered_lines": 0, "num_statements": 4, "percent_covered": 0.0, "percent_covered_display": "0.00", "missing_lines": 4, "excluded_lines": 0, "num_branches": 2, "num_partial_branches": 0, "covered_branches": 0, "missing_branches": 2}, "missing_lines": [278, 279, 280, 281], "excluded_lines": [], "executed_branches": [], "missing_branches": [[279, 280], [279, 281]]}, "DataValidator._validate_production_consistency_rule": {"executed_lines": [], "summary": {"covered_lines": 0, "num_statements": 1, "percent_covered": 0.0, "percent_covered_display": "0.00", "missing_lines": 1, "excluded_lines": 0, "num_branches": 0, "num_partial_branches": 0, "covered_branches": 0, "missing_branches": 0}, "missing_lines": [285], "excluded_lines": [], "executed_branches": [], "missing_branches": []}, "DataValidator._validate_sum_consistency_rule": {"executed_lines": [], "summary": {"covered_lines": 0, "num_statements": 6, "percent_covered": 0.0, "percent_covered_display": "0.00", "missing_lines": 6, "excluded_lines": 0, "num_branches": 2, "num_partial_branches": 0, "covered_branches": 0, "missing_branches": 2}, "missing_lines": [289, 290, 291, 292, 293, 294], "excluded_lines": [], "executed_branches": [], "missing_branches": [[291, 292], [291, 293]]}, "DataValidator._validate_percentage_sum_rule": {"executed_lines": [], "summary": {"covered_lines": 0, "num_statements": 5, "percent_covered": 0.0, "percent_covered_display": "0.00", "missing_lines": 5, "excluded_lines": 0, "num_branches": 2, "num_partial_branches": 0, "covered_branches": 0, "missing_branches": 2}, "missing_lines": [300, 301, 302, 303, 304], "excluded_lines": [], "executed_branches": [], "missing_branches": [[301, 302], [301, 303]]}, "DataValidator.validate_file": {"executed_lines": [], "summary": {"covered_lines": 0, "num_statements": 16, "percent_covered": 0.0, "percent_covered_display": "0.00", "missing_lines": 16, "excluded_lines": 0, "num_branches": 10, "num_partial_branches": 0, "covered_branches": 0, "missing_branches": 10}, "missing_lines": [318, 320, 321, 324, 326, 327, 328, 329, 330, 331, 332, 333, 334, 335, 337, 339], "excluded_lines": [], "executed_branches": [], "missing_branches": [[320, 321], [320, 324], [326, 327], [326, 328], [328, 329], [328, 330], [330, 331], [330, 333], [333, 334], [333, 337]]}, "DataValidator.get_validation_report": {"executed_lines": [], "summary": {"covered_lines": 0, "num_statements": 14, "percent_covered": 0.0, "percent_covered_display": "0.00", "missing_lines": 14, "excluded_lines": 1, "num_branches": 6, "num_partial_branches": 0, "covered_branches": 0, "missing_branches": 6}, "missing_lines": [343, 344, 345, 347, 350, 351, 352, 353, 355, 356, 357, 358, 359, 361], "excluded_lines": [348], "executed_branches": [], "missing_branches": [[352, 353], [352, 355], [355, 356], [355, 361], [358, 359], [358, 361]]}, "ValidationManager.__init__": {"executed_lines": [], "summary": {"covered_lines": 0, "num_statements": 2, "percent_covered": 0.0, "percent_covered_display": "0.00", "missing_lines": 2, "excluded_lines": 0, "num_branches": 0, "num_partial_branches": 0, "covered_branches": 0, "missing_branches": 0}, "missing_lines": [369, 370], "excluded_lines": [], "executed_branches": [], "missing_branches": []}, "ValidationManager.register_schema": {"executed_lines": [], "summary": {"covered_lines": 0, "num_statements": 2, "percent_covered": 0.0, "percent_covered_display": "0.00", "missing_lines": 2, "excluded_lines": 0, "num_branches": 0, "num_partial_branches": 0, "covered_branches": 0, "missing_branches": 0}, "missing_lines": [374, 375], "excluded_lines": [], "executed_branches": [], "missing_branches": []}, "ValidationManager.get_validator": {"executed_lines": [], "summary": {"covered_lines": 0, "num_statements": 1, "percent_covered": 0.0, "percent_covered_display": "0.00", "missing_lines": 1, "excluded_lines": 0, "num_branches": 0, "num_partial_branches": 0, "covered_branches": 0, "missing_branches": 0}, "missing_lines": [379], "excluded_lines": [], "executed_branches": [], "missing_branches": []}, "ValidationManager.validate_with_schema": {"executed_lines": [], "summary": {"covered_lines": 0, "num_statements": 4, "percent_covered": 0.0, "percent_covered_display": "0.00", "missing_lines": 4, "excluded_lines": 0, "num_branches": 2, "num_partial_branches": 0, "covered_branches": 0, "missing_branches": 2}, "missing_lines": [385, 386, 387, 388], "excluded_lines": [], "executed_branches": [], "missing_branches": [[386, 387], [386, 388]]}, "ValidationManager.load_schema_from_file": {"executed_lines": [], "summary": {"covered_lines": 0, "num_statements": 15, "percent_covered": 0.0, "percent_covered_display": "0.00", "missing_lines": 15, "excluded_lines": 0, "num_branches": 8, "num_partial_branches": 0, "covered_branches": 0, "missing_branches": 8}, "missing_lines": [392, 394, 395, 396, 398, 401, 408, 409, 426, 429, 430, 433, 434, 436, 437], "excluded_lines": [], "executed_branches": [], "missing_branches": [[395, 396], [395, 398], [408, 409], [408, 429], [429, 430], [429, 433], [433, 434], [433, 436]]}, "": {"executed_lines": [], "summary": {"covered_lines": 0, "num_statements": 37, "percent_covered": 0.0, "percent_covered_display": "0.00", "missing_lines": 37, "excluded_lines": 0, "num_branches": 0, "num_partial_branches": 0, "covered_branches": 0, "missing_branches": 0}, "missing_lines": [5, 6, 7, 8, 10, 11, 13, 14, 15, 17, 20, 23, 36, 86, 133, 161, 168, 175, 190, 198, 206, 223, 244, 249, 266, 276, 283, 287, 298, 306, 341, 364, 367, 372, 377, 381, 390], "excluded_lines": [], "executed_branches": [], "missing_branches": []}}, "classes": {"DataValidator": {"executed_lines": [], "summary": {"covered_lines": 0, "num_statements": 152, "percent_covered": 0.0, "percent_covered_display": "0.00", "missing_lines": 152, "excluded_lines": 4, "num_branches": 70, "num_partial_branches": 0, "covered_branches": 0, "missing_branches": 70}, "missing_lines": [31, 32, 33, 34, 48, 49, 51, 52, 55, 56, 57, 58, 59, 60, 61, 63, 66, 67, 68, 69, 70, 71, 72, 75, 76, 77, 78, 79, 80, 81, 82, 84, 88, 89, 92, 93, 94, 95, 100, 101, 102, 103, 107, 108, 110, 111, 112, 113, 114, 118, 119, 121, 122, 125, 126, 127, 128, 129, 130, 131, 135, 136, 142, 145, 146, 147, 150, 153, 156, 159, 165, 172, 180, 186, 187, 188, 194, 202, 210, 211, 213, 214, 218, 219, 225, 226, 229, 240, 241, 242, 246, 247, 251, 252, 253, 255, 256, 257, 259, 260, 261, 262, 263, 264, 268, 274, 278, 279, 280, 281, 285, 289, 290, 291, 292, 293, 294, 300, 301, 302, 303, 304, 318, 320, 321, 324, 326, 327, 328, 329, 330, 331, 332, 333, 334, 335, 337, 339, 343, 344, 345, 347, 350, 351, 352, 353, 355, 356, 357, 358, 359, 361], "excluded_lines": [120, 166, 173, 348], "executed_branches": [], "missing_branches": [[55, 56], [55, 57], [57, 58], [57, 60], [60, 61], [60, 63], [66, 67], [66, 75], [70, 71], [70, 72], [75, 76], [75, 84], [76, 77], [76, 84], [80, 81], [80, 82], [93, 94], [93, 107], [94, 93], [94, 95], [100, 101], [100, 102], [107, 108], [107, 110], [111, -86], [111, 112], [127, 128], [127, 129], [145, 146], [145, 150], [187, -175], [187, 188], [210, 211], [210, 213], [213, 214], [213, 218], [218, -206], [218, 219], [225, 226], [225, 229], [241, -223], [241, 242], [246, -244], [246, 247], [252, 253], [252, 255], [256, 257], [256, 259], [279, 280], [279, 281], [291, 292], [291, 293], [301, 302], [301, 303], [320, 321], [320, 324], [326, 327], [326, 328], [328, 329], [328, 330], [330, 331], [330, 333], [333, 334], [333, 337], [352, 353], [352, 355], [355, 356], [355, 361], [358, 359], [358, 361]]}, "ValidationManager": {"executed_lines": [], "summary": {"covered_lines": 0, "num_statements": 24, "percent_covered": 0.0, "percent_covered_display": "0.00", "missing_lines": 24, "excluded_lines": 0, "num_branches": 10, "num_partial_branches": 0, "covered_branches": 0, "missing_branches": 10}, "missing_lines": [369, 370, 374, 375, 379, 385, 386, 387, 388, 392, 394, 395, 396, 398, 401, 408, 409, 426, 429, 430, 433, 434, 436, 437], "excluded_lines": [], "executed_branches": [], "missing_branches": [[386, 387], [386, 388], [395, 396], [395, 398], [408, 409], [408, 429], [429, 430], [429, 433], [433, 434], [433, 436]]}, "": {"executed_lines": [], "summary": {"covered_lines": 0, "num_statements": 37, "percent_covered": 0.0, "percent_covered_display": "0.00", "missing_lines": 37, "excluded_lines": 0, "num_branches": 0, "num_partial_branches": 0, "covered_branches": 0, "missing_branches": 0}, "missing_lines": [5, 6, 7, 8, 10, 11, 13, 14, 15, 17, 20, 23, 36, 86, 133, 161, 168, 175, 190, 198, 206, 223, 244, 249, 266, 276, 283, 287, 298, 306, 341, 364, 367, 372, 377, 381, 390], "excluded_lines": [], "executed_branches": [], "missing_branches": []}}}}, "totals": {"covered_lines": 2534, "num_statements": 11470, "percent_covered": 20.384235061449356, "percent_covered_display": "20.38", "missing_lines": 8936, "excluded_lines": 2568, "num_branches": 2688, "num_partial_branches": 110, "covered_branches": 352, "missing_branches": 2336}}
